input file is /gpfs/data/kline-lab/inputs/ExperimentalFilePrepare.w50000.9.txt
Program folder is: /scratch/mleukam/EXCAVATOR2
Preparing Multiprocessor Analysis...
Starting Multiprocessor Analysis!
Creating '/scratch/mleukam/duke_wes/3815/RC' folder...
Creating '/scratch/mleukam/duke_wes/3815/RCNorm' folder...
Creating '/scratch/mleukam/duke_wes/3815/Images' folder...
Working on sample 3815.
Creating Read Count Data...
Creating '/scratch/mleukam/duke_wes/3751/RC' folder...
Creating '/scratch/mleukam/duke_wes/3751/RCNorm' folder...
Creating '/scratch/mleukam/duke_wes/3751/Images' folder...
Working on sample 3751.
Creating Read Count Data...
Creating '/scratch/mleukam/duke_wes/3842/RC' folder...
Creating '/scratch/mleukam/duke_wes/3842/RCNorm' folder...
Creating '/scratch/mleukam/duke_wes/3842/Images' folder...
Working on sample 3842.
Creating Read Count Data...
Creating '/scratch/mleukam/duke_wes/3825/RC' folder...
Creating '/scratch/mleukam/duke_wes/3825/RCNorm' folder...
Creating '/scratch/mleukam/duke_wes/3825/Images' folder...
Working on sample 3825.
Creating Read Count Data...
Creating '/scratch/mleukam/duke_wes/3833/RC' folder...
Creating '/scratch/mleukam/duke_wes/3833/RCNorm' folder...
Creating '/scratch/mleukam/duke_wes/3833/Images' folder...
Working on sample 3833.
Creating Read Count Data...
Creating '/scratch/mleukam/duke_wes/3761/RC' folder...
Creating '/scratch/mleukam/duke_wes/3761/RCNorm' folder...
Creating '/scratch/mleukam/duke_wes/3761/Images' folder...
Working on sample 3761.
Creating Read Count Data...
Creating '/scratch/mleukam/duke_wes/3882/RC' folder...
Creating '/scratch/mleukam/duke_wes/3882/RCNorm' folder...
Creating '/scratch/mleukam/duke_wes/3882/Images' folder...
Working on sample 3882.
Creating Read Count Data...
Creating '/scratch/mleukam/duke_wes/3871/RC' folder...
Creating '/scratch/mleukam/duke_wes/3871/RCNorm' folder...
Creating '/scratch/mleukam/duke_wes/3871/Images' folder...
Working on sample 3871.
Creating Read Count Data...
Creating '/scratch/mleukam/duke_wes/3775/RC' folder...
Creating '/scratch/mleukam/duke_wes/3775/RCNorm' folder...
Creating '/scratch/mleukam/duke_wes/3775/Images' folder...
Working on sample 3775.
Creating Read Count Data...
Creating '/scratch/mleukam/duke_wes/3892/RC' folder...
Creating '/scratch/mleukam/duke_wes/3892/RCNorm' folder...
Creating '/scratch/mleukam/duke_wes/3892/Images' folder...
Working on sample 3892.
Creating Read Count Data...
Creating '/scratch/mleukam/duke_wes/3784/RC' folder...
Creating '/scratch/mleukam/duke_wes/3784/RCNorm' folder...
Creating '/scratch/mleukam/duke_wes/3784/Images' folder...
Working on sample 3784.
Creating Read Count Data...
Creating '/scratch/mleukam/duke_wes/3852/RC' folder...
Creating '/scratch/mleukam/duke_wes/3852/RCNorm' folder...
Creating '/scratch/mleukam/duke_wes/3852/Images' folder...
Working on sample 3852.
Creating Read Count Data...
Removing temporary files...
Read Count done!
Normalizing Read Count Data...
Loading required package: lattice
Loading required package: survival
Loading required package: Formula
Loading required package: ggplot2

Attaching package: ‘Hmisc’

The following objects are masked from ‘package:base’:

    format.pval, units

Removing temporary files...
Read Count done!
Normalizing Read Count Data...
Loading required package: lattice
Loading required package: survival
Loading required package: Formula
Loading required package: ggplot2

Attaching package: ‘Hmisc’

The following objects are masked from ‘package:base’:

    format.pval, units

null device 
          1 
null device 
          1 
null device 
          1 
null device 
          1 
null device 
          1 
Normalization done!
Creating '/scratch/mleukam/duke_wes/3762/RC' folder...
Creating '/scratch/mleukam/duke_wes/3762/RCNorm' folder...
Creating '/scratch/mleukam/duke_wes/3762/Images' folder...
Working on sample 3762.
Creating Read Count Data...
null device 
          1 
null device 
          1 
null device 
          1 
null device 
          1 
null device 
          1 
Normalization done!
Creating '/scratch/mleukam/duke_wes/3872/RC' folder...
Creating '/scratch/mleukam/duke_wes/3872/RCNorm' folder...
Creating '/scratch/mleukam/duke_wes/3872/Images' folder...
Working on sample 3872.
Creating Read Count Data...
Removing temporary files...
Read Count done!
Normalizing Read Count Data...
Loading required package: lattice
Loading required package: survival
Loading required package: Formula
Loading required package: ggplot2

Attaching package: ‘Hmisc’

The following objects are masked from ‘package:base’:

    format.pval, units

Removing temporary files...
Read Count done!
Normalizing Read Count Data...
Loading required package: lattice
Loading required package: survival
Loading required package: Formula
Loading required package: ggplot2

Attaching package: ‘Hmisc’

The following objects are masked from ‘package:base’:

    format.pval, units

null device 
          1 
null device 
          1 
null device 
          1 
null device 
          1 
null device 
          1 
Normalization done!
Creating '/scratch/mleukam/duke_wes/3834/RC' folder...
Creating '/scratch/mleukam/duke_wes/3834/RCNorm' folder...
Creating '/scratch/mleukam/duke_wes/3834/Images' folder...
Working on sample 3834.
Creating Read Count Data...
null device 
          1 
null device 
          1 
null device 
          1 
null device 
          1 
null device 
          1 
Normalization done!
Creating '/scratch/mleukam/duke_wes/3776/RC' folder...
Creating '/scratch/mleukam/duke_wes/3776/RCNorm' folder...
Creating '/scratch/mleukam/duke_wes/3776/Images' folder...
Working on sample 3776.
Creating Read Count Data...
Removing temporary files...
Read Count done!
Normalizing Read Count Data...
Loading required package: lattice
Loading required package: survival
Loading required package: Formula
Loading required package: ggplot2

Attaching package: ‘Hmisc’

The following objects are masked from ‘package:base’:

    format.pval, units

null device 
          1 
null device 
          1 
null device 
          1 
null device 
          1 
null device 
          1 
Normalization done!
Creating '/scratch/mleukam/duke_wes/3893/RC' folder...
Creating '/scratch/mleukam/duke_wes/3893/RCNorm' folder...
Creating '/scratch/mleukam/duke_wes/3893/Images' folder...
Working on sample 3893.
Creating Read Count Data...
Removing temporary files...
Read Count done!
Normalizing Read Count Data...
Loading required package: lattice
Loading required package: survival
Loading required package: Formula
Loading required package: ggplot2

Attaching package: ‘Hmisc’

The following objects are masked from ‘package:base’:

    format.pval, units

null device 
          1 
null device 
          1 
null device 
          1 
null device 
          1 
null device 
          1 
Normalization done!
Creating '/scratch/mleukam/duke_wes/3854/RC' folder...
Creating '/scratch/mleukam/duke_wes/3854/RCNorm' folder...
Creating '/scratch/mleukam/duke_wes/3854/Images' folder...
Working on sample 3854.
Creating Read Count Data...
Removing temporary files...
Read Count done!
Normalizing Read Count Data...
Loading required package: lattice
Loading required package: survival
Loading required package: Formula
Loading required package: ggplot2

Attaching package: ‘Hmisc’

The following objects are masked from ‘package:base’:

    format.pval, units

null device 
          1 
null device 
          1 
null device 
          1 
null device 
          1 
null device 
          1 
Normalization done!
Creating '/scratch/mleukam/duke_wes/3753/RC' folder...
Creating '/scratch/mleukam/duke_wes/3753/RCNorm' folder...
Creating '/scratch/mleukam/duke_wes/3753/Images' folder...
Working on sample 3753.
Creating Read Count Data...
Removing temporary files...
Read Count done!
Normalizing Read Count Data...
Loading required package: lattice
Loading required package: survival
Loading required package: Formula
Loading required package: ggplot2

Attaching package: ‘Hmisc’

The following objects are masked from ‘package:base’:

    format.pval, units

null device 
          1 
null device 
          1 
null device 
          1 
null device 
          1 
null device 
          1 
Normalization done!
Creating '/scratch/mleukam/duke_wes/3816/RC' folder...
Creating '/scratch/mleukam/duke_wes/3816/RCNorm' folder...
Creating '/scratch/mleukam/duke_wes/3816/Images' folder...
Working on sample 3816.
Creating Read Count Data...
Removing temporary files...
Read Count done!
Normalizing Read Count Data...
Loading required package: lattice
Loading required package: survival
Loading required package: Formula
Loading required package: ggplot2

Attaching package: ‘Hmisc’

The following objects are masked from ‘package:base’:

    format.pval, units

Removing temporary files...
Read Count done!
Normalizing Read Count Data...
Loading required package: lattice
Loading required package: survival
Loading required package: Formula
Loading required package: ggplot2

Attaching package: ‘Hmisc’

The following objects are masked from ‘package:base’:

    format.pval, units

null device 
          1 
null device 
          1 
null device 
          1 
null device 
          1 
null device 
          1 
Normalization done!
Creating '/scratch/mleukam/duke_wes/3883/RC' folder...
Creating '/scratch/mleukam/duke_wes/3883/RCNorm' folder...
Creating '/scratch/mleukam/duke_wes/3883/Images' folder...
Working on sample 3883.
Creating Read Count Data...
Removing temporary files...
Read Count done!
Normalizing Read Count Data...
Loading required package: lattice
Loading required package: survival
Loading required package: Formula
Loading required package: ggplot2

Attaching package: ‘Hmisc’

The following objects are masked from ‘package:base’:

    format.pval, units

null device 
          1 
null device 
          1 
null device 
          1 
null device 
          1 
null device 
          1 
Normalization done!
Creating '/scratch/mleukam/duke_wes/3843/RC' folder...
Creating '/scratch/mleukam/duke_wes/3843/RCNorm' folder...
Creating '/scratch/mleukam/duke_wes/3843/Images' folder...
Working on sample 3843.
Creating Read Count Data...
null device 
          1 
null device 
          1 
null device 
          1 
Removing temporary files...
Read Count done!
Normalizing Read Count Data...
Loading required package: lattice
null device 
          1 
Loading required package: survival
null device 
          1 
Loading required package: Formula
Loading required package: ggplot2

Attaching package: ‘Hmisc’

The following objects are masked from ‘package:base’:

    format.pval, units

Normalization done!
Creating '/scratch/mleukam/duke_wes/3785/RC' folder...
Creating '/scratch/mleukam/duke_wes/3785/RCNorm' folder...
Creating '/scratch/mleukam/duke_wes/3785/Images' folder...
Working on sample 3785.
Creating Read Count Data...
null device 
          1 
null device 
          1 
null device 
          1 
null device 
          1 
null device 
          1 
Normalization done!
Creating '/scratch/mleukam/duke_wes/3835/RC' folder...
Creating '/scratch/mleukam/duke_wes/3835/RCNorm' folder...
Creating '/scratch/mleukam/duke_wes/3835/Images' folder...
Working on sample 3835.
Creating Read Count Data...
Removing temporary files...
Read Count done!
Normalizing Read Count Data...
Loading required package: lattice
Loading required package: survival
Loading required package: Formula
Loading required package: ggplot2

Attaching package: ‘Hmisc’

The following objects are masked from ‘package:base’:

    format.pval, units

Removing temporary files...
Read Count done!
Normalizing Read Count Data...
Loading required package: lattice
Loading required package: survival
Loading required package: Formula
Loading required package: ggplot2
null device 
          1 
null device 
          1 
null device 
          1 

Attaching package: ‘Hmisc’

The following objects are masked from ‘package:base’:

    format.pval, units

null device 
          1 
null device 
          1 
Normalization done!
Creating '/scratch/mleukam/duke_wes/3777/RC' folder...
Creating '/scratch/mleukam/duke_wes/3777/RCNorm' folder...
Creating '/scratch/mleukam/duke_wes/3777/Images' folder...
Working on sample 3777.
Creating Read Count Data...
Removing temporary files...
Read Count done!
Normalizing Read Count Data...
Loading required package: lattice
Loading required package: survival
Removing temporary files...
Read Count done!
Normalizing Read Count Data...
null device 
          1 
Loading required package: Formula
Loading required package: ggplot2
Loading required package: lattice
Loading required package: survival
null device 
          1 
null device 
          1 

Attaching package: ‘Hmisc’

The following objects are masked from ‘package:base’:

    format.pval, units

null device 
          1 
null device 
          1 
Loading required package: Formula
Loading required package: ggplot2

Attaching package: ‘Hmisc’

The following objects are masked from ‘package:base’:

    format.pval, units

Normalization done!
Creating '/scratch/mleukam/duke_wes/3826/RC' folder...
Creating '/scratch/mleukam/duke_wes/3826/RCNorm' folder...
Creating '/scratch/mleukam/duke_wes/3826/Images' folder...
Working on sample 3826.
Creating Read Count Data...
null device 
          1 
null device 
          1 
null device 
          1 
null device 
          1 
null device 
          1 
Normalization done!
Creating '/scratch/mleukam/duke_wes/3894/RC' folder...
Creating '/scratch/mleukam/duke_wes/3894/RCNorm' folder...
Creating '/scratch/mleukam/duke_wes/3894/Images' folder...
Working on sample 3894.
Creating Read Count Data...
null device 
          1 
null device 
          1 
null device 
          1 
null device 
          1 
null device 
          1 
Normalization done!
Creating '/scratch/mleukam/duke_wes/3856/RC' folder...
Creating '/scratch/mleukam/duke_wes/3856/RCNorm' folder...
Creating '/scratch/mleukam/duke_wes/3856/Images' folder...
Working on sample 3856.
Creating Read Count Data...
Removing temporary files...
Read Count done!
Normalizing Read Count Data...
Loading required package: lattice
Loading required package: survival
Loading required package: Formula
Loading required package: ggplot2

Attaching package: ‘Hmisc’

The following objects are masked from ‘package:base’:

    format.pval, units

null device 
          1 
null device 
          1 
null device 
          1 
null device 
          1 
null device 
          1 
Normalization done!
Creating '/scratch/mleukam/duke_wes/3763/RC' folder...
Creating '/scratch/mleukam/duke_wes/3763/RCNorm' folder...
Creating '/scratch/mleukam/duke_wes/3763/Images' folder...
Working on sample 3763.
Creating Read Count Data...
Removing temporary files...
Read Count done!
Normalizing Read Count Data...
Loading required package: lattice
Loading required package: survival
Loading required package: Formula
Loading required package: ggplot2

Attaching package: ‘Hmisc’

The following objects are masked from ‘package:base’:

    format.pval, units

null device 
          1 
null device 
          1 
null device 
          1 
null device 
          1 
null device 
          1 
Normalization done!
Creating '/scratch/mleukam/duke_wes/3873/RC' folder...
Creating '/scratch/mleukam/duke_wes/3873/RCNorm' folder...
Creating '/scratch/mleukam/duke_wes/3873/Images' folder...
Working on sample 3873.
Creating Read Count Data...
Error in seq.default(2, length(tt) * 2, by = 2) : 
  wrong sign in 'by' argument
Calls: seq -> seq.default
Execution halted
Error in seq.default(2, length(tt) * 2, by = 2) : 
  wrong sign in 'by' argument
Calls: seq -> seq.default
Execution halted
Error in seq.default(2, length(tt) * 2, by = 2) : 
  wrong sign in 'by' argument
Calls: seq -> seq.default
Execution halted
Error in seq.default(2, length(tt) * 2, by = 2) : 
  wrong sign in 'by' argument
Calls: seq -> seq.default
Execution halted
Error in seq.default(2, length(tt) * 2, by = 2) : 
  wrong sign in 'by' argument
Calls: seq -> seq.default
Execution halted
Error in seq.default(2, length(tt) * 2, by = 2) : 
  wrong sign in 'by' argument
Calls: seq -> seq.default
Execution halted
Removing temporary files...
Read Count done!
Normalizing Read Count Data...
Loading required package: lattice
Loading required package: survival
Error in seq.default(2, length(tt) * 2, by = 2) : 
  wrong sign in 'by' argument
Calls: seq -> seq.default
Execution halted
Loading required package: Formula
Loading required package: ggplot2

Attaching package: ‘Hmisc’

The following objects are masked from ‘package:base’:

    format.pval, units

Error in seq.default(2, length(tt) * 2, by = 2) : 
  wrong sign in 'by' argument
Calls: seq -> seq.default
Execution halted
Error in seq.default(2, length(tt) * 2, by = 2) : 
  wrong sign in 'by' argument
Calls: seq -> seq.default
Execution halted
Error in seq.default(2, length(tt) * 2, by = 2) : 
  wrong sign in 'by' argument
Calls: seq -> seq.default
Execution halted
Error in seq.default(2, length(tt) * 2, by = 2) : 
  wrong sign in 'by' argument
Calls: seq -> seq.default
Execution halted
Error in seq.default(2, length(tt) * 2, by = 2) : 
  wrong sign in 'by' argument
Calls: seq -> seq.default
Execution halted
Error in seq.default(2, length(tt) * 2, by = 2) : 
  wrong sign in 'by' argument
Calls: seq -> seq.default
Execution halted
Error in seq.default(2, length(tt) * 2, by = 2) : 
  wrong sign in 'by' argument
Calls: seq -> seq.default
Execution halted
Removing temporary files...
Read Count done!
Normalizing Read Count Data...
Error in gzfile(file) : invalid 'description' argument
Calls: loadRC -> load -> gzfile
Execution halted
Normalization done!
Creating '/scratch/mleukam/duke_wes/3778/RC' folder...
Creating '/scratch/mleukam/duke_wes/3778/RCNorm' folder...
Creating '/scratch/mleukam/duke_wes/3778/Images' folder...
Working on sample 3778.
Creating Read Count Data...
null device 
          1 
null device 
          1 
null device 
          1 
null device 
          1 
null device 
          1 
Normalization done!
Creating '/scratch/mleukam/duke_wes/3817/RC' folder...
Creating '/scratch/mleukam/duke_wes/3817/RCNorm' folder...
Creating '/scratch/mleukam/duke_wes/3817/Images' folder...
Working on sample 3817.
Creating Read Count Data...
Removing temporary files...
Read Count done!
Normalizing Read Count Data...
Loading required package: lattice
Loading required package: survival
Loading required package: Formula
Loading required package: ggplot2

Attaching package: ‘Hmisc’

The following objects are masked from ‘package:base’:

    format.pval, units

null device 
          1 
null device 
          1 
null device 
          1 
null device 
          1 
null device 
          1 
Normalization done!
Creating '/scratch/mleukam/duke_wes/3754/RC' folder...
Creating '/scratch/mleukam/duke_wes/3754/RCNorm' folder...
Creating '/scratch/mleukam/duke_wes/3754/Images' folder...
Working on sample 3754.
Creating Read Count Data...
Removing temporary files...
Read Count done!
Normalizing Read Count Data...
Loading required package: lattice
Loading required package: survival
Loading required package: Formula
Loading required package: ggplot2

Attaching package: ‘Hmisc’

The following objects are masked from ‘package:base’:

    format.pval, units

Removing temporary files...
Read Count done!
Normalizing Read Count Data...
Loading required package: lattice
Loading required package: survival
Loading required package: Formula
Loading required package: ggplot2

Attaching package: ‘Hmisc’

The following objects are masked from ‘package:base’:

    format.pval, units

null device 
          1 
null device 
          1 
null device 
          1 
null device 
          1 
null device 
          1 
Normalization done!
Creating '/scratch/mleukam/duke_wes/3885/RC' folder...
Creating '/scratch/mleukam/duke_wes/3885/RCNorm' folder...
Creating '/scratch/mleukam/duke_wes/3885/Images' folder...
Working on sample 3885.
Creating Read Count Data...
null device 
          1 
null device 
          1 
null device 
          1 
null device 
          1 
null device 
          1 
Normalization done!
Creating '/scratch/mleukam/duke_wes/3845/RC' folder...
Creating '/scratch/mleukam/duke_wes/3845/RCNorm' folder...
Creating '/scratch/mleukam/duke_wes/3845/Images' folder...
Working on sample 3845.
Creating Read Count Data...
Removing temporary files...
Read Count done!
Normalizing Read Count Data...
Loading required package: lattice
Loading required package: survival
Loading required package: Formula
Loading required package: ggplot2

Attaching package: ‘Hmisc’

The following objects are masked from ‘package:base’:

    format.pval, units

null device 
          1 
null device 
          1 
null device 
          1 
null device 
          1 
null device 
          1 
Normalization done!
Creating '/scratch/mleukam/duke_wes/3827/RC' folder...
Creating '/scratch/mleukam/duke_wes/3827/RCNorm' folder...
Creating '/scratch/mleukam/duke_wes/3827/Images' folder...
Working on sample 3827.
Creating Read Count Data...
Removing temporary files...
Read Count done!
Normalizing Read Count Data...
Loading required package: lattice
Loading required package: survival
Loading required package: Formula
Loading required package: ggplot2

Attaching package: ‘Hmisc’

The following objects are masked from ‘package:base’:

    format.pval, units

null device 
          1 
null device 
          1 
null device 
          1 
null device 
          1 
null device 
          1 
Normalization done!
Creating '/scratch/mleukam/duke_wes/3764/RC' folder...
Creating '/scratch/mleukam/duke_wes/3764/RCNorm' folder...
Creating '/scratch/mleukam/duke_wes/3764/Images' folder...
Working on sample 3764.
Creating Read Count Data...
Removing temporary files...
Read Count done!
Normalizing Read Count Data...
Loading required package: lattice
Loading required package: survival
Loading required package: Formula
Loading required package: ggplot2

Attaching package: ‘Hmisc’

The following objects are masked from ‘package:base’:

    format.pval, units

null device 
          1 
null device 
          1 
null device 
          1 
null device 
          1 
null device 
          1 
Normalization done!
Creating '/scratch/mleukam/duke_wes/3820/RC' folder...
Creating '/scratch/mleukam/duke_wes/3820/RCNorm' folder...
Creating '/scratch/mleukam/duke_wes/3820/Images' folder...
Working on sample 3820.
Creating Read Count Data...
Removing temporary files...
Read Count done!
Normalizing Read Count Data...
Loading required package: lattice
Loading required package: survival
Loading required package: Formula
Loading required package: ggplot2

Attaching package: ‘Hmisc’

The following objects are masked from ‘package:base’:

    format.pval, units

Removing temporary files...
Read Count done!
Normalizing Read Count Data...
Loading required package: lattice
Loading required package: survival
null device 
          1 
null device 
          1 
null device 
          1 
Loading required package: Formula
Loading required package: ggplot2

Attaching package: ‘Hmisc’

The following objects are masked from ‘package:base’:

    format.pval, units

null device 
          1 
null device 
          1 
Removing temporary files...
Read Count done!
Normalizing Read Count Data...
Loading required package: lattice
Loading required package: survival
Normalization done!
Creating '/scratch/mleukam/duke_wes/3836/RC' folder...
Creating '/scratch/mleukam/duke_wes/3836/RCNorm' folder...
Creating '/scratch/mleukam/duke_wes/3836/Images' folder...
Working on sample 3836.
Creating Read Count Data...
Loading required package: Formula
Loading required package: ggplot2

Attaching package: ‘Hmisc’

The following objects are masked from ‘package:base’:

    format.pval, units

Removing temporary files...
Read Count done!
Normalizing Read Count Data...
Loading required package: lattice
Loading required package: survival
Loading required package: Formula
Loading required package: ggplot2

Attaching package: ‘Hmisc’

The following objects are masked from ‘package:base’:

    format.pval, units

null device 
          1 
null device 
          1 
null device 
          1 
null device 
          1 
null device 
          1 
Normalization done!
Creating '/scratch/mleukam/duke_wes/3895/RC' folder...
Creating '/scratch/mleukam/duke_wes/3895/RCNorm' folder...
Creating '/scratch/mleukam/duke_wes/3895/Images' folder...
Working on sample 3895.
Creating Read Count Data...
null device 
          1 
null device 
          1 
null device 
          1 
null device 
          1 
null device 
          1 
null device 
          1 
null device 
          1 
null device 
          1 
null device 
          1 
null device 
          1 
Normalization done!
Creating '/scratch/mleukam/duke_wes/3755/RC' folder...
Creating '/scratch/mleukam/duke_wes/3755/RCNorm' folder...
Creating '/scratch/mleukam/duke_wes/3755/Images' folder...
Working on sample 3755.
Creating Read Count Data...
Normalization done!
Creating '/scratch/mleukam/duke_wes/3779/RC' folder...
Creating '/scratch/mleukam/duke_wes/3779/RCNorm' folder...
Creating '/scratch/mleukam/duke_wes/3779/Images' folder...
Working on sample 3779.
Creating Read Count Data...
Removing temporary files...
Read Count done!
Normalizing Read Count Data...
Loading required package: lattice
Loading required package: survival
Loading required package: Formula
Loading required package: ggplot2

Attaching package: ‘Hmisc’

The following objects are masked from ‘package:base’:

    format.pval, units

null device 
          1 
null device 
          1 
null device 
          1 
null device 
          1 
null device 
          1 
Normalization done!
Creating '/scratch/mleukam/duke_wes/3786/RC' folder...
Creating '/scratch/mleukam/duke_wes/3786/RCNorm' folder...
Creating '/scratch/mleukam/duke_wes/3786/Images' folder...
Working on sample 3786.
Creating Read Count Data...
Removing temporary files...
Read Count done!
Normalizing Read Count Data...
Loading required package: lattice
Loading required package: survival
Loading required package: Formula
Loading required package: ggplot2

Attaching package: ‘Hmisc’

The following objects are masked from ‘package:base’:

    format.pval, units

null device 
          1 
null device 
          1 
null device 
          1 
null device 
          1 
null device 
          1 
Normalization done!
Creating '/scratch/mleukam/duke_wes/3857/RC' folder...
Creating '/scratch/mleukam/duke_wes/3857/RCNorm' folder...
Creating '/scratch/mleukam/duke_wes/3857/Images' folder...
Working on sample 3857.
Creating Read Count Data...
Removing temporary files...
Read Count done!
Normalizing Read Count Data...
Loading required package: lattice
Loading required package: survival
Loading required package: Formula
Loading required package: ggplot2

Attaching package: ‘Hmisc’

The following objects are masked from ‘package:base’:

    format.pval, units

null device 
          1 
null device 
          1 
null device 
          1 
null device 
          1 
null device 
          1 
Normalization done!
Creating '/scratch/mleukam/duke_wes/3756/RC' folder...
Creating '/scratch/mleukam/duke_wes/3756/RCNorm' folder...
Creating '/scratch/mleukam/duke_wes/3756/Images' folder...
Working on sample 3756.
Creating Read Count Data...
Removing temporary files...
Read Count done!
Normalizing Read Count Data...
Loading required package: lattice
Loading required package: survival
Loading required package: Formula
Loading required package: ggplot2

Attaching package: ‘Hmisc’

The following objects are masked from ‘package:base’:

    format.pval, units

Removing temporary files...
Read Count done!
Normalizing Read Count Data...
Loading required package: lattice
Loading required package: survival
Loading required package: Formula
Loading required package: ggplot2

Attaching package: ‘Hmisc’

The following objects are masked from ‘package:base’:

    format.pval, units

null device 
          1 
null device 
          1 
null device 
          1 
null device 
          1 
null device 
          1 
Normalization done!
Creating '/scratch/mleukam/duke_wes/3846/RC' folder...
Creating '/scratch/mleukam/duke_wes/3846/RCNorm' folder...
Creating '/scratch/mleukam/duke_wes/3846/Images' folder...
Working on sample 3846.
Creating Read Count Data...
Removing temporary files...
Read Count done!
Normalizing Read Count Data...
Loading required package: lattice
Loading required package: survival
Loading required package: Formula
Loading required package: ggplot2

Attaching package: ‘Hmisc’

The following objects are masked from ‘package:base’:

    format.pval, units

null device 
          1 
null device 
          1 
null device 
          1 
null device 
          1 
null device 
          1 
Normalization done!
Creating '/scratch/mleukam/duke_wes/3765/RC' folder...
Creating '/scratch/mleukam/duke_wes/3765/RCNorm' folder...
Creating '/scratch/mleukam/duke_wes/3765/Images' folder...
Working on sample 3765.
Creating Read Count Data...
null device 
          1 
null device 
          1 
null device 
          1 
null device 
          1 
null device 
          1 
Normalization done!
Creating '/scratch/mleukam/duke_wes/3821/RC' folder...
Creating '/scratch/mleukam/duke_wes/3821/RCNorm' folder...
Creating '/scratch/mleukam/duke_wes/3821/Images' folder...
Working on sample 3821.
Creating Read Count Data...
Removing temporary files...
Read Count done!
Normalizing Read Count Data...
Loading required package: lattice
Loading required package: survival
Loading required package: Formula
Loading required package: ggplot2

Attaching package: ‘Hmisc’

The following objects are masked from ‘package:base’:

    format.pval, units

Error in seq.default(2, length(tt) * 2, by = 2) : 
  wrong sign in 'by' argument
Calls: seq -> seq.default
Execution halted
Error in seq.default(2, length(tt) * 2, by = 2) : 
  wrong sign in 'by' argument
Calls: seq -> seq.default
Execution halted
Error in seq.default(2, length(tt) * 2, by = 2) : 
  wrong sign in 'by' argument
Calls: seq -> seq.default
Execution halted
Error in seq.default(2, length(tt) * 2, by = 2) : 
  wrong sign in 'by' argument
Calls: seq -> seq.default
Execution halted
Error in seq.default(2, length(tt) * 2, by = 2) : 
  wrong sign in 'by' argument
Calls: seq -> seq.default
Execution halted
Error in seq.default(2, length(tt) * 2, by = 2) : 
  wrong sign in 'by' argument
Calls: seq -> seq.default
Execution halted
Error in seq.default(2, length(tt) * 2, by = 2) : 
  wrong sign in 'by' argument
Calls: seq -> seq.default
Execution halted
Error in seq.default(2, length(tt) * 2, by = 2) : 
  wrong sign in 'by' argument
Calls: seq -> seq.default
Execution halted
Error in seq.default(2, length(tt) * 2, by = 2) : 
  wrong sign in 'by' argument
Calls: seq -> seq.default
Execution halted
Error in seq.default(2, length(tt) * 2, by = 2) : 
  wrong sign in 'by' argument
Calls: seq -> seq.default
Execution halted
Error in seq.default(2, length(tt) * 2, by = 2) : 
  wrong sign in 'by' argument
Calls: seq -> seq.default
Execution halted
Error in seq.default(2, length(tt) * 2, by = 2) : 
  wrong sign in 'by' argument
Calls: seq -> seq.default
Execution halted
null device 
          1 
null device 
          1 
null device 
          1 
null device 
          1 
null device 
          1 
Error in seq.default(2, length(tt) * 2, by = 2) : 
  wrong sign in 'by' argument
Calls: seq -> seq.default
Execution halted
Error in seq.default(2, length(tt) * 2, by = 2) : 
  wrong sign in 'by' argument
Calls: seq -> seq.default
Execution halted
Normalization done!
Creating '/scratch/mleukam/duke_wes/3828/RC' folder...
Creating '/scratch/mleukam/duke_wes/3828/RCNorm' folder...
Creating '/scratch/mleukam/duke_wes/3828/Images' folder...
Working on sample 3828.
Creating Read Count Data...
Error in seq.default(2, length(tt) * 2, by = 2) : 
  wrong sign in 'by' argument
Calls: seq -> seq.default
Execution halted
Error in seq.default(2, length(tt) * 2, by = 2) : 
  wrong sign in 'by' argument
Calls: seq -> seq.default
Execution halted
Error in seq.default(2, length(tt) * 2, by = 2) : 
  wrong sign in 'by' argument
Calls: seq -> seq.default
Execution halted
Error in seq.default(2, length(tt) * 2, by = 2) : 
  wrong sign in 'by' argument
Calls: seq -> seq.default
Execution halted
Error in seq.default(2, length(tt) * 2, by = 2) : 
  wrong sign in 'by' argument
Calls: seq -> seq.default
Execution halted
Error in seq.default(2, length(tt) * 2, by = 2) : 
  wrong sign in 'by' argument
Calls: seq -> seq.default
Execution halted
Removing temporary files...
Read Count done!
Normalizing Read Count Data...
Error in gzfile(file) : invalid 'description' argument
Calls: loadRC -> load -> gzfile
Execution halted
Normalization done!
Creating '/scratch/mleukam/duke_wes/3847/RC' folder...
Creating '/scratch/mleukam/duke_wes/3847/RCNorm' folder...
Creating '/scratch/mleukam/duke_wes/3847/Images' folder...
Working on sample 3847.
Creating Read Count Data...
Removing temporary files...
Read Count done!
Normalizing Read Count Data...
Loading required package: lattice
Loading required package: survival
Loading required package: Formula
Loading required package: ggplot2

Attaching package: ‘Hmisc’

The following objects are masked from ‘package:base’:

    format.pval, units

null device 
          1 
null device 
          1 
null device 
          1 
null device 
          1 
null device 
          1 
Normalization done!
Creating '/scratch/mleukam/duke_wes/3875/RC' folder...
Creating '/scratch/mleukam/duke_wes/3875/RCNorm' folder...
Creating '/scratch/mleukam/duke_wes/3875/Images' folder...
Working on sample 3875.
Creating Read Count Data...
Removing temporary files...
Read Count done!
Normalizing Read Count Data...
Loading required package: lattice
Loading required package: survival
Loading required package: Formula
Loading required package: ggplot2

Attaching package: ‘Hmisc’

The following objects are masked from ‘package:base’:

    format.pval, units

Removing temporary files...
Read Count done!
Normalizing Read Count Data...
Loading required package: lattice
Loading required package: survival
Loading required package: Formula
Loading required package: ggplot2

Attaching package: ‘Hmisc’

The following objects are masked from ‘package:base’:

    format.pval, units

null device 
          1 
null device 
          1 
null device 
          1 
null device 
          1 
null device 
          1 
Normalization done!
Creating '/scratch/mleukam/duke_wes/3896/RC' folder...
Creating '/scratch/mleukam/duke_wes/3896/RCNorm' folder...
Creating '/scratch/mleukam/duke_wes/3896/Images' folder...
Working on sample 3896.
Creating Read Count Data...
null device 
          1 
null device 
          1 
null device 
          1 
null device 
          1 
null device 
          1 
Normalization done!
Creating '/scratch/mleukam/duke_wes/3780/RC' folder...
Creating '/scratch/mleukam/duke_wes/3780/RCNorm' folder...
Creating '/scratch/mleukam/duke_wes/3780/Images' folder...
Working on sample 3780.
Creating Read Count Data...
Removing temporary files...
Read Count done!
Normalizing Read Count Data...
Loading required package: lattice
Loading required package: survival
Loading required package: Formula
Loading required package: ggplot2

Attaching package: ‘Hmisc’

The following objects are masked from ‘package:base’:

    format.pval, units

null device 
          1 
null device 
          1 
null device 
          1 
null device 
          1 
null device 
          1 
Normalization done!
Creating '/scratch/mleukam/duke_wes/3886/RC' folder...
Creating '/scratch/mleukam/duke_wes/3886/RCNorm' folder...
Creating '/scratch/mleukam/duke_wes/3886/Images' folder...
Working on sample 3886.
Creating Read Count Data...
Removing temporary files...
Read Count done!
Normalizing Read Count Data...
Loading required package: lattice
Loading required package: survival
Loading required package: Formula
Loading required package: ggplot2

Attaching package: ‘Hmisc’

The following objects are masked from ‘package:base’:

    format.pval, units

Removing temporary files...
Read Count done!
Normalizing Read Count Data...
Loading required package: lattice
Loading required package: survival
Loading required package: Formula
Loading required package: ggplot2

Attaching package: ‘Hmisc’

The following objects are masked from ‘package:base’:

    format.pval, units

null device 
          1 
null device 
          1 
null device 
          1 
null device 
          1 
null device 
          1 
Normalization done!
Creating '/scratch/mleukam/duke_wes/3787/RC' folder...
Creating '/scratch/mleukam/duke_wes/3787/RCNorm' folder...
Creating '/scratch/mleukam/duke_wes/3787/Images' folder...
Working on sample 3787.
Creating Read Count Data...
null device 
          1 
null device 
          1 
null device 
          1 
null device 
          1 
null device 
          1 
Normalization done!
Creating '/scratch/mleukam/duke_wes/3757/RC' folder...
Creating '/scratch/mleukam/duke_wes/3757/RCNorm' folder...
Creating '/scratch/mleukam/duke_wes/3757/Images' folder...
Working on sample 3757.
Creating Read Count Data...
Removing temporary files...
Read Count done!
Normalizing Read Count Data...
Loading required package: lattice
Loading required package: survival
Loading required package: Formula
Loading required package: ggplot2

Attaching package: ‘Hmisc’

The following objects are masked from ‘package:base’:

    format.pval, units

null device 
          1 
Removing temporary files...
Read Count done!
Normalizing Read Count Data...
null device 
          1 
null device 
          1 
Loading required package: lattice
Loading required package: survival
null device 
          1 
null device 
          1 
Loading required package: Formula
Loading required package: ggplot2

Attaching package: ‘Hmisc’

The following objects are masked from ‘package:base’:

    format.pval, units

Normalization done!
Creating '/scratch/mleukam/duke_wes/3837/RC' folder...
Creating '/scratch/mleukam/duke_wes/3837/RCNorm' folder...
Creating '/scratch/mleukam/duke_wes/3837/Images' folder...
Working on sample 3837.
Creating Read Count Data...
null device 
          1 
null device 
          1 
null device 
          1 
null device 
          1 
null device 
          1 
Normalization done!
Creating '/scratch/mleukam/duke_wes/3822/RC' folder...
Creating '/scratch/mleukam/duke_wes/3822/RCNorm' folder...
Creating '/scratch/mleukam/duke_wes/3822/Images' folder...
Working on sample 3822.
Creating Read Count Data...
Removing temporary files...
Read Count done!
Normalizing Read Count Data...
Loading required package: lattice
Loading required package: survival
Loading required package: Formula
Loading required package: ggplot2

Attaching package: ‘Hmisc’

The following objects are masked from ‘package:base’:

    format.pval, units

null device 
          1 
null device 
          1 
null device 
          1 
null device 
          1 
null device 
          1 
Normalization done!
Creating '/scratch/mleukam/duke_wes/3848/RC' folder...
Creating '/scratch/mleukam/duke_wes/3848/RCNorm' folder...
Creating '/scratch/mleukam/duke_wes/3848/Images' folder...
Working on sample 3848.
Creating Read Count Data...
Removing temporary files...
Read Count done!
Normalizing Read Count Data...
Loading required package: lattice
Loading required package: survival
Removing temporary files...
Read Count done!
Normalizing Read Count Data...
Loading required package: Formula
Loading required package: ggplot2
Loading required package: lattice
Loading required package: survival

Attaching package: ‘Hmisc’

The following objects are masked from ‘package:base’:

    format.pval, units

Loading required package: Formula
Loading required package: ggplot2

Attaching package: ‘Hmisc’

The following objects are masked from ‘package:base’:

    format.pval, units

null device 
          1 
null device 
          1 
null device 
          1 
null device 
          1 
null device 
          1 
null device 
          1 
null device 
          1 
null device 
          1 
null device 
          1 
null device 
          1 
Normalization done!
Creating '/scratch/mleukam/duke_wes/3876/RC' folder...
Creating '/scratch/mleukam/duke_wes/3876/RCNorm' folder...
Creating '/scratch/mleukam/duke_wes/3876/Images' folder...
Working on sample 3876.
Creating Read Count Data...
Normalization done!
Creating '/scratch/mleukam/duke_wes/3898/RC' folder...
Creating '/scratch/mleukam/duke_wes/3898/RCNorm' folder...
Creating '/scratch/mleukam/duke_wes/3898/Images' folder...
Working on sample 3898.
Creating Read Count Data...
Removing temporary files...
Read Count done!
Normalizing Read Count Data...
Loading required package: lattice
Loading required package: survival
Loading required package: Formula
Loading required package: ggplot2

Attaching package: ‘Hmisc’

The following objects are masked from ‘package:base’:

    format.pval, units

null device 
          1 
null device 
          1 
null device 
          1 
null device 
          1 
null device 
          1 
Normalization done!
Creating '/scratch/mleukam/duke_wes/3829/RC' folder...
Creating '/scratch/mleukam/duke_wes/3829/RCNorm' folder...
Creating '/scratch/mleukam/duke_wes/3829/Images' folder...
Working on sample 3829.
Creating Read Count Data...
Removing temporary files...
Read Count done!
Normalizing Read Count Data...
Loading required package: lattice
Loading required package: survival
Loading required package: Formula
Loading required package: ggplot2

Attaching package: ‘Hmisc’

The following objects are masked from ‘package:base’:

    format.pval, units

Removing temporary files...
Read Count done!
Normalizing Read Count Data...
Loading required package: lattice
Loading required package: survival
Loading required package: Formula
Loading required package: ggplot2

Attaching package: ‘Hmisc’

The following objects are masked from ‘package:base’:

    format.pval, units

null device 
          1 
null device 
          1 
null device 
          1 
null device 
          1 
null device 
          1 
Normalization done!
Creating '/scratch/mleukam/duke_wes/3887/RC' folder...
Creating '/scratch/mleukam/duke_wes/3887/RCNorm' folder...
Creating '/scratch/mleukam/duke_wes/3887/Images' folder...
Working on sample 3887.
Creating Read Count Data...
Removing temporary files...
Read Count done!
Normalizing Read Count Data...
Loading required package: lattice
Loading required package: survival
Loading required package: Formula
Loading required package: ggplot2

Attaching package: ‘Hmisc’

The following objects are masked from ‘package:base’:

    format.pval, units

null device 
          1 
null device 
          1 
null device 
          1 
null device 
          1 
null device 
          1 
Normalization done!
Creating '/scratch/mleukam/duke_wes/3781/RC' folder...
Creating '/scratch/mleukam/duke_wes/3781/RCNorm' folder...
Creating '/scratch/mleukam/duke_wes/3781/Images' folder...
Working on sample 3781.
Creating Read Count Data...
null device 
          1 
null device 
          1 
null device 
          1 
null device 
          1 
null device 
          1 
Normalization done!
Creating '/scratch/mleukam/duke_wes/3766/RC' folder...
Creating '/scratch/mleukam/duke_wes/3766/RCNorm' folder...
Creating '/scratch/mleukam/duke_wes/3766/Images' folder...
Working on sample 3766.
Creating Read Count Data...
Removing temporary files...
Read Count done!
Normalizing Read Count Data...
Loading required package: lattice
Loading required package: survival
Loading required package: Formula
Loading required package: ggplot2

Attaching package: ‘Hmisc’

The following objects are masked from ‘package:base’:

    format.pval, units

null device 
          1 
null device 
          1 
null device 
          1 
null device 
          1 
null device 
          1 
Normalization done!
Creating '/scratch/mleukam/duke_wes/3859/RC' folder...
Creating '/scratch/mleukam/duke_wes/3859/RCNorm' folder...
Creating '/scratch/mleukam/duke_wes/3859/Images' folder...
Working on sample 3859.
Creating Read Count Data...
Removing temporary files...
Read Count done!
Normalizing Read Count Data...
Loading required package: lattice
Loading required package: survival
Loading required package: Formula
Loading required package: ggplot2

Attaching package: ‘Hmisc’

The following objects are masked from ‘package:base’:

    format.pval, units

null device 
          1 
null device 
          1 
null device 
          1 
null device 
          1 
null device 
          1 
Normalization done!
Creating '/scratch/mleukam/duke_wes/3758/RC' folder...
Creating '/scratch/mleukam/duke_wes/3758/RCNorm' folder...
Creating '/scratch/mleukam/duke_wes/3758/Images' folder...
Working on sample 3758.
Creating Read Count Data...
Removing temporary files...
Read Count done!
Normalizing Read Count Data...
Loading required package: lattice
Loading required package: survival
Loading required package: Formula
Loading required package: ggplot2

Attaching package: ‘Hmisc’

The following objects are masked from ‘package:base’:

    format.pval, units

null device 
          1 
null device 
          1 
null device 
          1 
null device 
          1 
null device 
          1 
Normalization done!
Creating '/scratch/mleukam/duke_wes/3823/RC' folder...
Creating '/scratch/mleukam/duke_wes/3823/RCNorm' folder...
Creating '/scratch/mleukam/duke_wes/3823/Images' folder...
Working on sample 3823.
Creating Read Count Data...
Removing temporary files...
Read Count done!
Normalizing Read Count Data...
Loading required package: lattice
Loading required package: survival
Loading required package: Formula
Loading required package: ggplot2

Attaching package: ‘Hmisc’

The following objects are masked from ‘package:base’:

    format.pval, units

null device 
          1 
null device 
          1 
null device 
          1 
null device 
          1 
null device 
          1 
Normalization done!
Creating '/scratch/mleukam/duke_wes/3810/RC' folder...
Creating '/scratch/mleukam/duke_wes/3810/RCNorm' folder...
Creating '/scratch/mleukam/duke_wes/3810/Images' folder...
Working on sample 3810.
Creating Read Count Data...
Removing temporary files...
Read Count done!
Normalizing Read Count Data...
Loading required package: lattice
Loading required package: survival
Loading required package: Formula
Loading required package: ggplot2

Attaching package: ‘Hmisc’

The following objects are masked from ‘package:base’:

    format.pval, units

null device 
          1 
null device 
          1 
null device 
          1 
null device 
          1 
null device 
          1 
Normalization done!
Creating '/scratch/mleukam/duke_wes/3838/RC' folder...
Creating '/scratch/mleukam/duke_wes/3838/RCNorm' folder...
Creating '/scratch/mleukam/duke_wes/3838/Images' folder...
Working on sample 3838.
Creating Read Count Data...
Removing temporary files...
Read Count done!
Normalizing Read Count Data...
Loading required package: lattice
Loading required package: survival
Loading required package: Formula
Loading required package: ggplot2

Attaching package: ‘Hmisc’

The following objects are masked from ‘package:base’:

    format.pval, units

null device 
          1 
null device 
          1 
null device 
          1 
null device 
          1 
null device 
          1 
Normalization done!
Creating '/scratch/mleukam/duke_wes/3767/RC' folder...
Creating '/scratch/mleukam/duke_wes/3767/RCNorm' folder...
Creating '/scratch/mleukam/duke_wes/3767/Images' folder...
Working on sample 3767.
Creating Read Count Data...
Removing temporary files...
Read Count done!
Normalizing Read Count Data...
Loading required package: lattice
Loading required package: survival
Loading required package: Formula
Loading required package: ggplot2

Attaching package: ‘Hmisc’

The following objects are masked from ‘package:base’:

    format.pval, units

null device 
          1 
null device 
          1 
null device 
          1 
null device 
          1 
null device 
          1 
Normalization done!
Creating '/scratch/mleukam/duke_wes/3888/RC' folder...
Creating '/scratch/mleukam/duke_wes/3888/RCNorm' folder...
Creating '/scratch/mleukam/duke_wes/3888/Images' folder...
Working on sample 3888.
Creating Read Count Data...
Removing temporary files...
Read Count done!
Normalizing Read Count Data...
Loading required package: lattice
Loading required package: survival
Loading required package: Formula
Loading required package: ggplot2

Attaching package: ‘Hmisc’

The following objects are masked from ‘package:base’:

    format.pval, units

Removing temporary files...
Read Count done!
Normalizing Read Count Data...
Loading required package: lattice
Loading required package: survival
Loading required package: Formula
Loading required package: ggplot2

Attaching package: ‘Hmisc’

The following objects are masked from ‘package:base’:

    format.pval, units

null device 
          1 
null device 
          1 
null device 
          1 
null device 
          1 
null device 
          1 
Normalization done!
Creating '/scratch/mleukam/duke_wes/3899/RC' folder...
Creating '/scratch/mleukam/duke_wes/3899/RCNorm' folder...
Creating '/scratch/mleukam/duke_wes/3899/Images' folder...
Working on sample 3899.
Creating Read Count Data...
null device 
          1 
null device 
          1 
null device 
          1 
null device 
          1 
null device 
          1 
Normalization done!
Creating '/scratch/mleukam/duke_wes/3782/RC' folder...
Creating '/scratch/mleukam/duke_wes/3782/RCNorm' folder...
Creating '/scratch/mleukam/duke_wes/3782/Images' folder...
Working on sample 3782.
Creating Read Count Data...
Removing temporary files...
Read Count done!
Normalizing Read Count Data...
Loading required package: lattice
Loading required package: survival
Loading required package: Formula
Loading required package: ggplot2

Attaching package: ‘Hmisc’

The following objects are masked from ‘package:base’:

    format.pval, units

null device 
          1 
null device 
          1 
null device 
          1 
null device 
          1 
null device 
          1 
Removing temporary files...
Read Count done!
Normalizing Read Count Data...
Loading required package: lattice
Loading required package: survival
Loading required package: Formula
Loading required package: ggplot2

Attaching package: ‘Hmisc’

The following objects are masked from ‘package:base’:

    format.pval, units

Normalization done!
Creating '/scratch/mleukam/duke_wes/3830/RC' folder...
Creating '/scratch/mleukam/duke_wes/3830/RCNorm' folder...
Creating '/scratch/mleukam/duke_wes/3830/Images' folder...
Working on sample 3830.
Creating Read Count Data...
Removing temporary files...
Read Count done!
Normalizing Read Count Data...
Loading required package: lattice
Loading required package: survival
Loading required package: Formula
Loading required package: ggplot2
null device 
          1 

Attaching package: ‘Hmisc’

The following objects are masked from ‘package:base’:

    format.pval, units

null device 
          1 
null device 
          1 
null device 
          1 
null device 
          1 
Normalization done!
Creating '/scratch/mleukam/duke_wes/3811/RC' folder...
Creating '/scratch/mleukam/duke_wes/3811/RCNorm' folder...
Creating '/scratch/mleukam/duke_wes/3811/Images' folder...
Working on sample 3811.
Creating Read Count Data...
null device 
          1 
null device 
          1 
null device 
          1 
null device 
          1 
null device 
          1 
Normalization done!
Creating '/scratch/mleukam/duke_wes/3849/RC' folder...
Creating '/scratch/mleukam/duke_wes/3849/RCNorm' folder...
Creating '/scratch/mleukam/duke_wes/3849/Images' folder...
Working on sample 3849.
Creating Read Count Data...
Removing temporary files...
Read Count done!
Normalizing Read Count Data...
Loading required package: lattice
Loading required package: survival
Loading required package: Formula
Loading required package: ggplot2

Attaching package: ‘Hmisc’

The following objects are masked from ‘package:base’:

    format.pval, units

null device 
          1 
null device 
          1 
null device 
          1 
null device 
          1 
null device 
          1 
Normalization done!
Creating '/scratch/mleukam/duke_wes/3861/RC' folder...
Creating '/scratch/mleukam/duke_wes/3861/RCNorm' folder...
Creating '/scratch/mleukam/duke_wes/3861/Images' folder...
Working on sample 3861.
Creating Read Count Data...
Removing temporary files...
Read Count done!
Normalizing Read Count Data...
Loading required package: lattice
Loading required package: survival
Loading required package: Formula
Loading required package: ggplot2

Attaching package: ‘Hmisc’

The following objects are masked from ‘package:base’:

    format.pval, units

null device 
          1 
null device 
          1 
null device 
          1 
null device 
          1 
null device 
          1 
Normalization done!
Creating '/scratch/mleukam/duke_wes/3824/RC' folder...
Creating '/scratch/mleukam/duke_wes/3824/RCNorm' folder...
Creating '/scratch/mleukam/duke_wes/3824/Images' folder...
Working on sample 3824.
Creating Read Count Data...
Removing temporary files...
Read Count done!
Normalizing Read Count Data...
Loading required package: lattice
Loading required package: survival
Loading required package: Formula
Loading required package: ggplot2

Attaching package: ‘Hmisc’

The following objects are masked from ‘package:base’:

    format.pval, units

Removing temporary files...
Read Count done!
Normalizing Read Count Data...
Loading required package: lattice
Loading required package: survival
null device 
          1 
null device 
          1 
null device 
          1 
Loading required package: Formula
Loading required package: ggplot2
null device 
          1 
null device 
          1 

Attaching package: ‘Hmisc’

The following objects are masked from ‘package:base’:

    format.pval, units

Normalization done!
Creating '/scratch/mleukam/duke_wes/3900/RC' folder...
Creating '/scratch/mleukam/duke_wes/3900/RCNorm' folder...
Creating '/scratch/mleukam/duke_wes/3900/Images' folder...
Working on sample 3900.
Creating Read Count Data...
Removing temporary files...
Read Count done!
Normalizing Read Count Data...
Loading required package: lattice
Loading required package: survival
Loading required package: Formula
Loading required package: ggplot2

Attaching package: ‘Hmisc’

The following objects are masked from ‘package:base’:

    format.pval, units

null device 
          1 
null device 
          1 
null device 
          1 
null device 
          1 
null device 
          1 
Normalization done!
Creating '/scratch/mleukam/duke_wes/3770/RC' folder...
Creating '/scratch/mleukam/duke_wes/3770/RCNorm' folder...
Creating '/scratch/mleukam/duke_wes/3770/Images' folder...
Working on sample 3770.
Creating Read Count Data...
Removing temporary files...
Read Count done!
Normalizing Read Count Data...
Loading required package: lattice
Loading required package: survival
Loading required package: Formula
Loading required package: ggplot2

Attaching package: ‘Hmisc’

The following objects are masked from ‘package:base’:

    format.pval, units

null device 
          1 
null device 
          1 
null device 
          1 
null device 
          1 
null device 
          1 
Normalization done!
Creating '/scratch/mleukam/duke_wes/3759/RC' folder...
Creating '/scratch/mleukam/duke_wes/3759/RCNorm' folder...
Creating '/scratch/mleukam/duke_wes/3759/Images' folder...
Working on sample 3759.
Creating Read Count Data...
null device 
          1 
null device 
          1 
null device 
          1 
null device 
          1 
null device 
          1 
Normalization done!
Creating '/scratch/mleukam/duke_wes/3831/RC' folder...
Creating '/scratch/mleukam/duke_wes/3831/RCNorm' folder...
Creating '/scratch/mleukam/duke_wes/3831/Images' folder...
Working on sample 3831.
Creating Read Count Data...
Removing temporary files...
Read Count done!
Normalizing Read Count Data...
Loading required package: lattice
Loading required package: survival
Loading required package: Formula
Loading required package: ggplot2

Attaching package: ‘Hmisc’

The following objects are masked from ‘package:base’:

    format.pval, units

Removing temporary files...
Read Count done!
Normalizing Read Count Data...
Loading required package: lattice
Loading required package: survival
Loading required package: Formula
Loading required package: ggplot2

Attaching package: ‘Hmisc’

The following objects are masked from ‘package:base’:

    format.pval, units

null device 
          1 
null device 
          1 
null device 
          1 
null device 
          1 
null device 
          1 
Normalization done!
Creating '/scratch/mleukam/duke_wes/3783/RC' folder...
Creating '/scratch/mleukam/duke_wes/3783/RCNorm' folder...
Creating '/scratch/mleukam/duke_wes/3783/Images' folder...
Working on sample 3783.
Creating Read Count Data...
null device 
          1 
null device 
          1 
null device 
          1 
null device 
          1 
null device 
          1 
Normalization done!
Creating '/scratch/mleukam/duke_wes/3851/RC' folder...
Creating '/scratch/mleukam/duke_wes/3851/RCNorm' folder...
Creating '/scratch/mleukam/duke_wes/3851/Images' folder...
Working on sample 3851.
Creating Read Count Data...
Removing temporary files...
Read Count done!
Normalizing Read Count Data...
Loading required package: lattice
Loading required package: survival
Loading required package: Formula
Loading required package: ggplot2

Attaching package: ‘Hmisc’

The following objects are masked from ‘package:base’:

    format.pval, units

null device 
          1 
null device 
          1 
null device 
          1 
null device 
          1 
null device 
          1 
Normalization done!
Creating '/scratch/mleukam/duke_wes/3889/RC' folder...
Creating '/scratch/mleukam/duke_wes/3889/RCNorm' folder...
Creating '/scratch/mleukam/duke_wes/3889/Images' folder...
Working on sample 3889.
Creating Read Count Data...
Removing temporary files...
Read Count done!
Normalizing Read Count Data...
Loading required package: lattice
Loading required package: survival
Loading required package: Formula
Loading required package: ggplot2

Attaching package: ‘Hmisc’

The following objects are masked from ‘package:base’:

    format.pval, units

null device 
          1 
null device 
          1 
null device 
          1 
null device 
          1 
null device 
          1 
Normalization done!
Creating '/scratch/mleukam/duke_wes/3879/RC' folder...
Creating '/scratch/mleukam/duke_wes/3879/RCNorm' folder...
Creating '/scratch/mleukam/duke_wes/3879/Images' folder...
Working on sample 3879.
Creating Read Count Data...
Removing temporary files...
Read Count done!
Normalizing Read Count Data...
Loading required package: lattice
Loading required package: survival
Loading required package: Formula
Loading required package: ggplot2

Attaching package: ‘Hmisc’

The following objects are masked from ‘package:base’:

    format.pval, units

null device 
          1 
null device 
          1 
null device 
          1 
null device 
          1 
null device 
          1 
Normalization done!
Creating '/scratch/mleukam/duke_wes/3839/RC' folder...
Creating '/scratch/mleukam/duke_wes/3839/RCNorm' folder...
Creating '/scratch/mleukam/duke_wes/3839/Images' folder...
Working on sample 3839.
Creating Read Count Data...
Removing temporary files...
Read Count done!
Normalizing Read Count Data...
Loading required package: lattice
Loading required package: survival
Loading required package: Formula
Loading required package: ggplot2

Attaching package: ‘Hmisc’

The following objects are masked from ‘package:base’:

    format.pval, units

Removing temporary files...
Read Count done!
Normalizing Read Count Data...
Loading required package: lattice
Loading required package: survival
Loading required package: Formula
Loading required package: ggplot2

Attaching package: ‘Hmisc’

The following objects are masked from ‘package:base’:

    format.pval, units

null device 
          1 
null device 
          1 
null device 
          1 
null device 
          1 
null device 
          1 
Normalization done!
Creating '/scratch/mleukam/duke_wes/3865/RC' folder...
Creating '/scratch/mleukam/duke_wes/3865/RCNorm' folder...
Creating '/scratch/mleukam/duke_wes/3865/Images' folder...
Working on sample 3865.
Creating Read Count Data...
null device 
          1 
null device 
          1 
null device 
          1 
null device 
          1 
null device 
          1 
Normalization done!
Creating '/scratch/mleukam/duke_wes/3812/RC' folder...
Creating '/scratch/mleukam/duke_wes/3812/RCNorm' folder...
Creating '/scratch/mleukam/duke_wes/3812/Images' folder...
Working on sample 3812.
Creating Read Count Data...
Removing temporary files...
Read Count done!
Normalizing Read Count Data...
Loading required package: lattice
Loading required package: survival
Loading required package: Formula
Loading required package: ggplot2

Attaching package: ‘Hmisc’

The following objects are masked from ‘package:base’:

    format.pval, units

null device 
          1 
null device 
          1 
null device 
          1 
null device 
          1 
null device 
          1 
Normalization done!
Creating '/scratch/mleukam/duke_wes/3771/RC' folder...
Creating '/scratch/mleukam/duke_wes/3771/RCNorm' folder...
Creating '/scratch/mleukam/duke_wes/3771/Images' folder...
Working on sample 3771.
Creating Read Count Data...
Removing temporary files...
Read Count done!
Normalizing Read Count Data...
Loading required package: lattice
Loading required package: survival
Loading required package: Formula
Loading required package: ggplot2

Attaching package: ‘Hmisc’

The following objects are masked from ‘package:base’:

    format.pval, units

Removing temporary files...
Read Count done!
Normalizing Read Count Data...
Loading required package: lattice
Loading required package: survival
Loading required package: Formula
Loading required package: ggplot2

Attaching package: ‘Hmisc’

The following objects are masked from ‘package:base’:

    format.pval, units

null device 
          1 
null device 
          1 
null device 
          1 
null device 
          1 
null device 
          1 
Normalization done!
Performed RC calculations and Normalization on samples: 
3892 3893 3894 3895 3896 3898 3899 3900Removing temporary files...
Read Count done!
Normalizing Read Count Data...
Loading required package: lattice
Loading required package: survival
Loading required package: Formula
Loading required package: ggplot2

Attaching package: ‘Hmisc’

The following objects are masked from ‘package:base’:

    format.pval, units

null device 
          1 
null device 
          1 
null device 
          1 
null device 
          1 
null device 
          1 
Normalization done!
Performed RC calculations and Normalization on samples: 
3775 3776 3777 3778 3779 3780 3781 3782 3783null device 
          1 
null device 
          1 
null device 
          1 
null device 
          1 
null device 
          1 
Normalization done!
Performed RC calculations and Normalization on samples: 
3815 3816 3817 3820 3821 3822 3823 3824Removing temporary files...
Read Count done!
Normalizing Read Count Data...
Loading required package: lattice
Loading required package: survival
Loading required package: Formula
Loading required package: ggplot2

Attaching package: ‘Hmisc’

The following objects are masked from ‘package:base’:

    format.pval, units

null device 
          1 
null device 
          1 
null device 
          1 
null device 
          1 
null device 
          1 
Normalization done!
Creating '/scratch/mleukam/duke_wes/3760/RC' folder...
Creating '/scratch/mleukam/duke_wes/3760/RCNorm' folder...
Creating '/scratch/mleukam/duke_wes/3760/Images' folder...
Working on sample 3760.
Creating Read Count Data...
Removing temporary files...
Read Count done!
Normalizing Read Count Data...
Loading required package: lattice
Loading required package: survival
Loading required package: Formula
Loading required package: ggplot2

Attaching package: ‘Hmisc’

The following objects are masked from ‘package:base’:

    format.pval, units

null device 
          1 
null device 
          1 
null device 
          1 
null device 
          1 
null device 
          1 
Normalization done!
Creating '/scratch/mleukam/duke_wes/3891/RC' folder...
Creating '/scratch/mleukam/duke_wes/3891/RCNorm' folder...
Creating '/scratch/mleukam/duke_wes/3891/Images' folder...
Working on sample 3891.
Creating Read Count Data...
Removing temporary files...
Read Count done!
Normalizing Read Count Data...
Loading required package: lattice
Loading required package: survival
Loading required package: Formula
Loading required package: ggplot2

Attaching package: ‘Hmisc’

The following objects are masked from ‘package:base’:

    format.pval, units

null device 
          1 
null device 
          1 
null device 
          1 
null device 
          1 
null device 
          1 
Normalization done!
Creating '/scratch/mleukam/duke_wes/3832/RC' folder...
Creating '/scratch/mleukam/duke_wes/3832/RCNorm' folder...
Creating '/scratch/mleukam/duke_wes/3832/Images' folder...
Working on sample 3832.
Creating Read Count Data...
Removing temporary files...
Read Count done!
Normalizing Read Count Data...
Loading required package: lattice
Loading required package: survival
Loading required package: Formula
Loading required package: ggplot2

Attaching package: ‘Hmisc’

The following objects are masked from ‘package:base’:

    format.pval, units

Removing temporary files...
Read Count done!
Normalizing Read Count Data...
Loading required package: lattice
Loading required package: survival
Loading required package: Formula
Loading required package: ggplot2

Attaching package: ‘Hmisc’

The following objects are masked from ‘package:base’:

    format.pval, units

null device 
          1 
null device 
          1 
null device 
          1 
null device 
          1 
null device 
          1 
Normalization done!
Performed RC calculations and Normalization on samples: 
3761 3762 3763 3764 3765 3766 3767 3770 3771null device 
          1 
Removing temporary files...
Read Count done!
Normalizing Read Count Data...
null device 
          1 
null device 
          1 
Loading required package: lattice
Loading required package: survival
null device 
          1 
null device 
          1 
Loading required package: Formula
Loading required package: ggplot2

Attaching package: ‘Hmisc’

The following objects are masked from ‘package:base’:

    format.pval, units

Normalization done!
Creating '/scratch/mleukam/duke_wes/3880/RC' folder...
Creating '/scratch/mleukam/duke_wes/3880/RCNorm' folder...
Creating '/scratch/mleukam/duke_wes/3880/Images' folder...
Working on sample 3880.
Creating Read Count Data...
null device 
          1 
null device 
          1 
null device 
          1 
null device 
          1 
null device 
          1 
Normalization done!
Performed RC calculations and Normalization on samples: 
3842 3843 3845 3846 3847 3848 3849 3851Removing temporary files...
Read Count done!
Normalizing Read Count Data...
Loading required package: lattice
Loading required package: survival
Loading required package: Formula
Loading required package: ggplot2

Attaching package: ‘Hmisc’

The following objects are masked from ‘package:base’:

    format.pval, units

null device 
          1 
null device 
          1 
null device 
          1 
null device 
          1 
null device 
          1 
Normalization done!
Creating '/scratch/mleukam/duke_wes/3813/RC' folder...
Creating '/scratch/mleukam/duke_wes/3813/RCNorm' folder...
Creating '/scratch/mleukam/duke_wes/3813/Images' folder...
Working on sample 3813.
Creating Read Count Data...
Removing temporary files...
Read Count done!
Normalizing Read Count Data...
Loading required package: lattice
Loading required package: survival
Loading required package: Formula
Loading required package: ggplot2

Attaching package: ‘Hmisc’

The following objects are masked from ‘package:base’:

    format.pval, units

Removing temporary files...
Read Count done!
Normalizing Read Count Data...
Loading required package: lattice
Loading required package: survival
null device 
          1 
null device 
          1 
null device 
          1 
Loading required package: Formula
Loading required package: ggplot2
null device 
          1 
null device 
          1 

Attaching package: ‘Hmisc’

The following objects are masked from ‘package:base’:

    format.pval, units

Normalization done!
Creating '/scratch/mleukam/duke_wes/3867/RC' folder...
Creating '/scratch/mleukam/duke_wes/3867/RCNorm' folder...
Creating '/scratch/mleukam/duke_wes/3867/Images' folder...
Working on sample 3867.
Creating Read Count Data...
null device 
          1 
null device 
          1 
null device 
          1 
null device 
          1 
null device 
          1 
Normalization done!
Creating '/scratch/mleukam/duke_wes/3840/RC' folder...
Creating '/scratch/mleukam/duke_wes/3840/RCNorm' folder...
Creating '/scratch/mleukam/duke_wes/3840/Images' folder...
Working on sample 3840.
Creating Read Count Data...
Removing temporary files...
Read Count done!
Normalizing Read Count Data...
Loading required package: lattice
Loading required package: survival
Loading required package: Formula
Loading required package: ggplot2

Attaching package: ‘Hmisc’

The following objects are masked from ‘package:base’:

    format.pval, units

null device 
          1 
null device 
          1 
null device 
          1 
null device 
          1 
null device 
          1 
Normalization done!
Performed RC calculations and Normalization on samples: 
3751 3753 3754 3755 3756 3757 3758 3759 3760Removing temporary files...
Read Count done!
Normalizing Read Count Data...
Loading required package: lattice
Loading required package: survival
Loading required package: Formula
Loading required package: ggplot2

Attaching package: ‘Hmisc’

The following objects are masked from ‘package:base’:

    format.pval, units

null device 
          1 
null device 
          1 
null device 
          1 
null device 
          1 
null device 
          1 
Normalization done!
Performed RC calculations and Normalization on samples: 
3882 3883 3885 3886 3887 3888 3889 3891Removing temporary files...
Read Count done!
Normalizing Read Count Data...
Loading required package: lattice
Loading required package: survival
Loading required package: Formula
Loading required package: ggplot2

Attaching package: ‘Hmisc’

The following objects are masked from ‘package:base’:

    format.pval, units

null device 
          1 
null device 
          1 
null device 
          1 
null device 
          1 
null device 
          1 
Normalization done!
Creating '/scratch/mleukam/duke_wes/3881/RC' folder...
Creating '/scratch/mleukam/duke_wes/3881/RCNorm' folder...
Creating '/scratch/mleukam/duke_wes/3881/Images' folder...
Working on sample 3881.
Creating Read Count Data...
Removing temporary files...
Read Count done!
Normalizing Read Count Data...
Loading required package: lattice
Loading required package: survival
Loading required package: Formula
Loading required package: ggplot2

Attaching package: ‘Hmisc’

The following objects are masked from ‘package:base’:

    format.pval, units

null device 
          1 
null device 
          1 
null device 
          1 
null device 
          1 
null device 
          1 
Normalization done!
Performed RC calculations and Normalization on samples: 
3852 3854 3856 3857 3859 3861 3865 3867Removing temporary files...
Read Count done!
Normalizing Read Count Data...
Loading required package: lattice
Loading required package: survival
Loading required package: Formula
Loading required package: ggplot2

Attaching package: ‘Hmisc’

The following objects are masked from ‘package:base’:

    format.pval, units

null device 
          1 
null device 
          1 
null device 
          1 
null device 
          1 
null device 
          1 
Normalization done!
Performed RC calculations and Normalization on samples: 
3825 3826 3827 3828 3829 3830 3831 3832Removing temporary files...
Read Count done!
Normalizing Read Count Data...
Loading required package: lattice
Loading required package: survival
Loading required package: Formula
Loading required package: ggplot2

Attaching package: ‘Hmisc’

The following objects are masked from ‘package:base’:

    format.pval, units

null device 
          1 
null device 
          1 
null device 
          1 
null device 
          1 
null device 
          1 
Normalization done!
Performed RC calculations and Normalization on samples: 
3833 3834 3835 3836 3837 3838 3839 3840Removing temporary files...
Read Count done!
Normalizing Read Count Data...
Loading required package: lattice
Loading required package: survival
Loading required package: Formula
Loading required package: ggplot2

Attaching package: ‘Hmisc’

The following objects are masked from ‘package:base’:

    format.pval, units

null device 
          1 
null device 
          1 
null device 
          1 
null device 
          1 
null device 
          1 
Normalization done!
Creating '/scratch/mleukam/duke_wes/3814/RC' folder...
Creating '/scratch/mleukam/duke_wes/3814/RCNorm' folder...
Creating '/scratch/mleukam/duke_wes/3814/Images' folder...
Working on sample 3814.
Creating Read Count Data...
Removing temporary files...
Read Count done!
Normalizing Read Count Data...
Loading required package: lattice
Loading required package: survival
Loading required package: Formula
Loading required package: ggplot2

Attaching package: ‘Hmisc’

The following objects are masked from ‘package:base’:

    format.pval, units

null device 
          1 
null device 
          1 
null device 
          1 
null device 
          1 
null device 
          1 
Normalization done!
Performed RC calculations and Normalization on samples: 
3871 3872 3873 3875 3876 3879 3880 3881Removing temporary files...
Read Count done!
Normalizing Read Count Data...
Loading required package: lattice
Loading required package: survival
Loading required package: Formula
Loading required package: ggplot2

Attaching package: ‘Hmisc’

The following objects are masked from ‘package:base’:

    format.pval, units

null device 
          1 
null device 
          1 
null device 
          1 
null device 
          1 
null device 
          1 
Normalization done!
Performed RC calculations and Normalization on samples: 
3784 3785 3786 3787 3810 3811 3812 3813 3814Multiprocessor Analysis Complete!


------------ Job WrapUp ------------

Job ID:            11532252.cri16sc001
User ID:           mleukam
Job Name:          excavator_dataprep_/gpfs/data/kline-lab/inputs/ExperimentalFilePrepare.w50000.9.txt
Queue Name:        standard
Working Directory: /home/mleukam/pbs
Resource List:     walltime=08:00:00,nodes=1:ppn=12,mem=8gb,neednodes=1:ppn=12
Resources Used:    cput=28:56:54,vmem=10598464kb,walltime=02:44:58,mem=1809724kb,energy_used=0
Exit Code:         0
Mother Superior:   cri16cn065

Execution Nodes: 
cri16cn065 cri16cn065 cri16cn065 cri16cn065 cri16cn065 cri16cn065 cri16cn065 cri16cn065 cri16cn065 cri16cn065 cri16cn065 cri16cn065


