input file is /gpfs/data/kline-lab/inputs/ExperimentalFilePrepare.w50000.8.txt
Program folder is: /scratch/mleukam/EXCAVATOR2
Preparing Multiprocessor Analysis...
Starting Multiprocessor Analysis!
Creating '/scratch/mleukam/duke_wes/3667/RC' folder...
Creating '/scratch/mleukam/duke_wes/3667/RCNorm' folder...
Creating '/scratch/mleukam/duke_wes/3667/Images' folder...
Working on sample 3667.
Creating Read Count Data...
Creating '/scratch/mleukam/duke_wes/3687/RC' folder...
Creating '/scratch/mleukam/duke_wes/3687/RCNorm' folder...
Creating '/scratch/mleukam/duke_wes/3687/Images' folder...
Working on sample 3687.
Creating Read Count Data...
Creating '/scratch/mleukam/duke_wes/3706/RC' folder...
Creating '/scratch/mleukam/duke_wes/3706/RCNorm' folder...
Creating '/scratch/mleukam/duke_wes/3706/Images' folder...
Working on sample 3706.
Creating Read Count Data...
Creating '/scratch/mleukam/duke_wes/3679/RC' folder...
Creating '/scratch/mleukam/duke_wes/3679/RCNorm' folder...
Creating '/scratch/mleukam/duke_wes/3679/Images' folder...
Working on sample 3679.
Creating Read Count Data...
Creating '/scratch/mleukam/duke_wes/3716/RC' folder...
Creating '/scratch/mleukam/duke_wes/3716/RCNorm' folder...
Creating '/scratch/mleukam/duke_wes/3716/Images' folder...
Working on sample 3716.
Creating Read Count Data...
Creating '/scratch/mleukam/duke_wes/3734/RC' folder...
Creating '/scratch/mleukam/duke_wes/3734/RCNorm' folder...
Creating '/scratch/mleukam/duke_wes/3734/Images' folder...
Working on sample 3734.
Creating Read Count Data...
Creating '/scratch/mleukam/duke_wes/3697/RC' folder...
Creating '/scratch/mleukam/duke_wes/3697/RCNorm' folder...
Creating '/scratch/mleukam/duke_wes/3697/Images' folder...
Working on sample 3697.
Creating Read Count Data...
Creating '/scratch/mleukam/duke_wes/3726/RC' folder...
Creating '/scratch/mleukam/duke_wes/3726/RCNorm' folder...
Creating '/scratch/mleukam/duke_wes/3726/Images' folder...
Working on sample 3726.
Creating Read Count Data...
Creating '/scratch/mleukam/duke_wes/3743/RC' folder...
Creating '/scratch/mleukam/duke_wes/3743/RCNorm' folder...
Creating '/scratch/mleukam/duke_wes/3743/Images' folder...
Working on sample 3743.
Creating Read Count Data...
Creating '/scratch/mleukam/duke_wes/3647/RC' folder...
Creating '/scratch/mleukam/duke_wes/3647/RCNorm' folder...
Creating '/scratch/mleukam/duke_wes/3647/Images' folder...
Working on sample 3647.
Creating Read Count Data...
Creating '/scratch/mleukam/duke_wes/3637/RC' folder...
Creating '/scratch/mleukam/duke_wes/3637/RCNorm' folder...
Creating '/scratch/mleukam/duke_wes/3637/Images' folder...
Working on sample 3637.
Creating Read Count Data...
Creating '/scratch/mleukam/duke_wes/3657/RC' folder...
Creating '/scratch/mleukam/duke_wes/3657/RCNorm' folder...
Creating '/scratch/mleukam/duke_wes/3657/Images' folder...
Working on sample 3657.
Creating Read Count Data...
Removing temporary files...
Read Count done!
Normalizing Read Count Data...
Loading required package: lattice
Loading required package: survival
Loading required package: Formula
Loading required package: ggplot2

Attaching package: ‘Hmisc’

The following objects are masked from ‘package:base’:

    format.pval, units

null device 
          1 
null device 
          1 
null device 
          1 
null device 
          1 
null device 
          1 
Normalization done!
Creating '/scratch/mleukam/duke_wes/3659/RC' folder...
Creating '/scratch/mleukam/duke_wes/3659/RCNorm' folder...
Creating '/scratch/mleukam/duke_wes/3659/Images' folder...
Working on sample 3659.
Creating Read Count Data...
Removing temporary files...
Read Count done!
Normalizing Read Count Data...
Loading required package: lattice
Loading required package: survival
Loading required package: Formula
Loading required package: ggplot2

Attaching package: ‘Hmisc’

The following objects are masked from ‘package:base’:

    format.pval, units

Removing temporary files...
Read Count done!
Normalizing Read Count Data...
Loading required package: lattice
Loading required package: survival
Loading required package: Formula
Loading required package: ggplot2

Attaching package: ‘Hmisc’

The following objects are masked from ‘package:base’:

    format.pval, units

null device 
          1 
null device 
          1 
null device 
          1 
null device 
          1 
null device 
          1 
null device 
          1 
null device 
          1 
null device 
          1 
Normalization done!
Creating '/scratch/mleukam/duke_wes/3688/RC' folder...
Creating '/scratch/mleukam/duke_wes/3688/RCNorm' folder...
Creating '/scratch/mleukam/duke_wes/3688/Images' folder...
Working on sample 3688.
Creating Read Count Data...
null device 
          1 
null device 
          1 
Normalization done!
Creating '/scratch/mleukam/duke_wes/3680/RC' folder...
Creating '/scratch/mleukam/duke_wes/3680/RCNorm' folder...
Creating '/scratch/mleukam/duke_wes/3680/Images' folder...
Working on sample 3680.
Creating Read Count Data...
Removing temporary files...
Read Count done!
Normalizing Read Count Data...
Loading required package: lattice
Loading required package: survival
Loading required package: Formula
Loading required package: ggplot2

Attaching package: ‘Hmisc’

The following objects are masked from ‘package:base’:

    format.pval, units

null device 
          1 
null device 
          1 
null device 
          1 
null device 
          1 
null device 
          1 
Normalization done!
Creating '/scratch/mleukam/duke_wes/3744/RC' folder...
Creating '/scratch/mleukam/duke_wes/3744/RCNorm' folder...
Creating '/scratch/mleukam/duke_wes/3744/Images' folder...
Working on sample 3744.
Creating Read Count Data...
Removing temporary files...
Read Count done!
Normalizing Read Count Data...
Loading required package: lattice
Loading required package: survival
Loading required package: Formula
Loading required package: ggplot2

Attaching package: ‘Hmisc’

The following objects are masked from ‘package:base’:

    format.pval, units

null device 
          1 
null device 
          1 
null device 
          1 
null device 
          1 
null device 
          1 
Normalization done!
Creating '/scratch/mleukam/duke_wes/3648/RC' folder...
Creating '/scratch/mleukam/duke_wes/3648/RCNorm' folder...
Creating '/scratch/mleukam/duke_wes/3648/Images' folder...
Working on sample 3648.
Creating Read Count Data...
Removing temporary files...
Read Count done!
Normalizing Read Count Data...
Loading required package: lattice
Loading required package: survival
Loading required package: Formula
Loading required package: ggplot2

Attaching package: ‘Hmisc’

The following objects are masked from ‘package:base’:

    format.pval, units

Removing temporary files...
Read Count done!
Normalizing Read Count Data...
Loading required package: lattice
Loading required package: survival
Loading required package: Formula
Loading required package: ggplot2

Attaching package: ‘Hmisc’

The following objects are masked from ‘package:base’:

    format.pval, units

null device 
          1 
null device 
          1 
null device 
          1 
null device 
          1 
null device 
          1 
Normalization done!
Creating '/scratch/mleukam/duke_wes/3638/RC' folder...
Creating '/scratch/mleukam/duke_wes/3638/RCNorm' folder...
Creating '/scratch/mleukam/duke_wes/3638/Images' folder...
Working on sample 3638.
Creating Read Count Data...
null device 
          1 
null device 
          1 
null device 
          1 
null device 
          1 
null device 
          1 
Removing temporary files...
Read Count done!
Normalizing Read Count Data...
Normalization done!
Creating '/scratch/mleukam/duke_wes/3735/RC' folder...
Creating '/scratch/mleukam/duke_wes/3735/RCNorm' folder...
Creating '/scratch/mleukam/duke_wes/3735/Images' folder...
Working on sample 3735.
Creating Read Count Data...
Loading required package: lattice
Loading required package: survival
Loading required package: Formula
Loading required package: ggplot2

Attaching package: ‘Hmisc’

The following objects are masked from ‘package:base’:

    format.pval, units

null device 
          1 
null device 
          1 
null device 
          1 
null device 
          1 
null device 
          1 
Normalization done!
Creating '/scratch/mleukam/duke_wes/3727/RC' folder...
Creating '/scratch/mleukam/duke_wes/3727/RCNorm' folder...
Creating '/scratch/mleukam/duke_wes/3727/Images' folder...
Working on sample 3727.
Creating Read Count Data...
Removing temporary files...
Read Count done!
Normalizing Read Count Data...
Removing temporary files...
Read Count done!
Normalizing Read Count Data...
Loading required package: lattice
Loading required package: survival
Loading required package: lattice
Loading required package: survival
Loading required package: Formula
Loading required package: ggplot2
Loading required package: Formula
Loading required package: ggplot2

Attaching package: ‘Hmisc’

The following objects are masked from ‘package:base’:

    format.pval, units


Attaching package: ‘Hmisc’

The following objects are masked from ‘package:base’:

    format.pval, units

null device 
          1 
null device 
          1 
null device 
          1 
null device 
          1 
null device 
          1 
Normalization done!
Creating '/scratch/mleukam/duke_wes/3698/RC' folder...
Creating '/scratch/mleukam/duke_wes/3698/RCNorm' folder...
Creating '/scratch/mleukam/duke_wes/3698/Images' folder...
Working on sample 3698.
Creating Read Count Data...
null device 
          1 
null device 
          1 
null device 
          1 
null device 
          1 
null device 
          1 
Normalization done!
Creating '/scratch/mleukam/duke_wes/3736/RC' folder...
Creating '/scratch/mleukam/duke_wes/3736/RCNorm' folder...
Creating '/scratch/mleukam/duke_wes/3736/Images' folder...
Working on sample 3736.
Creating Read Count Data...
Removing temporary files...
Read Count done!
Normalizing Read Count Data...
Loading required package: lattice
Loading required package: survival
Loading required package: Formula
Loading required package: ggplot2

Attaching package: ‘Hmisc’

The following objects are masked from ‘package:base’:

    format.pval, units

null device 
          1 
null device 
          1 
null device 
          1 
null device 
          1 
null device 
          1 
Normalization done!
Creating '/scratch/mleukam/duke_wes/3668/RC' folder...
Creating '/scratch/mleukam/duke_wes/3668/RCNorm' folder...
Creating '/scratch/mleukam/duke_wes/3668/Images' folder...
Working on sample 3668.
Creating Read Count Data...
Removing temporary files...
Read Count done!
Normalizing Read Count Data...
Loading required package: lattice
Loading required package: survival
Loading required package: Formula
Loading required package: ggplot2

Attaching package: ‘Hmisc’

The following objects are masked from ‘package:base’:

    format.pval, units

null device 
          1 
null device 
          1 
null device 
          1 
null device 
          1 
null device 
          1 
Normalization done!
Creating '/scratch/mleukam/duke_wes/3660/RC' folder...
Creating '/scratch/mleukam/duke_wes/3660/RCNorm' folder...
Creating '/scratch/mleukam/duke_wes/3660/Images' folder...
Working on sample 3660.
Creating Read Count Data...
Removing temporary files...
Read Count done!
Normalizing Read Count Data...
Loading required package: lattice
Loading required package: survival
Loading required package: Formula
Loading required package: ggplot2

Attaching package: ‘Hmisc’

The following objects are masked from ‘package:base’:

    format.pval, units

null device 
          1 
null device 
          1 
null device 
          1 
null device 
          1 
null device 
          1 
Normalization done!
Creating '/scratch/mleukam/duke_wes/3649/RC' folder...
Creating '/scratch/mleukam/duke_wes/3649/RCNorm' folder...
Creating '/scratch/mleukam/duke_wes/3649/Images' folder...
Working on sample 3649.
Creating Read Count Data...
Removing temporary files...
Read Count done!
Normalizing Read Count Data...
Loading required package: lattice
Loading required package: survival
Loading required package: Formula
Loading required package: ggplot2

Attaching package: ‘Hmisc’

The following objects are masked from ‘package:base’:

    format.pval, units

null device 
          1 
null device 
          1 
null device 
          1 
null device 
          1 
null device 
          1 
Normalization done!
Creating '/scratch/mleukam/duke_wes/3707/RC' folder...
Creating '/scratch/mleukam/duke_wes/3707/RCNorm' folder...
Creating '/scratch/mleukam/duke_wes/3707/Images' folder...
Working on sample 3707.
Creating Read Count Data...
Removing temporary files...
Read Count done!
Normalizing Read Count Data...
Loading required package: lattice
Loading required package: survival
Loading required package: Formula
Loading required package: ggplot2

Attaching package: ‘Hmisc’

The following objects are masked from ‘package:base’:

    format.pval, units

null device 
          1 
null device 
          1 
null device 
          1 
null device 
          1 
null device 
          1 
Normalization done!
Creating '/scratch/mleukam/duke_wes/3689/RC' folder...
Creating '/scratch/mleukam/duke_wes/3689/RCNorm' folder...
Creating '/scratch/mleukam/duke_wes/3689/Images' folder...
Working on sample 3689.
Creating Read Count Data...
Removing temporary files...
Read Count done!
Normalizing Read Count Data...
Loading required package: lattice
Loading required package: survival
Loading required package: Formula
Loading required package: ggplot2

Attaching package: ‘Hmisc’

The following objects are masked from ‘package:base’:

    format.pval, units

Removing temporary files...
Read Count done!
Normalizing Read Count Data...
null device 
          1 
Loading required package: lattice
Loading required package: survival
null device 
          1 
null device 
          1 
null device 
          1 
null device 
          1 
Loading required package: Formula
Loading required package: ggplot2

Attaching package: ‘Hmisc’

The following objects are masked from ‘package:base’:

    format.pval, units

Normalization done!
Creating '/scratch/mleukam/duke_wes/3717/RC' folder...
Creating '/scratch/mleukam/duke_wes/3717/RCNorm' folder...
Creating '/scratch/mleukam/duke_wes/3717/Images' folder...
Working on sample 3717.
Creating Read Count Data...
Removing temporary files...
Read Count done!
Normalizing Read Count Data...
Loading required package: lattice
Loading required package: survival
Loading required package: Formula
Loading required package: ggplot2

Attaching package: ‘Hmisc’

The following objects are masked from ‘package:base’:

    format.pval, units

null device 
          1 
null device 
          1 
null device 
          1 
null device 
          1 
null device 
          1 
Normalization done!
Creating '/scratch/mleukam/duke_wes/3639/RC' folder...
Creating '/scratch/mleukam/duke_wes/3639/RCNorm' folder...
Creating '/scratch/mleukam/duke_wes/3639/Images' folder...
Working on sample 3639.
Creating Read Count Data...
null device 
          1 
null device 
          1 
null device 
          1 
null device 
          1 
null device 
          1 
Normalization done!
Creating '/scratch/mleukam/duke_wes/3681/RC' folder...
Creating '/scratch/mleukam/duke_wes/3681/RCNorm' folder...
Creating '/scratch/mleukam/duke_wes/3681/Images' folder...
Working on sample 3681.
Creating Read Count Data...
Error in seq.default(2, length(tt) * 2, by = 2) : 
  wrong sign in 'by' argument
Calls: seq -> seq.default
Execution halted
Error in seq.default(2, length(tt) * 2, by = 2) : 
  wrong sign in 'by' argument
Calls: seq -> seq.default
Execution halted
Error in seq.default(2, length(tt) * 2, by = 2) : 
  wrong sign in 'by' argument
Calls: seq -> seq.default
Execution halted
Error in seq.default(2, length(tt) * 2, by = 2) : 
  wrong sign in 'by' argument
Calls: seq -> seq.default
Execution halted
Removing temporary files...
Read Count done!
Normalizing Read Count Data...
Error in gzfile(file) : invalid 'description' argument
Calls: loadRC -> load -> gzfile
Execution halted
Normalization done!
Creating '/scratch/mleukam/duke_wes/3661/RC' folder...
Creating '/scratch/mleukam/duke_wes/3661/RCNorm' folder...
Creating '/scratch/mleukam/duke_wes/3661/Images' folder...
Working on sample 3661.
Creating Read Count Data...
Removing temporary files...
Read Count done!
Normalizing Read Count Data...
Loading required package: lattice
Loading required package: survival
Loading required package: Formula
Loading required package: ggplot2

Attaching package: ‘Hmisc’

The following objects are masked from ‘package:base’:

    format.pval, units

Removing temporary files...
Read Count done!
Normalizing Read Count Data...
Loading required package: lattice
Loading required package: survival
Loading required package: Formula
Loading required package: ggplot2
null device 
          1 

Attaching package: ‘Hmisc’

The following objects are masked from ‘package:base’:

    format.pval, units

null device 
          1 
null device 
          1 
null device 
          1 
null device 
          1 
Normalization done!
Creating '/scratch/mleukam/duke_wes/3699/RC' folder...
Creating '/scratch/mleukam/duke_wes/3699/RCNorm' folder...
Creating '/scratch/mleukam/duke_wes/3699/Images' folder...
Working on sample 3699.
Creating Read Count Data...
null device 
          1 
null device 
          1 
null device 
          1 
null device 
          1 
null device 
          1 
Normalization done!
Creating '/scratch/mleukam/duke_wes/3669/RC' folder...
Creating '/scratch/mleukam/duke_wes/3669/RCNorm' folder...
Creating '/scratch/mleukam/duke_wes/3669/Images' folder...
Working on sample 3669.
Creating Read Count Data...
Removing temporary files...
Read Count done!
Normalizing Read Count Data...
Loading required package: lattice
Loading required package: survival
Loading required package: Formula
Loading required package: ggplot2

Attaching package: ‘Hmisc’

The following objects are masked from ‘package:base’:

    format.pval, units

Removing temporary files...
Read Count done!
Normalizing Read Count Data...
Loading required package: lattice
Loading required package: survival
Loading required package: Formula
Loading required package: ggplot2

Attaching package: ‘Hmisc’

The following objects are masked from ‘package:base’:

    format.pval, units

null device 
          1 
null device 
          1 
null device 
          1 
null device 
          1 
null device 
          1 
Normalization done!
Creating '/scratch/mleukam/duke_wes/3682/RC' folder...
Creating '/scratch/mleukam/duke_wes/3682/RCNorm' folder...
Creating '/scratch/mleukam/duke_wes/3682/Images' folder...
Working on sample 3682.
Creating Read Count Data...
null device 
          1 
null device 
          1 
null device 
          1 
null device 
          1 
null device 
          1 
Normalization done!
Creating '/scratch/mleukam/duke_wes/3737/RC' folder...
Creating '/scratch/mleukam/duke_wes/3737/RCNorm' folder...
Creating '/scratch/mleukam/duke_wes/3737/Images' folder...
Working on sample 3737.
Creating Read Count Data...
Removing temporary files...
Read Count done!
Normalizing Read Count Data...
Removing temporary files...
Read Count done!
Normalizing Read Count Data...
Loading required package: lattice
Loading required package: survival
Loading required package: lattice
Loading required package: survival
Loading required package: Formula
Loading required package: ggplot2
Loading required package: Formula
Loading required package: ggplot2

Attaching package: ‘Hmisc’

The following objects are masked from ‘package:base’:

    format.pval, units


Attaching package: ‘Hmisc’

The following objects are masked from ‘package:base’:

    format.pval, units

null device 
          1 
null device 
          1 
null device 
          1 
null device 
          1 
null device 
          1 
Normalization done!
Creating '/scratch/mleukam/duke_wes/3651/RC' folder...
Creating '/scratch/mleukam/duke_wes/3651/RCNorm' folder...
Creating '/scratch/mleukam/duke_wes/3651/Images' folder...
Working on sample 3651.
Creating Read Count Data...
null device 
          1 
null device 
          1 
null device 
          1 
null device 
          1 
null device 
          1 
Normalization done!
Creating '/scratch/mleukam/duke_wes/3691/RC' folder...
Creating '/scratch/mleukam/duke_wes/3691/RCNorm' folder...
Creating '/scratch/mleukam/duke_wes/3691/Images' folder...
Working on sample 3691.
Creating Read Count Data...
Removing temporary files...
Read Count done!
Normalizing Read Count Data...
Loading required package: lattice
Loading required package: survival
Loading required package: Formula
Loading required package: ggplot2

Attaching package: ‘Hmisc’

The following objects are masked from ‘package:base’:

    format.pval, units

Removing temporary files...
Read Count done!
Normalizing Read Count Data...
Loading required package: lattice
Loading required package: survival
Loading required package: Formula
Loading required package: ggplot2

Attaching package: ‘Hmisc’

The following objects are masked from ‘package:base’:

    format.pval, units

null device 
          1 
null device 
          1 
null device 
          1 
null device 
          1 
null device 
          1 
Normalization done!
Creating '/scratch/mleukam/duke_wes/3745/RC' folder...
Creating '/scratch/mleukam/duke_wes/3745/RCNorm' folder...
Creating '/scratch/mleukam/duke_wes/3745/Images' folder...
Working on sample 3745.
Creating Read Count Data...
null device 
          1 
null device 
          1 
null device 
          1 
null device 
          1 
null device 
          1 
Removing temporary files...
Read Count done!
Normalizing Read Count Data...
Normalization done!
Creating '/scratch/mleukam/duke_wes/3728/RC' folder...
Creating '/scratch/mleukam/duke_wes/3728/RCNorm' folder...
Creating '/scratch/mleukam/duke_wes/3728/Images' folder...
Working on sample 3728.
Creating Read Count Data...
Loading required package: lattice
Loading required package: survival
Loading required package: Formula
Loading required package: ggplot2

Attaching package: ‘Hmisc’

The following objects are masked from ‘package:base’:

    format.pval, units

null device 
          1 
null device 
          1 
null device 
          1 
null device 
          1 
null device 
          1 
Normalization done!
Creating '/scratch/mleukam/duke_wes/3640/RC' folder...
Creating '/scratch/mleukam/duke_wes/3640/RCNorm' folder...
Creating '/scratch/mleukam/duke_wes/3640/Images' folder...
Working on sample 3640.
Creating Read Count Data...
Removing temporary files...
Read Count done!
Normalizing Read Count Data...
Loading required package: lattice
Loading required package: survival
Loading required package: Formula
Loading required package: ggplot2

Attaching package: ‘Hmisc’

The following objects are masked from ‘package:base’:

    format.pval, units

null device 
          1 
null device 
          1 
null device 
          1 
null device 
          1 
null device 
          1 
Removing temporary files...
Read Count done!
Normalizing Read Count Data...
Loading required package: lattice
Loading required package: survival
Loading required package: Formula
Loading required package: ggplot2
Normalization done!
Creating '/scratch/mleukam/duke_wes/3662/RC' folder...
Creating '/scratch/mleukam/duke_wes/3662/RCNorm' folder...
Creating '/scratch/mleukam/duke_wes/3662/Images' folder...
Working on sample 3662.
Creating Read Count Data...

Attaching package: ‘Hmisc’

The following objects are masked from ‘package:base’:

    format.pval, units

Error in seq.default(2, length(tt) * 2, by = 2) : 
  wrong sign in 'by' argument
Calls: seq -> seq.default
Execution halted
Error in seq.default(2, length(tt) * 2, by = 2) : 
  wrong sign in 'by' argument
Calls: seq -> seq.default
Execution halted
Error in seq.default(2, length(tt) * 2, by = 2) : 
  wrong sign in 'by' argument
Calls: seq -> seq.default
Execution halted
Error in seq.default(2, length(tt) * 2, by = 2) : 
  wrong sign in 'by' argument
Calls: seq -> seq.default
Execution halted
null device 
          1 
Error in seq.default(2, length(tt) * 2, by = 2) : 
  wrong sign in 'by' argument
Calls: seq -> seq.default
Execution halted
null device 
          1 
null device 
          1 
null device 
          1 
null device 
          1 
Error in seq.default(2, length(tt) * 2, by = 2) : 
  wrong sign in 'by' argument
Calls: seq -> seq.default
Execution halted
Removing temporary files...
Read Count done!
Normalizing Read Count Data...
Error in gzfile(file) : invalid 'description' argument
Calls: loadRC -> load -> gzfile
Execution halted
Normalization done!
Creating '/scratch/mleukam/duke_wes/3718/RC' folder...
Creating '/scratch/mleukam/duke_wes/3718/RCNorm' folder...
Creating '/scratch/mleukam/duke_wes/3718/Images' folder...
Working on sample 3718.
Creating Read Count Data...
Normalization done!
Creating '/scratch/mleukam/duke_wes/3708/RC' folder...
Creating '/scratch/mleukam/duke_wes/3708/RCNorm' folder...
Creating '/scratch/mleukam/duke_wes/3708/Images' folder...
Working on sample 3708.
Creating Read Count Data...
Removing temporary files...
Read Count done!
Normalizing Read Count Data...
Loading required package: lattice
Loading required package: survival
Loading required package: Formula
Loading required package: ggplot2

Attaching package: ‘Hmisc’

The following objects are masked from ‘package:base’:

    format.pval, units

null device 
          1 
null device 
          1 
null device 
          1 
null device 
          1 
null device 
          1 
Normalization done!
Creating '/scratch/mleukam/duke_wes/3683/RC' folder...
Creating '/scratch/mleukam/duke_wes/3683/RCNorm' folder...
Creating '/scratch/mleukam/duke_wes/3683/Images' folder...
Working on sample 3683.
Creating Read Count Data...
Removing temporary files...
Read Count done!
Normalizing Read Count Data...
Loading required package: lattice
Loading required package: survival
Loading required package: Formula
Loading required package: ggplot2

Attaching package: ‘Hmisc’

The following objects are masked from ‘package:base’:

    format.pval, units

null device 
          1 
null device 
          1 
null device 
          1 
null device 
          1 
null device 
          1 
Normalization done!
Creating '/scratch/mleukam/duke_wes/3729/RC' folder...
Creating '/scratch/mleukam/duke_wes/3729/RCNorm' folder...
Creating '/scratch/mleukam/duke_wes/3729/Images' folder...
Working on sample 3729.
Creating Read Count Data...
Removing temporary files...
Read Count done!
Normalizing Read Count Data...
Loading required package: lattice
Loading required package: survival
Loading required package: Formula
Loading required package: ggplot2

Attaching package: ‘Hmisc’

The following objects are masked from ‘package:base’:

    format.pval, units

null device 
          1 
null device 
          1 
null device 
          1 
null device 
          1 
null device 
          1 
Removing temporary files...
Read Count done!
Normalizing Read Count Data...
Loading required package: lattice
Loading required package: survival
Normalization done!
Creating '/scratch/mleukam/duke_wes/3684/RC' folder...
Creating '/scratch/mleukam/duke_wes/3684/RCNorm' folder...
Creating '/scratch/mleukam/duke_wes/3684/Images' folder...
Working on sample 3684.
Creating Read Count Data...
Loading required package: Formula
Loading required package: ggplot2

Attaching package: ‘Hmisc’

The following objects are masked from ‘package:base’:

    format.pval, units

null device 
          1 
null device 
          1 
null device 
          1 
null device 
          1 
null device 
          1 
Removing temporary files...
Read Count done!
Normalizing Read Count Data...
Loading required package: lattice
Loading required package: survival
Loading required package: Formula
Loading required package: ggplot2
Normalization done!
Creating '/scratch/mleukam/duke_wes/3700/RC' folder...
Creating '/scratch/mleukam/duke_wes/3700/RCNorm' folder...
Creating '/scratch/mleukam/duke_wes/3700/Images' folder...
Working on sample 3700.
Creating Read Count Data...

Attaching package: ‘Hmisc’

The following objects are masked from ‘package:base’:

    format.pval, units

null device 
          1 
null device 
          1 
null device 
          1 
null device 
          1 
null device 
          1 
Normalization done!
Creating '/scratch/mleukam/duke_wes/3671/RC' folder...
Creating '/scratch/mleukam/duke_wes/3671/RCNorm' folder...
Creating '/scratch/mleukam/duke_wes/3671/Images' folder...
Working on sample 3671.
Creating Read Count Data...
Removing temporary files...
Read Count done!
Normalizing Read Count Data...
Loading required package: lattice
Loading required package: survival
Loading required package: Formula
Loading required package: ggplot2

Attaching package: ‘Hmisc’

The following objects are masked from ‘package:base’:

    format.pval, units

null device 
          1 
null device 
          1 
null device 
          1 
null device 
          1 
null device 
          1 
Normalization done!
Creating '/scratch/mleukam/duke_wes/3642/RC' folder...
Creating '/scratch/mleukam/duke_wes/3642/RCNorm' folder...
Creating '/scratch/mleukam/duke_wes/3642/Images' folder...
Working on sample 3642.
Creating Read Count Data...
Removing temporary files...
Read Count done!
Normalizing Read Count Data...
Loading required package: lattice
Loading required package: survival
Loading required package: Formula
Loading required package: ggplot2
Removing temporary files...
Read Count done!
Normalizing Read Count Data...

Attaching package: ‘Hmisc’

The following objects are masked from ‘package:base’:

    format.pval, units

Loading required package: lattice
Loading required package: survival
Loading required package: Formula
Loading required package: ggplot2

Attaching package: ‘Hmisc’

The following objects are masked from ‘package:base’:

    format.pval, units

Removing temporary files...
Read Count done!
Normalizing Read Count Data...
Loading required package: lattice
Loading required package: survival
Loading required package: Formula
Loading required package: ggplot2

Attaching package: ‘Hmisc’

The following objects are masked from ‘package:base’:

    format.pval, units

null device 
          1 
null device 
          1 
null device 
          1 
null device 
          1 
null device 
          1 
Normalization done!
Creating '/scratch/mleukam/duke_wes/3663/RC' folder...
Creating '/scratch/mleukam/duke_wes/3663/RCNorm' folder...
Creating '/scratch/mleukam/duke_wes/3663/Images' folder...
Working on sample 3663.
Creating Read Count Data...
null device 
          1 
null device 
          1 
null device 
          1 
null device 
          1 
null device 
          1 
Normalization done!
Creating '/scratch/mleukam/duke_wes/3746/RC' folder...
Creating '/scratch/mleukam/duke_wes/3746/RCNorm' folder...
Creating '/scratch/mleukam/duke_wes/3746/Images' folder...
Working on sample 3746.
Creating Read Count Data...
[W::bam_hdr_read] EOF marker is absent. The input is probably truncated
[W::hts_idx_load2] The index file is older than the data file: /scratch/mleukam/duke_wes/EGAR00001588693_3746.a.1kDLBCL.DLBCL.SL99996.exome_1tier.hg19.final.rmdup.mapq20.bam.bai
[main_samview] random alignment retrieval only works for indexed BAM or CRAM files.
Error in seq.default(2, length(tt) * 2, by = 2) : 
  wrong sign in 'by' argument
Calls: seq -> seq.default
Execution halted
[W::bam_hdr_read] EOF marker is absent. The input is probably truncated
[W::hts_idx_load2] The index file is older than the data file: /scratch/mleukam/duke_wes/EGAR00001588693_3746.a.1kDLBCL.DLBCL.SL99996.exome_1tier.hg19.final.rmdup.mapq20.bam.bai
[main_samview] random alignment retrieval only works for indexed BAM or CRAM files.
null device 
          1 
null device 
          1 
null device 
          1 
null device 
          1 
null device 
          1 
Error in seq.default(2, length(tt) * 2, by = 2) : 
  wrong sign in 'by' argument
Calls: seq -> seq.default
Execution halted
[W::bam_hdr_read] EOF marker is absent. The input is probably truncated
[W::hts_idx_load2] The index file is older than the data file: /scratch/mleukam/duke_wes/EGAR00001588693_3746.a.1kDLBCL.DLBCL.SL99996.exome_1tier.hg19.final.rmdup.mapq20.bam.bai
[main_samview] random alignment retrieval only works for indexed BAM or CRAM files.
Error in seq.default(2, length(tt) * 2, by = 2) : 
  wrong sign in 'by' argument
Calls: seq -> seq.default
Execution halted
[W::bam_hdr_read] EOF marker is absent. The input is probably truncated
[W::hts_idx_load2] The index file is older than the data file: /scratch/mleukam/duke_wes/EGAR00001588693_3746.a.1kDLBCL.DLBCL.SL99996.exome_1tier.hg19.final.rmdup.mapq20.bam.bai
[main_samview] random alignment retrieval only works for indexed BAM or CRAM files.
Normalization done!
Creating '/scratch/mleukam/duke_wes/3692/RC' folder...
Creating '/scratch/mleukam/duke_wes/3692/RCNorm' folder...
Creating '/scratch/mleukam/duke_wes/3692/Images' folder...
Working on sample 3692.
Creating Read Count Data...
Error in seq.default(2, length(tt) * 2, by = 2) : 
  wrong sign in 'by' argument
Calls: seq -> seq.default
Execution halted
[W::bam_hdr_read] EOF marker is absent. The input is probably truncated
[W::hts_idx_load2] The index file is older than the data file: /scratch/mleukam/duke_wes/EGAR00001588693_3746.a.1kDLBCL.DLBCL.SL99996.exome_1tier.hg19.final.rmdup.mapq20.bam.bai
[main_samview] random alignment retrieval only works for indexed BAM or CRAM files.
Error in seq.default(2, length(tt) * 2, by = 2) : 
  wrong sign in 'by' argument
Calls: seq -> seq.default
Execution halted
[W::bam_hdr_read] EOF marker is absent. The input is probably truncated
[W::hts_idx_load2] The index file is older than the data file: /scratch/mleukam/duke_wes/EGAR00001588693_3746.a.1kDLBCL.DLBCL.SL99996.exome_1tier.hg19.final.rmdup.mapq20.bam.bai
[main_samview] random alignment retrieval only works for indexed BAM or CRAM files.
Error in seq.default(2, length(tt) * 2, by = 2) : 
  wrong sign in 'by' argument
Calls: seq -> seq.default
Execution halted
[W::bam_hdr_read] EOF marker is absent. The input is probably truncated
[W::hts_idx_load2] The index file is older than the data file: /scratch/mleukam/duke_wes/EGAR00001588693_3746.a.1kDLBCL.DLBCL.SL99996.exome_1tier.hg19.final.rmdup.mapq20.bam.bai
[main_samview] random alignment retrieval only works for indexed BAM or CRAM files.
Error in seq.default(2, length(tt) * 2, by = 2) : 
  wrong sign in 'by' argument
Calls: seq -> seq.default
Execution halted
[W::bam_hdr_read] EOF marker is absent. The input is probably truncated
[W::hts_idx_load2] The index file is older than the data file: /scratch/mleukam/duke_wes/EGAR00001588693_3746.a.1kDLBCL.DLBCL.SL99996.exome_1tier.hg19.final.rmdup.mapq20.bam.bai
[main_samview] random alignment retrieval only works for indexed BAM or CRAM files.
Error in seq.default(2, length(tt) * 2, by = 2) : 
  wrong sign in 'by' argument
Calls: seq -> seq.default
Execution halted
[W::bam_hdr_read] EOF marker is absent. The input is probably truncated
[W::hts_idx_load2] The index file is older than the data file: /scratch/mleukam/duke_wes/EGAR00001588693_3746.a.1kDLBCL.DLBCL.SL99996.exome_1tier.hg19.final.rmdup.mapq20.bam.bai
[main_samview] random alignment retrieval only works for indexed BAM or CRAM files.
Error in seq.default(2, length(tt) * 2, by = 2) : 
  wrong sign in 'by' argument
Calls: seq -> seq.default
Execution halted
[W::bam_hdr_read] EOF marker is absent. The input is probably truncated
[W::hts_idx_load2] The index file is older than the data file: /scratch/mleukam/duke_wes/EGAR00001588693_3746.a.1kDLBCL.DLBCL.SL99996.exome_1tier.hg19.final.rmdup.mapq20.bam.bai
[main_samview] random alignment retrieval only works for indexed BAM or CRAM files.
Error in seq.default(2, length(tt) * 2, by = 2) : 
  wrong sign in 'by' argument
Calls: seq -> seq.default
Execution halted
[W::bam_hdr_read] EOF marker is absent. The input is probably truncated
[W::hts_idx_load2] The index file is older than the data file: /scratch/mleukam/duke_wes/EGAR00001588693_3746.a.1kDLBCL.DLBCL.SL99996.exome_1tier.hg19.final.rmdup.mapq20.bam.bai
[main_samview] random alignment retrieval only works for indexed BAM or CRAM files.
Error in seq.default(2, length(tt) * 2, by = 2) : 
  wrong sign in 'by' argument
Calls: seq -> seq.default
Execution halted
[W::bam_hdr_read] EOF marker is absent. The input is probably truncated
[W::hts_idx_load2] The index file is older than the data file: /scratch/mleukam/duke_wes/EGAR00001588693_3746.a.1kDLBCL.DLBCL.SL99996.exome_1tier.hg19.final.rmdup.mapq20.bam.bai
[main_samview] random alignment retrieval only works for indexed BAM or CRAM files.
Error in seq.default(2, length(tt) * 2, by = 2) : 
  wrong sign in 'by' argument
Calls: seq -> seq.default
Execution halted
[W::bam_hdr_read] EOF marker is absent. The input is probably truncated
[W::hts_idx_load2] The index file is older than the data file: /scratch/mleukam/duke_wes/EGAR00001588693_3746.a.1kDLBCL.DLBCL.SL99996.exome_1tier.hg19.final.rmdup.mapq20.bam.bai
[main_samview] random alignment retrieval only works for indexed BAM or CRAM files.
Error in seq.default(2, length(tt) * 2, by = 2) : 
  wrong sign in 'by' argument
Calls: seq -> seq.default
Execution halted
[W::bam_hdr_read] EOF marker is absent. The input is probably truncated
[W::hts_idx_load2] The index file is older than the data file: /scratch/mleukam/duke_wes/EGAR00001588693_3746.a.1kDLBCL.DLBCL.SL99996.exome_1tier.hg19.final.rmdup.mapq20.bam.bai
[main_samview] random alignment retrieval only works for indexed BAM or CRAM files.
Error in seq.default(2, length(tt) * 2, by = 2) : 
  wrong sign in 'by' argument
Calls: seq -> seq.default
Execution halted
[W::bam_hdr_read] EOF marker is absent. The input is probably truncated
[W::hts_idx_load2] The index file is older than the data file: /scratch/mleukam/duke_wes/EGAR00001588693_3746.a.1kDLBCL.DLBCL.SL99996.exome_1tier.hg19.final.rmdup.mapq20.bam.bai
[main_samview] random alignment retrieval only works for indexed BAM or CRAM files.
Error in seq.default(2, length(tt) * 2, by = 2) : 
  wrong sign in 'by' argument
Calls: seq -> seq.default
Execution halted
[W::bam_hdr_read] EOF marker is absent. The input is probably truncated
[W::hts_idx_load2] The index file is older than the data file: /scratch/mleukam/duke_wes/EGAR00001588693_3746.a.1kDLBCL.DLBCL.SL99996.exome_1tier.hg19.final.rmdup.mapq20.bam.bai
[main_samview] random alignment retrieval only works for indexed BAM or CRAM files.
Error in seq.default(2, length(tt) * 2, by = 2) : 
  wrong sign in 'by' argument
Calls: seq -> seq.default
Execution halted
[W::bam_hdr_read] EOF marker is absent. The input is probably truncated
[W::hts_idx_load2] The index file is older than the data file: /scratch/mleukam/duke_wes/EGAR00001588693_3746.a.1kDLBCL.DLBCL.SL99996.exome_1tier.hg19.final.rmdup.mapq20.bam.bai
[main_samview] random alignment retrieval only works for indexed BAM or CRAM files.
Error in seq.default(2, length(tt) * 2, by = 2) : 
  wrong sign in 'by' argument
Calls: seq -> seq.default
Execution halted
[W::bam_hdr_read] EOF marker is absent. The input is probably truncated
[W::hts_idx_load2] The index file is older than the data file: /scratch/mleukam/duke_wes/EGAR00001588693_3746.a.1kDLBCL.DLBCL.SL99996.exome_1tier.hg19.final.rmdup.mapq20.bam.bai
[main_samview] random alignment retrieval only works for indexed BAM or CRAM files.
Error in seq.default(2, length(tt) * 2, by = 2) : 
  wrong sign in 'by' argument
Calls: seq -> seq.default
Execution halted
[W::bam_hdr_read] EOF marker is absent. The input is probably truncated
[W::hts_idx_load2] The index file is older than the data file: /scratch/mleukam/duke_wes/EGAR00001588693_3746.a.1kDLBCL.DLBCL.SL99996.exome_1tier.hg19.final.rmdup.mapq20.bam.bai
[main_samview] random alignment retrieval only works for indexed BAM or CRAM files.
Error in seq.default(2, length(tt) * 2, by = 2) : 
  wrong sign in 'by' argument
Calls: seq -> seq.default
Execution halted
[W::bam_hdr_read] EOF marker is absent. The input is probably truncated
[W::hts_idx_load2] The index file is older than the data file: /scratch/mleukam/duke_wes/EGAR00001588693_3746.a.1kDLBCL.DLBCL.SL99996.exome_1tier.hg19.final.rmdup.mapq20.bam.bai
[main_samview] random alignment retrieval only works for indexed BAM or CRAM files.
Error in seq.default(2, length(tt) * 2, by = 2) : 
  wrong sign in 'by' argument
Calls: seq -> seq.default
Execution halted
[W::bam_hdr_read] EOF marker is absent. The input is probably truncated
[W::hts_idx_load2] The index file is older than the data file: /scratch/mleukam/duke_wes/EGAR00001588693_3746.a.1kDLBCL.DLBCL.SL99996.exome_1tier.hg19.final.rmdup.mapq20.bam.bai
[main_samview] random alignment retrieval only works for indexed BAM or CRAM files.
Error in seq.default(2, length(tt) * 2, by = 2) : 
  wrong sign in 'by' argument
Calls: seq -> seq.default
Execution halted
[W::bam_hdr_read] EOF marker is absent. The input is probably truncated
[W::hts_idx_load2] The index file is older than the data file: /scratch/mleukam/duke_wes/EGAR00001588693_3746.a.1kDLBCL.DLBCL.SL99996.exome_1tier.hg19.final.rmdup.mapq20.bam.bai
[main_samview] random alignment retrieval only works for indexed BAM or CRAM files.
Error in seq.default(2, length(tt) * 2, by = 2) : 
  wrong sign in 'by' argument
Calls: seq -> seq.default
Execution halted
[W::bam_hdr_read] EOF marker is absent. The input is probably truncated
[W::hts_idx_load2] The index file is older than the data file: /scratch/mleukam/duke_wes/EGAR00001588693_3746.a.1kDLBCL.DLBCL.SL99996.exome_1tier.hg19.final.rmdup.mapq20.bam.bai
[main_samview] random alignment retrieval only works for indexed BAM or CRAM files.
Error in seq.default(2, length(tt) * 2, by = 2) : 
  wrong sign in 'by' argument
Calls: seq -> seq.default
Execution halted
Removing temporary files...
Read Count done!
Normalizing Read Count Data...
Error in gzfile(file) : invalid 'description' argument
Calls: loadRC -> load -> gzfile
Execution halted
Normalization done!
Creating '/scratch/mleukam/duke_wes/3747/RC' folder...
Creating '/scratch/mleukam/duke_wes/3747/RCNorm' folder...
Creating '/scratch/mleukam/duke_wes/3747/Images' folder...
Working on sample 3747.
Creating Read Count Data...
Removing temporary files...
Read Count done!
Normalizing Read Count Data...
Removing temporary files...
Read Count done!
Normalizing Read Count Data...
Loading required package: lattice
Loading required package: survival
Loading required package: lattice
Loading required package: survival
Loading required package: Formula
Loading required package: ggplot2
Loading required package: Formula
Loading required package: ggplot2

Attaching package: ‘Hmisc’

The following objects are masked from ‘package:base’:

    format.pval, units


Attaching package: ‘Hmisc’

The following objects are masked from ‘package:base’:

    format.pval, units

Removing temporary files...
Read Count done!
Normalizing Read Count Data...
Loading required package: lattice
Loading required package: survival
null device 
          1 
null device 
          1 
null device 
          1 
Loading required package: Formula
Loading required package: ggplot2
null device 
          1 
null device 
          1 

Attaching package: ‘Hmisc’

The following objects are masked from ‘package:base’:

    format.pval, units

Normalization done!
Creating '/scratch/mleukam/duke_wes/3652/RC' folder...
Creating '/scratch/mleukam/duke_wes/3652/RCNorm' folder...
Creating '/scratch/mleukam/duke_wes/3652/Images' folder...
Working on sample 3652.
Creating Read Count Data...
null device 
          1 
null device 
          1 
null device 
          1 
null device 
          1 
null device 
          1 
Normalization done!
Creating '/scratch/mleukam/duke_wes/3709/RC' folder...
Creating '/scratch/mleukam/duke_wes/3709/RCNorm' folder...
Creating '/scratch/mleukam/duke_wes/3709/Images' folder...
Working on sample 3709.
Creating Read Count Data...
null device 
          1 
null device 
          1 
null device 
          1 
null device 
          1 
null device 
          1 
Normalization done!
Creating '/scratch/mleukam/duke_wes/3719/RC' folder...
Creating '/scratch/mleukam/duke_wes/3719/RCNorm' folder...
Creating '/scratch/mleukam/duke_wes/3719/Images' folder...
Working on sample 3719.
Creating Read Count Data...
Removing temporary files...
Read Count done!
Normalizing Read Count Data...
Loading required package: lattice
Loading required package: survival
Loading required package: Formula
Loading required package: ggplot2

Attaching package: ‘Hmisc’

The following objects are masked from ‘package:base’:

    format.pval, units

null device 
          1 
null device 
          1 
null device 
          1 
null device 
          1 
null device 
          1 
Normalization done!
Creating '/scratch/mleukam/duke_wes/3672/RC' folder...
Creating '/scratch/mleukam/duke_wes/3672/RCNorm' folder...
Creating '/scratch/mleukam/duke_wes/3672/Images' folder...
Working on sample 3672.
Creating Read Count Data...
Removing temporary files...
Read Count done!
Normalizing Read Count Data...
Loading required package: lattice
Loading required package: survival
Loading required package: Formula
Loading required package: ggplot2

Attaching package: ‘Hmisc’

The following objects are masked from ‘package:base’:

    format.pval, units

null device 
          1 
null device 
          1 
null device 
          1 
null device 
          1 
null device 
          1 
Normalization done!
Creating '/scratch/mleukam/duke_wes/3701/RC' folder...
Creating '/scratch/mleukam/duke_wes/3701/RCNorm' folder...
Creating '/scratch/mleukam/duke_wes/3701/Images' folder...
Working on sample 3701.
Creating Read Count Data...
Removing temporary files...
Read Count done!
Normalizing Read Count Data...
Loading required package: lattice
Loading required package: survival
Removing temporary files...
Read Count done!
Normalizing Read Count Data...
Loading required package: lattice
Loading required package: survival
Loading required package: Formula
Loading required package: ggplot2
Loading required package: Formula
Loading required package: ggplot2

Attaching package: ‘Hmisc’

The following objects are masked from ‘package:base’:

    format.pval, units


Attaching package: ‘Hmisc’

The following objects are masked from ‘package:base’:

    format.pval, units

Removing temporary files...
Read Count done!
Normalizing Read Count Data...
Loading required package: lattice
Loading required package: survival
Loading required package: Formula
Loading required package: ggplot2

Attaching package: ‘Hmisc’

The following objects are masked from ‘package:base’:

    format.pval, units

null device 
          1 
null device 
          1 
null device 
          1 
null device 
          1 
null device 
          1 
Normalization done!
Creating '/scratch/mleukam/duke_wes/3693/RC' folder...
Creating '/scratch/mleukam/duke_wes/3693/RCNorm' folder...
Creating '/scratch/mleukam/duke_wes/3693/Images' folder...
Working on sample 3693.
Creating Read Count Data...
null device 
          1 
null device 
          1 
null device 
          1 
null device 
          1 
null device 
          1 
Normalization done!
Creating '/scratch/mleukam/duke_wes/3643/RC' folder...
Creating '/scratch/mleukam/duke_wes/3643/RCNorm' folder...
Creating '/scratch/mleukam/duke_wes/3643/Images' folder...
Working on sample 3643.
Creating Read Count Data...
null device 
          1 
null device 
          1 
null device 
          1 
null device 
          1 
null device 
          1 
Normalization done!
Creating '/scratch/mleukam/duke_wes/3730/RC' folder...
Creating '/scratch/mleukam/duke_wes/3730/RCNorm' folder...
Creating '/scratch/mleukam/duke_wes/3730/Images' folder...
Working on sample 3730.
Creating Read Count Data...
Removing temporary files...
Read Count done!
Normalizing Read Count Data...
Loading required package: lattice
Loading required package: survival
Loading required package: Formula
Loading required package: ggplot2

Attaching package: ‘Hmisc’

The following objects are masked from ‘package:base’:

    format.pval, units

null device 
          1 
null device 
          1 
null device 
          1 
null device 
          1 
null device 
          1 
Normalization done!
Creating '/scratch/mleukam/duke_wes/3685/RC' folder...
Creating '/scratch/mleukam/duke_wes/3685/RCNorm' folder...
Creating '/scratch/mleukam/duke_wes/3685/Images' folder...
Working on sample 3685.
Creating Read Count Data...
Removing temporary files...
Read Count done!
Normalizing Read Count Data...
Loading required package: lattice
Loading required package: survival
Loading required package: Formula
Loading required package: ggplot2

Attaching package: ‘Hmisc’

The following objects are masked from ‘package:base’:

    format.pval, units

null device 
          1 
null device 
          1 
null device 
          1 
null device 
          1 
null device 
          1 
Normalization done!
Creating '/scratch/mleukam/duke_wes/3653/RC' folder...
Creating '/scratch/mleukam/duke_wes/3653/RCNorm' folder...
Creating '/scratch/mleukam/duke_wes/3653/Images' folder...
Working on sample 3653.
Creating Read Count Data...
Removing temporary files...
Read Count done!
Normalizing Read Count Data...
Loading required package: lattice
Loading required package: survival
Loading required package: Formula
Loading required package: ggplot2

Attaching package: ‘Hmisc’

The following objects are masked from ‘package:base’:

    format.pval, units

null device 
          1 
null device 
          1 
null device 
          1 
null device 
          1 
null device 
          1 
Normalization done!
Creating '/scratch/mleukam/duke_wes/3664/RC' folder...
Creating '/scratch/mleukam/duke_wes/3664/RCNorm' folder...
Creating '/scratch/mleukam/duke_wes/3664/Images' folder...
Working on sample 3664.
Creating Read Count Data...
Removing temporary files...
Read Count done!
Normalizing Read Count Data...
Loading required package: lattice
Loading required package: survival
Loading required package: Formula
Loading required package: ggplot2

Attaching package: ‘Hmisc’

The following objects are masked from ‘package:base’:

    format.pval, units

Removing temporary files...
Read Count done!
Normalizing Read Count Data...
Loading required package: lattice
Loading required package: survival
Loading required package: Formula
Loading required package: ggplot2

Attaching package: ‘Hmisc’

The following objects are masked from ‘package:base’:

    format.pval, units

null device 
          1 
null device 
          1 
null device 
          1 
null device 
          1 
null device 
          1 
null device 
          1 
null device 
          1 
null device 
          1 
null device 
          1 
null device 
          1 
Normalization done!
Creating '/scratch/mleukam/duke_wes/3748/RC' folder...
Creating '/scratch/mleukam/duke_wes/3748/RCNorm' folder...
Creating '/scratch/mleukam/duke_wes/3748/Images' folder...
Working on sample 3748.
Creating Read Count Data...
Normalization done!
Creating '/scratch/mleukam/duke_wes/3711/RC' folder...
Creating '/scratch/mleukam/duke_wes/3711/RCNorm' folder...
Creating '/scratch/mleukam/duke_wes/3711/Images' folder...
Working on sample 3711.
Creating Read Count Data...
Removing temporary files...
Read Count done!
Normalizing Read Count Data...
Loading required package: lattice
Loading required package: survival
Loading required package: Formula
Loading required package: ggplot2

Attaching package: ‘Hmisc’

The following objects are masked from ‘package:base’:

    format.pval, units

null device 
          1 
null device 
          1 
null device 
          1 
null device 
          1 
null device 
          1 
Normalization done!
Creating '/scratch/mleukam/duke_wes/3694/RC' folder...
Creating '/scratch/mleukam/duke_wes/3694/RCNorm' folder...
Creating '/scratch/mleukam/duke_wes/3694/Images' folder...
Working on sample 3694.
Creating Read Count Data...
Removing temporary files...
Read Count done!
Normalizing Read Count Data...
Loading required package: lattice
Loading required package: survival
Loading required package: Formula
Loading required package: ggplot2

Attaching package: ‘Hmisc’

The following objects are masked from ‘package:base’:

    format.pval, units

null device 
          1 
null device 
          1 
null device 
          1 
null device 
          1 
null device 
          1 
Normalization done!
Creating '/scratch/mleukam/duke_wes/3721/RC' folder...
Creating '/scratch/mleukam/duke_wes/3721/RCNorm' folder...
Creating '/scratch/mleukam/duke_wes/3721/Images' folder...
Working on sample 3721.
Creating Read Count Data...
Removing temporary files...
Read Count done!
Normalizing Read Count Data...
Loading required package: lattice
Loading required package: survival
Loading required package: Formula
Loading required package: ggplot2

Attaching package: ‘Hmisc’

The following objects are masked from ‘package:base’:

    format.pval, units

Removing temporary files...
Read Count done!
Normalizing Read Count Data...
Loading required package: lattice
Loading required package: survival
Loading required package: Formula
Loading required package: ggplot2

Attaching package: ‘Hmisc’

The following objects are masked from ‘package:base’:

    format.pval, units

null device 
          1 
null device 
          1 
null device 
          1 
null device 
          1 
null device 
          1 
null device 
          1 
null device 
          1 
null device 
          1 
null device 
          1 
null device 
          1 
Normalization done!
Creating '/scratch/mleukam/duke_wes/3673/RC' folder...
Creating '/scratch/mleukam/duke_wes/3673/RCNorm' folder...
Creating '/scratch/mleukam/duke_wes/3673/Images' folder...
Working on sample 3673.
Creating Read Count Data...
Normalization done!
Creating '/scratch/mleukam/duke_wes/3644/RC' folder...
Creating '/scratch/mleukam/duke_wes/3644/RCNorm' folder...
Creating '/scratch/mleukam/duke_wes/3644/Images' folder...
Working on sample 3644.
Creating Read Count Data...
Removing temporary files...
Read Count done!
Normalizing Read Count Data...
Loading required package: lattice
Loading required package: survival
Loading required package: Formula
Loading required package: ggplot2

Attaching package: ‘Hmisc’

The following objects are masked from ‘package:base’:

    format.pval, units

null device 
          1 
null device 
          1 
null device 
          1 
null device 
          1 
null device 
          1 
Normalization done!
Creating '/scratch/mleukam/duke_wes/3703/RC' folder...
Creating '/scratch/mleukam/duke_wes/3703/RCNorm' folder...
Creating '/scratch/mleukam/duke_wes/3703/Images' folder...
Working on sample 3703.
Creating Read Count Data...
Removing temporary files...
Read Count done!
Normalizing Read Count Data...
Loading required package: lattice
Loading required package: survival
Loading required package: Formula
Loading required package: ggplot2

Attaching package: ‘Hmisc’

The following objects are masked from ‘package:base’:

    format.pval, units

null device 
          1 
null device 
          1 
null device 
          1 
null device 
          1 
null device 
          1 
Normalization done!
Creating '/scratch/mleukam/duke_wes/3654/RC' folder...
Creating '/scratch/mleukam/duke_wes/3654/RCNorm' folder...
Creating '/scratch/mleukam/duke_wes/3654/Images' folder...
Working on sample 3654.
Creating Read Count Data...
Removing temporary files...
Read Count done!
Normalizing Read Count Data...
Loading required package: lattice
Loading required package: survival
Loading required package: Formula
Loading required package: ggplot2

Attaching package: ‘Hmisc’

The following objects are masked from ‘package:base’:

    format.pval, units

Removing temporary files...
Read Count done!
Normalizing Read Count Data...
Loading required package: lattice
Loading required package: survival
Loading required package: Formula
Loading required package: ggplot2

Attaching package: ‘Hmisc’

The following objects are masked from ‘package:base’:

    format.pval, units

null device 
          1 
null device 
          1 
null device 
          1 
null device 
          1 
null device 
          1 
Normalization done!
Creating '/scratch/mleukam/duke_wes/3731/RC' folder...
Creating '/scratch/mleukam/duke_wes/3731/RCNorm' folder...
Creating '/scratch/mleukam/duke_wes/3731/Images' folder...
Working on sample 3731.
Creating Read Count Data...
null device 
          1 
null device 
          1 
null device 
          1 
null device 
          1 
null device 
          1 
Normalization done!
Creating '/scratch/mleukam/duke_wes/3739/RC' folder...
Creating '/scratch/mleukam/duke_wes/3739/RCNorm' folder...
Creating '/scratch/mleukam/duke_wes/3739/Images' folder...
Working on sample 3739.
Creating Read Count Data...
Removing temporary files...
Read Count done!
Normalizing Read Count Data...
Loading required package: lattice
Loading required package: survival
Loading required package: Formula
Loading required package: ggplot2

Attaching package: ‘Hmisc’

The following objects are masked from ‘package:base’:

    format.pval, units

Removing temporary files...
Read Count done!
Normalizing Read Count Data...
Loading required package: lattice
Loading required package: survival
Loading required package: Formula
Loading required package: ggplot2

Attaching package: ‘Hmisc’

The following objects are masked from ‘package:base’:

    format.pval, units

null device 
          1 
null device 
          1 
null device 
          1 
null device 
          1 
null device 
          1 
Normalization done!
Creating '/scratch/mleukam/duke_wes/3749/RC' folder...
Creating '/scratch/mleukam/duke_wes/3749/RCNorm' folder...
Creating '/scratch/mleukam/duke_wes/3749/Images' folder...
Working on sample 3749.
Creating Read Count Data...
null device 
          1 
null device 
          1 
null device 
          1 
null device 
          1 
null device 
          1 
Normalization done!
Creating '/scratch/mleukam/duke_wes/3686/RC' folder...
Creating '/scratch/mleukam/duke_wes/3686/RCNorm' folder...
Creating '/scratch/mleukam/duke_wes/3686/Images' folder...
Working on sample 3686.
Creating Read Count Data...
Removing temporary files...
Read Count done!
Normalizing Read Count Data...
Loading required package: lattice
Loading required package: survival
Loading required package: Formula
Loading required package: ggplot2

Attaching package: ‘Hmisc’

The following objects are masked from ‘package:base’:

    format.pval, units

null device 
          1 
null device 
          1 
null device 
          1 
null device 
          1 
null device 
          1 
Normalization done!
Creating '/scratch/mleukam/duke_wes/3696/RC' folder...
Creating '/scratch/mleukam/duke_wes/3696/RCNorm' folder...
Creating '/scratch/mleukam/duke_wes/3696/Images' folder...
Working on sample 3696.
Creating Read Count Data...
Removing temporary files...
Read Count done!
Normalizing Read Count Data...
Loading required package: lattice
Loading required package: survival
Loading required package: Formula
Loading required package: ggplot2

Attaching package: ‘Hmisc’

The following objects are masked from ‘package:base’:

    format.pval, units

Removing temporary files...
Read Count done!
Normalizing Read Count Data...
Loading required package: lattice
Loading required package: survival
Loading required package: Formula
Loading required package: ggplot2

Attaching package: ‘Hmisc’

The following objects are masked from ‘package:base’:

    format.pval, units

null device 
          1 
null device 
          1 
null device 
          1 
null device 
          1 
null device 
          1 
Normalization done!
Creating '/scratch/mleukam/duke_wes/3665/RC' folder...
Creating '/scratch/mleukam/duke_wes/3665/RCNorm' folder...
Creating '/scratch/mleukam/duke_wes/3665/Images' folder...
Working on sample 3665.
Creating Read Count Data...
null device 
          1 
null device 
          1 
null device 
          1 
null device 
          1 
null device 
          1 
Normalization done!
Creating '/scratch/mleukam/duke_wes/3674/RC' folder...
Creating '/scratch/mleukam/duke_wes/3674/RCNorm' folder...
Creating '/scratch/mleukam/duke_wes/3674/Images' folder...
Working on sample 3674.
Creating Read Count Data...
Removing temporary files...
Read Count done!
Normalizing Read Count Data...
Loading required package: lattice
Loading required package: survival
Loading required package: Formula
Loading required package: ggplot2

Attaching package: ‘Hmisc’

The following objects are masked from ‘package:base’:

    format.pval, units

null device 
          1 
null device 
          1 
null device 
          1 
null device 
          1 
null device 
          1 
Normalization done!
Creating '/scratch/mleukam/duke_wes/3712/RC' folder...
Creating '/scratch/mleukam/duke_wes/3712/RCNorm' folder...
Creating '/scratch/mleukam/duke_wes/3712/Images' folder...
Working on sample 3712.
Creating Read Count Data...
Removing temporary files...
Read Count done!
Normalizing Read Count Data...
Loading required package: lattice
Loading required package: survival
Loading required package: Formula
Loading required package: ggplot2

Attaching package: ‘Hmisc’

The following objects are masked from ‘package:base’:

    format.pval, units

null device 
          1 
null device 
          1 
null device 
          1 
null device 
          1 
null device 
          1 
Removing temporary files...
Read Count done!
Normalizing Read Count Data...
Loading required package: lattice
Loading required package: survival
Loading required package: Formula
Loading required package: ggplot2
Normalization done!
Creating '/scratch/mleukam/duke_wes/3722/RC' folder...
Creating '/scratch/mleukam/duke_wes/3722/RCNorm' folder...
Creating '/scratch/mleukam/duke_wes/3722/Images' folder...
Working on sample 3722.
Creating Read Count Data...

Attaching package: ‘Hmisc’

The following objects are masked from ‘package:base’:

    format.pval, units

null device 
          1 
null device 
          1 
null device 
          1 
null device 
          1 
null device 
          1 
Normalization done!
Creating '/scratch/mleukam/duke_wes/3645/RC' folder...
Creating '/scratch/mleukam/duke_wes/3645/RCNorm' folder...
Creating '/scratch/mleukam/duke_wes/3645/Images' folder...
Working on sample 3645.
Creating Read Count Data...
Removing temporary files...
Read Count done!
Normalizing Read Count Data...
Loading required package: lattice
Loading required package: survival
Loading required package: Formula
Loading required package: ggplot2

Attaching package: ‘Hmisc’

The following objects are masked from ‘package:base’:

    format.pval, units

null device 
          1 
null device 
          1 
null device 
          1 
null device 
          1 
null device 
          1 
Removing temporary files...
Read Count done!
Normalizing Read Count Data...
Loading required package: lattice
Loading required package: survival
Loading required package: Formula
Loading required package: ggplot2
Normalization done!
Creating '/scratch/mleukam/duke_wes/3704/RC' folder...
Creating '/scratch/mleukam/duke_wes/3704/RCNorm' folder...
Creating '/scratch/mleukam/duke_wes/3704/Images' folder...
Working on sample 3704.
Creating Read Count Data...

Attaching package: ‘Hmisc’

The following objects are masked from ‘package:base’:

    format.pval, units

null device 
          1 
null device 
          1 
null device 
          1 
null device 
          1 
null device 
          1 
Normalization done!
Creating '/scratch/mleukam/duke_wes/3655/RC' folder...
Creating '/scratch/mleukam/duke_wes/3655/RCNorm' folder...
Creating '/scratch/mleukam/duke_wes/3655/Images' folder...
Working on sample 3655.
Creating Read Count Data...
Removing temporary files...
Read Count done!
Normalizing Read Count Data...
Loading required package: lattice
Loading required package: survival
Loading required package: Formula
Loading required package: ggplot2

Attaching package: ‘Hmisc’

The following objects are masked from ‘package:base’:

    format.pval, units

null device 
          1 
null device 
          1 
null device 
          1 
null device 
          1 
null device 
          1 
Normalization done!
Creating '/scratch/mleukam/duke_wes/3750/RC' folder...
Creating '/scratch/mleukam/duke_wes/3750/RCNorm' folder...
Creating '/scratch/mleukam/duke_wes/3750/Images' folder...
Working on sample 3750.
Creating Read Count Data...
Removing temporary files...
Read Count done!
Normalizing Read Count Data...
Loading required package: lattice
Loading required package: survival
Loading required package: Formula
Loading required package: ggplot2

Attaching package: ‘Hmisc’

The following objects are masked from ‘package:base’:

    format.pval, units

null device 
          1 
null device 
          1 
null device 
          1 
null device 
          1 
null device 
          1 
Normalization done!
Creating '/scratch/mleukam/duke_wes/3740/RC' folder...
Creating '/scratch/mleukam/duke_wes/3740/RCNorm' folder...
Creating '/scratch/mleukam/duke_wes/3740/Images' folder...
Working on sample 3740.
Creating Read Count Data...
Removing temporary files...
Read Count done!
Normalizing Read Count Data...
Loading required package: lattice
Loading required package: survival
Loading required package: Formula
Loading required package: ggplot2

Attaching package: ‘Hmisc’

The following objects are masked from ‘package:base’:

    format.pval, units

null device 
          1 
null device 
          1 
null device 
          1 
null device 
          1 
null device 
          1 
Normalization done!
Creating '/scratch/mleukam/duke_wes/3732/RC' folder...
Creating '/scratch/mleukam/duke_wes/3732/RCNorm' folder...
Creating '/scratch/mleukam/duke_wes/3732/Images' folder...
Working on sample 3732.
Creating Read Count Data...
Removing temporary files...
Read Count done!
Normalizing Read Count Data...
Loading required package: lattice
Loading required package: survival
Loading required package: Formula
Loading required package: ggplot2

Attaching package: ‘Hmisc’

The following objects are masked from ‘package:base’:

    format.pval, units

null device 
          1 
null device 
          1 
null device 
          1 
null device 
          1 
null device 
          1 
Normalization done!
Creating '/scratch/mleukam/duke_wes/3675/RC' folder...
Creating '/scratch/mleukam/duke_wes/3675/RCNorm' folder...
Creating '/scratch/mleukam/duke_wes/3675/Images' folder...
Working on sample 3675.
Creating Read Count Data...
Removing temporary files...
Read Count done!
Normalizing Read Count Data...
Loading required package: lattice
Loading required package: survival
Loading required package: Formula
Loading required package: ggplot2

Attaching package: ‘Hmisc’

The following objects are masked from ‘package:base’:

    format.pval, units

null device 
          1 
null device 
          1 
null device 
          1 
null device 
          1 
null device 
          1 
Normalization done!
Performed RC calculations and Normalization on samples: 
3679 3680 3681 3682 3683 3684 3685 3686Removing temporary files...
Read Count done!
Normalizing Read Count Data...
Loading required package: lattice
Loading required package: survival
Loading required package: Formula
Loading required package: ggplot2

Attaching package: ‘Hmisc’

The following objects are masked from ‘package:base’:

    format.pval, units

Removing temporary files...
Read Count done!
Normalizing Read Count Data...
Loading required package: lattice
Loading required package: survival
Loading required package: Formula
Loading required package: ggplot2

Attaching package: ‘Hmisc’

The following objects are masked from ‘package:base’:

    format.pval, units

Removing temporary files...
Read Count done!
Normalizing Read Count Data...
Loading required package: lattice
Loading required package: survival
Loading required package: Formula
Loading required package: ggplot2

Attaching package: ‘Hmisc’

The following objects are masked from ‘package:base’:

    format.pval, units

Removing temporary files...
Read Count done!
Normalizing Read Count Data...
Loading required package: lattice
Loading required package: survival
Loading required package: Formula
Loading required package: ggplot2

Attaching package: ‘Hmisc’

The following objects are masked from ‘package:base’:

    format.pval, units

null device 
          1 
null device 
          1 
null device 
          1 
null device 
          1 
null device 
          1 
null device 
          1 
null device 
          1 
null device 
          1 
null device 
          1 
null device 
          1 
Normalization done!
Creating '/scratch/mleukam/duke_wes/3713/RC' folder...
Creating '/scratch/mleukam/duke_wes/3713/RCNorm' folder...
Creating '/scratch/mleukam/duke_wes/3713/Images' folder...
Working on sample 3713.
Creating Read Count Data...
Normalization done!
Creating '/scratch/mleukam/duke_wes/3705/RC' folder...
Creating '/scratch/mleukam/duke_wes/3705/RCNorm' folder...
Creating '/scratch/mleukam/duke_wes/3705/Images' folder...
Working on sample 3705.
Creating Read Count Data...
null device 
          1 
null device 
          1 
null device 
          1 
null device 
          1 
null device 
          1 
null device 
          1 
Normalization done!
Creating '/scratch/mleukam/duke_wes/3666/RC' folder...
Creating '/scratch/mleukam/duke_wes/3666/RCNorm' folder...
Creating '/scratch/mleukam/duke_wes/3666/Images' folder...
Working on sample 3666.
Creating Read Count Data...
null device 
          1 
null device 
          1 
null device 
          1 
null device 
          1 
Normalization done!
Performed RC calculations and Normalization on samples: 
3687 3688 3689 3691 3692 3693 3694 3696Removing temporary files...
Read Count done!
Normalizing Read Count Data...
Loading required package: lattice
Loading required package: survival
Loading required package: Formula
Loading required package: ggplot2

Attaching package: ‘Hmisc’

The following objects are masked from ‘package:base’:

    format.pval, units

null device 
          1 
null device 
          1 
null device 
          1 
null device 
          1 
null device 
          1 
Normalization done!
Creating '/scratch/mleukam/duke_wes/3656/RC' folder...
Creating '/scratch/mleukam/duke_wes/3656/RCNorm' folder...
Creating '/scratch/mleukam/duke_wes/3656/Images' folder...
Working on sample 3656.
Creating Read Count Data...
Removing temporary files...
Read Count done!
Normalizing Read Count Data...
Loading required package: lattice
Loading required package: survival
Loading required package: Formula
Loading required package: ggplot2

Attaching package: ‘Hmisc’

The following objects are masked from ‘package:base’:

    format.pval, units

Removing temporary files...
Read Count done!
Normalizing Read Count Data...
Loading required package: lattice
Loading required package: survival
Loading required package: Formula
Loading required package: ggplot2

Attaching package: ‘Hmisc’

The following objects are masked from ‘package:base’:

    format.pval, units

Removing temporary files...
Read Count done!
Normalizing Read Count Data...
Loading required package: lattice
Loading required package: survival
Loading required package: Formula
Loading required package: ggplot2

Attaching package: ‘Hmisc’

The following objects are masked from ‘package:base’:

    format.pval, units

null device 
          1 
null device 
          1 
null device 
          1 
null device 
          1 
null device 
          1 
null device 
          1 
null device 
          1 
null device 
          1 
null device 
          1 
null device 
          1 
Normalization done!
Creating '/scratch/mleukam/duke_wes/3677/RC' folder...
Creating '/scratch/mleukam/duke_wes/3677/RCNorm' folder...
Creating '/scratch/mleukam/duke_wes/3677/Images' folder...
Working on sample 3677.
Creating Read Count Data...
Normalization done!
Creating '/scratch/mleukam/duke_wes/3646/RC' folder...
Creating '/scratch/mleukam/duke_wes/3646/RCNorm' folder...
Creating '/scratch/mleukam/duke_wes/3646/Images' folder...
Working on sample 3646.
Creating Read Count Data...
null device 
          1 
null device 
          1 
null device 
          1 
null device 
          1 
null device 
          1 
Normalization done!
Creating '/scratch/mleukam/duke_wes/3724/RC' folder...
Creating '/scratch/mleukam/duke_wes/3724/RCNorm' folder...
Creating '/scratch/mleukam/duke_wes/3724/Images' folder...
Working on sample 3724.
Creating Read Count Data...
Removing temporary files...
Read Count done!
Normalizing Read Count Data...
Loading required package: lattice
Loading required package: survival
Loading required package: Formula
Loading required package: ggplot2

Attaching package: ‘Hmisc’

The following objects are masked from ‘package:base’:

    format.pval, units

Removing temporary files...
Read Count done!
Normalizing Read Count Data...
Loading required package: lattice
Loading required package: survival
Loading required package: Formula
Loading required package: ggplot2

Attaching package: ‘Hmisc’

The following objects are masked from ‘package:base’:

    format.pval, units

null device 
          1 
null device 
          1 
null device 
          1 
null device 
          1 
null device 
          1 
Normalization done!
Creating '/scratch/mleukam/duke_wes/3741/RC' folder...
Creating '/scratch/mleukam/duke_wes/3741/RCNorm' folder...
Creating '/scratch/mleukam/duke_wes/3741/Images' folder...
Working on sample 3741.
Creating Read Count Data...
null device 
          1 
null device 
          1 
null device 
          1 
null device 
          1 
null device 
          1 
Normalization done!
Performed RC calculations and Normalization on samples: 
3743 3744 3745 3746 3747 3748 3749 3750Removing temporary files...
Read Count done!
Normalizing Read Count Data...
Loading required package: lattice
Loading required package: survival
Loading required package: Formula
Loading required package: ggplot2

Attaching package: ‘Hmisc’

The following objects are masked from ‘package:base’:

    format.pval, units

null device 
          1 
null device 
          1 
null device 
          1 
null device 
          1 
null device 
          1 
Normalization done!
Creating '/scratch/mleukam/duke_wes/3733/RC' folder...
Creating '/scratch/mleukam/duke_wes/3733/RCNorm' folder...
Creating '/scratch/mleukam/duke_wes/3733/Images' folder...
Working on sample 3733.
Creating Read Count Data...
Removing temporary files...
Read Count done!
Normalizing Read Count Data...
Loading required package: lattice
Loading required package: survival
Loading required package: Formula
Loading required package: ggplot2

Attaching package: ‘Hmisc’

The following objects are masked from ‘package:base’:

    format.pval, units

null device 
          1 
null device 
          1 
null device 
          1 
null device 
          1 
null device 
          1 
Normalization done!
Performed RC calculations and Normalization on samples: 
3657 3659 3660 3661 3662 3663 3664 3665 3666Removing temporary files...
Read Count done!
Normalizing Read Count Data...
Loading required package: lattice
Loading required package: survival
Loading required package: Formula
Loading required package: ggplot2

Attaching package: ‘Hmisc’

The following objects are masked from ‘package:base’:

    format.pval, units

Removing temporary files...
Read Count done!
Normalizing Read Count Data...
Loading required package: lattice
Loading required package: survival
Loading required package: Formula
Loading required package: ggplot2
null device 
          1 

Attaching package: ‘Hmisc’

The following objects are masked from ‘package:base’:

    format.pval, units

null device 
          1 
null device 
          1 
null device 
          1 
null device 
          1 
Normalization done!
Performed RC calculations and Normalization on samples: 
3647 3648 3649 3651 3652 3653 3654 3655 3656Removing temporary files...
Read Count done!
Normalizing Read Count Data...
Loading required package: lattice
Loading required package: survival
Loading required package: Formula
Loading required package: ggplot2

Attaching package: ‘Hmisc’

The following objects are masked from ‘package:base’:

    format.pval, units

null device 
          1 
null device 
          1 
null device 
          1 
null device 
          1 
null device 
          1 
Normalization done!
Creating '/scratch/mleukam/duke_wes/3715/RC' folder...
Creating '/scratch/mleukam/duke_wes/3715/RCNorm' folder...
Creating '/scratch/mleukam/duke_wes/3715/Images' folder...
Working on sample 3715.
Creating Read Count Data...
null device 
          1 
null device 
          1 
null device 
          1 
null device 
          1 
null device 
          1 
Normalization done!
Performed RC calculations and Normalization on samples: 
3697 3698 3699 3700 3701 3703 3704 3705Removing temporary files...
Read Count done!
Normalizing Read Count Data...
Loading required package: lattice
Loading required package: survival
Loading required package: Formula
Loading required package: ggplot2

Attaching package: ‘Hmisc’

The following objects are masked from ‘package:base’:

    format.pval, units

null device 
          1 
null device 
          1 
null device 
          1 
null device 
          1 
null device 
          1 
Normalization done!
Creating '/scratch/mleukam/duke_wes/3725/RC' folder...
Creating '/scratch/mleukam/duke_wes/3725/RCNorm' folder...
Creating '/scratch/mleukam/duke_wes/3725/Images' folder...
Working on sample 3725.
Creating Read Count Data...
Removing temporary files...
Read Count done!
Normalizing Read Count Data...
Loading required package: lattice
Loading required package: survival
Loading required package: Formula
Loading required package: ggplot2

Attaching package: ‘Hmisc’

The following objects are masked from ‘package:base’:

    format.pval, units

null device 
          1 
null device 
          1 
null device 
          1 
null device 
          1 
null device 
          1 
Normalization done!
Performed RC calculations and Normalization on samples: 
3667 3668 3669 3671 3672 3673 3674 3675 3677Removing temporary files...
Read Count done!
Normalizing Read Count Data...
Loading required package: lattice
Loading required package: survival
Loading required package: Formula
Loading required package: ggplot2

Attaching package: ‘Hmisc’

The following objects are masked from ‘package:base’:

    format.pval, units

null device 
          1 
null device 
          1 
null device 
          1 
null device 
          1 
null device 
          1 
Normalization done!
Performed RC calculations and Normalization on samples: 
3637 3638 3639 3640 3642 3643 3644 3645 3646Removing temporary files...
Read Count done!
Normalizing Read Count Data...
Loading required package: lattice
Loading required package: survival
Loading required package: Formula
Loading required package: ggplot2

Attaching package: ‘Hmisc’

The following objects are masked from ‘package:base’:

    format.pval, units

null device 
          1 
null device 
          1 
null device 
          1 
null device 
          1 
null device 
          1 
Normalization done!
Performed RC calculations and Normalization on samples: 
3726 3727 3728 3729 3730 3731 3732 3733Removing temporary files...
Read Count done!
Normalizing Read Count Data...
Loading required package: lattice
Loading required package: survival
Loading required package: Formula
Loading required package: ggplot2

Attaching package: ‘Hmisc’

The following objects are masked from ‘package:base’:

    format.pval, units

null device 
          1 
null device 
          1 
null device 
          1 
null device 
          1 
null device 
          1 
Normalization done!
Performed RC calculations and Normalization on samples: 
3706 3707 3708 3709 3711 3712 3713 3715Removing temporary files...
Read Count done!
Normalizing Read Count Data...
Loading required package: lattice
Loading required package: survival
Loading required package: Formula
Loading required package: ggplot2

Attaching package: ‘Hmisc’

The following objects are masked from ‘package:base’:

    format.pval, units

null device 
          1 
null device 
          1 
null device 
          1 
null device 
          1 
null device 
          1 
Normalization done!
Creating '/scratch/mleukam/duke_wes/3742/RC' folder...
Creating '/scratch/mleukam/duke_wes/3742/RCNorm' folder...
Creating '/scratch/mleukam/duke_wes/3742/Images' folder...
Working on sample 3742.
Creating Read Count Data...
Removing temporary files...
Read Count done!
Normalizing Read Count Data...
Loading required package: lattice
Loading required package: survival
Loading required package: Formula
Loading required package: ggplot2

Attaching package: ‘Hmisc’

The following objects are masked from ‘package:base’:

    format.pval, units

null device 
          1 
null device 
          1 
null device 
          1 
null device 
          1 
null device 
          1 
Normalization done!
Performed RC calculations and Normalization on samples: 
3716 3717 3718 3719 3721 3722 3724 3725Removing temporary files...
Read Count done!
Normalizing Read Count Data...
Loading required package: lattice
Loading required package: survival
Loading required package: Formula
Loading required package: ggplot2

Attaching package: ‘Hmisc’

The following objects are masked from ‘package:base’:

    format.pval, units

null device 
          1 
null device 
          1 
null device 
          1 
null device 
          1 
null device 
          1 
Normalization done!
Performed RC calculations and Normalization on samples: 
3734 3735 3736 3737 3739 3740 3741 3742Multiprocessor Analysis Complete!


------------ Job WrapUp ------------

Job ID:            11532251.cri16sc001
User ID:           mleukam
Job Name:          excavator_dataprep_/gpfs/data/kline-lab/inputs/ExperimentalFilePrepare.w50000.8.txt
Queue Name:        standard
Working Directory: /home/mleukam/pbs
Resource List:     walltime=08:00:00,nodes=1:ppn=12,mem=8gb,neednodes=1:ppn=12
Resources Used:    cput=23:47:01,vmem=10592760kb,walltime=02:09:06,mem=1472100kb,energy_used=0
Exit Code:         0
Mother Superior:   cri16cn066

Execution Nodes: 
cri16cn066 cri16cn066 cri16cn066 cri16cn066 cri16cn066 cri16cn066 cri16cn066 cri16cn066 cri16cn066 cri16cn066 cri16cn066 cri16cn066


