./kallisto.sh: line 23: 3: unbound variable
16sc001.SC: line 16: ./kallisto.sh: Permission denied
dex] number of targets: 176,981
[index] number of k-mers: 100,753,348
[index] number of equivalence classes: 671,976
[quant] running in paired-end mode
[quant] will process pair 1: EGAR00001594753_2236.a.1kDLBCL.DLBCL.SL130648.RNA_seq.hg19.captured_kapa_v6plus3utr.tophat_1.fq
                             EGAR00001594753_2236.a.1kDLBCL.DLBCL.SL130648.RNA_seq.hg19.captured_kapa_v6plus3utr.tophat_2.fq
[quant] finding pseudoalignments for the reads ... done
[quant] processed 10,679,312 reads, 9,779,189 reads pseudoaligned
[quant] estimated average fragment length: 184.706
[   em] quantifying the abundances ... done
[   em] the Expectation-Maximization algorithm ran for 1,448 rounds



------------ Job WrapUp ------------

Job ID:            11430295.cri16sc001
User ID:           mleukam
Job Name:          kallisto_2236.a.1kDLBCL.DLBCL.SL130648.RNA
Queue Name:        standard
Working Directory: /home/mleukam/pbs
Resource List:     walltime=06:00:00,nodes=1:ppn=8,mem=8gb,neednodes=1:ppn=8
Resources Used:    cput=00:01:47,vmem=4308788kb,walltime=00:01:00,mem=3680272kb,energy_used=0
Exit Code:         0
Mother Superior:   cri16cn080

Execution Nodes: 
cri16cn080 cri16cn080 cri16cn080 cri16cn080 cri16cn080 cri16cn080 cri16cn080 cri16cn080




------------ Job WrapUp ------------

Job ID:            11503779.cri16sc001
User ID:           mleukam
Job Name:          kallisto_2236.a.1kDLBCL.DLBCL.SL130648.RNA
Queue Name:        standard
Working Directory: /home/mleukam/pbs
Resource List:     walltime=06:00:00,nodes=1:ppn=8,mem=8gb,neednodes=1:ppn=8
Resources Used:    cput=00:00:00,vmem=0kb,walltime=00:00:00,mem=0kb,energy_used=0
Exit Code:         0
Mother Superior:   cri16cn085

Execution Nodes: 
cri16cn085 cri16cn085 cri16cn085 cri16cn085 cri16cn085 cri16cn085 cri16cn085 cri16cn085




------------ Job WrapUp ------------

Job ID:            11504553.cri16sc001
User ID:           mleukam
Job Name:          kallisto_2236.a.1kDLBCL.DLBCL.SL130648.RNA
Queue Name:        standard
Working Directory: /home/mleukam/pbs
Resource List:     walltime=06:00:00,nodes=1:ppn=8,mem=8gb,neednodes=1:ppn=8
Resources Used:    cput=00:00:00,vmem=0kb,walltime=00:00:00,mem=0kb,energy_used=0
Exit Code:         0
Mother Superior:   cri16cn072

Execution Nodes: 
cri16cn072 cri16cn072 cri16cn072 cri16cn072 cri16cn072 cri16cn072 cri16cn072 cri16cn072




------------ Job WrapUp ------------

Job ID:            11505327.cri16sc001
User ID:           mleukam
Job Name:          kallisto_2236.a.1kDLBCL.DLBCL.SL130648.RNA
Queue Name:        standard
Working Directory: /home/mleukam/pbs
Resource List:     walltime=06:00:00,nodes=1:ppn=8,mem=8gb,neednodes=1:ppn=8
Resources Used:    cput=00:00:00,vmem=0kb,walltime=00:00:01,mem=0kb,energy_used=0
Exit Code:         0
Mother Superior:   cri16cn021

Execution Nodes: 
cri16cn021 cri16cn021 cri16cn021 cri16cn021 cri16cn021 cri16cn021 cri16cn021 cri16cn021


