./kallisto.sh: line 23: 3: unbound variable
16sc001.SC: line 16: ./kallisto.sh: Permission denied
dex] number of targets: 176,981
[index] number of k-mers: 100,753,348
[index] number of equivalence classes: 671,976
[quant] running in paired-end mode
[quant] will process pair 1: EGAR00001594754_2237.a.1kDLBCL.DLBCL.SL131244.RNA_seq.hg19.captured_kapa_v6plus3utr.tophat_1.fq
                             EGAR00001594754_2237.a.1kDLBCL.DLBCL.SL131244.RNA_seq.hg19.captured_kapa_v6plus3utr.tophat_2.fq
[quant] finding pseudoalignments for the reads ... done
[quant] processed 3,662,093 reads, 3,401,241 reads pseudoaligned
[quant] estimated average fragment length: 143.668
[   em] quantifying the abundances ... done
[   em] the Expectation-Maximization algorithm ran for 1,082 rounds



------------ Job WrapUp ------------

Job ID:            11430296.cri16sc001
User ID:           mleukam
Job Name:          kallisto_2237.a.1kDLBCL.DLBCL.SL131244.RNA
Queue Name:        standard
Working Directory: /home/mleukam/pbs
Resource List:     walltime=06:00:00,nodes=1:ppn=8,mem=8gb,neednodes=1:ppn=8
Resources Used:    cput=00:00:50,vmem=4307836kb,walltime=00:00:39,mem=3670224kb,energy_used=0
Exit Code:         0
Mother Superior:   cri16cn077

Execution Nodes: 
cri16cn077 cri16cn077 cri16cn077 cri16cn077 cri16cn077 cri16cn077 cri16cn077 cri16cn077




------------ Job WrapUp ------------

Job ID:            11503780.cri16sc001
User ID:           mleukam
Job Name:          kallisto_2237.a.1kDLBCL.DLBCL.SL131244.RNA
Queue Name:        standard
Working Directory: /home/mleukam/pbs
Resource List:     walltime=06:00:00,nodes=1:ppn=8,mem=8gb,neednodes=1:ppn=8
Resources Used:    cput=00:00:00,vmem=0kb,walltime=00:00:00,mem=0kb,energy_used=0
Exit Code:         0
Mother Superior:   cri16cn083

Execution Nodes: 
cri16cn083 cri16cn083 cri16cn083 cri16cn083 cri16cn083 cri16cn083 cri16cn083 cri16cn083




------------ Job WrapUp ------------

Job ID:            11504554.cri16sc001
User ID:           mleukam
Job Name:          kallisto_2237.a.1kDLBCL.DLBCL.SL131244.RNA
Queue Name:        standard
Working Directory: /home/mleukam/pbs
Resource List:     walltime=06:00:00,nodes=1:ppn=8,mem=8gb,neednodes=1:ppn=8
Resources Used:    cput=00:00:00,vmem=0kb,walltime=00:00:00,mem=0kb,energy_used=0
Exit Code:         0
Mother Superior:   cri16cn025

Execution Nodes: 
cri16cn025 cri16cn025 cri16cn025 cri16cn025 cri16cn025 cri16cn025 cri16cn025 cri16cn025




------------ Job WrapUp ------------

Job ID:            11505328.cri16sc001
User ID:           mleukam
Job Name:          kallisto_2237.a.1kDLBCL.DLBCL.SL131244.RNA
Queue Name:        standard
Working Directory: /home/mleukam/pbs
Resource List:     walltime=06:00:00,nodes=1:ppn=8,mem=8gb,neednodes=1:ppn=8
Resources Used:    cput=00:00:00,vmem=0kb,walltime=00:00:01,mem=0kb,energy_used=0
Exit Code:         0
Mother Superior:   cri16cn033

Execution Nodes: 
cri16cn033 cri16cn033 cri16cn033 cri16cn033 cri16cn033 cri16cn033 cri16cn033 cri16cn033


