

------------ Job WrapUp ------------

Job ID:            8133126.cri16sc001
User ID:           mleukam
Job Name:          bam_ubam
Queue Name:        standard
Working Directory: /home/mleukam/pbs
Resource List:     walltime=12:00:00,nodes=1:ppn=1,mem=8gb,neednodes=1:ppn=1
Resources Used:    cput=00:00:00,vmem=0kb,walltime=00:00:01,mem=0kb,energy_used=0
Exit Code:         0
Mother Superior:   cri16cn088

Execution Nodes: 
cri16cn088




------------ Job WrapUp ------------

Job ID:            8133131.cri16sc001
User ID:           mleukam
Job Name:          bam_ubam
Queue Name:        standard
Working Directory: /home/mleukam/pbs
Resource List:     walltime=12:00:00,nodes=1:ppn=1,mem=8gb,neednodes=1:ppn=1
Resources Used:    cput=00:00:01,vmem=0kb,walltime=00:00:02,mem=0kb,energy_used=0
Exit Code:         0
Mother Superior:   cri16cn088

Execution Nodes: 
cri16cn088


