Tool returned:
65520
apUp ------------

Job ID:            8134916.cri16sc001
User ID:           mleukam
Job Name:          bqsr
Queue Name:        mid
Working Directory: /home/mleukam/pbs
Resource List:     walltime=06:00:00,nodes=1:ppn=1,mem=16gb,neednodes=1:ppn=1
Resources Used:    cput=00:00:00,vmem=21592kb,walltime=00:00:03,mem=368kb,energy_used=0
Exit Code:         0
Mother Superior:   cri16cn225

Execution Nodes: 
cri16cn225




------------ Job WrapUp ------------

Job ID:            8134918.cri16sc001
User ID:           mleukam
Job Name:          bqsr
Queue Name:        mid
Working Directory: /home/mleukam/pbs
Resource List:     walltime=06:00:00,nodes=1:ppn=1,mem=16gb,neednodes=1:ppn=1
Resources Used:    cput=00:01:03,vmem=21528332kb,walltime=00:01:13,mem=3118892kb,energy_used=0
Exit Code:         0
Mother Superior:   cri16cn224

Execution Nodes: 
cri16cn224


