

------------ Job WrapUp ------------

Job ID:            9827281.cri16sc001
User ID:           mleukam
Job Name:          fix_bam
Queue Name:        standard
Working Directory: /home/mleukam/pbs
Resource List:     walltime=08:00:00,nodes=1:ppn=1,mem=8gb,neednodes=1:ppn=1
Resources Used:    cput=00:00:01,vmem=0kb,walltime=00:00:02,mem=0kb,energy_used=0
Exit Code:         0
Mother Superior:   cri16cn007

Execution Nodes: 
cri16cn007




------------ Job WrapUp ------------

Job ID:            9829995.cri16sc001
User ID:           mleukam
Job Name:          fix_bam
Queue Name:        standard
Working Directory: /home/mleukam/pbs
Resource List:     walltime=08:00:00,nodes=1:ppn=1,mem=8gb,neednodes=1:ppn=1
Resources Used:    cput=00:00:01,vmem=0kb,walltime=00:00:03,mem=0kb,energy_used=0
Exit Code:         0
Mother Superior:   cri16cn088

Execution Nodes: 
cri16cn088




------------ Job WrapUp ------------

Job ID:            9830510.cri16sc001
User ID:           mleukam
Job Name:          fix_bam
Queue Name:        standard
Working Directory: /home/mleukam/pbs
Resource List:     walltime=08:00:00,nodes=1:ppn=1,mem=8gb,neednodes=1:ppn=1
Resources Used:    cput=00:00:01,vmem=0kb,walltime=00:00:04,mem=0kb,energy_used=0
Exit Code:         0
Mother Superior:   cri16cn084

Execution Nodes: 
cri16cn084




------------ Job WrapUp ------------

Job ID:            9830519.cri16sc001
User ID:           mleukam
Job Name:          fix_bam
Queue Name:        standard
Working Directory: /home/mleukam/pbs
Resource List:     walltime=08:00:00,nodes=1:ppn=1,mem=8gb,neednodes=1:ppn=1
Resources Used:    cput=00:00:02,vmem=0kb,walltime=00:00:04,mem=0kb,energy_used=0
Exit Code:         0
Mother Superior:   cri16cn086

Execution Nodes: 
cri16cn086


