

------------ Job WrapUp ------------

Job ID:            8091088.cri16sc001
User ID:           mleukam
Job Name:          fix_bam
Queue Name:        standard
Working Directory: /home/mleukam/pbs
Resource List:     walltime=08:00:00,nodes=1:ppn=1,mem=8gb,neednodes=1:ppn=1
Resources Used:    cput=00:00:00,vmem=0kb,walltime=00:00:00,mem=0kb,energy_used=0
Exit Code:         0
Mother Superior:   cri16cn032

Execution Nodes: 
cri16cn032




------------ Job WrapUp ------------

Job ID:            8091100.cri16sc001
User ID:           mleukam
Job Name:          fix_bam
Queue Name:        standard
Working Directory: /home/mleukam/pbs
Resource List:     walltime=08:00:00,nodes=1:ppn=1,mem=8gb,neednodes=1:ppn=1
Resources Used:    cput=01:09:28,vmem=12788432kb,walltime=01:09:36,mem=2910404kb,energy_used=0
Exit Code:         0
Mother Superior:   cri16cn035

Execution Nodes: 
cri16cn035


