

------------ Job WrapUp ------------

Job ID:            8654193.cri16sc001
User ID:           mleukam
Job Name:          make_hash_lists
Queue Name:        standard
Working Directory: /home/mleukam/pbs
Resource List:     walltime=04:00:00,nodes=1:ppn=1,mem=8gb,neednodes=1:ppn=1
Resources Used:    cput=00:00:00,vmem=0kb,walltime=00:00:00,mem=0kb,energy_used=0
Exit Code:         0
Mother Superior:   cri16cn057

Execution Nodes: 
cri16cn057




------------ Job WrapUp ------------

Job ID:            8654195.cri16sc001
User ID:           mleukam
Job Name:          make_hash_lists
Queue Name:        standard
Working Directory: /home/mleukam/pbs
Resource List:     walltime=04:00:00,nodes=1:ppn=1,mem=8gb,neednodes=1:ppn=1
Resources Used:    cput=00:00:00,vmem=0kb,walltime=00:00:00,mem=0kb,energy_used=0
Exit Code:         0
Mother Superior:   cri16cn019

Execution Nodes: 
cri16cn019




------------ Job WrapUp ------------

Job ID:            8654197.cri16sc001
User ID:           mleukam
Job Name:          make_hash_lists
Queue Name:        standard
Working Directory: /home/mleukam/pbs
Resource List:     walltime=04:00:00,nodes=1:ppn=1,mem=8gb,neednodes=1:ppn=1
Resources Used:    cput=02:07:38,vmem=77864kb,walltime=02:09:36,mem=5540kb,energy_used=0
Exit Code:         0
Mother Superior:   cri16cn029

Execution Nodes: 
cri16cn029




------------ Job WrapUp ------------

Job ID:            8692732.cri16sc001
User ID:           mleukam
Job Name:          make_hash_lists
Queue Name:        standard
Working Directory: /home/mleukam/pbs
Resource List:     walltime=04:00:00,nodes=1:ppn=1,mem=8gb,neednodes=1:ppn=1
Resources Used:    cput=04:06:31,vmem=77868kb,walltime=04:10:09,mem=6824kb,energy_used=0
Exit Code:         271
Mother Superior:   cri16cn023

Execution Nodes: 
cri16cn023


