-- Attaching packages --------------------------------------- tidyverse 1.2.1 --
v ggplot2 3.1.0     v purrr   0.3.0
v tibble  2.0.1     v dplyr   0.7.8
v tidyr   0.8.2     v stringr 1.3.1
v readr   1.3.1     v forcats 0.3.0
-- Conflicts ------------------------------------------ tidyverse_conflicts() --
x dplyr::filter() masks stats::filter()
x dplyr::lag()    masks stats::lag()
Loading required package: edgeR
Error in gzfile(file, mode) : cannot open the connection
Calls: saveRDS -> gzfile
In addition: Warning message:
In gzfile(file, mode) :
  cannot open compressed file '/gpfs/data/kline-lab/tcga_macs/output/nci_limma_voom_elist_1.rds', probable reason 'No such file or directory'
Execution halted
Pipeline failed !!
            15488997.cri16sc001
User ID:           mleukam
Job Name:          limma_voom
Queue Name:        mid
Working Directory: /home/mleukam/pbs
Resource List:     walltime=12:00:00,nodes=1:ppn=1,mem=48gb,neednodes=1:ppn=1
Resources Used:    cput=00:00:02,vmem=0kb,walltime=00:00:07,mem=0kb,energy_used=0
Exit Code:         1
Mother Superior:   cri16cn213

Execution Nodes: 
cri16cn213




------------ Job WrapUp ------------

Job ID:            15488998.cri16sc001
User ID:           mleukam
Job Name:          limma_voom
Queue Name:        mid
Working Directory: /home/mleukam/pbs
Resource List:     walltime=12:00:00,nodes=1:ppn=1,mem=48gb,neednodes=1:ppn=1
Resources Used:    cput=12:09:37,vmem=2062716kb,walltime=12:10:20,mem=1831144kb,energy_used=0
Exit Code:         271
Mother Superior:   cri16cn227

Execution Nodes: 
cri16cn227




------------ Job WrapUp ------------

Job ID:            15524196.cri16sc001
User ID:           mleukam
Job Name:          limma_voom
Queue Name:        mid
Working Directory: /home/mleukam/pbs
Resource List:     walltime=48:00:00,nodes=1:ppn=1,mem=48gb,neednodes=1:ppn=1
Resources Used:    cput=01:02:07,vmem=1279952kb,walltime=01:02:16,mem=1048488kb,energy_used=0
Exit Code:         271
Mother Superior:   cri16cn215

Execution Nodes: 
cri16cn215




------------ Job WrapUp ------------

Job ID:            15532804.cri16sc001
User ID:           mleukam
Job Name:          limma_voom
Queue Name:        mid
Working Directory: /home/mleukam/pbs
Resource List:     walltime=48:00:00,nodes=1:ppn=1,mem=48gb,neednodes=1:ppn=1
Resources Used:    cput=20:01:56,vmem=2062716kb,walltime=20:03:17,mem=1831140kb,energy_used=0
Exit Code:         0
Mother Superior:   cri16cn224

Execution Nodes: 
cri16cn224




------------ Job WrapUp ------------

Job ID:            23432142.cri16sc001
User ID:           mleukam
Job Name:          limma_voom
Queue Name:        mid
Working Directory: /home/mleukam/pbs
Resource List:     walltime=48:00:00,nodes=1:ppn=1,mem=48gb,neednodes=1:ppn=1
Resources Used:    cput=01:21:51,vmem=987672kb,walltime=01:22:01,mem=756024kb,energy_used=0
Exit Code:         1
Mother Superior:   cri16cn218

Execution Nodes: 
cri16cn218


