-- Attaching packages --------------------------------------- tidyverse 1.2.1 --
v ggplot2 3.1.0     v purrr   0.3.0
v tibble  2.0.1     v dplyr   0.7.8
v tidyr   0.8.2     v stringr 1.3.1
v readr   1.3.1     v forcats 0.3.0
-- Conflicts ------------------------------------------ tidyverse_conflicts() --
x dplyr::filter() masks stats::filter()
x dplyr::lag()    masks stats::lag()
Loading required package: edgeR


------------ Job WrapUp ------------

Job ID:            23432934.cri16sc001
User ID:           mleukam
Job Name:          limma_voom
Queue Name:        mid
Working Directory: /gpfs/data/kline-lab/results
Resource List:     walltime=48:00:00,nodes=1:ppn=1,mem=48gb,neednodes=1:ppn=1
Resources Used:    cput=01:22:06,vmem=991256kb,walltime=01:22:14,mem=759528kb,energy_used=0
Exit Code:         0
Mother Superior:   cri16cn223

Execution Nodes: 
cri16cn223


