-- Attaching packages --------------------------------------- tidyverse 1.2.1 --
v ggplot2 3.1.0     v purrr   0.3.0
v tibble  2.0.1     v dplyr   0.7.8
v tidyr   0.8.2     v stringr 1.3.1
v readr   1.3.1     v forcats 0.3.0
-- Conflicts ------------------------------------------ tidyverse_conflicts() --
x dplyr::filter() masks stats::filter()
x dplyr::lag()    masks stats::lag()
Loading required package: edgeR
nnot open the connection
Calls: readRDS -> gzfile
In addition: Warning message:
In gzfile(file, "rb") :
  cannot open compressed file '/gpfs/data/kline-lab/inputs/dgelist_for_limma.rds', probable reason 'No such file or directory'
Execution halted
Pipeline failed !!


------------ Job WrapUp ------------

Job ID:            15488997.cri16sc001
User ID:           mleukam
Job Name:          limma_voom
Queue Name:        mid
Working Directory: /home/mleukam/pbs
Resource List:     walltime=12:00:00,nodes=1:ppn=1,mem=48gb,neednodes=1:ppn=1
Resources Used:    cput=00:00:02,vmem=0kb,walltime=00:00:07,mem=0kb,energy_used=0
Exit Code:         1
Mother Superior:   cri16cn213

Execution Nodes: 
cri16cn213




------------ Job WrapUp ------------

Job ID:            15488998.cri16sc001
User ID:           mleukam
Job Name:          limma_voom
Queue Name:        mid
Working Directory: /home/mleukam/pbs
Resource List:     walltime=12:00:00,nodes=1:ppn=1,mem=48gb,neednodes=1:ppn=1
Resources Used:    cput=12:09:37,vmem=2062716kb,walltime=12:10:20,mem=1831144kb,energy_used=0
Exit Code:         271
Mother Superior:   cri16cn227

Execution Nodes: 
cri16cn227


