Loading required package: BiocGenerics
Loading required package: parallel

Attaching package: 'BiocGenerics'

The following objects are masked from 'package:parallel':

    clusterApply, clusterApplyLB, clusterCall, clusterEvalQ,
    clusterExport, clusterMap, parApply, parCapply, parLapply,
    parLapplyLB, parRapply, parSapply, parSapplyLB

The following objects are masked from 'package:stats':

    IQR, mad, sd, var, xtabs

The following objects are masked from 'package:base':

    Filter, Find, Map, Position, Reduce, anyDuplicated, append,
    as.data.frame, basename, cbind, colMeans, colSums, colnames,
    dirname, do.call, duplicated, eval, evalq, get, grep, grepl,
    intersect, is.unsorted, lapply, lengths, mapply, match, mget,
    order, paste, pmax, pmax.int, pmin, pmin.int, rank, rbind,
    rowMeans, rowSums, rownames, sapply, setdiff, sort, table, tapply,
    union, unique, unsplit, which, which.max, which.min

Loading required package: S4Vectors
Loading required package: stats4

Attaching package: 'S4Vectors'

The following object is masked from 'package:base':

    expand.grid

Loading required package: IRanges
Loading required package: GenomeInfoDb
Loading required package: GenomicRanges
Loading required package: AnnotationDbi
Loading required package: Biobase
Welcome to Bioconductor

    Vignettes contain introductory material; view with
    'browseVignettes()'. To cite Bioconductor, see
    'citation("Biobase")', and for packages 'citation("pkgname")'.

Import genomic features from the file as a GRanges object ... OK
Prepare the 'metadata' data frame ... OK
Make the TxDb object ... OK
Warning message:
In .get_cds_IDX(type, phase) :
  The "phase" metadata column contains non-NA values for features of type
  stop_codon. This information was ignored.
TxDb object:
# Db type: TxDb
# Supporting package: GenomicFeatures
# Data source: GENCODE
# Organism: Homo sapiens
# Taxonomy ID: 9606
# miRBase build ID: NA
# Genome: NA
# transcript_nrow: 206761
# exon_nrow: 703028
# cds_nrow: 274152
# Db created by: GenomicFeatures package from Bioconductor
# Creation time: 2018-12-13 22:49:43 -0600 (Thu, 13 Dec 2018)
# GenomicFeatures version at creation time: 1.32.2
# RSQLite version at creation time: 2.1.1
# DBSCHEMAVERSION: 1.2


------------ Job WrapUp ------------

Job ID:            11526336.cri16sc001
User ID:           mleukam
Job Name:          make_txdb
Queue Name:        standard
Working Directory: /home/mleukam/pbs
Resource List:     walltime=12:00:00,nodes=1:ppn=1,mem=8gb,neednodes=1:ppn=1
Resources Used:    cput=00:02:53,vmem=3732088kb,walltime=00:02:57,mem=3392448kb,energy_used=0
Exit Code:         0
Mother Superior:   cri16cn034

Execution Nodes: 
cri16cn034




------------ Job WrapUp ------------

Job ID:            11526338.cri16sc001
User ID:           mleukam
Job Name:          make_txdb
Queue Name:        standard
Working Directory: /home/mleukam/pbs
Resource List:     walltime=04:00:00,nodes=1:ppn=1,mem=8gb,neednodes=1:ppn=1
Resources Used:    cput=00:02:47,vmem=3422184kb,walltime=00:02:51,mem=3074596kb,energy_used=0
Exit Code:         0
Mother Superior:   cri16cn087

Execution Nodes: 
cri16cn087


