index for EGAR00001588337_2872.a.1kDLBCL.DLBCL.SL84310_SL90502.exome_1tier.hg19.final.bam complete
finding positions of the duplicate reads in the file...
  sorted 17264972 end pairs
     and 369923 single ends (among them 0 unmatched pairs)
  collecting indices of duplicate reads...   done in 34980 ms
  found 4034223 duplicates
collected list of positions in 12 min 55 sec
removing duplicates...
total time elapsed: 54 min 38 sec
low quality reads removed from EGAR00001588337_2872.a.1kDLBCL.DLBCL.SL84310_SL90502.exome_1tier.hg19.final.bam
duplicates removed from EGAR00001588337_2872.a.1kDLBCL.DLBCL.SL84310_SL90502.exome_1tier.hg19.final.bam
script complete for EGAR00001588337_2872.a.1kDLBCL.DLBCL.SL84310_SL90502.exome_1tier.hg19.final.bam


------------ Job WrapUp ------------

Job ID:            11325249.cri16sc001
User ID:           mleukam
Job Name:          sambamba_EGAR00001588337_2872.a.1kDLBCL.DLBCL.SL84310_SL90502.exome_1tier.hg19.final.bam
Queue Name:        express
Working Directory: /home/mleukam/pbs
Resource List:     walltime=03:00:00,nodes=1:ppn=1,mem=4gb,neednodes=1:ppn=1
Resources Used:    cput=00:56:49,vmem=4188452kb,walltime=00:57:07,mem=2011832kb,energy_used=0
Exit Code:         0
Mother Superior:   cri16cn018

Execution Nodes: 
cri16cn018


