index for EGAR00001588894_3998.a.1kDLBCL.DLBCL.SL98972.exome_1tier.hg19.final.bam complete
finding positions of the duplicate reads in the file...
  sorted 11887830 end pairs
     and 241574 single ends (among them 0 unmatched pairs)
  collecting indices of duplicate reads...   done in 18134 ms
  found 5557082 duplicates
collected list of positions in 8 min 12 sec
removing duplicates...
total time elapsed: 33 min 36 sec
low quality reads removed from EGAR00001588894_3998.a.1kDLBCL.DLBCL.SL98972.exome_1tier.hg19.final.bam
duplicates removed from EGAR00001588894_3998.a.1kDLBCL.DLBCL.SL98972.exome_1tier.hg19.final.bam
script complete for EGAR00001588894_3998.a.1kDLBCL.DLBCL.SL98972.exome_1tier.hg19.final.bam


------------ Job WrapUp ------------

Job ID:            11325815.cri16sc001
User ID:           mleukam
Job Name:          sambamba_EGAR00001588894_3998.a.1kDLBCL.DLBCL.SL98972.exome_1tier.hg19.final.bam
Queue Name:        express
Working Directory: /home/mleukam/pbs
Resource List:     walltime=03:00:00,nodes=1:ppn=1,mem=4gb,neednodes=1:ppn=1
Resources Used:    cput=00:35:16,vmem=4061712kb,walltime=00:35:21,mem=1698072kb,energy_used=0
Exit Code:         0
Mother Superior:   cri16cn005

Execution Nodes: 
cri16cn005


