index for EGAR00001588690_3743.a.1kDLBCL.DLBCL.SL104095.exome_1tier.hg19.final.bam complete
finding positions of the duplicate reads in the file...
  sorted 27579608 end pairs
     and 551278 single ends (among them 0 unmatched pairs)
  collecting indices of duplicate reads...   done in 57950 ms
  found 39853492 duplicates
collected list of positions in 19 min 2 sec
removing duplicates...
total time elapsed: 45 min 58 sec
low quality reads removed from EGAR00001588690_3743.a.1kDLBCL.DLBCL.SL104095.exome_1tier.hg19.final.bam
duplicates removed from EGAR00001588690_3743.a.1kDLBCL.DLBCL.SL104095.exome_1tier.hg19.final.bam
script complete for EGAR00001588690_3743.a.1kDLBCL.DLBCL.SL104095.exome_1tier.hg19.final.bam


------------ Job WrapUp ------------

Job ID:            11325608.cri16sc001
User ID:           mleukam
Job Name:          sambamba_EGAR00001588690_3743.a.1kDLBCL.DLBCL.SL104095.exome_1tier.hg19.final.bam
Queue Name:        express
Working Directory: /home/mleukam/pbs
Resource List:     walltime=03:00:00,nodes=1:ppn=1,mem=4gb,neednodes=1:ppn=1
Resources Used:    cput=00:49:04,vmem=4339192kb,walltime=00:49:14,mem=2233520kb,energy_used=0
Exit Code:         0
Mother Superior:   cri16cn029

Execution Nodes: 
cri16cn029


