index for EGAR00001587922_2043.a.1kDLBCL.DLBCL.SL84761_SL85436.exome_1tier.hg19.final.bam complete
finding positions of the duplicate reads in the file...
  sorted 16403399 end pairs
     and 348991 single ends (among them 0 unmatched pairs)
  collecting indices of duplicate reads...   done in 24665 ms
  found 4031413 duplicates
collected list of positions in 15 min 43 sec
removing duplicates...
total time elapsed: 72 min 38 sec
low quality reads removed from EGAR00001587922_2043.a.1kDLBCL.DLBCL.SL84761_SL85436.exome_1tier.hg19.final.bam
duplicates removed from EGAR00001587922_2043.a.1kDLBCL.DLBCL.SL84761_SL85436.exome_1tier.hg19.final.bam
script complete for EGAR00001587922_2043.a.1kDLBCL.DLBCL.SL84761_SL85436.exome_1tier.hg19.final.bam


------------ Job WrapUp ------------

Job ID:            11324827.cri16sc001
User ID:           mleukam
Job Name:          sambamba_EGAR00001587922_2043.a.1kDLBCL.DLBCL.SL84761_SL85436.exome_1tier.hg19.final.bam
Queue Name:        express
Working Directory: /home/mleukam/pbs
Resource List:     walltime=03:00:00,nodes=1:ppn=1,mem=4gb,neednodes=1:ppn=1
Resources Used:    cput=01:15:39,vmem=4499920kb,walltime=01:15:45,mem=1948744kb,energy_used=0
Exit Code:         0
Mother Superior:   cri16cn006

Execution Nodes: 
cri16cn006


