index for EGAR00001588166_2573.a.1kDLBCL.DLBCL.SL104220.exome_1tier.hg19.final.bam complete
finding positions of the duplicate reads in the file...
  sorted 15322357 end pairs
     and 387296 single ends (among them 0 unmatched pairs)
  collecting indices of duplicate reads...   done in 23473 ms
  found 8969233 duplicates
collected list of positions in 10 min 37 sec
removing duplicates...
total time elapsed: 43 min 6 sec
low quality reads removed from EGAR00001588166_2573.a.1kDLBCL.DLBCL.SL104220.exome_1tier.hg19.final.bam
duplicates removed from EGAR00001588166_2573.a.1kDLBCL.DLBCL.SL104220.exome_1tier.hg19.final.bam
script complete for EGAR00001588166_2573.a.1kDLBCL.DLBCL.SL104220.exome_1tier.hg19.final.bam


------------ Job WrapUp ------------

Job ID:            11325075.cri16sc001
User ID:           mleukam
Job Name:          sambamba_EGAR00001588166_2573.a.1kDLBCL.DLBCL.SL104220.exome_1tier.hg19.final.bam
Queue Name:        express
Working Directory: /home/mleukam/pbs
Resource List:     walltime=03:00:00,nodes=1:ppn=1,mem=4gb,neednodes=1:ppn=1
Resources Used:    cput=00:45:13,vmem=4178764kb,walltime=00:45:19,mem=1926216kb,energy_used=0
Exit Code:         0
Mother Superior:   cri16cn048

Execution Nodes: 
cri16cn048


