index for EGAR00001588141_2540.a.1kDLBCL.DLBCL.SL78818.exome_1tier.hg19.final.bam complete
finding positions of the duplicate reads in the file...
  sorted 12789564 end pairs
     and 214280 single ends (among them 0 unmatched pairs)
  collecting indices of duplicate reads...   done in 19075 ms
  found 1732782 duplicates
collected list of positions in 9 min 38 sec
removing duplicates...
total time elapsed: 42 min 48 sec
low quality reads removed from EGAR00001588141_2540.a.1kDLBCL.DLBCL.SL78818.exome_1tier.hg19.final.bam
duplicates removed from EGAR00001588141_2540.a.1kDLBCL.DLBCL.SL78818.exome_1tier.hg19.final.bam
script complete for EGAR00001588141_2540.a.1kDLBCL.DLBCL.SL78818.exome_1tier.hg19.final.bam


------------ Job WrapUp ------------

Job ID:            11325049.cri16sc001
User ID:           mleukam
Job Name:          sambamba_EGAR00001588141_2540.a.1kDLBCL.DLBCL.SL78818.exome_1tier.hg19.final.bam
Queue Name:        express
Working Directory: /home/mleukam/pbs
Resource List:     walltime=03:00:00,nodes=1:ppn=1,mem=4gb,neednodes=1:ppn=1
Resources Used:    cput=00:44:48,vmem=4077116kb,walltime=00:44:55,mem=1704076kb,energy_used=0
Exit Code:         0
Mother Superior:   cri16cn025

Execution Nodes: 
cri16cn025


