index for EGAR00001588484_3484.a.1kDLBCL.DLBCL.SL100087.exome_1tier.hg19.final.bam complete
finding positions of the duplicate reads in the file...
  sorted 11916874 end pairs
     and 196456 single ends (among them 0 unmatched pairs)
  collecting indices of duplicate reads...   done in 18121 ms
  found 4395195 duplicates
collected list of positions in 8 min 2 sec
removing duplicates...
total time elapsed: 32 min 12 sec
low quality reads removed from EGAR00001588484_3484.a.1kDLBCL.DLBCL.SL100087.exome_1tier.hg19.final.bam
duplicates removed from EGAR00001588484_3484.a.1kDLBCL.DLBCL.SL100087.exome_1tier.hg19.final.bam
script complete for EGAR00001588484_3484.a.1kDLBCL.DLBCL.SL100087.exome_1tier.hg19.final.bam


------------ Job WrapUp ------------

Job ID:            11325398.cri16sc001
User ID:           mleukam
Job Name:          sambamba_EGAR00001588484_3484.a.1kDLBCL.DLBCL.SL100087.exome_1tier.hg19.final.bam
Queue Name:        express
Working Directory: /home/mleukam/pbs
Resource List:     walltime=03:00:00,nodes=1:ppn=1,mem=4gb,neednodes=1:ppn=1
Resources Used:    cput=00:34:08,vmem=4232676kb,walltime=00:34:13,mem=1722232kb,energy_used=0
Exit Code:         0
Mother Superior:   cri16cn065

Execution Nodes: 
cri16cn065


