index for EGAR00001587902_695.a.1kDLBCL_FFPEvsFrozen.DLBCL.SL105405.exome_1tier.hg19.final.bam complete
finding positions of the duplicate reads in the file...
  sorted 12773114 end pairs
     and 217781 single ends (among them 0 unmatched pairs)
  collecting indices of duplicate reads...   done in 18878 ms
  found 4170936 duplicates
collected list of positions in 8 min 22 sec
removing duplicates...
total time elapsed: 37 min 16 sec
low quality reads removed from EGAR00001587902_695.a.1kDLBCL_FFPEvsFrozen.DLBCL.SL105405.exome_1tier.hg19.final.bam
duplicates removed from EGAR00001587902_695.a.1kDLBCL_FFPEvsFrozen.DLBCL.SL105405.exome_1tier.hg19.final.bam
script complete for EGAR00001587902_695.a.1kDLBCL_FFPEvsFrozen.DLBCL.SL105405.exome_1tier.hg19.final.bam


------------ Job WrapUp ------------

Job ID:            11324807.cri16sc001
User ID:           mleukam
Job Name:          sambamba_EGAR00001587902_695.a.1kDLBCL_FFPEvsFrozen.DLBCL.SL105405.exome_1tier.hg19.final.bam
Queue Name:        express
Working Directory: /home/mleukam/pbs
Resource List:     walltime=03:00:00,nodes=1:ppn=1,mem=4gb,neednodes=1:ppn=1
Resources Used:    cput=00:39:02,vmem=4210244kb,walltime=00:39:06,mem=1794096kb,energy_used=0
Exit Code:         0
Mother Superior:   cri16cn021

Execution Nodes: 
cri16cn021


