index for EGAR00001588183_2602.a.1kDLBCL.DLBCL.SL78917.exome_1tier.hg19.final.bam complete
finding positions of the duplicate reads in the file...
  sorted 13197316 end pairs
     and 260970 single ends (among them 0 unmatched pairs)
  collecting indices of duplicate reads...   done in 19035 ms
  found 2771160 duplicates
collected list of positions in 9 min 59 sec
removing duplicates...
total time elapsed: 41 min 53 sec
low quality reads removed from EGAR00001588183_2602.a.1kDLBCL.DLBCL.SL78917.exome_1tier.hg19.final.bam
duplicates removed from EGAR00001588183_2602.a.1kDLBCL.DLBCL.SL78917.exome_1tier.hg19.final.bam
script complete for EGAR00001588183_2602.a.1kDLBCL.DLBCL.SL78917.exome_1tier.hg19.final.bam


------------ Job WrapUp ------------

Job ID:            11325092.cri16sc001
User ID:           mleukam
Job Name:          sambamba_EGAR00001588183_2602.a.1kDLBCL.DLBCL.SL78917.exome_1tier.hg19.final.bam
Queue Name:        express
Working Directory: /home/mleukam/pbs
Resource List:     walltime=03:00:00,nodes=1:ppn=1,mem=4gb,neednodes=1:ppn=1
Resources Used:    cput=00:43:52,vmem=4287416kb,walltime=00:43:58,mem=1901784kb,energy_used=0
Exit Code:         0
Mother Superior:   cri16cn027

Execution Nodes: 
cri16cn027


