index for EGAR00001588639_3684.a.1kDLBCL.DLBCL.SL95957.exome_1tier.hg19.final.bam complete
finding positions of the duplicate reads in the file...
  sorted 17464404 end pairs
     and 316566 single ends (among them 0 unmatched pairs)
  collecting indices of duplicate reads...   done in 31686 ms
  found 6370143 duplicates
collected list of positions in 12 min 2 sec
removing duplicates...
total time elapsed: 47 min 20 sec
low quality reads removed from EGAR00001588639_3684.a.1kDLBCL.DLBCL.SL95957.exome_1tier.hg19.final.bam
duplicates removed from EGAR00001588639_3684.a.1kDLBCL.DLBCL.SL95957.exome_1tier.hg19.final.bam
script complete for EGAR00001588639_3684.a.1kDLBCL.DLBCL.SL95957.exome_1tier.hg19.final.bam


------------ Job WrapUp ------------

Job ID:            11325556.cri16sc001
User ID:           mleukam
Job Name:          sambamba_EGAR00001588639_3684.a.1kDLBCL.DLBCL.SL95957.exome_1tier.hg19.final.bam
Queue Name:        express
Working Directory: /home/mleukam/pbs
Resource List:     walltime=03:00:00,nodes=1:ppn=1,mem=4gb,neednodes=1:ppn=1
Resources Used:    cput=00:49:34,vmem=4203568kb,walltime=00:49:38,mem=2033464kb,energy_used=0
Exit Code:         0
Mother Superior:   cri16cn021

Execution Nodes: 
cri16cn021


