index for EGAR00001588839_3941.a.1kDLBCL.DLBCL.SL98962.exome_1tier.hg19.final.bam complete
finding positions of the duplicate reads in the file...
  sorted 13138976 end pairs
     and 215757 single ends (among them 0 unmatched pairs)
  collecting indices of duplicate reads...   done in 19562 ms
  found 6516660 duplicates
collected list of positions in 8 min 30 sec
removing duplicates...
total time elapsed: 32 min 28 sec
low quality reads removed from EGAR00001588839_3941.a.1kDLBCL.DLBCL.SL98962.exome_1tier.hg19.final.bam
duplicates removed from EGAR00001588839_3941.a.1kDLBCL.DLBCL.SL98962.exome_1tier.hg19.final.bam
script complete for EGAR00001588839_3941.a.1kDLBCL.DLBCL.SL98962.exome_1tier.hg19.final.bam


------------ Job WrapUp ------------

Job ID:            11325759.cri16sc001
User ID:           mleukam
Job Name:          sambamba_EGAR00001588839_3941.a.1kDLBCL.DLBCL.SL98962.exome_1tier.hg19.final.bam
Queue Name:        express
Working Directory: /home/mleukam/pbs
Resource List:     walltime=03:00:00,nodes=1:ppn=1,mem=4gb,neednodes=1:ppn=1
Resources Used:    cput=00:34:26,vmem=4220280kb,walltime=00:34:30,mem=1807380kb,energy_used=0
Exit Code:         0
Mother Superior:   cri16cn033

Execution Nodes: 
cri16cn033


