index for EGAR00001588777_3873.a.1kDLBCL.DLBCL.SL103984.exome_1tier.hg19.final.bam complete
finding positions of the duplicate reads in the file...
  sorted 33835459 end pairs
     and 679195 single ends (among them 0 unmatched pairs)
  collecting indices of duplicate reads...   done in 62082 ms
  found 15597488 duplicates
collected list of positions in 22 min 50 sec
removing duplicates...
total time elapsed: 88 min 41 sec
low quality reads removed from EGAR00001588777_3873.a.1kDLBCL.DLBCL.SL103984.exome_1tier.hg19.final.bam
duplicates removed from EGAR00001588777_3873.a.1kDLBCL.DLBCL.SL103984.exome_1tier.hg19.final.bam
script complete for EGAR00001588777_3873.a.1kDLBCL.DLBCL.SL103984.exome_1tier.hg19.final.bam


------------ Job WrapUp ------------

Job ID:            11325696.cri16sc001
User ID:           mleukam
Job Name:          sambamba_EGAR00001588777_3873.a.1kDLBCL.DLBCL.SL103984.exome_1tier.hg19.final.bam
Queue Name:        express
Working Directory: /home/mleukam/pbs
Resource List:     walltime=03:00:00,nodes=1:ppn=1,mem=4gb,neednodes=1:ppn=1
Resources Used:    cput=01:33:07,vmem=4264520kb,walltime=01:33:15,mem=2016740kb,energy_used=0
Exit Code:         0
Mother Superior:   cri16cn070

Execution Nodes: 
cri16cn070


