index for EGAR00001588724_3783.a.1kDLBCL.DLBCL.SL96063.exome_1tier.hg19.final.bam complete
finding positions of the duplicate reads in the file...
  sorted 13389078 end pairs
     and 220469 single ends (among them 0 unmatched pairs)
  collecting indices of duplicate reads...   done in 19589 ms
  found 4626337 duplicates
collected list of positions in 9 min 17 sec
removing duplicates...
total time elapsed: 37 min 12 sec
low quality reads removed from EGAR00001588724_3783.a.1kDLBCL.DLBCL.SL96063.exome_1tier.hg19.final.bam
duplicates removed from EGAR00001588724_3783.a.1kDLBCL.DLBCL.SL96063.exome_1tier.hg19.final.bam
script complete for EGAR00001588724_3783.a.1kDLBCL.DLBCL.SL96063.exome_1tier.hg19.final.bam


------------ Job WrapUp ------------

Job ID:            11325643.cri16sc001
User ID:           mleukam
Job Name:          sambamba_EGAR00001588724_3783.a.1kDLBCL.DLBCL.SL96063.exome_1tier.hg19.final.bam
Queue Name:        express
Working Directory: /home/mleukam/pbs
Resource List:     walltime=03:00:00,nodes=1:ppn=1,mem=4gb,neednodes=1:ppn=1
Resources Used:    cput=00:39:06,vmem=4116052kb,walltime=00:39:11,mem=1753080kb,energy_used=0
Exit Code:         0
Mother Superior:   cri16cn004

Execution Nodes: 
cri16cn004


