index for EGAR00001588879_3983.a.1kDLBCL.DLBCL.SL98686.exome_1tier.hg19.final.bam complete
finding positions of the duplicate reads in the file...
  sorted 14097906 end pairs
     and 321651 single ends (among them 0 unmatched pairs)
  collecting indices of duplicate reads...   done in 20825 ms
  found 5110775 duplicates
collected list of positions in 10 min 31 sec
removing duplicates...
total time elapsed: 42 min 25 sec
low quality reads removed from EGAR00001588879_3983.a.1kDLBCL.DLBCL.SL98686.exome_1tier.hg19.final.bam
duplicates removed from EGAR00001588879_3983.a.1kDLBCL.DLBCL.SL98686.exome_1tier.hg19.final.bam
script complete for EGAR00001588879_3983.a.1kDLBCL.DLBCL.SL98686.exome_1tier.hg19.final.bam


------------ Job WrapUp ------------

Job ID:            11325800.cri16sc001
User ID:           mleukam
Job Name:          sambamba_EGAR00001588879_3983.a.1kDLBCL.DLBCL.SL98686.exome_1tier.hg19.final.bam
Queue Name:        express
Working Directory: /home/mleukam/pbs
Resource List:     walltime=03:00:00,nodes=1:ppn=1,mem=4gb,neednodes=1:ppn=1
Resources Used:    cput=00:44:22,vmem=4338888kb,walltime=00:44:27,mem=1983480kb,energy_used=0
Exit Code:         0
Mother Superior:   cri16cn014

Execution Nodes: 
cri16cn014


