index for EGAR00001588857_3960.a.1kDLBCL.DLBCL.SL104758_SL104213.exome_1tier.hg19.final.bam complete
finding positions of the duplicate reads in the file...
  sorted 17554145 end pairs
     and 747520 single ends (among them 0 unmatched pairs)
  collecting indices of duplicate reads...   done in 32253 ms
  found 9568732 duplicates
collected list of positions in 15 min 56 sec
removing duplicates...
total time elapsed: 68 min 55 sec
low quality reads removed from EGAR00001588857_3960.a.1kDLBCL.DLBCL.SL104758_SL104213.exome_1tier.hg19.final.bam
duplicates removed from EGAR00001588857_3960.a.1kDLBCL.DLBCL.SL104758_SL104213.exome_1tier.hg19.final.bam
script complete for EGAR00001588857_3960.a.1kDLBCL.DLBCL.SL104758_SL104213.exome_1tier.hg19.final.bam


------------ Job WrapUp ------------

Job ID:            11325777.cri16sc001
User ID:           mleukam
Job Name:          sambamba_EGAR00001588857_3960.a.1kDLBCL.DLBCL.SL104758_SL104213.exome_1tier.hg19.final.bam
Queue Name:        express
Working Directory: /home/mleukam/pbs
Resource List:     walltime=03:00:00,nodes=1:ppn=1,mem=4gb,neednodes=1:ppn=1
Resources Used:    cput=01:12:11,vmem=4504932kb,walltime=01:12:18,mem=2083104kb,energy_used=0
Exit Code:         0
Mother Superior:   cri16cn034

Execution Nodes: 
cri16cn034


