index for EGAR00001588603_3643.a.1kDLBCL.DLBCL.SL99802.exome_1tier.hg19.final.bam complete
finding positions of the duplicate reads in the file...
  sorted 8757871 end pairs
     and 196161 single ends (among them 0 unmatched pairs)
  collecting indices of duplicate reads...   done in 12929 ms
  found 3512969 duplicates
collected list of positions in 5 min 41 sec
removing duplicates...
total time elapsed: 24 min 37 sec
low quality reads removed from EGAR00001588603_3643.a.1kDLBCL.DLBCL.SL99802.exome_1tier.hg19.final.bam
duplicates removed from EGAR00001588603_3643.a.1kDLBCL.DLBCL.SL99802.exome_1tier.hg19.final.bam
script complete for EGAR00001588603_3643.a.1kDLBCL.DLBCL.SL99802.exome_1tier.hg19.final.bam


------------ Job WrapUp ------------

Job ID:            11325520.cri16sc001
User ID:           mleukam
Job Name:          sambamba_EGAR00001588603_3643.a.1kDLBCL.DLBCL.SL99802.exome_1tier.hg19.final.bam
Queue Name:        express
Working Directory: /home/mleukam/pbs
Resource List:     walltime=03:00:00,nodes=1:ppn=1,mem=4gb,neednodes=1:ppn=1
Resources Used:    cput=00:25:55,vmem=4095708kb,walltime=00:25:59,mem=1563256kb,energy_used=0
Exit Code:         0
Mother Superior:   cri16cn079

Execution Nodes: 
cri16cn079


