index for EGAR00001588428_3413.a.1kDLBCL.DLBCL.SL103877.exome_1tier.hg19.final.bam complete
finding positions of the duplicate reads in the file...
  sorted 3490578 end pairs
     and 95339 single ends (among them 0 unmatched pairs)
  collecting indices of duplicate reads...   done in 5705 ms
  found 3321216 duplicates
collected list of positions in 2 min 40 sec
removing duplicates...
total time elapsed: 9 min 17 sec
low quality reads removed from EGAR00001588428_3413.a.1kDLBCL.DLBCL.SL103877.exome_1tier.hg19.final.bam
duplicates removed from EGAR00001588428_3413.a.1kDLBCL.DLBCL.SL103877.exome_1tier.hg19.final.bam
script complete for EGAR00001588428_3413.a.1kDLBCL.DLBCL.SL103877.exome_1tier.hg19.final.bam


------------ Job WrapUp ------------

Job ID:            11325342.cri16sc001
User ID:           mleukam
Job Name:          sambamba_EGAR00001588428_3413.a.1kDLBCL.DLBCL.SL103877.exome_1tier.hg19.final.bam
Queue Name:        express
Working Directory: /home/mleukam/pbs
Resource List:     walltime=03:00:00,nodes=1:ppn=1,mem=4gb,neednodes=1:ppn=1
Resources Used:    cput=00:09:56,vmem=4002288kb,walltime=00:09:59,mem=1281220kb,energy_used=0
Exit Code:         0
Mother Superior:   cri16cn058

Execution Nodes: 
cri16cn058


