index for EGAR00001588811_3913.a.1kDLBCL.DLBCL.SL99997.exome_1tier.hg19.final.bam complete
finding positions of the duplicate reads in the file...
  sorted 5652316 end pairs
     and 103245 single ends (among them 0 unmatched pairs)
  collecting indices of duplicate reads...   done in 8183 ms
  found 1498901 duplicates
collected list of positions in 3 min 46 sec
removing duplicates...
total time elapsed: 18 min 41 sec
low quality reads removed from EGAR00001588811_3913.a.1kDLBCL.DLBCL.SL99997.exome_1tier.hg19.final.bam
duplicates removed from EGAR00001588811_3913.a.1kDLBCL.DLBCL.SL99997.exome_1tier.hg19.final.bam
script complete for EGAR00001588811_3913.a.1kDLBCL.DLBCL.SL99997.exome_1tier.hg19.final.bam


------------ Job WrapUp ------------

Job ID:            11325731.cri16sc001
User ID:           mleukam
Job Name:          sambamba_EGAR00001588811_3913.a.1kDLBCL.DLBCL.SL99997.exome_1tier.hg19.final.bam
Queue Name:        express
Working Directory: /home/mleukam/pbs
Resource List:     walltime=03:00:00,nodes=1:ppn=1,mem=4gb,neednodes=1:ppn=1
Resources Used:    cput=00:19:37,vmem=4112056kb,walltime=00:19:40,mem=1448836kb,energy_used=0
Exit Code:         0
Mother Superior:   cri16cn028

Execution Nodes: 
cri16cn028


