index for EGAR00001588806_3908.a.1kDLBCL.DLBCL.SL96681.exome_1tier.hg19.final.bam complete
finding positions of the duplicate reads in the file...
  sorted 7707099 end pairs
     and 113045 single ends (among them 0 unmatched pairs)
  collecting indices of duplicate reads...   done in 11243 ms
  found 2363125 duplicates
collected list of positions in 6 min 18 sec
removing duplicates...
total time elapsed: 29 min 6 sec
low quality reads removed from EGAR00001588806_3908.a.1kDLBCL.DLBCL.SL96681.exome_1tier.hg19.final.bam
duplicates removed from EGAR00001588806_3908.a.1kDLBCL.DLBCL.SL96681.exome_1tier.hg19.final.bam
script complete for EGAR00001588806_3908.a.1kDLBCL.DLBCL.SL96681.exome_1tier.hg19.final.bam


------------ Job WrapUp ------------

Job ID:            11325725.cri16sc001
User ID:           mleukam
Job Name:          sambamba_EGAR00001588806_3908.a.1kDLBCL.DLBCL.SL96681.exome_1tier.hg19.final.bam
Queue Name:        express
Working Directory: /home/mleukam/pbs
Resource List:     walltime=03:00:00,nodes=1:ppn=1,mem=4gb,neednodes=1:ppn=1
Resources Used:    cput=00:30:26,vmem=4235084kb,walltime=00:30:30,mem=1668792kb,energy_used=0
Exit Code:         0
Mother Superior:   cri16cn070

Execution Nodes: 
cri16cn070


