index for EGAR00001588492_3495.a.1kDLBCL.DLBCL.SL95964.exome_1tier.hg19.final.bam complete
finding positions of the duplicate reads in the file...
  sorted 4920511 end pairs
     and 122866 single ends (among them 0 unmatched pairs)
  collecting indices of duplicate reads...   done in 7257 ms
  found 1759240 duplicates
collected list of positions in 3 min 34 sec
removing duplicates...
total time elapsed: 16 min 58 sec
low quality reads removed from EGAR00001588492_3495.a.1kDLBCL.DLBCL.SL95964.exome_1tier.hg19.final.bam
duplicates removed from EGAR00001588492_3495.a.1kDLBCL.DLBCL.SL95964.exome_1tier.hg19.final.bam
script complete for EGAR00001588492_3495.a.1kDLBCL.DLBCL.SL95964.exome_1tier.hg19.final.bam


------------ Job WrapUp ------------

Job ID:            11325406.cri16sc001
User ID:           mleukam
Job Name:          sambamba_EGAR00001588492_3495.a.1kDLBCL.DLBCL.SL95964.exome_1tier.hg19.final.bam
Queue Name:        express
Working Directory: /home/mleukam/pbs
Resource List:     walltime=03:00:00,nodes=1:ppn=1,mem=4gb,neednodes=1:ppn=1
Resources Used:    cput=00:17:42,vmem=4109388kb,walltime=00:17:45,mem=1428628kb,energy_used=0
Exit Code:         0
Mother Superior:   cri16cn043

Execution Nodes: 
cri16cn043


