index for EGAR00001588501_3506.a.1kDLBCL.DLBCL.SL99391.exome_1tier.hg19.final.bam complete
finding positions of the duplicate reads in the file...
  sorted 14447103 end pairs
     and 266413 single ends (among them 0 unmatched pairs)
  collecting indices of duplicate reads...   done in 21178 ms
  found 4461126 duplicates
collected list of positions in 9 min 32 sec
removing duplicates...
total time elapsed: 41 min 27 sec
low quality reads removed from EGAR00001588501_3506.a.1kDLBCL.DLBCL.SL99391.exome_1tier.hg19.final.bam
duplicates removed from EGAR00001588501_3506.a.1kDLBCL.DLBCL.SL99391.exome_1tier.hg19.final.bam
script complete for EGAR00001588501_3506.a.1kDLBCL.DLBCL.SL99391.exome_1tier.hg19.final.bam


------------ Job WrapUp ------------

Job ID:            11325416.cri16sc001
User ID:           mleukam
Job Name:          sambamba_EGAR00001588501_3506.a.1kDLBCL.DLBCL.SL99391.exome_1tier.hg19.final.bam
Queue Name:        express
Working Directory: /home/mleukam/pbs
Resource List:     walltime=03:00:00,nodes=1:ppn=1,mem=4gb,neednodes=1:ppn=1
Resources Used:    cput=00:43:19,vmem=4250408kb,walltime=00:43:23,mem=1858500kb,energy_used=0
Exit Code:         0
Mother Superior:   cri16cn064

Execution Nodes: 
cri16cn064


