index for EGAR00001587935_2077.a.1kDLBCL.DLBCL.SL101100.exome_1tier.hg19.final.bam complete
finding positions of the duplicate reads in the file...
  sorted 7713430 end pairs
     and 170082 single ends (among them 0 unmatched pairs)
  collecting indices of duplicate reads...   done in 11282 ms
  found 2607363 duplicates
collected list of positions in 5 min 41 sec
removing duplicates...
total time elapsed: 27 min 47 sec
low quality reads removed from EGAR00001587935_2077.a.1kDLBCL.DLBCL.SL101100.exome_1tier.hg19.final.bam
duplicates removed from EGAR00001587935_2077.a.1kDLBCL.DLBCL.SL101100.exome_1tier.hg19.final.bam
script complete for EGAR00001587935_2077.a.1kDLBCL.DLBCL.SL101100.exome_1tier.hg19.final.bam


------------ Job WrapUp ------------

Job ID:            11324840.cri16sc001
User ID:           mleukam
Job Name:          sambamba_EGAR00001587935_2077.a.1kDLBCL.DLBCL.SL101100.exome_1tier.hg19.final.bam
Queue Name:        express
Working Directory: /home/mleukam/pbs
Resource List:     walltime=03:00:00,nodes=1:ppn=1,mem=4gb,neednodes=1:ppn=1
Resources Used:    cput=00:29:16,vmem=4336616kb,walltime=00:29:21,mem=1684684kb,energy_used=0
Exit Code:         0
Mother Superior:   cri16cn064

Execution Nodes: 
cri16cn064


