index for EGAR00001588715_3771.a.1kDLBCL.DLBCL.SL96155.exome_1tier.hg19.final.bam complete
finding positions of the duplicate reads in the file...
  sorted 12826792 end pairs
     and 239066 single ends (among them 0 unmatched pairs)
  collecting indices of duplicate reads...   done in 19520 ms
  found 4772209 duplicates
collected list of positions in 9 min 15 sec
removing duplicates...
total time elapsed: 37 min 32 sec
low quality reads removed from EGAR00001588715_3771.a.1kDLBCL.DLBCL.SL96155.exome_1tier.hg19.final.bam
duplicates removed from EGAR00001588715_3771.a.1kDLBCL.DLBCL.SL96155.exome_1tier.hg19.final.bam
script complete for EGAR00001588715_3771.a.1kDLBCL.DLBCL.SL96155.exome_1tier.hg19.final.bam


------------ Job WrapUp ------------

Job ID:            11325634.cri16sc001
User ID:           mleukam
Job Name:          sambamba_EGAR00001588715_3771.a.1kDLBCL.DLBCL.SL96155.exome_1tier.hg19.final.bam
Queue Name:        express
Working Directory: /home/mleukam/pbs
Resource List:     walltime=03:00:00,nodes=1:ppn=1,mem=4gb,neednodes=1:ppn=1
Resources Used:    cput=00:39:16,vmem=4408224kb,walltime=00:39:20,mem=1936320kb,energy_used=0
Exit Code:         0
Mother Superior:   cri16cn030

Execution Nodes: 
cri16cn030


