index for EGAR00001588691_3744.a.1kDLBCL.DLBCL.SL95962.exome_1tier.hg19.final.bam complete
finding positions of the duplicate reads in the file...
  sorted 27641790 end pairs
     and 654498 single ends (among them 0 unmatched pairs)
  collecting indices of duplicate reads...   done in 48614 ms
  found 11111705 duplicates
collected list of positions in 22 min 7 sec
removing duplicates...
total time elapsed: 81 min 27 sec
low quality reads removed from EGAR00001588691_3744.a.1kDLBCL.DLBCL.SL95962.exome_1tier.hg19.final.bam
duplicates removed from EGAR00001588691_3744.a.1kDLBCL.DLBCL.SL95962.exome_1tier.hg19.final.bam
script complete for EGAR00001588691_3744.a.1kDLBCL.DLBCL.SL95962.exome_1tier.hg19.final.bam


------------ Job WrapUp ------------

Job ID:            11325609.cri16sc001
User ID:           mleukam
Job Name:          sambamba_EGAR00001588691_3744.a.1kDLBCL.DLBCL.SL95962.exome_1tier.hg19.final.bam
Queue Name:        express
Working Directory: /home/mleukam/pbs
Resource List:     walltime=03:00:00,nodes=1:ppn=1,mem=4gb,neednodes=1:ppn=1
Resources Used:    cput=01:25:18,vmem=4390332kb,walltime=01:25:26,mem=2007988kb,energy_used=0
Exit Code:         0
Mother Superior:   cri16cn020

Execution Nodes: 
cri16cn020


