index for EGAR00001587958_2110.a.1kDLBCL.DLBCL.SL85341.exome_1tier.hg19.final.bam complete
finding positions of the duplicate reads in the file...
  sorted 14665167 end pairs
     and 289569 single ends (among them 0 unmatched pairs)
  collecting indices of duplicate reads...   done in 21179 ms
  found 3377182 duplicates
collected list of positions in 12 min 25 sec
removing duplicates...
total time elapsed: 46 min 29 sec
low quality reads removed from EGAR00001587958_2110.a.1kDLBCL.DLBCL.SL85341.exome_1tier.hg19.final.bam
duplicates removed from EGAR00001587958_2110.a.1kDLBCL.DLBCL.SL85341.exome_1tier.hg19.final.bam
script complete for EGAR00001587958_2110.a.1kDLBCL.DLBCL.SL85341.exome_1tier.hg19.final.bam


------------ Job WrapUp ------------

Job ID:            11324864.cri16sc001
User ID:           mleukam
Job Name:          sambamba_EGAR00001587958_2110.a.1kDLBCL.DLBCL.SL85341.exome_1tier.hg19.final.bam
Queue Name:        express
Working Directory: /home/mleukam/pbs
Resource List:     walltime=03:00:00,nodes=1:ppn=1,mem=4gb,neednodes=1:ppn=1
Resources Used:    cput=00:48:14,vmem=4356112kb,walltime=00:48:34,mem=2081276kb,energy_used=0
Exit Code:         0
Mother Superior:   cri16cn082

Execution Nodes: 
cri16cn082


