index for EGAR00001588760_3843.a.1kDLBCL.DLBCL.SL101113.exome_1tier.hg19.final.bam complete
finding positions of the duplicate reads in the file...
  sorted 13943047 end pairs
     and 300082 single ends (among them 0 unmatched pairs)
  collecting indices of duplicate reads...   done in 21106 ms
  found 4648438 duplicates
collected list of positions in 10 min 7 sec
removing duplicates...
total time elapsed: 43 min 8 sec
low quality reads removed from EGAR00001588760_3843.a.1kDLBCL.DLBCL.SL101113.exome_1tier.hg19.final.bam
duplicates removed from EGAR00001588760_3843.a.1kDLBCL.DLBCL.SL101113.exome_1tier.hg19.final.bam
script complete for EGAR00001588760_3843.a.1kDLBCL.DLBCL.SL101113.exome_1tier.hg19.final.bam


------------ Job WrapUp ------------

Job ID:            11325679.cri16sc001
User ID:           mleukam
Job Name:          sambamba_EGAR00001588760_3843.a.1kDLBCL.DLBCL.SL101113.exome_1tier.hg19.final.bam
Queue Name:        express
Working Directory: /home/mleukam/pbs
Resource List:     walltime=03:00:00,nodes=1:ppn=1,mem=4gb,neednodes=1:ppn=1
Resources Used:    cput=00:45:15,vmem=4315448kb,walltime=00:45:19,mem=2005676kb,energy_used=0
Exit Code:         0
Mother Superior:   cri16cn070

Execution Nodes: 
cri16cn070


