index for EGAR00001588326_2836.a.1kDLBCL.DLBCL.SL96536.exome_1tier.hg19.final.bam complete
finding positions of the duplicate reads in the file...
  sorted 23031839 end pairs
     and 399196 single ends (among them 0 unmatched pairs)
  collecting indices of duplicate reads...   done in 38129 ms
  found 6494233 duplicates
collected list of positions in 15 min 20 sec
removing duplicates...
total time elapsed: 63 min 20 sec
low quality reads removed from EGAR00001588326_2836.a.1kDLBCL.DLBCL.SL96536.exome_1tier.hg19.final.bam
duplicates removed from EGAR00001588326_2836.a.1kDLBCL.DLBCL.SL96536.exome_1tier.hg19.final.bam
script complete for EGAR00001588326_2836.a.1kDLBCL.DLBCL.SL96536.exome_1tier.hg19.final.bam


------------ Job WrapUp ------------

Job ID:            11325238.cri16sc001
User ID:           mleukam
Job Name:          sambamba_EGAR00001588326_2836.a.1kDLBCL.DLBCL.SL96536.exome_1tier.hg19.final.bam
Queue Name:        express
Working Directory: /home/mleukam/pbs
Resource List:     walltime=03:00:00,nodes=1:ppn=1,mem=4gb,neednodes=1:ppn=1
Resources Used:    cput=01:06:18,vmem=4294996kb,walltime=01:06:25,mem=2140540kb,energy_used=0
Exit Code:         0
Mother Superior:   cri16cn007

Execution Nodes: 
cri16cn007


