index for EGAR00001587942_2085.a.1kDLBCL.DLBCL.SL84118_SL90573.exome_1tier.hg19.final.bam complete
finding positions of the duplicate reads in the file...
  sorted 10691415 end pairs
     and 203559 single ends (among them 0 unmatched pairs)
  collecting indices of duplicate reads...   done in 15343 ms
  found 2053140 duplicates
collected list of positions in 8 min 46 sec
removing duplicates...
total time elapsed: 47 min 45 sec
low quality reads removed from EGAR00001587942_2085.a.1kDLBCL.DLBCL.SL84118_SL90573.exome_1tier.hg19.final.bam
duplicates removed from EGAR00001587942_2085.a.1kDLBCL.DLBCL.SL84118_SL90573.exome_1tier.hg19.final.bam
script complete for EGAR00001587942_2085.a.1kDLBCL.DLBCL.SL84118_SL90573.exome_1tier.hg19.final.bam


------------ Job WrapUp ------------

Job ID:            11324847.cri16sc001
User ID:           mleukam
Job Name:          sambamba_EGAR00001587942_2085.a.1kDLBCL.DLBCL.SL84118_SL90573.exome_1tier.hg19.final.bam
Queue Name:        express
Working Directory: /home/mleukam/pbs
Resource List:     walltime=03:00:00,nodes=1:ppn=1,mem=4gb,neednodes=1:ppn=1
Resources Used:    cput=00:49:52,vmem=4299608kb,walltime=00:49:57,mem=1817868kb,energy_used=0
Exit Code:         0
Mother Superior:   cri16cn008

Execution Nodes: 
cri16cn008


