index for EGAR00001588727_3786.a.1kDLBCL.DLBCL.SL100967.exome_1tier.hg19.final.bam complete
finding positions of the duplicate reads in the file...
  sorted 13865309 end pairs
     and 207321 single ends (among them 0 unmatched pairs)
  collecting indices of duplicate reads...   done in 20460 ms
  found 5499001 duplicates
collected list of positions in 10 min 2 sec
removing duplicates...
total time elapsed: 44 min 59 sec
low quality reads removed from EGAR00001588727_3786.a.1kDLBCL.DLBCL.SL100967.exome_1tier.hg19.final.bam
duplicates removed from EGAR00001588727_3786.a.1kDLBCL.DLBCL.SL100967.exome_1tier.hg19.final.bam
script complete for EGAR00001588727_3786.a.1kDLBCL.DLBCL.SL100967.exome_1tier.hg19.final.bam


------------ Job WrapUp ------------

Job ID:            11325646.cri16sc001
User ID:           mleukam
Job Name:          sambamba_EGAR00001588727_3786.a.1kDLBCL.DLBCL.SL100967.exome_1tier.hg19.final.bam
Queue Name:        express
Working Directory: /home/mleukam/pbs
Resource List:     walltime=03:00:00,nodes=1:ppn=1,mem=4gb,neednodes=1:ppn=1
Resources Used:    cput=00:46:59,vmem=4334232kb,walltime=00:47:05,mem=1772248kb,energy_used=0
Exit Code:         0
Mother Superior:   cri16cn045

Execution Nodes: 
cri16cn045


