index for EGAR00001588107_2466.a.1kDLBCL.DLBCL.SL100631.exome_1tier.hg19.final.bam complete
finding positions of the duplicate reads in the file...
  sorted 8840379 end pairs
     and 302255 single ends (among them 0 unmatched pairs)
  collecting indices of duplicate reads...   done in 13372 ms
  found 3249100 duplicates
collected list of positions in 6 min 7 sec
removing duplicates...
total time elapsed: 27 min 32 sec
low quality reads removed from EGAR00001588107_2466.a.1kDLBCL.DLBCL.SL100631.exome_1tier.hg19.final.bam
duplicates removed from EGAR00001588107_2466.a.1kDLBCL.DLBCL.SL100631.exome_1tier.hg19.final.bam
script complete for EGAR00001588107_2466.a.1kDLBCL.DLBCL.SL100631.exome_1tier.hg19.final.bam


------------ Job WrapUp ------------

Job ID:            11325015.cri16sc001
User ID:           mleukam
Job Name:          sambamba_EGAR00001588107_2466.a.1kDLBCL.DLBCL.SL100631.exome_1tier.hg19.final.bam
Queue Name:        express
Working Directory: /home/mleukam/pbs
Resource List:     walltime=03:00:00,nodes=1:ppn=1,mem=4gb,neednodes=1:ppn=1
Resources Used:    cput=00:28:51,vmem=4119504kb,walltime=00:28:58,mem=1606696kb,energy_used=0
Exit Code:         0
Mother Superior:   cri16cn084

Execution Nodes: 
cri16cn084


