index for EGAR00001588225_2658.a.1kDLBCL.DLBCL.SL99807.exome_1tier.hg19.final.bam complete
finding positions of the duplicate reads in the file...
  sorted 10350977 end pairs
     and 157886 single ends (among them 0 unmatched pairs)
  collecting indices of duplicate reads...   done in 15245 ms
  found 4583189 duplicates
collected list of positions in 6 min 31 sec
removing duplicates...
total time elapsed: 27 min 12 sec
low quality reads removed from EGAR00001588225_2658.a.1kDLBCL.DLBCL.SL99807.exome_1tier.hg19.final.bam
duplicates removed from EGAR00001588225_2658.a.1kDLBCL.DLBCL.SL99807.exome_1tier.hg19.final.bam
script complete for EGAR00001588225_2658.a.1kDLBCL.DLBCL.SL99807.exome_1tier.hg19.final.bam


------------ Job WrapUp ------------

Job ID:            11325135.cri16sc001
User ID:           mleukam
Job Name:          sambamba_EGAR00001588225_2658.a.1kDLBCL.DLBCL.SL99807.exome_1tier.hg19.final.bam
Queue Name:        express
Working Directory: /home/mleukam/pbs
Resource List:     walltime=03:00:00,nodes=1:ppn=1,mem=4gb,neednodes=1:ppn=1
Resources Used:    cput=00:28:40,vmem=4216976kb,walltime=00:28:45,mem=1696688kb,energy_used=0
Exit Code:         0
Mother Superior:   cri16cn041

Execution Nodes: 
cri16cn041


