index for EGAR00001588155_2555.a.1kDLBCL.DLBCL.SL78902.exome_1tier.hg19.final.bam complete
finding positions of the duplicate reads in the file...
  sorted 16475848 end pairs
     and 329569 single ends (among them 0 unmatched pairs)
  collecting indices of duplicate reads...   done in 23736 ms
  found 3521932 duplicates
collected list of positions in 11 min 15 sec
removing duplicates...
total time elapsed: 48 min 25 sec
low quality reads removed from EGAR00001588155_2555.a.1kDLBCL.DLBCL.SL78902.exome_1tier.hg19.final.bam
duplicates removed from EGAR00001588155_2555.a.1kDLBCL.DLBCL.SL78902.exome_1tier.hg19.final.bam
script complete for EGAR00001588155_2555.a.1kDLBCL.DLBCL.SL78902.exome_1tier.hg19.final.bam


------------ Job WrapUp ------------

Job ID:            11325064.cri16sc001
User ID:           mleukam
Job Name:          sambamba_EGAR00001588155_2555.a.1kDLBCL.DLBCL.SL78902.exome_1tier.hg19.final.bam
Queue Name:        express
Working Directory: /home/mleukam/pbs
Resource List:     walltime=03:00:00,nodes=1:ppn=1,mem=4gb,neednodes=1:ppn=1
Resources Used:    cput=00:50:39,vmem=4100252kb,walltime=00:50:46,mem=1903636kb,energy_used=0
Exit Code:         0
Mother Superior:   cri16cn047

Execution Nodes: 
cri16cn047


