index for EGAR00001588499_3504.a.1kDLBCL.DLBCL.SL99615.exome_1tier.hg19.final.bam complete
finding positions of the duplicate reads in the file...
  sorted 19175862 end pairs
     and 364619 single ends (among them 0 unmatched pairs)
  collecting indices of duplicate reads...   done in 34623 ms
  found 5569811 duplicates
collected list of positions in 13 min 8 sec
removing duplicates...
total time elapsed: 57 min 31 sec
low quality reads removed from EGAR00001588499_3504.a.1kDLBCL.DLBCL.SL99615.exome_1tier.hg19.final.bam
duplicates removed from EGAR00001588499_3504.a.1kDLBCL.DLBCL.SL99615.exome_1tier.hg19.final.bam
script complete for EGAR00001588499_3504.a.1kDLBCL.DLBCL.SL99615.exome_1tier.hg19.final.bam


------------ Job WrapUp ------------

Job ID:            11325413.cri16sc001
User ID:           mleukam
Job Name:          sambamba_EGAR00001588499_3504.a.1kDLBCL.DLBCL.SL99615.exome_1tier.hg19.final.bam
Queue Name:        express
Working Directory: /home/mleukam/pbs
Resource List:     walltime=03:00:00,nodes=1:ppn=1,mem=4gb,neednodes=1:ppn=1
Resources Used:    cput=01:00:01,vmem=4218700kb,walltime=01:00:09,mem=2055092kb,energy_used=0
Exit Code:         0
Mother Superior:   cri16cn065

Execution Nodes: 
cri16cn065


