index for EGAR00001587953_2102.a.1kDLBCL.DLBCL.SL85340.exome_1tier.hg19.final.bam complete
finding positions of the duplicate reads in the file...
  sorted 12476497 end pairs
     and 245051 single ends (among them 0 unmatched pairs)
  collecting indices of duplicate reads...   done in 18037 ms
  found 2962462 duplicates
collected list of positions in 8 min 45 sec
removing duplicates...
total time elapsed: 37 min 14 sec
low quality reads removed from EGAR00001587953_2102.a.1kDLBCL.DLBCL.SL85340.exome_1tier.hg19.final.bam
duplicates removed from EGAR00001587953_2102.a.1kDLBCL.DLBCL.SL85340.exome_1tier.hg19.final.bam
script complete for EGAR00001587953_2102.a.1kDLBCL.DLBCL.SL85340.exome_1tier.hg19.final.bam


------------ Job WrapUp ------------

Job ID:            11324859.cri16sc001
User ID:           mleukam
Job Name:          sambamba_EGAR00001587953_2102.a.1kDLBCL.DLBCL.SL85340.exome_1tier.hg19.final.bam
Queue Name:        express
Working Directory: /home/mleukam/pbs
Resource List:     walltime=03:00:00,nodes=1:ppn=1,mem=4gb,neednodes=1:ppn=1
Resources Used:    cput=00:38:53,vmem=4238156kb,walltime=00:39:01,mem=1872324kb,energy_used=0
Exit Code:         0
Mother Superior:   cri16cn026

Execution Nodes: 
cri16cn026


