index for EGAR00001588463_3461.a.1kDLBCL.DLBCL.SL99892.exome_1tier.hg19.final.bam complete
finding positions of the duplicate reads in the file...
  sorted 17221016 end pairs
     and 507051 single ends (among them 0 unmatched pairs)
  collecting indices of duplicate reads...   done in 31822 ms
  found 12314498 duplicates
collected list of positions in 11 min 52 sec
removing duplicates...
total time elapsed: 43 min 5 sec
low quality reads removed from EGAR00001588463_3461.a.1kDLBCL.DLBCL.SL99892.exome_1tier.hg19.final.bam
duplicates removed from EGAR00001588463_3461.a.1kDLBCL.DLBCL.SL99892.exome_1tier.hg19.final.bam
script complete for EGAR00001588463_3461.a.1kDLBCL.DLBCL.SL99892.exome_1tier.hg19.final.bam


------------ Job WrapUp ------------

Job ID:            11325378.cri16sc001
User ID:           mleukam
Job Name:          sambamba_EGAR00001588463_3461.a.1kDLBCL.DLBCL.SL99892.exome_1tier.hg19.final.bam
Queue Name:        express
Working Directory: /home/mleukam/pbs
Resource List:     walltime=03:00:00,nodes=1:ppn=1,mem=4gb,neednodes=1:ppn=1
Resources Used:    cput=00:45:17,vmem=4203836kb,walltime=00:45:21,mem=1976852kb,energy_used=0
Exit Code:         0
Mother Superior:   cri16cn077

Execution Nodes: 
cri16cn077


