index for EGAR00001588472_3472.a.1kDLBCL.DLBCL.SL95952.exome_1tier.hg19.final.bam complete
finding positions of the duplicate reads in the file...
  sorted 23267437 end pairs
     and 525685 single ends (among them 0 unmatched pairs)
  collecting indices of duplicate reads...   done in 39455 ms
  found 9347724 duplicates
collected list of positions in 15 min 43 sec
removing duplicates...
total time elapsed: 65 min 17 sec
low quality reads removed from EGAR00001588472_3472.a.1kDLBCL.DLBCL.SL95952.exome_1tier.hg19.final.bam
duplicates removed from EGAR00001588472_3472.a.1kDLBCL.DLBCL.SL95952.exome_1tier.hg19.final.bam
script complete for EGAR00001588472_3472.a.1kDLBCL.DLBCL.SL95952.exome_1tier.hg19.final.bam


------------ Job WrapUp ------------

Job ID:            11325386.cri16sc001
User ID:           mleukam
Job Name:          sambamba_EGAR00001588472_3472.a.1kDLBCL.DLBCL.SL95952.exome_1tier.hg19.final.bam
Queue Name:        express
Working Directory: /home/mleukam/pbs
Resource List:     walltime=03:00:00,nodes=1:ppn=1,mem=4gb,neednodes=1:ppn=1
Resources Used:    cput=01:08:34,vmem=4269428kb,walltime=01:08:40,mem=2000384kb,energy_used=0
Exit Code:         0
Mother Superior:   cri16cn012

Execution Nodes: 
cri16cn012


