index for EGAR00001588644_3689.a.1kDLBCL.DLBCL.SL99902.exome_1tier.hg19.final.bam complete
finding positions of the duplicate reads in the file...
  sorted 11466570 end pairs
     and 315764 single ends (among them 0 unmatched pairs)
  collecting indices of duplicate reads...   done in 17426 ms
  found 4442822 duplicates
collected list of positions in 8 min 9 sec
removing duplicates...
total time elapsed: 33 min 16 sec
low quality reads removed from EGAR00001588644_3689.a.1kDLBCL.DLBCL.SL99902.exome_1tier.hg19.final.bam
duplicates removed from EGAR00001588644_3689.a.1kDLBCL.DLBCL.SL99902.exome_1tier.hg19.final.bam
script complete for EGAR00001588644_3689.a.1kDLBCL.DLBCL.SL99902.exome_1tier.hg19.final.bam


------------ Job WrapUp ------------

Job ID:            11325561.cri16sc001
User ID:           mleukam
Job Name:          sambamba_EGAR00001588644_3689.a.1kDLBCL.DLBCL.SL99902.exome_1tier.hg19.final.bam
Queue Name:        express
Working Directory: /home/mleukam/pbs
Resource List:     walltime=03:00:00,nodes=1:ppn=1,mem=4gb,neednodes=1:ppn=1
Resources Used:    cput=00:34:59,vmem=4168064kb,walltime=00:35:02,mem=1735884kb,energy_used=0
Exit Code:         0
Mother Superior:   cri16cn084

Execution Nodes: 
cri16cn084


