index for EGAR00001588763_3847.a.1kDLBCL.DLBCL.SL103110.exome_1tier.hg19.final.bam complete
finding positions of the duplicate reads in the file...
  sorted 11911089 end pairs
     and 333559 single ends (among them 0 unmatched pairs)
  collecting indices of duplicate reads...   done in 17317 ms
  found 2723652 duplicates
collected list of positions in 10 min 15 sec
removing duplicates...
total time elapsed: 44 min 20 sec
low quality reads removed from EGAR00001588763_3847.a.1kDLBCL.DLBCL.SL103110.exome_1tier.hg19.final.bam
duplicates removed from EGAR00001588763_3847.a.1kDLBCL.DLBCL.SL103110.exome_1tier.hg19.final.bam
script complete for EGAR00001588763_3847.a.1kDLBCL.DLBCL.SL103110.exome_1tier.hg19.final.bam


------------ Job WrapUp ------------

Job ID:            11325682.cri16sc001
User ID:           mleukam
Job Name:          sambamba_EGAR00001588763_3847.a.1kDLBCL.DLBCL.SL103110.exome_1tier.hg19.final.bam
Queue Name:        express
Working Directory: /home/mleukam/pbs
Resource List:     walltime=03:00:00,nodes=1:ppn=1,mem=4gb,neednodes=1:ppn=1
Resources Used:    cput=00:46:11,vmem=4168584kb,walltime=00:46:15,mem=1784852kb,energy_used=0
Exit Code:         0
Mother Superior:   cri16cn046

Execution Nodes: 
cri16cn046


