index for EGAR00001587950_2097.a.1kDLBCL.DLBCL.SL85053.exome_1tier.hg19.final.bam complete
finding positions of the duplicate reads in the file...
  sorted 16661844 end pairs
     and 364946 single ends (among them 0 unmatched pairs)
  collecting indices of duplicate reads...   done in 24824 ms
  found 4459076 duplicates
collected list of positions in 13 min 21 sec
removing duplicates...
total time elapsed: 53 min 25 sec
low quality reads removed from EGAR00001587950_2097.a.1kDLBCL.DLBCL.SL85053.exome_1tier.hg19.final.bam
duplicates removed from EGAR00001587950_2097.a.1kDLBCL.DLBCL.SL85053.exome_1tier.hg19.final.bam
script complete for EGAR00001587950_2097.a.1kDLBCL.DLBCL.SL85053.exome_1tier.hg19.final.bam


------------ Job WrapUp ------------

Job ID:            11324856.cri16sc001
User ID:           mleukam
Job Name:          sambamba_EGAR00001587950_2097.a.1kDLBCL.DLBCL.SL85053.exome_1tier.hg19.final.bam
Queue Name:        express
Working Directory: /home/mleukam/pbs
Resource List:     walltime=03:00:00,nodes=1:ppn=1,mem=4gb,neednodes=1:ppn=1
Resources Used:    cput=00:55:58,vmem=4451296kb,walltime=00:56:06,mem=2052620kb,energy_used=0
Exit Code:         0
Mother Superior:   cri16cn053

Execution Nodes: 
cri16cn053


