index for EGAR00001587978_2137.a.1kDLBCL.DLBCL.SL90509_SL84313.exome_1tier.hg19.final.bam complete
finding positions of the duplicate reads in the file...
  sorted 16194049 end pairs
     and 360384 single ends (among them 0 unmatched pairs)
  collecting indices of duplicate reads...   done in 23491 ms
  found 3390862 duplicates
collected list of positions in 11 min 1 sec
removing duplicates...
total time elapsed: 48 min 22 sec
low quality reads removed from EGAR00001587978_2137.a.1kDLBCL.DLBCL.SL90509_SL84313.exome_1tier.hg19.final.bam
duplicates removed from EGAR00001587978_2137.a.1kDLBCL.DLBCL.SL90509_SL84313.exome_1tier.hg19.final.bam
script complete for EGAR00001587978_2137.a.1kDLBCL.DLBCL.SL90509_SL84313.exome_1tier.hg19.final.bam


------------ Job WrapUp ------------

Job ID:            11324884.cri16sc001
User ID:           mleukam
Job Name:          sambamba_EGAR00001587978_2137.a.1kDLBCL.DLBCL.SL90509_SL84313.exome_1tier.hg19.final.bam
Queue Name:        express
Working Directory: /home/mleukam/pbs
Resource List:     walltime=03:00:00,nodes=1:ppn=1,mem=4gb,neednodes=1:ppn=1
Resources Used:    cput=00:50:32,vmem=4232012kb,walltime=00:50:40,mem=2036928kb,energy_used=0
Exit Code:         0
Mother Superior:   cri16cn002

Execution Nodes: 
cri16cn002


