index for EGAR00001588296_2790.a.1kDLBCL.DLBCL.SL84013.exome_1tier.hg19.final.bam complete
finding positions of the duplicate reads in the file...
  sorted 15704075 end pairs
     and 254752 single ends (among them 0 unmatched pairs)
  collecting indices of duplicate reads...   done in 22512 ms
  found 3467907 duplicates
collected list of positions in 10 min 9 sec
removing duplicates...
total time elapsed: 44 min 34 sec
low quality reads removed from EGAR00001588296_2790.a.1kDLBCL.DLBCL.SL84013.exome_1tier.hg19.final.bam
duplicates removed from EGAR00001588296_2790.a.1kDLBCL.DLBCL.SL84013.exome_1tier.hg19.final.bam
script complete for EGAR00001588296_2790.a.1kDLBCL.DLBCL.SL84013.exome_1tier.hg19.final.bam


------------ Job WrapUp ------------

Job ID:            11325207.cri16sc001
User ID:           mleukam
Job Name:          sambamba_EGAR00001588296_2790.a.1kDLBCL.DLBCL.SL84013.exome_1tier.hg19.final.bam
Queue Name:        express
Working Directory: /home/mleukam/pbs
Resource List:     walltime=03:00:00,nodes=1:ppn=1,mem=4gb,neednodes=1:ppn=1
Resources Used:    cput=00:46:45,vmem=4393656kb,walltime=00:46:51,mem=2105648kb,energy_used=0
Exit Code:         0
Mother Superior:   cri16cn005

Execution Nodes: 
cri16cn005


