index for EGAR00001588245_2688.a.1kDLBCL.DLBCL.SL86065.exome_1tier.hg19.final.bam complete
finding positions of the duplicate reads in the file...
  sorted 15182335 end pairs
     and 384602 single ends (among them 0 unmatched pairs)
  collecting indices of duplicate reads...   done in 22140 ms
  found 3646775 duplicates
collected list of positions in 10 min 58 sec
removing duplicates...
total time elapsed: 47 min 55 sec
low quality reads removed from EGAR00001588245_2688.a.1kDLBCL.DLBCL.SL86065.exome_1tier.hg19.final.bam
duplicates removed from EGAR00001588245_2688.a.1kDLBCL.DLBCL.SL86065.exome_1tier.hg19.final.bam
script complete for EGAR00001588245_2688.a.1kDLBCL.DLBCL.SL86065.exome_1tier.hg19.final.bam


------------ Job WrapUp ------------

Job ID:            11325155.cri16sc001
User ID:           mleukam
Job Name:          sambamba_EGAR00001588245_2688.a.1kDLBCL.DLBCL.SL86065.exome_1tier.hg19.final.bam
Queue Name:        express
Working Directory: /home/mleukam/pbs
Resource List:     walltime=03:00:00,nodes=1:ppn=1,mem=4gb,neednodes=1:ppn=1
Resources Used:    cput=00:50:08,vmem=4238156kb,walltime=00:50:18,mem=1982432kb,energy_used=0
Exit Code:         0
Mother Superior:   cri16cn006

Execution Nodes: 
cri16cn006


