index for EGAR00001588064_2251.a.1kDLBCL.DLBCL.SL89867.exome_1tier.hg19.final.bam complete
finding positions of the duplicate reads in the file...
  sorted 6727241 end pairs
     and 217080 single ends (among them 0 unmatched pairs)
  collecting indices of duplicate reads...   done in 10031 ms
  found 2065508 duplicates
collected list of positions in 5 min 13 sec
removing duplicates...
total time elapsed: 25 min 51 sec
low quality reads removed from EGAR00001588064_2251.a.1kDLBCL.DLBCL.SL89867.exome_1tier.hg19.final.bam
duplicates removed from EGAR00001588064_2251.a.1kDLBCL.DLBCL.SL89867.exome_1tier.hg19.final.bam
script complete for EGAR00001588064_2251.a.1kDLBCL.DLBCL.SL89867.exome_1tier.hg19.final.bam


------------ Job WrapUp ------------

Job ID:            11324972.cri16sc001
User ID:           mleukam
Job Name:          sambamba_EGAR00001588064_2251.a.1kDLBCL.DLBCL.SL89867.exome_1tier.hg19.final.bam
Queue Name:        express
Working Directory: /home/mleukam/pbs
Resource List:     walltime=03:00:00,nodes=1:ppn=1,mem=4gb,neednodes=1:ppn=1
Resources Used:    cput=00:26:51,vmem=4139448kb,walltime=00:26:58,mem=1516280kb,energy_used=0
Exit Code:         0
Mother Superior:   cri16cn058

Execution Nodes: 
cri16cn058


