index for EGAR00001588132_2527.a.1kDLBCL.DLBCL.SL85441.exome_1tier.hg19.final.bam complete
finding positions of the duplicate reads in the file...
  sorted 509273 end pairs
     and 11833 single ends (among them 0 unmatched pairs)
  collecting indices of duplicate reads...   done in 750 ms
  found 214620 duplicates
collected list of positions in 0 min 21 sec
removing duplicates...
total time elapsed: 0 min 50 sec
low quality reads removed from EGAR00001588132_2527.a.1kDLBCL.DLBCL.SL85441.exome_1tier.hg19.final.bam
duplicates removed from EGAR00001588132_2527.a.1kDLBCL.DLBCL.SL85441.exome_1tier.hg19.final.bam
script complete for EGAR00001588132_2527.a.1kDLBCL.DLBCL.SL85441.exome_1tier.hg19.final.bam


------------ Job WrapUp ------------

Job ID:            11325040.cri16sc001
User ID:           mleukam
Job Name:          sambamba_EGAR00001588132_2527.a.1kDLBCL.DLBCL.SL85441.exome_1tier.hg19.final.bam
Queue Name:        express
Working Directory: /home/mleukam/pbs
Resource List:     walltime=03:00:00,nodes=1:ppn=1,mem=4gb,neednodes=1:ppn=1
Resources Used:    cput=00:01:22,vmem=3868872kb,walltime=00:01:24,mem=1016360kb,energy_used=0
Exit Code:         0
Mother Superior:   cri16cn005

Execution Nodes: 
cri16cn005


