index for EGAR00001588540_3558.a.1kDLBCL.DLBCL.SL89852.exome_1tier.hg19.final.bam complete
finding positions of the duplicate reads in the file...
  sorted 8144001 end pairs
     and 301917 single ends (among them 0 unmatched pairs)
  collecting indices of duplicate reads...   done in 12138 ms
  found 2582799 duplicates
collected list of positions in 5 min 37 sec
removing duplicates...
total time elapsed: 26 min 8 sec
low quality reads removed from EGAR00001588540_3558.a.1kDLBCL.DLBCL.SL89852.exome_1tier.hg19.final.bam
duplicates removed from EGAR00001588540_3558.a.1kDLBCL.DLBCL.SL89852.exome_1tier.hg19.final.bam
script complete for EGAR00001588540_3558.a.1kDLBCL.DLBCL.SL89852.exome_1tier.hg19.final.bam


------------ Job WrapUp ------------

Job ID:            11325455.cri16sc001
User ID:           mleukam
Job Name:          sambamba_EGAR00001588540_3558.a.1kDLBCL.DLBCL.SL89852.exome_1tier.hg19.final.bam
Queue Name:        express
Working Directory: /home/mleukam/pbs
Resource List:     walltime=03:00:00,nodes=1:ppn=1,mem=4gb,neednodes=1:ppn=1
Resources Used:    cput=00:27:35,vmem=4329644kb,walltime=00:27:38,mem=1532160kb,energy_used=0
Exit Code:         0
Mother Superior:   cri16cn015

Execution Nodes: 
cri16cn015


