index for EGAR00001588878_3982.a.1kDLBCL.DLBCL.SL98878.exome_1tier.hg19.final.bam complete
finding positions of the duplicate reads in the file...
  sorted 9582939 end pairs
     and 213250 single ends (among them 0 unmatched pairs)
  collecting indices of duplicate reads...   done in 14821 ms
  found 4261567 duplicates
collected list of positions in 8 min 0 sec
removing duplicates...
total time elapsed: 37 min 9 sec
low quality reads removed from EGAR00001588878_3982.a.1kDLBCL.DLBCL.SL98878.exome_1tier.hg19.final.bam
duplicates removed from EGAR00001588878_3982.a.1kDLBCL.DLBCL.SL98878.exome_1tier.hg19.final.bam
script complete for EGAR00001588878_3982.a.1kDLBCL.DLBCL.SL98878.exome_1tier.hg19.final.bam


------------ Job WrapUp ------------

Job ID:            11325799.cri16sc001
User ID:           mleukam
Job Name:          sambamba_EGAR00001588878_3982.a.1kDLBCL.DLBCL.SL98878.exome_1tier.hg19.final.bam
Queue Name:        express
Working Directory: /home/mleukam/pbs
Resource List:     walltime=03:00:00,nodes=1:ppn=1,mem=4gb,neednodes=1:ppn=1
Resources Used:    cput=00:38:47,vmem=4101764kb,walltime=00:38:51,mem=1578348kb,energy_used=0
Exit Code:         0
Mother Superior:   cri16cn034

Execution Nodes: 
cri16cn034


