index for EGAR00001588685_3737.a.1kDLBCL.DLBCL.SL100276.exome_1tier.hg19.final.bam complete
finding positions of the duplicate reads in the file...
  sorted 51545147 end pairs
     and 675449 single ends (among them 0 unmatched pairs)
  collecting indices of duplicate reads...   done in 97540 ms
  found 21494007 duplicates
collected list of positions in 34 min 58 sec
removing duplicates...
total time elapsed: 140 min 45 sec
low quality reads removed from EGAR00001588685_3737.a.1kDLBCL.DLBCL.SL100276.exome_1tier.hg19.final.bam
duplicates removed from EGAR00001588685_3737.a.1kDLBCL.DLBCL.SL100276.exome_1tier.hg19.final.bam
script complete for EGAR00001588685_3737.a.1kDLBCL.DLBCL.SL100276.exome_1tier.hg19.final.bam


------------ Job WrapUp ------------

Job ID:            11325603.cri16sc001
User ID:           mleukam
Job Name:          sambamba_EGAR00001588685_3737.a.1kDLBCL.DLBCL.SL100276.exome_1tier.hg19.final.bam
Queue Name:        express
Working Directory: /home/mleukam/pbs
Resource List:     walltime=03:00:00,nodes=1:ppn=1,mem=4gb,neednodes=1:ppn=1
Resources Used:    cput=02:27:31,vmem=4409588kb,walltime=02:27:42,mem=2342116kb,energy_used=0
Exit Code:         0
Mother Superior:   cri16cn047

Execution Nodes: 
cri16cn047


