index for EGAR00001588649_3696.a.1kDLBCL.DLBCL.SL95958.exome_1tier.hg19.final.bam complete
finding positions of the duplicate reads in the file...
  sorted 18711269 end pairs
     and 679094 single ends (among them 0 unmatched pairs)
  collecting indices of duplicate reads...   done in 34776 ms
  found 6841210 duplicates
collected list of positions in 16 min 22 sec
removing duplicates...
total time elapsed: 65 min 43 sec
low quality reads removed from EGAR00001588649_3696.a.1kDLBCL.DLBCL.SL95958.exome_1tier.hg19.final.bam
duplicates removed from EGAR00001588649_3696.a.1kDLBCL.DLBCL.SL95958.exome_1tier.hg19.final.bam
script complete for EGAR00001588649_3696.a.1kDLBCL.DLBCL.SL95958.exome_1tier.hg19.final.bam


------------ Job WrapUp ------------

Job ID:            11325566.cri16sc001
User ID:           mleukam
Job Name:          sambamba_EGAR00001588649_3696.a.1kDLBCL.DLBCL.SL95958.exome_1tier.hg19.final.bam
Queue Name:        express
Working Directory: /home/mleukam/pbs
Resource List:     walltime=03:00:00,nodes=1:ppn=1,mem=4gb,neednodes=1:ppn=1
Resources Used:    cput=01:08:32,vmem=4379688kb,walltime=01:08:37,mem=2118948kb,energy_used=0
Exit Code:         0
Mother Superior:   cri16cn086

Execution Nodes: 
cri16cn086


