index for EGAR00001588222_2655.a.1kDLBCL.DLBCL.SL85058.exome_1tier.hg19.final.bam complete
finding positions of the duplicate reads in the file...
  sorted 15131271 end pairs
     and 318463 single ends (among them 0 unmatched pairs)
  collecting indices of duplicate reads...   done in 22038 ms
  found 4350757 duplicates
collected list of positions in 10 min 21 sec
removing duplicates...
total time elapsed: 45 min 28 sec
low quality reads removed from EGAR00001588222_2655.a.1kDLBCL.DLBCL.SL85058.exome_1tier.hg19.final.bam
duplicates removed from EGAR00001588222_2655.a.1kDLBCL.DLBCL.SL85058.exome_1tier.hg19.final.bam
script complete for EGAR00001588222_2655.a.1kDLBCL.DLBCL.SL85058.exome_1tier.hg19.final.bam


------------ Job WrapUp ------------

Job ID:            11325132.cri16sc001
User ID:           mleukam
Job Name:          sambamba_EGAR00001588222_2655.a.1kDLBCL.DLBCL.SL85058.exome_1tier.hg19.final.bam
Queue Name:        express
Working Directory: /home/mleukam/pbs
Resource List:     walltime=03:00:00,nodes=1:ppn=1,mem=4gb,neednodes=1:ppn=1
Resources Used:    cput=00:47:41,vmem=4260144kb,walltime=00:47:47,mem=1891744kb,energy_used=0
Exit Code:         0
Mother Superior:   cri16cn032

Execution Nodes: 
cri16cn032


