index for EGAR00001588148_2548.a.1kDLBCL.DLBCL.SL103976.exome_1tier.hg19.final.bam complete
finding positions of the duplicate reads in the file...
  sorted 20847693 end pairs
     and 598401 single ends (among them 0 unmatched pairs)
  collecting indices of duplicate reads...   done in 36307 ms
  found 8756474 duplicates
collected list of positions in 15 min 47 sec
removing duplicates...
total time elapsed: 64 min 18 sec
low quality reads removed from EGAR00001588148_2548.a.1kDLBCL.DLBCL.SL103976.exome_1tier.hg19.final.bam
duplicates removed from EGAR00001588148_2548.a.1kDLBCL.DLBCL.SL103976.exome_1tier.hg19.final.bam
script complete for EGAR00001588148_2548.a.1kDLBCL.DLBCL.SL103976.exome_1tier.hg19.final.bam


------------ Job WrapUp ------------

Job ID:            11325056.cri16sc001
User ID:           mleukam
Job Name:          sambamba_EGAR00001588148_2548.a.1kDLBCL.DLBCL.SL103976.exome_1tier.hg19.final.bam
Queue Name:        express
Working Directory: /home/mleukam/pbs
Resource List:     walltime=03:00:00,nodes=1:ppn=1,mem=4gb,neednodes=1:ppn=1
Resources Used:    cput=01:07:31,vmem=4278836kb,walltime=01:07:37,mem=1999316kb,energy_used=0
Exit Code:         0
Mother Superior:   cri16cn052

Execution Nodes: 
cri16cn052


