index for EGAR00001588136_2532.a.1kDLBCL.DLBCL.SL86358.exome_1tier.hg19.final.bam complete
finding positions of the duplicate reads in the file...
  sorted 4035966 end pairs
     and 70819 single ends (among them 0 unmatched pairs)
  collecting indices of duplicate reads...   done in 6260 ms
  found 1222255 duplicates
collected list of positions in 2 min 43 sec
removing duplicates...
total time elapsed: 12 min 1 sec
low quality reads removed from EGAR00001588136_2532.a.1kDLBCL.DLBCL.SL86358.exome_1tier.hg19.final.bam
duplicates removed from EGAR00001588136_2532.a.1kDLBCL.DLBCL.SL86358.exome_1tier.hg19.final.bam
script complete for EGAR00001588136_2532.a.1kDLBCL.DLBCL.SL86358.exome_1tier.hg19.final.bam


------------ Job WrapUp ------------

Job ID:            11325044.cri16sc001
User ID:           mleukam
Job Name:          sambamba_EGAR00001588136_2532.a.1kDLBCL.DLBCL.SL86358.exome_1tier.hg19.final.bam
Queue Name:        express
Working Directory: /home/mleukam/pbs
Resource List:     walltime=03:00:00,nodes=1:ppn=1,mem=4gb,neednodes=1:ppn=1
Resources Used:    cput=00:12:50,vmem=4131476kb,walltime=00:12:54,mem=1387872kb,energy_used=0
Exit Code:         0
Mother Superior:   cri16cn017

Execution Nodes: 
cri16cn017


