index for EGAR00001587912_800.a.1kDLBCL_FFPEvsFrozen.DLBCL.SL105313.exome_1tier.hg19.final.bam complete
finding positions of the duplicate reads in the file...
  sorted 20505676 end pairs
     and 416616 single ends (among them 0 unmatched pairs)
  collecting indices of duplicate reads...   done in 35998 ms
  found 10838894 duplicates
collected list of positions in 13 min 36 sec
removing duplicates...
total time elapsed: 53 min 54 sec
low quality reads removed from EGAR00001587912_800.a.1kDLBCL_FFPEvsFrozen.DLBCL.SL105313.exome_1tier.hg19.final.bam
duplicates removed from EGAR00001587912_800.a.1kDLBCL_FFPEvsFrozen.DLBCL.SL105313.exome_1tier.hg19.final.bam
script complete for EGAR00001587912_800.a.1kDLBCL_FFPEvsFrozen.DLBCL.SL105313.exome_1tier.hg19.final.bam


------------ Job WrapUp ------------

Job ID:            11324817.cri16sc001
User ID:           mleukam
Job Name:          sambamba_EGAR00001587912_800.a.1kDLBCL_FFPEvsFrozen.DLBCL.SL105313.exome_1tier.hg19.final.bam
Queue Name:        express
Working Directory: /home/mleukam/pbs
Resource List:     walltime=03:00:00,nodes=1:ppn=1,mem=4gb,neednodes=1:ppn=1
Resources Used:    cput=00:56:37,vmem=4397404kb,walltime=00:56:43,mem=2244528kb,energy_used=0
Exit Code:         0
Mother Superior:   cri16cn058

Execution Nodes: 
cri16cn058


