index for EGAR00001588750_3832.a.1kDLBCL.DLBCL.SL103109.exome_1tier.hg19.final.bam complete
finding positions of the duplicate reads in the file...
  sorted 26348263 end pairs
     and 761790 single ends (among them 0 unmatched pairs)
  collecting indices of duplicate reads...   done in 43727 ms
  found 6180618 duplicates
collected list of positions in 18 min 46 sec
removing duplicates...
total time elapsed: 77 min 27 sec
low quality reads removed from EGAR00001588750_3832.a.1kDLBCL.DLBCL.SL103109.exome_1tier.hg19.final.bam
duplicates removed from EGAR00001588750_3832.a.1kDLBCL.DLBCL.SL103109.exome_1tier.hg19.final.bam
script complete for EGAR00001588750_3832.a.1kDLBCL.DLBCL.SL103109.exome_1tier.hg19.final.bam


------------ Job WrapUp ------------

Job ID:            11325668.cri16sc001
User ID:           mleukam
Job Name:          sambamba_EGAR00001588750_3832.a.1kDLBCL.DLBCL.SL103109.exome_1tier.hg19.final.bam
Queue Name:        express
Working Directory: /home/mleukam/pbs
Resource List:     walltime=03:00:00,nodes=1:ppn=1,mem=4gb,neednodes=1:ppn=1
Resources Used:    cput=01:21:11,vmem=4238876kb,walltime=01:21:18,mem=2148712kb,energy_used=0
Exit Code:         0
Mother Superior:   cri16cn032

Execution Nodes: 
cri16cn032


