index for EGAR00001588810_3912.a.1kDLBCL.DLBCL.SL102797.exome_1tier.hg19.final.bam complete
finding positions of the duplicate reads in the file...
  sorted 12392254 end pairs
     and 266928 single ends (among them 0 unmatched pairs)
  collecting indices of duplicate reads...   done in 18791 ms
  found 6548020 duplicates
collected list of positions in 8 min 24 sec
removing duplicates...
total time elapsed: 33 min 4 sec
low quality reads removed from EGAR00001588810_3912.a.1kDLBCL.DLBCL.SL102797.exome_1tier.hg19.final.bam
duplicates removed from EGAR00001588810_3912.a.1kDLBCL.DLBCL.SL102797.exome_1tier.hg19.final.bam
script complete for EGAR00001588810_3912.a.1kDLBCL.DLBCL.SL102797.exome_1tier.hg19.final.bam


------------ Job WrapUp ------------

Job ID:            11325730.cri16sc001
User ID:           mleukam
Job Name:          sambamba_EGAR00001588810_3912.a.1kDLBCL.DLBCL.SL102797.exome_1tier.hg19.final.bam
Queue Name:        express
Working Directory: /home/mleukam/pbs
Resource List:     walltime=03:00:00,nodes=1:ppn=1,mem=4gb,neednodes=1:ppn=1
Resources Used:    cput=00:34:42,vmem=4095444kb,walltime=00:34:46,mem=1706564kb,energy_used=0
Exit Code:         0
Mother Superior:   cri16cn080

Execution Nodes: 
cri16cn080


