index for EGAR00001588379_2934.a.1kDLBCL.DLBCL.SL105022.exome_1tier.hg19.final.bam complete
finding positions of the duplicate reads in the file...
  sorted 12739481 end pairs
     and 321288 single ends (among them 0 unmatched pairs)
  collecting indices of duplicate reads...   done in 27239 ms
  found 6897633 duplicates
collected list of positions in 9 min 3 sec
removing duplicates...
total time elapsed: 33 min 52 sec
low quality reads removed from EGAR00001588379_2934.a.1kDLBCL.DLBCL.SL105022.exome_1tier.hg19.final.bam
duplicates removed from EGAR00001588379_2934.a.1kDLBCL.DLBCL.SL105022.exome_1tier.hg19.final.bam
script complete for EGAR00001588379_2934.a.1kDLBCL.DLBCL.SL105022.exome_1tier.hg19.final.bam


------------ Job WrapUp ------------

Job ID:            11325292.cri16sc001
User ID:           mleukam
Job Name:          sambamba_EGAR00001588379_2934.a.1kDLBCL.DLBCL.SL105022.exome_1tier.hg19.final.bam
Queue Name:        express
Working Directory: /home/mleukam/pbs
Resource List:     walltime=03:00:00,nodes=1:ppn=1,mem=4gb,neednodes=1:ppn=1
Resources Used:    cput=00:35:33,vmem=4144780kb,walltime=00:35:41,mem=1769072kb,energy_used=0
Exit Code:         0
Mother Superior:   cri16cn088

Execution Nodes: 
cri16cn088


