index for EGAR00001588592_3630.a.1kDLBCL.DLBCL.SL100093.exome_1tier.hg19.final.bam complete
finding positions of the duplicate reads in the file...
  sorted 7845220 end pairs
     and 184250 single ends (among them 0 unmatched pairs)
  collecting indices of duplicate reads...   done in 11667 ms
  found 3337741 duplicates
collected list of positions in 5 min 12 sec
removing duplicates...
total time elapsed: 23 min 3 sec
low quality reads removed from EGAR00001588592_3630.a.1kDLBCL.DLBCL.SL100093.exome_1tier.hg19.final.bam
duplicates removed from EGAR00001588592_3630.a.1kDLBCL.DLBCL.SL100093.exome_1tier.hg19.final.bam
script complete for EGAR00001588592_3630.a.1kDLBCL.DLBCL.SL100093.exome_1tier.hg19.final.bam


------------ Job WrapUp ------------

Job ID:            11325508.cri16sc001
User ID:           mleukam
Job Name:          sambamba_EGAR00001588592_3630.a.1kDLBCL.DLBCL.SL100093.exome_1tier.hg19.final.bam
Queue Name:        express
Working Directory: /home/mleukam/pbs
Resource List:     walltime=03:00:00,nodes=1:ppn=1,mem=4gb,neednodes=1:ppn=1
Resources Used:    cput=00:24:16,vmem=4292460kb,walltime=00:24:19,mem=1710344kb,energy_used=0
Exit Code:         0
Mother Superior:   cri16cn057

Execution Nodes: 
cri16cn057


