index for EGAR00001588084_2281.a.1kDLBCL.DLBCL.SL72343_SL72535.exome_1tier.hg19.final.bam complete
finding positions of the duplicate reads in the file...
  sorted 21926153 end pairs
     and 702591 single ends (among them 0 unmatched pairs)
  collecting indices of duplicate reads...   done in 37139 ms
  found 4878386 duplicates
collected list of positions in 16 min 38 sec
removing duplicates...
total time elapsed: 77 min 55 sec
low quality reads removed from EGAR00001588084_2281.a.1kDLBCL.DLBCL.SL72343_SL72535.exome_1tier.hg19.final.bam
duplicates removed from EGAR00001588084_2281.a.1kDLBCL.DLBCL.SL72343_SL72535.exome_1tier.hg19.final.bam
script complete for EGAR00001588084_2281.a.1kDLBCL.DLBCL.SL72343_SL72535.exome_1tier.hg19.final.bam


------------ Job WrapUp ------------

Job ID:            11324991.cri16sc001
User ID:           mleukam
Job Name:          sambamba_EGAR00001588084_2281.a.1kDLBCL.DLBCL.SL72343_SL72535.exome_1tier.hg19.final.bam
Queue Name:        express
Working Directory: /home/mleukam/pbs
Resource List:     walltime=03:00:00,nodes=1:ppn=1,mem=4gb,neednodes=1:ppn=1
Resources Used:    cput=01:21:19,vmem=4238908kb,walltime=01:21:26,mem=2110012kb,energy_used=0
Exit Code:         0
Mother Superior:   cri16cn048

Execution Nodes: 
cri16cn048


