index for EGAR00001588571_3606.a.1kDLBCL.DLBCL.SL100966.exome_1tier.hg19.final.bam complete
finding positions of the duplicate reads in the file...
  sorted 10352588 end pairs
     and 279159 single ends (among them 0 unmatched pairs)
  collecting indices of duplicate reads...   done in 15207 ms
  found 3004537 duplicates
collected list of positions in 7 min 32 sec
removing duplicates...
total time elapsed: 35 min 49 sec
low quality reads removed from EGAR00001588571_3606.a.1kDLBCL.DLBCL.SL100966.exome_1tier.hg19.final.bam
duplicates removed from EGAR00001588571_3606.a.1kDLBCL.DLBCL.SL100966.exome_1tier.hg19.final.bam
script complete for EGAR00001588571_3606.a.1kDLBCL.DLBCL.SL100966.exome_1tier.hg19.final.bam


------------ Job WrapUp ------------

Job ID:            11325487.cri16sc001
User ID:           mleukam
Job Name:          sambamba_EGAR00001588571_3606.a.1kDLBCL.DLBCL.SL100966.exome_1tier.hg19.final.bam
Queue Name:        express
Working Directory: /home/mleukam/pbs
Resource List:     walltime=03:00:00,nodes=1:ppn=1,mem=4gb,neednodes=1:ppn=1
Resources Used:    cput=00:37:25,vmem=4374840kb,walltime=00:37:28,mem=1926588kb,energy_used=0
Exit Code:         0
Mother Superior:   cri16cn040

Execution Nodes: 
cri16cn040


