index for EGAR00001588612_3653.a.1kDLBCL.DLBCL.SL100638.exome_1tier.hg19.final.bam complete
finding positions of the duplicate reads in the file...
  sorted 9732588 end pairs
     and 206796 single ends (among them 0 unmatched pairs)
  collecting indices of duplicate reads...   done in 14424 ms
  found 3259229 duplicates
collected list of positions in 6 min 38 sec
removing duplicates...
total time elapsed: 30 min 37 sec
low quality reads removed from EGAR00001588612_3653.a.1kDLBCL.DLBCL.SL100638.exome_1tier.hg19.final.bam
duplicates removed from EGAR00001588612_3653.a.1kDLBCL.DLBCL.SL100638.exome_1tier.hg19.final.bam
script complete for EGAR00001588612_3653.a.1kDLBCL.DLBCL.SL100638.exome_1tier.hg19.final.bam


------------ Job WrapUp ------------

Job ID:            11325529.cri16sc001
User ID:           mleukam
Job Name:          sambamba_EGAR00001588612_3653.a.1kDLBCL.DLBCL.SL100638.exome_1tier.hg19.final.bam
Queue Name:        express
Working Directory: /home/mleukam/pbs
Resource List:     walltime=03:00:00,nodes=1:ppn=1,mem=4gb,neednodes=1:ppn=1
Resources Used:    cput=00:32:02,vmem=4319936kb,walltime=00:32:07,mem=1625172kb,energy_used=0
Exit Code:         0
Mother Superior:   cri16cn018

Execution Nodes: 
cri16cn018


