index for EGAR00001587985_2145.a.1kDLBCL.DLBCL.SL84305_SL90580.exome_1tier.hg19.final.bam complete
finding positions of the duplicate reads in the file...
  sorted 18673348 end pairs
     and 390964 single ends (among them 0 unmatched pairs)
  collecting indices of duplicate reads...   done in 32449 ms
  found 4242402 duplicates
collected list of positions in 14 min 13 sec
removing duplicates...
total time elapsed: 66 min 39 sec
low quality reads removed from EGAR00001587985_2145.a.1kDLBCL.DLBCL.SL84305_SL90580.exome_1tier.hg19.final.bam
duplicates removed from EGAR00001587985_2145.a.1kDLBCL.DLBCL.SL84305_SL90580.exome_1tier.hg19.final.bam
script complete for EGAR00001587985_2145.a.1kDLBCL.DLBCL.SL84305_SL90580.exome_1tier.hg19.final.bam


------------ Job WrapUp ------------

Job ID:            11324891.cri16sc001
User ID:           mleukam
Job Name:          sambamba_EGAR00001587985_2145.a.1kDLBCL.DLBCL.SL84305_SL90580.exome_1tier.hg19.final.bam
Queue Name:        express
Working Directory: /home/mleukam/pbs
Resource List:     walltime=03:00:00,nodes=1:ppn=1,mem=4gb,neednodes=1:ppn=1
Resources Used:    cput=01:09:37,vmem=4459000kb,walltime=01:09:45,mem=2057920kb,energy_used=0
Exit Code:         0
Mother Superior:   cri16cn051

Execution Nodes: 
cri16cn051


