index for EGAR00001587967_2123.a.1kDLBCL.DLBCL.SL84398_SL90434.exome_1tier.hg19.final.bam complete
finding positions of the duplicate reads in the file...
  sorted 17684611 end pairs
     and 356283 single ends (among them 0 unmatched pairs)
  collecting indices of duplicate reads...   done in 30368 ms
  found 3843624 duplicates
collected list of positions in 14 min 48 sec
removing duplicates...
total time elapsed: 68 min 49 sec
low quality reads removed from EGAR00001587967_2123.a.1kDLBCL.DLBCL.SL84398_SL90434.exome_1tier.hg19.final.bam
duplicates removed from EGAR00001587967_2123.a.1kDLBCL.DLBCL.SL84398_SL90434.exome_1tier.hg19.final.bam
script complete for EGAR00001587967_2123.a.1kDLBCL.DLBCL.SL84398_SL90434.exome_1tier.hg19.final.bam


------------ Job WrapUp ------------

Job ID:            11324873.cri16sc001
User ID:           mleukam
Job Name:          sambamba_EGAR00001587967_2123.a.1kDLBCL.DLBCL.SL84398_SL90434.exome_1tier.hg19.final.bam
Queue Name:        express
Working Directory: /home/mleukam/pbs
Resource List:     walltime=03:00:00,nodes=1:ppn=1,mem=4gb,neednodes=1:ppn=1
Resources Used:    cput=01:11:18,vmem=4125876kb,walltime=01:11:42,mem=1955752kb,energy_used=0
Exit Code:         0
Mother Superior:   cri16cn014

Execution Nodes: 
cri16cn014


