index for EGAR00001588679_3731.a.1kDLBCL.DLBCL.SL103871.exome_1tier.hg19.final.bam complete
finding positions of the duplicate reads in the file...
  sorted 24728718 end pairs
     and 560284 single ends (among them 0 unmatched pairs)
  collecting indices of duplicate reads...   done in 43118 ms
  found 17087867 duplicates
collected list of positions in 17 min 14 sec
removing duplicates...
total time elapsed: 66 min 4 sec
low quality reads removed from EGAR00001588679_3731.a.1kDLBCL.DLBCL.SL103871.exome_1tier.hg19.final.bam
duplicates removed from EGAR00001588679_3731.a.1kDLBCL.DLBCL.SL103871.exome_1tier.hg19.final.bam
script complete for EGAR00001588679_3731.a.1kDLBCL.DLBCL.SL103871.exome_1tier.hg19.final.bam


------------ Job WrapUp ------------

Job ID:            11325597.cri16sc001
User ID:           mleukam
Job Name:          sambamba_EGAR00001588679_3731.a.1kDLBCL.DLBCL.SL103871.exome_1tier.hg19.final.bam
Queue Name:        express
Working Directory: /home/mleukam/pbs
Resource List:     walltime=03:00:00,nodes=1:ppn=1,mem=4gb,neednodes=1:ppn=1
Resources Used:    cput=01:09:27,vmem=4233504kb,walltime=01:09:32,mem=2026500kb,energy_used=0
Exit Code:         0
Mother Superior:   cri16cn016

Execution Nodes: 
cri16cn016


