index for EGAR00001588730_3811.a.1kDLBCL.DLBCL.SL99502.exome_1tier.hg19.final.bam complete
finding positions of the duplicate reads in the file...
  sorted 20339100 end pairs
     and 919698 single ends (among them 0 unmatched pairs)
  collecting indices of duplicate reads...   done in 35398 ms
  found 5813994 duplicates
collected list of positions in 15 min 33 sec
removing duplicates...
total time elapsed: 68 min 46 sec
low quality reads removed from EGAR00001588730_3811.a.1kDLBCL.DLBCL.SL99502.exome_1tier.hg19.final.bam
duplicates removed from EGAR00001588730_3811.a.1kDLBCL.DLBCL.SL99502.exome_1tier.hg19.final.bam
script complete for EGAR00001588730_3811.a.1kDLBCL.DLBCL.SL99502.exome_1tier.hg19.final.bam


------------ Job WrapUp ------------

Job ID:            11325649.cri16sc001
User ID:           mleukam
Job Name:          sambamba_EGAR00001588730_3811.a.1kDLBCL.DLBCL.SL99502.exome_1tier.hg19.final.bam
Queue Name:        express
Working Directory: /home/mleukam/pbs
Resource List:     walltime=03:00:00,nodes=1:ppn=1,mem=4gb,neednodes=1:ppn=1
Resources Used:    cput=01:11:47,vmem=4385696kb,walltime=01:11:53,mem=1959348kb,energy_used=0
Exit Code:         0
Mother Superior:   cri16cn010

Execution Nodes: 
cri16cn010


