index for EGAR00001588317_2826.a.1kDLBCL.DLBCL.SL100745.exome_1tier.hg19.final.bam complete
finding positions of the duplicate reads in the file...
  sorted 6240160 end pairs
     and 159616 single ends (among them 0 unmatched pairs)
  collecting indices of duplicate reads...   done in 9056 ms
  found 1523813 duplicates
collected list of positions in 4 min 34 sec
removing duplicates...
total time elapsed: 23 min 46 sec
low quality reads removed from EGAR00001588317_2826.a.1kDLBCL.DLBCL.SL100745.exome_1tier.hg19.final.bam
duplicates removed from EGAR00001588317_2826.a.1kDLBCL.DLBCL.SL100745.exome_1tier.hg19.final.bam
script complete for EGAR00001588317_2826.a.1kDLBCL.DLBCL.SL100745.exome_1tier.hg19.final.bam


------------ Job WrapUp ------------

Job ID:            11325229.cri16sc001
User ID:           mleukam
Job Name:          sambamba_EGAR00001588317_2826.a.1kDLBCL.DLBCL.SL100745.exome_1tier.hg19.final.bam
Queue Name:        express
Working Directory: /home/mleukam/pbs
Resource List:     walltime=03:00:00,nodes=1:ppn=1,mem=4gb,neednodes=1:ppn=1
Resources Used:    cput=00:24:52,vmem=4195796kb,walltime=00:24:56,mem=1572684kb,energy_used=0
Exit Code:         0
Mother Superior:   cri16cn078

Execution Nodes: 
cri16cn078


