index for EGAR00001588202_2628.a.1kDLBCL.DLBCL.SL79192.exome_1tier.hg19.final.bam complete
finding positions of the duplicate reads in the file...
  sorted 16755405 end pairs
     and 308958 single ends (among them 0 unmatched pairs)
  collecting indices of duplicate reads...   done in 23772 ms
  found 2216649 duplicates
collected list of positions in 11 min 57 sec
removing duplicates...
total time elapsed: 50 min 55 sec
low quality reads removed from EGAR00001588202_2628.a.1kDLBCL.DLBCL.SL79192.exome_1tier.hg19.final.bam
duplicates removed from EGAR00001588202_2628.a.1kDLBCL.DLBCL.SL79192.exome_1tier.hg19.final.bam
script complete for EGAR00001588202_2628.a.1kDLBCL.DLBCL.SL79192.exome_1tier.hg19.final.bam


------------ Job WrapUp ------------

Job ID:            11325112.cri16sc001
User ID:           mleukam
Job Name:          sambamba_EGAR00001588202_2628.a.1kDLBCL.DLBCL.SL79192.exome_1tier.hg19.final.bam
Queue Name:        express
Working Directory: /home/mleukam/pbs
Resource List:     walltime=03:00:00,nodes=1:ppn=1,mem=4gb,neednodes=1:ppn=1
Resources Used:    cput=00:53:03,vmem=4122196kb,walltime=00:53:12,mem=1887860kb,energy_used=0
Exit Code:         0
Mother Superior:   cri16cn082

Execution Nodes: 
cri16cn082


