index for EGAR00001588864_3967.a.1kDLBCL.DLBCL.SL98585.exome_1tier.hg19.final.bam complete
finding positions of the duplicate reads in the file...
  sorted 16095047 end pairs
     and 378549 single ends (among them 0 unmatched pairs)
  collecting indices of duplicate reads...   done in 26458 ms
  found 7571304 duplicates
collected list of positions in 13 min 1 sec
removing duplicates...
total time elapsed: 50 min 40 sec
low quality reads removed from EGAR00001588864_3967.a.1kDLBCL.DLBCL.SL98585.exome_1tier.hg19.final.bam
duplicates removed from EGAR00001588864_3967.a.1kDLBCL.DLBCL.SL98585.exome_1tier.hg19.final.bam
script complete for EGAR00001588864_3967.a.1kDLBCL.DLBCL.SL98585.exome_1tier.hg19.final.bam


------------ Job WrapUp ------------

Job ID:            11325785.cri16sc001
User ID:           mleukam
Job Name:          sambamba_EGAR00001588864_3967.a.1kDLBCL.DLBCL.SL98585.exome_1tier.hg19.final.bam
Queue Name:        express
Working Directory: /home/mleukam/pbs
Resource List:     walltime=03:00:00,nodes=1:ppn=1,mem=4gb,neednodes=1:ppn=1
Resources Used:    cput=00:53:22,vmem=4256328kb,walltime=00:53:28,mem=2011168kb,energy_used=0
Exit Code:         0
Mother Superior:   cri16cn049

Execution Nodes: 
cri16cn049


