index for EGAR00001588186_2605.a.1kDLBCL.DLBCL.SL90160.exome_1tier.hg19.final.bam complete
finding positions of the duplicate reads in the file...
  sorted 15748302 end pairs
     and 440985 single ends (among them 0 unmatched pairs)
  collecting indices of duplicate reads...   done in 22957 ms
  found 3691600 duplicates
collected list of positions in 11 min 21 sec
removing duplicates...
total time elapsed: 48 min 44 sec
low quality reads removed from EGAR00001588186_2605.a.1kDLBCL.DLBCL.SL90160.exome_1tier.hg19.final.bam
duplicates removed from EGAR00001588186_2605.a.1kDLBCL.DLBCL.SL90160.exome_1tier.hg19.final.bam
script complete for EGAR00001588186_2605.a.1kDLBCL.DLBCL.SL90160.exome_1tier.hg19.final.bam


------------ Job WrapUp ------------

Job ID:            11325095.cri16sc001
User ID:           mleukam
Job Name:          sambamba_EGAR00001588186_2605.a.1kDLBCL.DLBCL.SL90160.exome_1tier.hg19.final.bam
Queue Name:        express
Working Directory: /home/mleukam/pbs
Resource List:     walltime=03:00:00,nodes=1:ppn=1,mem=4gb,neednodes=1:ppn=1
Resources Used:    cput=00:50:47,vmem=4400776kb,walltime=00:51:00,mem=2079680kb,energy_used=0
Exit Code:         0
Mother Superior:   cri16cn008

Execution Nodes: 
cri16cn008


