index for EGAR00001588102_2459.a.1kDLBCL.DLBCL.SL104227.exome_1tier.hg19.final.bam complete
finding positions of the duplicate reads in the file...
  sorted 8251947 end pairs
     and 214494 single ends (among them 0 unmatched pairs)
  collecting indices of duplicate reads...   done in 12028 ms
  found 2360263 duplicates
collected list of positions in 5 min 31 sec
removing duplicates...
total time elapsed: 24 min 58 sec
low quality reads removed from EGAR00001588102_2459.a.1kDLBCL.DLBCL.SL104227.exome_1tier.hg19.final.bam
duplicates removed from EGAR00001588102_2459.a.1kDLBCL.DLBCL.SL104227.exome_1tier.hg19.final.bam
script complete for EGAR00001588102_2459.a.1kDLBCL.DLBCL.SL104227.exome_1tier.hg19.final.bam


------------ Job WrapUp ------------

Job ID:            11325010.cri16sc001
User ID:           mleukam
Job Name:          sambamba_EGAR00001588102_2459.a.1kDLBCL.DLBCL.SL104227.exome_1tier.hg19.final.bam
Queue Name:        express
Working Directory: /home/mleukam/pbs
Resource List:     walltime=03:00:00,nodes=1:ppn=1,mem=4gb,neednodes=1:ppn=1
Resources Used:    cput=00:26:24,vmem=4075968kb,walltime=00:26:28,mem=1556172kb,energy_used=0
Exit Code:         0
Mother Superior:   cri16cn012

Execution Nodes: 
cri16cn012


