index for EGAR00001588390_2949.a.1kDLBCL.DLBCL.SL102792.exome_1tier.hg19.final.bam complete
finding positions of the duplicate reads in the file...
  sorted 12057989 end pairs
     and 277771 single ends (among them 0 unmatched pairs)
  collecting indices of duplicate reads...   done in 17909 ms
  found 4643723 duplicates
collected list of positions in 8 min 46 sec
removing duplicates...
total time elapsed: 37 min 4 sec
low quality reads removed from EGAR00001588390_2949.a.1kDLBCL.DLBCL.SL102792.exome_1tier.hg19.final.bam
duplicates removed from EGAR00001588390_2949.a.1kDLBCL.DLBCL.SL102792.exome_1tier.hg19.final.bam
script complete for EGAR00001588390_2949.a.1kDLBCL.DLBCL.SL102792.exome_1tier.hg19.final.bam


------------ Job WrapUp ------------

Job ID:            11325303.cri16sc001
User ID:           mleukam
Job Name:          sambamba_EGAR00001588390_2949.a.1kDLBCL.DLBCL.SL102792.exome_1tier.hg19.final.bam
Queue Name:        express
Working Directory: /home/mleukam/pbs
Resource List:     walltime=03:00:00,nodes=1:ppn=1,mem=4gb,neednodes=1:ppn=1
Resources Used:    cput=00:38:53,vmem=4341760kb,walltime=00:39:00,mem=1948596kb,energy_used=0
Exit Code:         0
Mother Superior:   cri16cn076

Execution Nodes: 
cri16cn076


