index for EGAR00001588496_3500.a.1kDLBCL.DLBCL.SL99789.exome_1tier.hg19.final.bam complete
finding positions of the duplicate reads in the file...
  sorted 9969910 end pairs
     and 203865 single ends (among them 0 unmatched pairs)
  collecting indices of duplicate reads...   done in 14753 ms
  found 4154064 duplicates
collected list of positions in 6 min 28 sec
removing duplicates...
total time elapsed: 27 min 0 sec
low quality reads removed from EGAR00001588496_3500.a.1kDLBCL.DLBCL.SL99789.exome_1tier.hg19.final.bam
duplicates removed from EGAR00001588496_3500.a.1kDLBCL.DLBCL.SL99789.exome_1tier.hg19.final.bam
script complete for EGAR00001588496_3500.a.1kDLBCL.DLBCL.SL99789.exome_1tier.hg19.final.bam


------------ Job WrapUp ------------

Job ID:            11325410.cri16sc001
User ID:           mleukam
Job Name:          sambamba_EGAR00001588496_3500.a.1kDLBCL.DLBCL.SL99789.exome_1tier.hg19.final.bam
Queue Name:        express
Working Directory: /home/mleukam/pbs
Resource List:     walltime=03:00:00,nodes=1:ppn=1,mem=4gb,neednodes=1:ppn=1
Resources Used:    cput=00:28:34,vmem=4196188kb,walltime=00:28:38,mem=1692332kb,energy_used=0
Exit Code:         0
Mother Superior:   cri16cn043

Execution Nodes: 
cri16cn043


