index for EGAR00001588529_3545.a.1kDLBCL.DLBCL.SL90239.exome_1tier.hg19.final.bam complete
finding positions of the duplicate reads in the file...
  sorted 9670749 end pairs
     and 307930 single ends (among them 0 unmatched pairs)
  collecting indices of duplicate reads...   done in 14251 ms
  found 2601502 duplicates
collected list of positions in 8 min 20 sec
removing duplicates...
total time elapsed: 40 min 25 sec
low quality reads removed from EGAR00001588529_3545.a.1kDLBCL.DLBCL.SL90239.exome_1tier.hg19.final.bam
duplicates removed from EGAR00001588529_3545.a.1kDLBCL.DLBCL.SL90239.exome_1tier.hg19.final.bam
script complete for EGAR00001588529_3545.a.1kDLBCL.DLBCL.SL90239.exome_1tier.hg19.final.bam


------------ Job WrapUp ------------

Job ID:            11325444.cri16sc001
User ID:           mleukam
Job Name:          sambamba_EGAR00001588529_3545.a.1kDLBCL.DLBCL.SL90239.exome_1tier.hg19.final.bam
Queue Name:        express
Working Directory: /home/mleukam/pbs
Resource List:     walltime=03:00:00,nodes=1:ppn=1,mem=4gb,neednodes=1:ppn=1
Resources Used:    cput=00:42:04,vmem=4329508kb,walltime=00:42:08,mem=1863408kb,energy_used=0
Exit Code:         0
Mother Superior:   cri16cn069

Execution Nodes: 
cri16cn069


