index for EGAR00001588421_3405.a.1kDLBCL.DLBCL.SL104333.exome_1tier.hg19.final.bam complete
finding positions of the duplicate reads in the file...
  sorted 17987540 end pairs
     and 415644 single ends (among them 0 unmatched pairs)
  collecting indices of duplicate reads...   done in 31659 ms
  found 8254369 duplicates
collected list of positions in 12 min 42 sec
removing duplicates...
total time elapsed: 53 min 1 sec
low quality reads removed from EGAR00001588421_3405.a.1kDLBCL.DLBCL.SL104333.exome_1tier.hg19.final.bam
duplicates removed from EGAR00001588421_3405.a.1kDLBCL.DLBCL.SL104333.exome_1tier.hg19.final.bam
script complete for EGAR00001588421_3405.a.1kDLBCL.DLBCL.SL104333.exome_1tier.hg19.final.bam


------------ Job WrapUp ------------

Job ID:            11325335.cri16sc001
User ID:           mleukam
Job Name:          sambamba_EGAR00001588421_3405.a.1kDLBCL.DLBCL.SL104333.exome_1tier.hg19.final.bam
Queue Name:        express
Working Directory: /home/mleukam/pbs
Resource List:     walltime=03:00:00,nodes=1:ppn=1,mem=4gb,neednodes=1:ppn=1
Resources Used:    cput=00:55:37,vmem=4395044kb,walltime=00:55:42,mem=2192168kb,energy_used=0
Exit Code:         0
Mother Superior:   cri16cn073

Execution Nodes: 
cri16cn073


