index for EGAR00001588206_2634.a.1kDLBCL.DLBCL.SL99987.exome_1tier.hg19.final.bam complete
finding positions of the duplicate reads in the file...
  sorted 9763746 end pairs
     and 210447 single ends (among them 0 unmatched pairs)
  collecting indices of duplicate reads...   done in 14188 ms
  found 2620823 duplicates
collected list of positions in 6 min 32 sec
removing duplicates...
total time elapsed: 28 min 10 sec
low quality reads removed from EGAR00001588206_2634.a.1kDLBCL.DLBCL.SL99987.exome_1tier.hg19.final.bam
duplicates removed from EGAR00001588206_2634.a.1kDLBCL.DLBCL.SL99987.exome_1tier.hg19.final.bam
script complete for EGAR00001588206_2634.a.1kDLBCL.DLBCL.SL99987.exome_1tier.hg19.final.bam


------------ Job WrapUp ------------

Job ID:            11325116.cri16sc001
User ID:           mleukam
Job Name:          sambamba_EGAR00001588206_2634.a.1kDLBCL.DLBCL.SL99987.exome_1tier.hg19.final.bam
Queue Name:        express
Working Directory: /home/mleukam/pbs
Resource List:     walltime=03:00:00,nodes=1:ppn=1,mem=4gb,neednodes=1:ppn=1
Resources Used:    cput=00:29:47,vmem=4143820kb,walltime=00:29:52,mem=1649468kb,energy_used=0
Exit Code:         0
Mother Superior:   cri16cn056

Execution Nodes: 
cri16cn056


