index for EGAR00001588593_3631.a.1kDLBCL.DLBCL.SL99901.exome_1tier.hg19.final.bam complete
finding positions of the duplicate reads in the file...
  sorted 13424222 end pairs
     and 333348 single ends (among them 0 unmatched pairs)
  collecting indices of duplicate reads...   done in 20170 ms
  found 6411909 duplicates
collected list of positions in 8 min 48 sec
removing duplicates...
total time elapsed: 35 min 8 sec
low quality reads removed from EGAR00001588593_3631.a.1kDLBCL.DLBCL.SL99901.exome_1tier.hg19.final.bam
duplicates removed from EGAR00001588593_3631.a.1kDLBCL.DLBCL.SL99901.exome_1tier.hg19.final.bam
script complete for EGAR00001588593_3631.a.1kDLBCL.DLBCL.SL99901.exome_1tier.hg19.final.bam


------------ Job WrapUp ------------

Job ID:            11325509.cri16sc001
User ID:           mleukam
Job Name:          sambamba_EGAR00001588593_3631.a.1kDLBCL.DLBCL.SL99901.exome_1tier.hg19.final.bam
Queue Name:        express
Working Directory: /home/mleukam/pbs
Resource List:     walltime=03:00:00,nodes=1:ppn=1,mem=4gb,neednodes=1:ppn=1
Resources Used:    cput=00:37:01,vmem=4343184kb,walltime=00:37:05,mem=1894628kb,energy_used=0
Exit Code:         0
Mother Superior:   cri16cn075

Execution Nodes: 
cri16cn075


