index for EGAR00001588482_3482.a.1kDLBCL.DLBCL.SL99991.exome_1tier.hg19.final.bam complete
finding positions of the duplicate reads in the file...
  sorted 10130540 end pairs
     and 162346 single ends (among them 0 unmatched pairs)
  collecting indices of duplicate reads...   done in 14775 ms
  found 2743709 duplicates
collected list of positions in 6 min 42 sec
removing duplicates...
total time elapsed: 28 min 0 sec
low quality reads removed from EGAR00001588482_3482.a.1kDLBCL.DLBCL.SL99991.exome_1tier.hg19.final.bam
duplicates removed from EGAR00001588482_3482.a.1kDLBCL.DLBCL.SL99991.exome_1tier.hg19.final.bam
script complete for EGAR00001588482_3482.a.1kDLBCL.DLBCL.SL99991.exome_1tier.hg19.final.bam


------------ Job WrapUp ------------

Job ID:            11325396.cri16sc001
User ID:           mleukam
Job Name:          sambamba_EGAR00001588482_3482.a.1kDLBCL.DLBCL.SL99991.exome_1tier.hg19.final.bam
Queue Name:        express
Working Directory: /home/mleukam/pbs
Resource List:     walltime=03:00:00,nodes=1:ppn=1,mem=4gb,neednodes=1:ppn=1
Resources Used:    cput=00:29:37,vmem=4075968kb,walltime=00:29:41,mem=1628248kb,energy_used=0
Exit Code:         0
Mother Superior:   cri16cn047

Execution Nodes: 
cri16cn047


