index for EGAR00001588829_3931.a.1kDLBCL.DLBCL.SL98869.exome_1tier.hg19.final.bam complete
finding positions of the duplicate reads in the file...
  sorted 9258089 end pairs
     and 130435 single ends (among them 0 unmatched pairs)
  collecting indices of duplicate reads...   done in 13659 ms
  found 4236998 duplicates
collected list of positions in 6 min 1 sec
removing duplicates...
total time elapsed: 22 min 33 sec
low quality reads removed from EGAR00001588829_3931.a.1kDLBCL.DLBCL.SL98869.exome_1tier.hg19.final.bam
duplicates removed from EGAR00001588829_3931.a.1kDLBCL.DLBCL.SL98869.exome_1tier.hg19.final.bam
script complete for EGAR00001588829_3931.a.1kDLBCL.DLBCL.SL98869.exome_1tier.hg19.final.bam


------------ Job WrapUp ------------

Job ID:            11325749.cri16sc001
User ID:           mleukam
Job Name:          sambamba_EGAR00001588829_3931.a.1kDLBCL.DLBCL.SL98869.exome_1tier.hg19.final.bam
Queue Name:        express
Working Directory: /home/mleukam/pbs
Resource List:     walltime=03:00:00,nodes=1:ppn=1,mem=4gb,neednodes=1:ppn=1
Resources Used:    cput=00:23:48,vmem=4217112kb,walltime=00:23:50,mem=1540808kb,energy_used=0
Exit Code:         0
Mother Superior:   cri16cn013

Execution Nodes: 
cri16cn013


