index for EGAR00001588630_3673.a.1kDLBCL.DLBCL.SL99063.exome_1tier.hg19.final.bam complete
finding positions of the duplicate reads in the file...
  sorted 13688560 end pairs
     and 276590 single ends (among them 0 unmatched pairs)
  collecting indices of duplicate reads...   done in 21556 ms
  found 6628636 duplicates
collected list of positions in 9 min 46 sec
removing duplicates...
total time elapsed: 37 min 47 sec
low quality reads removed from EGAR00001588630_3673.a.1kDLBCL.DLBCL.SL99063.exome_1tier.hg19.final.bam
duplicates removed from EGAR00001588630_3673.a.1kDLBCL.DLBCL.SL99063.exome_1tier.hg19.final.bam
script complete for EGAR00001588630_3673.a.1kDLBCL.DLBCL.SL99063.exome_1tier.hg19.final.bam


------------ Job WrapUp ------------

Job ID:            11325547.cri16sc001
User ID:           mleukam
Job Name:          sambamba_EGAR00001588630_3673.a.1kDLBCL.DLBCL.SL99063.exome_1tier.hg19.final.bam
Queue Name:        express
Working Directory: /home/mleukam/pbs
Resource List:     walltime=03:00:00,nodes=1:ppn=1,mem=4gb,neednodes=1:ppn=1
Resources Used:    cput=00:39:40,vmem=4206220kb,walltime=00:39:45,mem=1890224kb,energy_used=0
Exit Code:         0
Mother Superior:   cri16cn083

Execution Nodes: 
cri16cn083


