index for EGAR00001588207_2635.a.1kDLBCL.DLBCL.SL84204.exome_1tier.hg19.final.bam complete
finding positions of the duplicate reads in the file...
  sorted 2329845 end pairs
     and 43080 single ends (among them 0 unmatched pairs)
  collecting indices of duplicate reads...   done in 3314 ms
  found 410553 duplicates
collected list of positions in 1 min 35 sec
removing duplicates...
total time elapsed: 7 min 8 sec
low quality reads removed from EGAR00001588207_2635.a.1kDLBCL.DLBCL.SL84204.exome_1tier.hg19.final.bam
duplicates removed from EGAR00001588207_2635.a.1kDLBCL.DLBCL.SL84204.exome_1tier.hg19.final.bam
script complete for EGAR00001588207_2635.a.1kDLBCL.DLBCL.SL84204.exome_1tier.hg19.final.bam


------------ Job WrapUp ------------

Job ID:            11325117.cri16sc001
User ID:           mleukam
Job Name:          sambamba_EGAR00001588207_2635.a.1kDLBCL.DLBCL.SL84204.exome_1tier.hg19.final.bam
Queue Name:        express
Working Directory: /home/mleukam/pbs
Resource List:     walltime=03:00:00,nodes=1:ppn=1,mem=4gb,neednodes=1:ppn=1
Resources Used:    cput=00:07:43,vmem=4174268kb,walltime=00:07:47,mem=1294140kb,energy_used=0
Exit Code:         0
Mother Superior:   cri16cn046

Execution Nodes: 
cri16cn046


