index for EGAR00001587966_2122.a.1kDLBCL.DLBCL.SL84114.exome_1tier.hg19.final.bam complete
finding positions of the duplicate reads in the file...
  sorted 13158544 end pairs
     and 247816 single ends (among them 0 unmatched pairs)
  collecting indices of duplicate reads...   done in 18997 ms
  found 2571872 duplicates
collected list of positions in 11 min 9 sec
removing duplicates...
total time elapsed: 52 min 13 sec
low quality reads removed from EGAR00001587966_2122.a.1kDLBCL.DLBCL.SL84114.exome_1tier.hg19.final.bam
duplicates removed from EGAR00001587966_2122.a.1kDLBCL.DLBCL.SL84114.exome_1tier.hg19.final.bam
script complete for EGAR00001587966_2122.a.1kDLBCL.DLBCL.SL84114.exome_1tier.hg19.final.bam


------------ Job WrapUp ------------

Job ID:            11324872.cri16sc001
User ID:           mleukam
Job Name:          sambamba_EGAR00001587966_2122.a.1kDLBCL.DLBCL.SL84114.exome_1tier.hg19.final.bam
Queue Name:        express
Working Directory: /home/mleukam/pbs
Resource List:     walltime=03:00:00,nodes=1:ppn=1,mem=4gb,neednodes=1:ppn=1
Resources Used:    cput=00:54:30,vmem=4598356kb,walltime=00:54:36,mem=2265524kb,energy_used=0
Exit Code:         0
Mother Superior:   cri16cn016

Execution Nodes: 
cri16cn016


