index for EGAR00001588585_3622.a.1kDLBCL.DLBCL.SL99897.exome_1tier.hg19.final.bam complete
finding positions of the duplicate reads in the file...
  sorted 12124233 end pairs
     and 257856 single ends (among them 0 unmatched pairs)
  collecting indices of duplicate reads...   done in 18868 ms
  found 7659066 duplicates
collected list of positions in 7 min 58 sec
removing duplicates...
total time elapsed: 31 min 42 sec
low quality reads removed from EGAR00001588585_3622.a.1kDLBCL.DLBCL.SL99897.exome_1tier.hg19.final.bam
duplicates removed from EGAR00001588585_3622.a.1kDLBCL.DLBCL.SL99897.exome_1tier.hg19.final.bam
script complete for EGAR00001588585_3622.a.1kDLBCL.DLBCL.SL99897.exome_1tier.hg19.final.bam


------------ Job WrapUp ------------

Job ID:            11325501.cri16sc001
User ID:           mleukam
Job Name:          sambamba_EGAR00001588585_3622.a.1kDLBCL.DLBCL.SL99897.exome_1tier.hg19.final.bam
Queue Name:        express
Working Directory: /home/mleukam/pbs
Resource List:     walltime=03:00:00,nodes=1:ppn=1,mem=4gb,neednodes=1:ppn=1
Resources Used:    cput=00:33:16,vmem=4239208kb,walltime=00:33:20,mem=1757248kb,energy_used=0
Exit Code:         0
Mother Superior:   cri16cn011

Execution Nodes: 
cri16cn011


