index for EGAR00001588333_2844.a.1kDLBCL.DLBCL.SL102979.exome_1tier.hg19.final.bam complete
finding positions of the duplicate reads in the file...
  sorted 22805423 end pairs
     and 852604 single ends (among them 0 unmatched pairs)
  collecting indices of duplicate reads...   done in 38971 ms
  found 8114333 duplicates
collected list of positions in 15 min 47 sec
removing duplicates...
total time elapsed: 64 min 15 sec
low quality reads removed from EGAR00001588333_2844.a.1kDLBCL.DLBCL.SL102979.exome_1tier.hg19.final.bam
duplicates removed from EGAR00001588333_2844.a.1kDLBCL.DLBCL.SL102979.exome_1tier.hg19.final.bam
script complete for EGAR00001588333_2844.a.1kDLBCL.DLBCL.SL102979.exome_1tier.hg19.final.bam


------------ Job WrapUp ------------

Job ID:            11325245.cri16sc001
User ID:           mleukam
Job Name:          sambamba_EGAR00001588333_2844.a.1kDLBCL.DLBCL.SL102979.exome_1tier.hg19.final.bam
Queue Name:        express
Working Directory: /home/mleukam/pbs
Resource List:     walltime=03:00:00,nodes=1:ppn=1,mem=4gb,neednodes=1:ppn=1
Resources Used:    cput=01:07:24,vmem=4412760kb,walltime=01:07:32,mem=2195992kb,energy_used=0
Exit Code:         0
Mother Superior:   cri16cn070

Execution Nodes: 
cri16cn070


