index for EGAR00001588764_3848.a.1kDLBCL.DLBCL.SL100968.exome_1tier.hg19.final.bam complete
finding positions of the duplicate reads in the file...
  sorted 20466322 end pairs
     and 522379 single ends (among them 0 unmatched pairs)
  collecting indices of duplicate reads...   done in 35056 ms
  found 6985439 duplicates
collected list of positions in 14 min 6 sec
removing duplicates...
total time elapsed: 63 min 19 sec
low quality reads removed from EGAR00001588764_3848.a.1kDLBCL.DLBCL.SL100968.exome_1tier.hg19.final.bam
duplicates removed from EGAR00001588764_3848.a.1kDLBCL.DLBCL.SL100968.exome_1tier.hg19.final.bam
script complete for EGAR00001588764_3848.a.1kDLBCL.DLBCL.SL100968.exome_1tier.hg19.final.bam


------------ Job WrapUp ------------

Job ID:            11325683.cri16sc001
User ID:           mleukam
Job Name:          sambamba_EGAR00001588764_3848.a.1kDLBCL.DLBCL.SL100968.exome_1tier.hg19.final.bam
Queue Name:        express
Working Directory: /home/mleukam/pbs
Resource List:     walltime=03:00:00,nodes=1:ppn=1,mem=4gb,neednodes=1:ppn=1
Resources Used:    cput=01:06:13,vmem=4076156kb,walltime=01:06:19,mem=1928156kb,energy_used=0
Exit Code:         0
Mother Superior:   cri16cn045

Execution Nodes: 
cri16cn045


