index for EGAR00001587925_2046.a.1kDLBCL.DLBCL.SL85339_SL84737.exome_1tier.hg19.final.bam complete
finding positions of the duplicate reads in the file...
  sorted 12194302 end pairs
     and 226709 single ends (among them 0 unmatched pairs)
  collecting indices of duplicate reads...   done in 17662 ms
  found 2824551 duplicates
collected list of positions in 11 min 33 sec
removing duplicates...
total time elapsed: 57 min 27 sec
low quality reads removed from EGAR00001587925_2046.a.1kDLBCL.DLBCL.SL85339_SL84737.exome_1tier.hg19.final.bam
duplicates removed from EGAR00001587925_2046.a.1kDLBCL.DLBCL.SL85339_SL84737.exome_1tier.hg19.final.bam
script complete for EGAR00001587925_2046.a.1kDLBCL.DLBCL.SL85339_SL84737.exome_1tier.hg19.final.bam


------------ Job WrapUp ------------

Job ID:            11324830.cri16sc001
User ID:           mleukam
Job Name:          sambamba_EGAR00001587925_2046.a.1kDLBCL.DLBCL.SL85339_SL84737.exome_1tier.hg19.final.bam
Queue Name:        express
Working Directory: /home/mleukam/pbs
Resource List:     walltime=03:00:00,nodes=1:ppn=1,mem=4gb,neednodes=1:ppn=1
Resources Used:    cput=00:59:58,vmem=4367400kb,walltime=01:00:02,mem=1814724kb,energy_used=0
Exit Code:         0
Mother Superior:   cri16cn075

Execution Nodes: 
cri16cn075


