index for EGAR00001588533_3549.a.1kDLBCL.DLBCL.SL89866.exome_1tier.hg19.final.bam complete
finding positions of the duplicate reads in the file...
  sorted 8591413 end pairs
     and 253734 single ends (among them 0 unmatched pairs)
  collecting indices of duplicate reads...   done in 13134 ms
  found 2751994 duplicates
collected list of positions in 6 min 17 sec
removing duplicates...
total time elapsed: 29 min 9 sec
low quality reads removed from EGAR00001588533_3549.a.1kDLBCL.DLBCL.SL89866.exome_1tier.hg19.final.bam
duplicates removed from EGAR00001588533_3549.a.1kDLBCL.DLBCL.SL89866.exome_1tier.hg19.final.bam
script complete for EGAR00001588533_3549.a.1kDLBCL.DLBCL.SL89866.exome_1tier.hg19.final.bam


------------ Job WrapUp ------------

Job ID:            11325448.cri16sc001
User ID:           mleukam
Job Name:          sambamba_EGAR00001588533_3549.a.1kDLBCL.DLBCL.SL89866.exome_1tier.hg19.final.bam
Queue Name:        express
Working Directory: /home/mleukam/pbs
Resource List:     walltime=03:00:00,nodes=1:ppn=1,mem=4gb,neednodes=1:ppn=1
Resources Used:    cput=00:30:41,vmem=4145548kb,walltime=00:30:44,mem=1577464kb,energy_used=0
Exit Code:         0
Mother Superior:   cri16cn063

Execution Nodes: 
cri16cn063


