index for EGAR00001588216_2647.a.1kDLBCL.DLBCL.SL90085.exome_1tier.hg19.final.bam complete
finding positions of the duplicate reads in the file...
  sorted 14533491 end pairs
     and 393245 single ends (among them 0 unmatched pairs)
  collecting indices of duplicate reads...   done in 21265 ms
  found 3736928 duplicates
collected list of positions in 9 min 26 sec
removing duplicates...
total time elapsed: 37 min 53 sec
low quality reads removed from EGAR00001588216_2647.a.1kDLBCL.DLBCL.SL90085.exome_1tier.hg19.final.bam
duplicates removed from EGAR00001588216_2647.a.1kDLBCL.DLBCL.SL90085.exome_1tier.hg19.final.bam
script complete for EGAR00001588216_2647.a.1kDLBCL.DLBCL.SL90085.exome_1tier.hg19.final.bam


------------ Job WrapUp ------------

Job ID:            11325126.cri16sc001
User ID:           mleukam
Job Name:          sambamba_EGAR00001588216_2647.a.1kDLBCL.DLBCL.SL90085.exome_1tier.hg19.final.bam
Queue Name:        express
Working Directory: /home/mleukam/pbs
Resource List:     walltime=03:00:00,nodes=1:ppn=1,mem=4gb,neednodes=1:ppn=1
Resources Used:    cput=00:40:03,vmem=4196828kb,walltime=00:40:09,mem=1919480kb,energy_used=0
Exit Code:         0
Mother Superior:   cri16cn077

Execution Nodes: 
cri16cn077


