index for EGAR00001588738_3820.a.1kDLBCL.DLBCL.SL101109.exome_1tier.hg19.final.bam complete
finding positions of the duplicate reads in the file...
  sorted 11206438 end pairs
     and 248977 single ends (among them 0 unmatched pairs)
  collecting indices of duplicate reads...   done in 15535 ms
  found 4403458 duplicates
collected list of positions in 3 min 27 sec
removing duplicates...
total time elapsed: 7 min 2 sec
low quality reads removed from EGAR00001588738_3820.a.1kDLBCL.DLBCL.SL101109.exome_1tier.hg19.final.bam
duplicates removed from EGAR00001588738_3820.a.1kDLBCL.DLBCL.SL101109.exome_1tier.hg19.final.bam
script complete for EGAR00001588738_3820.a.1kDLBCL.DLBCL.SL101109.exome_1tier.hg19.final.bam


------------ Job WrapUp ------------

Job ID:            11335585.cri16sc001
User ID:           mleukam
Job Name:          sambamba_EGAR00001588738_3820.a.1kDLBCL.DLBCL.SL101109.exome_1tier.hg19.final.bam
Queue Name:        standard
Working Directory: /home/mleukam/pbs
Resource List:     walltime=08:00:00,nodes=1:ppn=8,mem=4gb,neednodes=1:ppn=8
Resources Used:    cput=00:42:12,vmem=3912524kb,walltime=00:07:37,mem=1499812kb,energy_used=0
Exit Code:         0
Mother Superior:   cri16cn071

Execution Nodes: 
cri16cn071 cri16cn071 cri16cn071 cri16cn071 cri16cn071 cri16cn071 cri16cn071 cri16cn071


