index for EGAR00001588803_3905.a.1kDLBCL.DLBCL.SL98592.exome_1tier.hg19.final.bam complete
finding positions of the duplicate reads in the file...
  sorted 16151222 end pairs
     and 291321 single ends (among them 0 unmatched pairs)
  collecting indices of duplicate reads...   done in 24648 ms
  found 7727993 duplicates
collected list of positions in 11 min 22 sec
removing duplicates...
total time elapsed: 44 min 7 sec
low quality reads removed from EGAR00001588803_3905.a.1kDLBCL.DLBCL.SL98592.exome_1tier.hg19.final.bam
duplicates removed from EGAR00001588803_3905.a.1kDLBCL.DLBCL.SL98592.exome_1tier.hg19.final.bam
script complete for EGAR00001588803_3905.a.1kDLBCL.DLBCL.SL98592.exome_1tier.hg19.final.bam


------------ Job WrapUp ------------

Job ID:            11325722.cri16sc001
User ID:           mleukam
Job Name:          sambamba_EGAR00001588803_3905.a.1kDLBCL.DLBCL.SL98592.exome_1tier.hg19.final.bam
Queue Name:        express
Working Directory: /home/mleukam/pbs
Resource List:     walltime=03:00:00,nodes=1:ppn=1,mem=4gb,neednodes=1:ppn=1
Resources Used:    cput=00:46:14,vmem=4091724kb,walltime=00:46:19,mem=1845064kb,energy_used=0
Exit Code:         0
Mother Superior:   cri16cn087

Execution Nodes: 
cri16cn087


