index for EGAR00001588162_2566.a.1kDLBCL.DLBCL.SL99889.exome_1tier.hg19.final.bam complete
finding positions of the duplicate reads in the file...
  sorted 12207647 end pairs
     and 276636 single ends (among them 0 unmatched pairs)
  collecting indices of duplicate reads...   done in 18121 ms
  found 4914547 duplicates
collected list of positions in 8 min 14 sec
removing duplicates...
total time elapsed: 32 min 27 sec
low quality reads removed from EGAR00001588162_2566.a.1kDLBCL.DLBCL.SL99889.exome_1tier.hg19.final.bam
duplicates removed from EGAR00001588162_2566.a.1kDLBCL.DLBCL.SL99889.exome_1tier.hg19.final.bam
script complete for EGAR00001588162_2566.a.1kDLBCL.DLBCL.SL99889.exome_1tier.hg19.final.bam


------------ Job WrapUp ------------

Job ID:            11325071.cri16sc001
User ID:           mleukam
Job Name:          sambamba_EGAR00001588162_2566.a.1kDLBCL.DLBCL.SL99889.exome_1tier.hg19.final.bam
Queue Name:        express
Working Directory: /home/mleukam/pbs
Resource List:     walltime=03:00:00,nodes=1:ppn=1,mem=4gb,neednodes=1:ppn=1
Resources Used:    cput=00:34:19,vmem=4066464kb,walltime=00:34:24,mem=1655876kb,energy_used=0
Exit Code:         0
Mother Superior:   cri16cn007

Execution Nodes: 
cri16cn007


