index for EGAR00001587934_2076.a.1kDLBCL.DLBCL.SL104086.exome_1tier.hg19.final.bam complete
finding positions of the duplicate reads in the file...
  sorted 23407610 end pairs
     and 656464 single ends (among them 0 unmatched pairs)
  collecting indices of duplicate reads...   done in 42069 ms
  found 9697186 duplicates
collected list of positions in 20 min 51 sec
removing duplicates...
total time elapsed: 80 min 29 sec
low quality reads removed from EGAR00001587934_2076.a.1kDLBCL.DLBCL.SL104086.exome_1tier.hg19.final.bam
duplicates removed from EGAR00001587934_2076.a.1kDLBCL.DLBCL.SL104086.exome_1tier.hg19.final.bam
script complete for EGAR00001587934_2076.a.1kDLBCL.DLBCL.SL104086.exome_1tier.hg19.final.bam


------------ Job WrapUp ------------

Job ID:            11324839.cri16sc001
User ID:           mleukam
Job Name:          sambamba_EGAR00001587934_2076.a.1kDLBCL.DLBCL.SL104086.exome_1tier.hg19.final.bam
Queue Name:        express
Working Directory: /home/mleukam/pbs
Resource List:     walltime=03:00:00,nodes=1:ppn=1,mem=4gb,neednodes=1:ppn=1
Resources Used:    cput=01:24:24,vmem=4236548kb,walltime=01:24:32,mem=2016468kb,energy_used=0
Exit Code:         0
Mother Superior:   cri16cn054

Execution Nodes: 
cri16cn054


