index for EGAR00001588850_3953.a.1kDLBCL.DLBCL.SL98964.exome_1tier.hg19.final.bam complete
finding positions of the duplicate reads in the file...
  sorted 8882525 end pairs
     and 265675 single ends (among them 0 unmatched pairs)
  collecting indices of duplicate reads...   done in 13325 ms
  found 3809445 duplicates
collected list of positions in 7 min 17 sec
removing duplicates...
total time elapsed: 38 min 30 sec
low quality reads removed from EGAR00001588850_3953.a.1kDLBCL.DLBCL.SL98964.exome_1tier.hg19.final.bam
duplicates removed from EGAR00001588850_3953.a.1kDLBCL.DLBCL.SL98964.exome_1tier.hg19.final.bam
script complete for EGAR00001588850_3953.a.1kDLBCL.DLBCL.SL98964.exome_1tier.hg19.final.bam


------------ Job WrapUp ------------

Job ID:            11325770.cri16sc001
User ID:           mleukam
Job Name:          sambamba_EGAR00001588850_3953.a.1kDLBCL.DLBCL.SL98964.exome_1tier.hg19.final.bam
Queue Name:        express
Working Directory: /home/mleukam/pbs
Resource List:     walltime=03:00:00,nodes=1:ppn=1,mem=4gb,neednodes=1:ppn=1
Resources Used:    cput=00:40:30,vmem=4238228kb,walltime=00:40:34,mem=1740540kb,energy_used=0
Exit Code:         0
Mother Superior:   cri16cn013

Execution Nodes: 
cri16cn013


