index for EGAR00001588678_3730.a.1kDLBCL.DLBCL.SL96153.exome_1tier.hg19.final.bam complete
finding positions of the duplicate reads in the file...
  sorted 12530767 end pairs
     and 199178 single ends (among them 0 unmatched pairs)
  collecting indices of duplicate reads...   done in 18896 ms
  found 4524415 duplicates
collected list of positions in 8 min 47 sec
removing duplicates...
total time elapsed: 34 min 36 sec
low quality reads removed from EGAR00001588678_3730.a.1kDLBCL.DLBCL.SL96153.exome_1tier.hg19.final.bam
duplicates removed from EGAR00001588678_3730.a.1kDLBCL.DLBCL.SL96153.exome_1tier.hg19.final.bam
script complete for EGAR00001588678_3730.a.1kDLBCL.DLBCL.SL96153.exome_1tier.hg19.final.bam


------------ Job WrapUp ------------

Job ID:            11325596.cri16sc001
User ID:           mleukam
Job Name:          sambamba_EGAR00001588678_3730.a.1kDLBCL.DLBCL.SL96153.exome_1tier.hg19.final.bam
Queue Name:        express
Working Directory: /home/mleukam/pbs
Resource List:     walltime=03:00:00,nodes=1:ppn=1,mem=4gb,neednodes=1:ppn=1
Resources Used:    cput=00:36:14,vmem=4482616kb,walltime=00:36:17,mem=1951928kb,energy_used=0
Exit Code:         0
Mother Superior:   cri16cn074

Execution Nodes: 
cri16cn074


