index for EGAR00001588455_3453.a.1kDLBCL.DLBCL.SL100287.exome_1tier.hg19.final.bam complete
finding positions of the duplicate reads in the file...
  sorted 5312100 end pairs
     and 52497 single ends (among them 0 unmatched pairs)
  collecting indices of duplicate reads...   done in 8105 ms
  found 1455083 duplicates
collected list of positions in 3 min 34 sec
removing duplicates...
total time elapsed: 14 min 21 sec
low quality reads removed from EGAR00001588455_3453.a.1kDLBCL.DLBCL.SL100287.exome_1tier.hg19.final.bam
duplicates removed from EGAR00001588455_3453.a.1kDLBCL.DLBCL.SL100287.exome_1tier.hg19.final.bam
script complete for EGAR00001588455_3453.a.1kDLBCL.DLBCL.SL100287.exome_1tier.hg19.final.bam


------------ Job WrapUp ------------

Job ID:            11325370.cri16sc001
User ID:           mleukam
Job Name:          sambamba_EGAR00001588455_3453.a.1kDLBCL.DLBCL.SL100287.exome_1tier.hg19.final.bam
Queue Name:        express
Working Directory: /home/mleukam/pbs
Resource List:     walltime=03:00:00,nodes=1:ppn=1,mem=4gb,neednodes=1:ppn=1
Resources Used:    cput=00:15:09,vmem=4090072kb,walltime=00:15:10,mem=1401584kb,energy_used=0
Exit Code:         0
Mother Superior:   cri16cn002

Execution Nodes: 
cri16cn002


