index for EGAR00001588467_3465.a.1kDLBCL.DLBCL.SL99988.exome_1tier.hg19.final.bam complete
finding positions of the duplicate reads in the file...
  sorted 10147050 end pairs
     and 181699 single ends (among them 0 unmatched pairs)
  collecting indices of duplicate reads...   done in 15212 ms
  found 3409837 duplicates
collected list of positions in 6 min 59 sec
removing duplicates...
total time elapsed: 28 min 58 sec
low quality reads removed from EGAR00001588467_3465.a.1kDLBCL.DLBCL.SL99988.exome_1tier.hg19.final.bam
duplicates removed from EGAR00001588467_3465.a.1kDLBCL.DLBCL.SL99988.exome_1tier.hg19.final.bam
script complete for EGAR00001588467_3465.a.1kDLBCL.DLBCL.SL99988.exome_1tier.hg19.final.bam


------------ Job WrapUp ------------

Job ID:            11325382.cri16sc001
User ID:           mleukam
Job Name:          sambamba_EGAR00001588467_3465.a.1kDLBCL.DLBCL.SL99988.exome_1tier.hg19.final.bam
Queue Name:        express
Working Directory: /home/mleukam/pbs
Resource List:     walltime=03:00:00,nodes=1:ppn=1,mem=4gb,neednodes=1:ppn=1
Resources Used:    cput=00:30:38,vmem=4176064kb,walltime=00:30:41,mem=1733980kb,energy_used=0
Exit Code:         0
Mother Superior:   cri16cn069

Execution Nodes: 
cri16cn069


