index for EGAR00001588142_2541.a.1kDLBCL.DLBCL.SL78903.exome_1tier.hg19.final.bam complete
finding positions of the duplicate reads in the file...
  sorted 12466763 end pairs
     and 205621 single ends (among them 0 unmatched pairs)
  collecting indices of duplicate reads...   done in 17884 ms
  found 2710456 duplicates
collected list of positions in 9 min 0 sec
removing duplicates...
total time elapsed: 37 min 27 sec
low quality reads removed from EGAR00001588142_2541.a.1kDLBCL.DLBCL.SL78903.exome_1tier.hg19.final.bam
duplicates removed from EGAR00001588142_2541.a.1kDLBCL.DLBCL.SL78903.exome_1tier.hg19.final.bam
script complete for EGAR00001588142_2541.a.1kDLBCL.DLBCL.SL78903.exome_1tier.hg19.final.bam


------------ Job WrapUp ------------

Job ID:            11325050.cri16sc001
User ID:           mleukam
Job Name:          sambamba_EGAR00001588142_2541.a.1kDLBCL.DLBCL.SL78903.exome_1tier.hg19.final.bam
Queue Name:        express
Working Directory: /home/mleukam/pbs
Resource List:     walltime=03:00:00,nodes=1:ppn=1,mem=4gb,neednodes=1:ppn=1
Resources Used:    cput=00:39:19,vmem=4123712kb,walltime=00:39:29,mem=1753000kb,energy_used=0
Exit Code:         0
Mother Superior:   cri16cn002

Execution Nodes: 
cri16cn002


