index for EGAR00001588357_2899.a.1kDLBCL.DLBCL.SL86363.exome_1tier.hg19.final.bam complete
finding positions of the duplicate reads in the file...
  sorted 13017543 end pairs
     and 342170 single ends (among them 0 unmatched pairs)
  collecting indices of duplicate reads...   done in 19253 ms
  found 4540699 duplicates
collected list of positions in 10 min 32 sec
removing duplicates...
total time elapsed: 46 min 45 sec
low quality reads removed from EGAR00001588357_2899.a.1kDLBCL.DLBCL.SL86363.exome_1tier.hg19.final.bam
duplicates removed from EGAR00001588357_2899.a.1kDLBCL.DLBCL.SL86363.exome_1tier.hg19.final.bam
script complete for EGAR00001588357_2899.a.1kDLBCL.DLBCL.SL86363.exome_1tier.hg19.final.bam


------------ Job WrapUp ------------

Job ID:            11325270.cri16sc001
User ID:           mleukam
Job Name:          sambamba_EGAR00001588357_2899.a.1kDLBCL.DLBCL.SL86363.exome_1tier.hg19.final.bam
Queue Name:        express
Working Directory: /home/mleukam/pbs
Resource List:     walltime=03:00:00,nodes=1:ppn=1,mem=4gb,neednodes=1:ppn=1
Resources Used:    cput=00:48:41,vmem=4301452kb,walltime=00:48:45,mem=1970384kb,energy_used=0
Exit Code:         0
Mother Superior:   cri16cn057

Execution Nodes: 
cri16cn057


