index for EGAR00001588374_2923.a.1kDLBCL.DLBCL.SL99493.exome_1tier.hg19.final.bam complete
finding positions of the duplicate reads in the file...
  sorted 13074026 end pairs
     and 266232 single ends (among them 0 unmatched pairs)
  collecting indices of duplicate reads...   done in 18992 ms
  found 3665459 duplicates
collected list of positions in 8 min 54 sec
removing duplicates...
total time elapsed: 40 min 16 sec
low quality reads removed from EGAR00001588374_2923.a.1kDLBCL.DLBCL.SL99493.exome_1tier.hg19.final.bam
duplicates removed from EGAR00001588374_2923.a.1kDLBCL.DLBCL.SL99493.exome_1tier.hg19.final.bam
script complete for EGAR00001588374_2923.a.1kDLBCL.DLBCL.SL99493.exome_1tier.hg19.final.bam


------------ Job WrapUp ------------

Job ID:            11325287.cri16sc001
User ID:           mleukam
Job Name:          sambamba_EGAR00001588374_2923.a.1kDLBCL.DLBCL.SL99493.exome_1tier.hg19.final.bam
Queue Name:        express
Working Directory: /home/mleukam/pbs
Resource List:     walltime=03:00:00,nodes=1:ppn=1,mem=4gb,neednodes=1:ppn=1
Resources Used:    cput=00:42:15,vmem=4230504kb,walltime=00:42:22,mem=1876092kb,energy_used=0
Exit Code:         0
Mother Superior:   cri16cn022

Execution Nodes: 
cri16cn022


