index for EGAR00001588267_2725.a.1kDLBCL.DLBCL.SL78812.exome_1tier.hg19.final.bam complete
finding positions of the duplicate reads in the file...
  sorted 15816398 end pairs
     and 331327 single ends (among them 0 unmatched pairs)
  collecting indices of duplicate reads...   done in 22496 ms
  found 2060452 duplicates
collected list of positions in 11 min 35 sec
removing duplicates...
total time elapsed: 52 min 7 sec
low quality reads removed from EGAR00001588267_2725.a.1kDLBCL.DLBCL.SL78812.exome_1tier.hg19.final.bam
duplicates removed from EGAR00001588267_2725.a.1kDLBCL.DLBCL.SL78812.exome_1tier.hg19.final.bam
script complete for EGAR00001588267_2725.a.1kDLBCL.DLBCL.SL78812.exome_1tier.hg19.final.bam


------------ Job WrapUp ------------

Job ID:            11325178.cri16sc001
User ID:           mleukam
Job Name:          sambamba_EGAR00001588267_2725.a.1kDLBCL.DLBCL.SL78812.exome_1tier.hg19.final.bam
Queue Name:        express
Working Directory: /home/mleukam/pbs
Resource List:     walltime=03:00:00,nodes=1:ppn=1,mem=4gb,neednodes=1:ppn=1
Resources Used:    cput=00:54:27,vmem=4070220kb,walltime=00:54:39,mem=1848472kb,energy_used=0
Exit Code:         0
Mother Superior:   cri16cn011

Execution Nodes: 
cri16cn011


