index for EGAR00001588804_3906.a.1kDLBCL.DLBCL.SL103988.exome_1tier.hg19.final.bam complete
finding positions of the duplicate reads in the file...
  sorted 10858064 end pairs
     and 247793 single ends (among them 0 unmatched pairs)
  collecting indices of duplicate reads...   done in 16186 ms
  found 5112303 duplicates
collected list of positions in 7 min 11 sec
removing duplicates...
total time elapsed: 28 min 3 sec
low quality reads removed from EGAR00001588804_3906.a.1kDLBCL.DLBCL.SL103988.exome_1tier.hg19.final.bam
duplicates removed from EGAR00001588804_3906.a.1kDLBCL.DLBCL.SL103988.exome_1tier.hg19.final.bam
script complete for EGAR00001588804_3906.a.1kDLBCL.DLBCL.SL103988.exome_1tier.hg19.final.bam


------------ Job WrapUp ------------

Job ID:            11325723.cri16sc001
User ID:           mleukam
Job Name:          sambamba_EGAR00001588804_3906.a.1kDLBCL.DLBCL.SL103988.exome_1tier.hg19.final.bam
Queue Name:        express
Working Directory: /home/mleukam/pbs
Resource List:     walltime=03:00:00,nodes=1:ppn=1,mem=4gb,neednodes=1:ppn=1
Resources Used:    cput=00:29:44,vmem=4256832kb,walltime=00:29:49,mem=1642944kb,energy_used=0
Exit Code:         0
Mother Superior:   cri16cn013

Execution Nodes: 
cri16cn013


