index for EGAR00001588486_3486.a.1kDLBCL.DLBCL.SL99605.exome_1tier.hg19.final.bam complete
finding positions of the duplicate reads in the file...
  sorted 10380116 end pairs
     and 206312 single ends (among them 0 unmatched pairs)
  collecting indices of duplicate reads...   done in 15663 ms
  found 5509069 duplicates
collected list of positions in 6 min 55 sec
removing duplicates...
total time elapsed: 29 min 27 sec
low quality reads removed from EGAR00001588486_3486.a.1kDLBCL.DLBCL.SL99605.exome_1tier.hg19.final.bam
duplicates removed from EGAR00001588486_3486.a.1kDLBCL.DLBCL.SL99605.exome_1tier.hg19.final.bam
script complete for EGAR00001588486_3486.a.1kDLBCL.DLBCL.SL99605.exome_1tier.hg19.final.bam


------------ Job WrapUp ------------

Job ID:            11325400.cri16sc001
User ID:           mleukam
Job Name:          sambamba_EGAR00001588486_3486.a.1kDLBCL.DLBCL.SL99605.exome_1tier.hg19.final.bam
Queue Name:        express
Working Directory: /home/mleukam/pbs
Resource List:     walltime=03:00:00,nodes=1:ppn=1,mem=4gb,neednodes=1:ppn=1
Resources Used:    cput=00:31:10,vmem=4319936kb,walltime=00:31:15,mem=1807976kb,energy_used=0
Exit Code:         0
Mother Superior:   cri16cn043

Execution Nodes: 
cri16cn043


