index for EGAR00001587944_2088.a.1kDLBCL.DLBCL.SL85247.exome_1tier.hg19.final.bam complete
finding positions of the duplicate reads in the file...
  sorted 10956613 end pairs
     and 231014 single ends (among them 0 unmatched pairs)
  collecting indices of duplicate reads...   done in 15901 ms
  found 2583185 duplicates
collected list of positions in 10 min 6 sec
removing duplicates...
total time elapsed: 44 min 58 sec
low quality reads removed from EGAR00001587944_2088.a.1kDLBCL.DLBCL.SL85247.exome_1tier.hg19.final.bam
duplicates removed from EGAR00001587944_2088.a.1kDLBCL.DLBCL.SL85247.exome_1tier.hg19.final.bam
script complete for EGAR00001587944_2088.a.1kDLBCL.DLBCL.SL85247.exome_1tier.hg19.final.bam


------------ Job WrapUp ------------

Job ID:            11324849.cri16sc001
User ID:           mleukam
Job Name:          sambamba_EGAR00001587944_2088.a.1kDLBCL.DLBCL.SL85247.exome_1tier.hg19.final.bam
Queue Name:        express
Working Directory: /home/mleukam/pbs
Resource List:     walltime=03:00:00,nodes=1:ppn=1,mem=4gb,neednodes=1:ppn=1
Resources Used:    cput=00:46:52,vmem=4264224kb,walltime=00:46:57,mem=1734372kb,energy_used=0
Exit Code:         0
Mother Superior:   cri16cn087

Execution Nodes: 
cri16cn087


