index for EGAR00001588218_2650.a.1kDLBCL.DLBCL.SL104214.exome_1tier.hg19.final.bam complete
finding positions of the duplicate reads in the file...
  sorted 12078403 end pairs
     and 333841 single ends (among them 0 unmatched pairs)
  collecting indices of duplicate reads...   done in 17840 ms
  found 4295311 duplicates
collected list of positions in 8 min 16 sec
removing duplicates...
total time elapsed: 36 min 40 sec
low quality reads removed from EGAR00001588218_2650.a.1kDLBCL.DLBCL.SL104214.exome_1tier.hg19.final.bam
duplicates removed from EGAR00001588218_2650.a.1kDLBCL.DLBCL.SL104214.exome_1tier.hg19.final.bam
script complete for EGAR00001588218_2650.a.1kDLBCL.DLBCL.SL104214.exome_1tier.hg19.final.bam


------------ Job WrapUp ------------

Job ID:            11325128.cri16sc001
User ID:           mleukam
Job Name:          sambamba_EGAR00001588218_2650.a.1kDLBCL.DLBCL.SL104214.exome_1tier.hg19.final.bam
Queue Name:        express
Working Directory: /home/mleukam/pbs
Resource List:     walltime=03:00:00,nodes=1:ppn=1,mem=4gb,neednodes=1:ppn=1
Resources Used:    cput=00:38:26,vmem=4331400kb,walltime=00:38:34,mem=1943132kb,energy_used=0
Exit Code:         0
Mother Superior:   cri16cn017

Execution Nodes: 
cri16cn017


