index for EGAR00001588358_2900.a.1kDLBCL.DLBCL.SL99500.exome_1tier.hg19.final.bam complete
finding positions of the duplicate reads in the file...
  sorted 13990464 end pairs
     and 341481 single ends (among them 0 unmatched pairs)
  collecting indices of duplicate reads...   done in 20322 ms
  found 3566576 duplicates
collected list of positions in 9 min 51 sec
removing duplicates...
total time elapsed: 46 min 6 sec
low quality reads removed from EGAR00001588358_2900.a.1kDLBCL.DLBCL.SL99500.exome_1tier.hg19.final.bam
duplicates removed from EGAR00001588358_2900.a.1kDLBCL.DLBCL.SL99500.exome_1tier.hg19.final.bam
script complete for EGAR00001588358_2900.a.1kDLBCL.DLBCL.SL99500.exome_1tier.hg19.final.bam


------------ Job WrapUp ------------

Job ID:            11325271.cri16sc001
User ID:           mleukam
Job Name:          sambamba_EGAR00001588358_2900.a.1kDLBCL.DLBCL.SL99500.exome_1tier.hg19.final.bam
Queue Name:        express
Working Directory: /home/mleukam/pbs
Resource List:     walltime=03:00:00,nodes=1:ppn=1,mem=4gb,neednodes=1:ppn=1
Resources Used:    cput=00:48:16,vmem=4292416kb,walltime=00:48:21,mem=1910996kb,energy_used=0
Exit Code:         0
Mother Superior:   cri16cn053

Execution Nodes: 
cri16cn053


