index for EGAR00001588835_3937.a.1kDLBCL.DLBCL.SL98781.exome_1tier.hg19.final.bam complete
finding positions of the duplicate reads in the file...
  sorted 11644357 end pairs
     and 165374 single ends (among them 0 unmatched pairs)
  collecting indices of duplicate reads...   done in 17274 ms
  found 4644840 duplicates
collected list of positions in 7 min 45 sec
removing duplicates...
total time elapsed: 29 min 21 sec
low quality reads removed from EGAR00001588835_3937.a.1kDLBCL.DLBCL.SL98781.exome_1tier.hg19.final.bam
duplicates removed from EGAR00001588835_3937.a.1kDLBCL.DLBCL.SL98781.exome_1tier.hg19.final.bam
script complete for EGAR00001588835_3937.a.1kDLBCL.DLBCL.SL98781.exome_1tier.hg19.final.bam


------------ Job WrapUp ------------

Job ID:            11325755.cri16sc001
User ID:           mleukam
Job Name:          sambamba_EGAR00001588835_3937.a.1kDLBCL.DLBCL.SL98781.exome_1tier.hg19.final.bam
Queue Name:        express
Working Directory: /home/mleukam/pbs
Resource List:     walltime=03:00:00,nodes=1:ppn=1,mem=4gb,neednodes=1:ppn=1
Resources Used:    cput=00:31:09,vmem=4141052kb,walltime=00:31:12,mem=1697232kb,energy_used=0
Exit Code:         0
Mother Superior:   cri16cn003

Execution Nodes: 
cri16cn003


