index for EGAR00001588307_2813.a.1kDLBCL.DLBCL.SL96545.exome_1tier.hg19.final.bam complete
finding positions of the duplicate reads in the file...
  sorted 17283044 end pairs
     and 261761 single ends (among them 0 unmatched pairs)
  collecting indices of duplicate reads...   done in 29767 ms
  found 4896326 duplicates
collected list of positions in 12 min 22 sec
removing duplicates...
total time elapsed: 52 min 33 sec
low quality reads removed from EGAR00001588307_2813.a.1kDLBCL.DLBCL.SL96545.exome_1tier.hg19.final.bam
duplicates removed from EGAR00001588307_2813.a.1kDLBCL.DLBCL.SL96545.exome_1tier.hg19.final.bam
script complete for EGAR00001588307_2813.a.1kDLBCL.DLBCL.SL96545.exome_1tier.hg19.final.bam


------------ Job WrapUp ------------

Job ID:            11325219.cri16sc001
User ID:           mleukam
Job Name:          sambamba_EGAR00001588307_2813.a.1kDLBCL.DLBCL.SL96545.exome_1tier.hg19.final.bam
Queue Name:        express
Working Directory: /home/mleukam/pbs
Resource List:     walltime=03:00:00,nodes=1:ppn=1,mem=4gb,neednodes=1:ppn=1
Resources Used:    cput=00:54:51,vmem=4305468kb,walltime=00:54:57,mem=2101276kb,energy_used=0
Exit Code:         0
Mother Superior:   cri16cn041

Execution Nodes: 
cri16cn041


