index for EGAR00001588242_2684.a.1kDLBCL.DLBCL.SL90220.exome_1tier.hg19.final.bam complete
finding positions of the duplicate reads in the file...
  sorted 8264365 end pairs
     and 196275 single ends (among them 0 unmatched pairs)
  collecting indices of duplicate reads...   done in 12002 ms
  found 2195512 duplicates
collected list of positions in 5 min 18 sec
removing duplicates...
total time elapsed: 23 min 27 sec
low quality reads removed from EGAR00001588242_2684.a.1kDLBCL.DLBCL.SL90220.exome_1tier.hg19.final.bam
duplicates removed from EGAR00001588242_2684.a.1kDLBCL.DLBCL.SL90220.exome_1tier.hg19.final.bam
script complete for EGAR00001588242_2684.a.1kDLBCL.DLBCL.SL90220.exome_1tier.hg19.final.bam


------------ Job WrapUp ------------

Job ID:            11325152.cri16sc001
User ID:           mleukam
Job Name:          sambamba_EGAR00001588242_2684.a.1kDLBCL.DLBCL.SL90220.exome_1tier.hg19.final.bam
Queue Name:        express
Working Directory: /home/mleukam/pbs
Resource List:     walltime=03:00:00,nodes=1:ppn=1,mem=4gb,neednodes=1:ppn=1
Resources Used:    cput=00:24:34,vmem=4071560kb,walltime=00:24:40,mem=1560464kb,energy_used=0
Exit Code:         0
Mother Superior:   cri16cn013

Execution Nodes: 
cri16cn013


