index for EGAR00001588558_3592.a.1kDLBCL.DLBCL.SL99392.exome_1tier.hg19.final.bam complete
finding positions of the duplicate reads in the file...
  sorted 10227716 end pairs
     and 236719 single ends (among them 0 unmatched pairs)
  collecting indices of duplicate reads...   done in 14884 ms
  found 2932913 duplicates
collected list of positions in 6 min 59 sec
removing duplicates...
total time elapsed: 32 min 30 sec
low quality reads removed from EGAR00001588558_3592.a.1kDLBCL.DLBCL.SL99392.exome_1tier.hg19.final.bam
duplicates removed from EGAR00001588558_3592.a.1kDLBCL.DLBCL.SL99392.exome_1tier.hg19.final.bam
script complete for EGAR00001588558_3592.a.1kDLBCL.DLBCL.SL99392.exome_1tier.hg19.final.bam


------------ Job WrapUp ------------

Job ID:            11325474.cri16sc001
User ID:           mleukam
Job Name:          sambamba_EGAR00001588558_3592.a.1kDLBCL.DLBCL.SL99392.exome_1tier.hg19.final.bam
Queue Name:        express
Working Directory: /home/mleukam/pbs
Resource List:     walltime=03:00:00,nodes=1:ppn=1,mem=4gb,neednodes=1:ppn=1
Resources Used:    cput=00:33:55,vmem=4241772kb,walltime=00:33:58,mem=1769168kb,energy_used=0
Exit Code:         0
Mother Superior:   cri16cn039

Execution Nodes: 
cri16cn039


