index for EGAR00001588461_3459.a.1kDLBCL.DLBCL.SL90340.exome_1tier.hg19.final.bam complete
finding positions of the duplicate reads in the file...
  sorted 17583373 end pairs
     and 500427 single ends (among them 0 unmatched pairs)
  collecting indices of duplicate reads...   done in 30914 ms
  found 6899923 duplicates
collected list of positions in 11 min 37 sec
removing duplicates...
total time elapsed: 46 min 5 sec
low quality reads removed from EGAR00001588461_3459.a.1kDLBCL.DLBCL.SL90340.exome_1tier.hg19.final.bam
duplicates removed from EGAR00001588461_3459.a.1kDLBCL.DLBCL.SL90340.exome_1tier.hg19.final.bam
script complete for EGAR00001588461_3459.a.1kDLBCL.DLBCL.SL90340.exome_1tier.hg19.final.bam


------------ Job WrapUp ------------

Job ID:            11325376.cri16sc001
User ID:           mleukam
Job Name:          sambamba_EGAR00001588461_3459.a.1kDLBCL.DLBCL.SL90340.exome_1tier.hg19.final.bam
Queue Name:        express
Working Directory: /home/mleukam/pbs
Resource List:     walltime=03:00:00,nodes=1:ppn=1,mem=4gb,neednodes=1:ppn=1
Resources Used:    cput=00:48:28,vmem=4232012kb,walltime=00:49:29,mem=2026804kb,energy_used=0
Exit Code:         0
Mother Superior:   cri16cn036

Execution Nodes: 
cri16cn036


