index for EGAR00001588541_3559.a.1kDLBCL.DLBCL.SL96345.exome_1tier.hg19.final.bam complete
finding positions of the duplicate reads in the file...
  sorted 10786120 end pairs
     and 222973 single ends (among them 0 unmatched pairs)
  collecting indices of duplicate reads...   done in 16381 ms
  found 3959571 duplicates
collected list of positions in 7 min 40 sec
removing duplicates...
total time elapsed: 32 min 20 sec
low quality reads removed from EGAR00001588541_3559.a.1kDLBCL.DLBCL.SL96345.exome_1tier.hg19.final.bam
duplicates removed from EGAR00001588541_3559.a.1kDLBCL.DLBCL.SL96345.exome_1tier.hg19.final.bam
script complete for EGAR00001588541_3559.a.1kDLBCL.DLBCL.SL96345.exome_1tier.hg19.final.bam


------------ Job WrapUp ------------

Job ID:            11325456.cri16sc001
User ID:           mleukam
Job Name:          sambamba_EGAR00001588541_3559.a.1kDLBCL.DLBCL.SL96345.exome_1tier.hg19.final.bam
Queue Name:        express
Working Directory: /home/mleukam/pbs
Resource List:     walltime=03:00:00,nodes=1:ppn=1,mem=4gb,neednodes=1:ppn=1
Resources Used:    cput=00:33:54,vmem=4310440kb,walltime=00:33:57,mem=1609200kb,energy_used=0
Exit Code:         0
Mother Superior:   cri16cn063

Execution Nodes: 
cri16cn063


