index for EGAR00001588420_3404.a.1kDLBCL.DLBCL.SL99986.exome_1tier.hg19.final.bam complete
finding positions of the duplicate reads in the file...
  sorted 8947661 end pairs
     and 152996 single ends (among them 0 unmatched pairs)
  collecting indices of duplicate reads...   done in 13322 ms
  found 2747997 duplicates
collected list of positions in 5 min 45 sec
removing duplicates...
total time elapsed: 26 min 11 sec
low quality reads removed from EGAR00001588420_3404.a.1kDLBCL.DLBCL.SL99986.exome_1tier.hg19.final.bam
duplicates removed from EGAR00001588420_3404.a.1kDLBCL.DLBCL.SL99986.exome_1tier.hg19.final.bam
script complete for EGAR00001588420_3404.a.1kDLBCL.DLBCL.SL99986.exome_1tier.hg19.final.bam


------------ Job WrapUp ------------

Job ID:            11325334.cri16sc001
User ID:           mleukam
Job Name:          sambamba_EGAR00001588420_3404.a.1kDLBCL.DLBCL.SL99986.exome_1tier.hg19.final.bam
Queue Name:        express
Working Directory: /home/mleukam/pbs
Resource List:     walltime=03:00:00,nodes=1:ppn=1,mem=4gb,neednodes=1:ppn=1
Resources Used:    cput=00:27:25,vmem=4256160kb,walltime=00:27:30,mem=1566340kb,energy_used=0
Exit Code:         0
Mother Superior:   cri16cn005

Execution Nodes: 
cri16cn005


