index for EGAR00001588017_2201.a.1kDLBCL.DLBCL.SL89882.exome_1tier.hg19.final.bam complete
finding positions of the duplicate reads in the file...
  sorted 4340914 end pairs
     and 124692 single ends (among them 0 unmatched pairs)
  collecting indices of duplicate reads...   done in 6350 ms
  found 1271030 duplicates
collected list of positions in 2 min 56 sec
removing duplicates...
total time elapsed: 14 min 32 sec
low quality reads removed from EGAR00001588017_2201.a.1kDLBCL.DLBCL.SL89882.exome_1tier.hg19.final.bam
duplicates removed from EGAR00001588017_2201.a.1kDLBCL.DLBCL.SL89882.exome_1tier.hg19.final.bam
script complete for EGAR00001588017_2201.a.1kDLBCL.DLBCL.SL89882.exome_1tier.hg19.final.bam


------------ Job WrapUp ------------

Job ID:            11324924.cri16sc001
User ID:           mleukam
Job Name:          sambamba_EGAR00001588017_2201.a.1kDLBCL.DLBCL.SL89882.exome_1tier.hg19.final.bam
Queue Name:        express
Working Directory: /home/mleukam/pbs
Resource List:     walltime=03:00:00,nodes=1:ppn=1,mem=4gb,neednodes=1:ppn=1
Resources Used:    cput=00:15:10,vmem=4177788kb,walltime=00:15:14,mem=1427084kb,energy_used=0
Exit Code:         0
Mother Superior:   cri16cn030

Execution Nodes: 
cri16cn030


