index for EGAR00001588440_3433.a.1kDLBCL.DLBCL.SL85255.exome_1tier.hg19.final.bam complete
finding positions of the duplicate reads in the file...
  sorted 15116698 end pairs
     and 292367 single ends (among them 0 unmatched pairs)
  collecting indices of duplicate reads...   done in 21927 ms
  found 3768842 duplicates
collected list of positions in 10 min 33 sec
removing duplicates...
total time elapsed: 46 min 27 sec
low quality reads removed from EGAR00001588440_3433.a.1kDLBCL.DLBCL.SL85255.exome_1tier.hg19.final.bam
duplicates removed from EGAR00001588440_3433.a.1kDLBCL.DLBCL.SL85255.exome_1tier.hg19.final.bam
script complete for EGAR00001588440_3433.a.1kDLBCL.DLBCL.SL85255.exome_1tier.hg19.final.bam


------------ Job WrapUp ------------

Job ID:            11325354.cri16sc001
User ID:           mleukam
Job Name:          sambamba_EGAR00001588440_3433.a.1kDLBCL.DLBCL.SL85255.exome_1tier.hg19.final.bam
Queue Name:        express
Working Directory: /home/mleukam/pbs
Resource List:     walltime=03:00:00,nodes=1:ppn=1,mem=4gb,neednodes=1:ppn=1
Resources Used:    cput=00:48:27,vmem=4297548kb,walltime=00:48:32,mem=2044852kb,energy_used=0
Exit Code:         0
Mother Superior:   cri16cn014

Execution Nodes: 
cri16cn014


