index for EGAR00001588083_2279.a.1kDLBCL.DLBCL.SL86255.exome_1tier.hg19.final.bam complete
finding positions of the duplicate reads in the file...
  sorted 16617061 end pairs
     and 439470 single ends (among them 0 unmatched pairs)
  collecting indices of duplicate reads...   done in 24607 ms
  found 5055095 duplicates
collected list of positions in 13 min 36 sec
removing duplicates...
total time elapsed: 67 min 41 sec
low quality reads removed from EGAR00001588083_2279.a.1kDLBCL.DLBCL.SL86255.exome_1tier.hg19.final.bam
duplicates removed from EGAR00001588083_2279.a.1kDLBCL.DLBCL.SL86255.exome_1tier.hg19.final.bam
script complete for EGAR00001588083_2279.a.1kDLBCL.DLBCL.SL86255.exome_1tier.hg19.final.bam


------------ Job WrapUp ------------

Job ID:            11324990.cri16sc001
User ID:           mleukam
Job Name:          sambamba_EGAR00001588083_2279.a.1kDLBCL.DLBCL.SL86255.exome_1tier.hg19.final.bam
Queue Name:        express
Working Directory: /home/mleukam/pbs
Resource List:     walltime=03:00:00,nodes=1:ppn=1,mem=4gb,neednodes=1:ppn=1
Resources Used:    cput=01:10:35,vmem=4367648kb,walltime=01:10:41,mem=2086984kb,energy_used=0
Exit Code:         0
Mother Superior:   cri16cn079

Execution Nodes: 
cri16cn079


