index for EGAR00001588527_3540.a.1kDLBCL.DLBCL.SL90295.exome_1tier.hg19.final.bam complete
finding positions of the duplicate reads in the file...
  sorted 10134797 end pairs
     and 434573 single ends (among them 0 unmatched pairs)
  collecting indices of duplicate reads...   done in 15388 ms
  found 2757463 duplicates
collected list of positions in 8 min 41 sec
removing duplicates...
total time elapsed: 42 min 21 sec
low quality reads removed from EGAR00001588527_3540.a.1kDLBCL.DLBCL.SL90295.exome_1tier.hg19.final.bam
duplicates removed from EGAR00001588527_3540.a.1kDLBCL.DLBCL.SL90295.exome_1tier.hg19.final.bam
script complete for EGAR00001588527_3540.a.1kDLBCL.DLBCL.SL90295.exome_1tier.hg19.final.bam


------------ Job WrapUp ------------

Job ID:            11325442.cri16sc001
User ID:           mleukam
Job Name:          sambamba_EGAR00001588527_3540.a.1kDLBCL.DLBCL.SL90295.exome_1tier.hg19.final.bam
Queue Name:        express
Working Directory: /home/mleukam/pbs
Resource List:     walltime=03:00:00,nodes=1:ppn=1,mem=4gb,neednodes=1:ppn=1
Resources Used:    cput=00:44:02,vmem=4694812kb,walltime=00:44:06,mem=2244976kb,energy_used=0
Exit Code:         0
Mother Superior:   cri16cn005

Execution Nodes: 
cri16cn005


