index for EGAR00001588104_2462.a.1kDLBCL.DLBCL.SL99791.exome_1tier.hg19.final.bam complete
finding positions of the duplicate reads in the file...
  sorted 14601368 end pairs
     and 443923 single ends (among them 0 unmatched pairs)
  collecting indices of duplicate reads...   done in 21621 ms
  found 4568764 duplicates
collected list of positions in 11 min 18 sec
removing duplicates...
total time elapsed: 50 min 10 sec
low quality reads removed from EGAR00001588104_2462.a.1kDLBCL.DLBCL.SL99791.exome_1tier.hg19.final.bam
duplicates removed from EGAR00001588104_2462.a.1kDLBCL.DLBCL.SL99791.exome_1tier.hg19.final.bam
script complete for EGAR00001588104_2462.a.1kDLBCL.DLBCL.SL99791.exome_1tier.hg19.final.bam


------------ Job WrapUp ------------

Job ID:            11325012.cri16sc001
User ID:           mleukam
Job Name:          sambamba_EGAR00001588104_2462.a.1kDLBCL.DLBCL.SL99791.exome_1tier.hg19.final.bam
Queue Name:        express
Working Directory: /home/mleukam/pbs
Resource List:     walltime=03:00:00,nodes=1:ppn=1,mem=4gb,neednodes=1:ppn=1
Resources Used:    cput=00:52:34,vmem=4332584kb,walltime=00:52:48,mem=1820120kb,energy_used=0
Exit Code:         0
Mother Superior:   cri16cn008

Execution Nodes: 
cri16cn008


