index for EGAR00001588695_3748.a.1kDLBCL.DLBCL.SL96154.exome_1tier.hg19.final.bam complete
finding positions of the duplicate reads in the file...
  sorted 12761004 end pairs
     and 220223 single ends (among them 0 unmatched pairs)
  collecting indices of duplicate reads...   done in 19557 ms
  found 4684107 duplicates
collected list of positions in 9 min 8 sec
removing duplicates...
total time elapsed: 38 min 30 sec
low quality reads removed from EGAR00001588695_3748.a.1kDLBCL.DLBCL.SL96154.exome_1tier.hg19.final.bam
duplicates removed from EGAR00001588695_3748.a.1kDLBCL.DLBCL.SL96154.exome_1tier.hg19.final.bam
script complete for EGAR00001588695_3748.a.1kDLBCL.DLBCL.SL96154.exome_1tier.hg19.final.bam


------------ Job WrapUp ------------

Job ID:            11325613.cri16sc001
User ID:           mleukam
Job Name:          sambamba_EGAR00001588695_3748.a.1kDLBCL.DLBCL.SL96154.exome_1tier.hg19.final.bam
Queue Name:        express
Working Directory: /home/mleukam/pbs
Resource List:     walltime=03:00:00,nodes=1:ppn=1,mem=4gb,neednodes=1:ppn=1
Resources Used:    cput=00:40:23,vmem=4290232kb,walltime=00:40:27,mem=1709892kb,energy_used=0
Exit Code:         0
Mother Superior:   cri16cn047

Execution Nodes: 
cri16cn047


