index for EGAR00001588291_2784.a.1kDLBCL.DLBCL.SL85444_SL84752.exome_1tier.hg19.final.bam complete
finding positions of the duplicate reads in the file...
  sorted 14168637 end pairs
     and 322523 single ends (among them 0 unmatched pairs)
  collecting indices of duplicate reads...   done in 20586 ms
  found 3651166 duplicates
collected list of positions in 10 min 13 sec
removing duplicates...
total time elapsed: 44 min 40 sec
low quality reads removed from EGAR00001588291_2784.a.1kDLBCL.DLBCL.SL85444_SL84752.exome_1tier.hg19.final.bam
duplicates removed from EGAR00001588291_2784.a.1kDLBCL.DLBCL.SL85444_SL84752.exome_1tier.hg19.final.bam
script complete for EGAR00001588291_2784.a.1kDLBCL.DLBCL.SL85444_SL84752.exome_1tier.hg19.final.bam


------------ Job WrapUp ------------

Job ID:            11325202.cri16sc001
User ID:           mleukam
Job Name:          sambamba_EGAR00001588291_2784.a.1kDLBCL.DLBCL.SL85444_SL84752.exome_1tier.hg19.final.bam
Queue Name:        express
Working Directory: /home/mleukam/pbs
Resource List:     walltime=03:00:00,nodes=1:ppn=1,mem=4gb,neednodes=1:ppn=1
Resources Used:    cput=00:46:36,vmem=4306232kb,walltime=00:46:41,mem=2018576kb,energy_used=0
Exit Code:         0
Mother Superior:   cri16cn023

Execution Nodes: 
cri16cn023


