index for EGAR00001588231_2666.a.1kDLBCL.DLBCL.SL84496.exome_1tier.hg19.final.bam complete
finding positions of the duplicate reads in the file...
  sorted 15806365 end pairs
     and 278545 single ends (among them 0 unmatched pairs)
  collecting indices of duplicate reads...   done in 22561 ms
  found 2986143 duplicates
collected list of positions in 10 min 25 sec
removing duplicates...
total time elapsed: 48 min 57 sec
low quality reads removed from EGAR00001588231_2666.a.1kDLBCL.DLBCL.SL84496.exome_1tier.hg19.final.bam
duplicates removed from EGAR00001588231_2666.a.1kDLBCL.DLBCL.SL84496.exome_1tier.hg19.final.bam
script complete for EGAR00001588231_2666.a.1kDLBCL.DLBCL.SL84496.exome_1tier.hg19.final.bam


------------ Job WrapUp ------------

Job ID:            11325141.cri16sc001
User ID:           mleukam
Job Name:          sambamba_EGAR00001588231_2666.a.1kDLBCL.DLBCL.SL84496.exome_1tier.hg19.final.bam
Queue Name:        express
Working Directory: /home/mleukam/pbs
Resource List:     walltime=03:00:00,nodes=1:ppn=1,mem=4gb,neednodes=1:ppn=1
Resources Used:    cput=00:51:09,vmem=4352976kb,walltime=00:51:15,mem=1900884kb,energy_used=0
Exit Code:         0
Mother Superior:   cri16cn051

Execution Nodes: 
cri16cn051


