index for EGAR00001588157_2559.a.1kDLBCL.DLBCL.SL90130.exome_1tier.hg19.final.bam complete
finding positions of the duplicate reads in the file...
  sorted 13515861 end pairs
     and 422071 single ends (among them 0 unmatched pairs)
  collecting indices of duplicate reads...   done in 20410 ms
  found 3231166 duplicates
collected list of positions in 9 min 18 sec
removing duplicates...
total time elapsed: 38 min 19 sec
low quality reads removed from EGAR00001588157_2559.a.1kDLBCL.DLBCL.SL90130.exome_1tier.hg19.final.bam
duplicates removed from EGAR00001588157_2559.a.1kDLBCL.DLBCL.SL90130.exome_1tier.hg19.final.bam
script complete for EGAR00001588157_2559.a.1kDLBCL.DLBCL.SL90130.exome_1tier.hg19.final.bam


------------ Job WrapUp ------------

Job ID:            11325066.cri16sc001
User ID:           mleukam
Job Name:          sambamba_EGAR00001588157_2559.a.1kDLBCL.DLBCL.SL90130.exome_1tier.hg19.final.bam
Queue Name:        express
Working Directory: /home/mleukam/pbs
Resource List:     walltime=03:00:00,nodes=1:ppn=1,mem=4gb,neednodes=1:ppn=1
Resources Used:    cput=00:40:13,vmem=4238160kb,walltime=00:40:21,mem=1898076kb,energy_used=0
Exit Code:         0
Mother Superior:   cri16cn020

Execution Nodes: 
cri16cn020


