index for EGAR00001588227_2660.a.1kDLBCL.DLBCL.SL85348.exome_1tier.hg19.final.bam complete
finding positions of the duplicate reads in the file...
  sorted 14604350 end pairs
     and 350710 single ends (among them 0 unmatched pairs)
  collecting indices of duplicate reads...   done in 21237 ms
  found 3564484 duplicates
collected list of positions in 10 min 11 sec
removing duplicates...
total time elapsed: 44 min 1 sec
low quality reads removed from EGAR00001588227_2660.a.1kDLBCL.DLBCL.SL85348.exome_1tier.hg19.final.bam
duplicates removed from EGAR00001588227_2660.a.1kDLBCL.DLBCL.SL85348.exome_1tier.hg19.final.bam
script complete for EGAR00001588227_2660.a.1kDLBCL.DLBCL.SL85348.exome_1tier.hg19.final.bam


------------ Job WrapUp ------------

Job ID:            11325137.cri16sc001
User ID:           mleukam
Job Name:          sambamba_EGAR00001588227_2660.a.1kDLBCL.DLBCL.SL85348.exome_1tier.hg19.final.bam
Queue Name:        express
Working Directory: /home/mleukam/pbs
Resource List:     walltime=03:00:00,nodes=1:ppn=1,mem=4gb,neednodes=1:ppn=1
Resources Used:    cput=00:46:00,vmem=4188744kb,walltime=00:46:06,mem=1910336kb,energy_used=0
Exit Code:         0
Mother Superior:   cri16cn072

Execution Nodes: 
cri16cn072


