index for EGAR00001588027_2212.a.1kDLBCL.DLBCL.SL71895.exome_1tier.hg19.final.bam complete
finding positions of the duplicate reads in the file...
  sorted 12011720 end pairs
     and 419216 single ends (among them 0 unmatched pairs)
  collecting indices of duplicate reads...   done in 17406 ms
  found 1955797 duplicates
collected list of positions in 9 min 16 sec
removing duplicates...
sambamba-markdup: Unable to write to stream
sambamba-view: Error reading BGZF block starting from offset 0: stream error: not enough data in stream


------------ Job WrapUp ------------

Job ID:            11324934.cri16sc001
User ID:           mleukam
Job Name:          sambamba_EGAR00001588027_2212.a.1kDLBCL.DLBCL.SL71895.exome_1tier.hg19.final.bam
Queue Name:        express
Working Directory: /home/mleukam/pbs
Resource List:     walltime=03:00:00,nodes=1:ppn=1,mem=4gb,neednodes=1:ppn=1
Resources Used:    cput=00:46:42,vmem=4317812kb,walltime=00:46:49,mem=1940452kb,energy_used=0
Exit Code:         0
Mother Superior:   cri16cn080

Execution Nodes: 
cri16cn080


