index for EGAR00001588713_3767.a.1kDLBCL.DLBCL.SL99609.exome_1tier.hg19.final.bam complete
finding positions of the duplicate reads in the file...
  sorted 16074261 end pairs
     and 361244 single ends (among them 0 unmatched pairs)
  collecting indices of duplicate reads...   done in 23518 ms
  found 4512967 duplicates
collected list of positions in 11 min 55 sec
removing duplicates...
total time elapsed: 52 min 29 sec
low quality reads removed from EGAR00001588713_3767.a.1kDLBCL.DLBCL.SL99609.exome_1tier.hg19.final.bam
duplicates removed from EGAR00001588713_3767.a.1kDLBCL.DLBCL.SL99609.exome_1tier.hg19.final.bam
script complete for EGAR00001588713_3767.a.1kDLBCL.DLBCL.SL99609.exome_1tier.hg19.final.bam


------------ Job WrapUp ------------

Job ID:            11325632.cri16sc001
User ID:           mleukam
Job Name:          sambamba_EGAR00001588713_3767.a.1kDLBCL.DLBCL.SL99609.exome_1tier.hg19.final.bam
Queue Name:        express
Working Directory: /home/mleukam/pbs
Resource List:     walltime=03:00:00,nodes=1:ppn=1,mem=4gb,neednodes=1:ppn=1
Resources Used:    cput=00:54:45,vmem=4415376kb,walltime=00:54:51,mem=2017800kb,energy_used=0
Exit Code:         0
Mother Superior:   cri16cn007

Execution Nodes: 
cri16cn007


