index for EGAR00001588406_3385.a.1kDLBCL.DLBCL.SL86556.exome_1tier.hg19.final.bam complete
finding positions of the duplicate reads in the file...
  sorted 13370482 end pairs
     and 261363 single ends (among them 0 unmatched pairs)
  collecting indices of duplicate reads...   done in 19697 ms
  found 4439475 duplicates
collected list of positions in 10 min 54 sec
removing duplicates...
total time elapsed: 43 min 15 sec
low quality reads removed from EGAR00001588406_3385.a.1kDLBCL.DLBCL.SL86556.exome_1tier.hg19.final.bam
duplicates removed from EGAR00001588406_3385.a.1kDLBCL.DLBCL.SL86556.exome_1tier.hg19.final.bam
script complete for EGAR00001588406_3385.a.1kDLBCL.DLBCL.SL86556.exome_1tier.hg19.final.bam


------------ Job WrapUp ------------

Job ID:            11325320.cri16sc001
User ID:           mleukam
Job Name:          sambamba_EGAR00001588406_3385.a.1kDLBCL.DLBCL.SL86556.exome_1tier.hg19.final.bam
Queue Name:        express
Working Directory: /home/mleukam/pbs
Resource List:     walltime=03:00:00,nodes=1:ppn=1,mem=4gb,neednodes=1:ppn=1
Resources Used:    cput=00:45:18,vmem=4070924kb,walltime=00:45:23,mem=1747388kb,energy_used=0
Exit Code:         0
Mother Superior:   cri16cn077

Execution Nodes: 
cri16cn077


