index for EGAR00001588347_2887.a.1kDLBCL.DLBCL.SL90480_SL84304.exome_1tier.hg19.final.bam complete
finding positions of the duplicate reads in the file...
  sorted 16692478 end pairs
     and 400508 single ends (among them 0 unmatched pairs)
  collecting indices of duplicate reads...   done in 24152 ms
  found 3794989 duplicates
collected list of positions in 12 min 33 sec
removing duplicates...
total time elapsed: 58 min 28 sec
low quality reads removed from EGAR00001588347_2887.a.1kDLBCL.DLBCL.SL90480_SL84304.exome_1tier.hg19.final.bam
duplicates removed from EGAR00001588347_2887.a.1kDLBCL.DLBCL.SL90480_SL84304.exome_1tier.hg19.final.bam
script complete for EGAR00001588347_2887.a.1kDLBCL.DLBCL.SL90480_SL84304.exome_1tier.hg19.final.bam


------------ Job WrapUp ------------

Job ID:            11325259.cri16sc001
User ID:           mleukam
Job Name:          sambamba_EGAR00001588347_2887.a.1kDLBCL.DLBCL.SL90480_SL84304.exome_1tier.hg19.final.bam
Queue Name:        express
Working Directory: /home/mleukam/pbs
Resource List:     walltime=03:00:00,nodes=1:ppn=1,mem=4gb,neednodes=1:ppn=1
Resources Used:    cput=01:00:59,vmem=4258332kb,walltime=01:01:04,mem=2072440kb,energy_used=0
Exit Code:         0
Mother Superior:   cri16cn027

Execution Nodes: 
cri16cn027


