index for EGAR00001588329_2839.a.1kDLBCL.DLBCL.SL103116.exome_1tier.hg19.final.bam complete
finding positions of the duplicate reads in the file...
  sorted 17706263 end pairs
     and 395587 single ends (among them 0 unmatched pairs)
  collecting indices of duplicate reads...   done in 30318 ms
  found 4174163 duplicates
collected list of positions in 12 min 3 sec
removing duplicates...
total time elapsed: 51 min 17 sec
low quality reads removed from EGAR00001588329_2839.a.1kDLBCL.DLBCL.SL103116.exome_1tier.hg19.final.bam
duplicates removed from EGAR00001588329_2839.a.1kDLBCL.DLBCL.SL103116.exome_1tier.hg19.final.bam
script complete for EGAR00001588329_2839.a.1kDLBCL.DLBCL.SL103116.exome_1tier.hg19.final.bam


------------ Job WrapUp ------------

Job ID:            11325241.cri16sc001
User ID:           mleukam
Job Name:          sambamba_EGAR00001588329_2839.a.1kDLBCL.DLBCL.SL103116.exome_1tier.hg19.final.bam
Queue Name:        express
Working Directory: /home/mleukam/pbs
Resource List:     walltime=03:00:00,nodes=1:ppn=1,mem=4gb,neednodes=1:ppn=1
Resources Used:    cput=00:53:34,vmem=4349812kb,walltime=00:53:39,mem=1862632kb,energy_used=0
Exit Code:         0
Mother Superior:   cri16cn079

Execution Nodes: 
cri16cn079


