index for EGAR00001587924_2045.a.1kDLBCL.DLBCL.SL90484_SL84212.exome_1tier.hg19.final.bam complete
finding positions of the duplicate reads in the file...
  sorted 16034928 end pairs
     and 400879 single ends (among them 0 unmatched pairs)
  collecting indices of duplicate reads...   done in 23269 ms
  found 3761360 duplicates
collected list of positions in 13 min 14 sec
removing duplicates...
total time elapsed: 65 min 36 sec
low quality reads removed from EGAR00001587924_2045.a.1kDLBCL.DLBCL.SL90484_SL84212.exome_1tier.hg19.final.bam
duplicates removed from EGAR00001587924_2045.a.1kDLBCL.DLBCL.SL90484_SL84212.exome_1tier.hg19.final.bam
script complete for EGAR00001587924_2045.a.1kDLBCL.DLBCL.SL90484_SL84212.exome_1tier.hg19.final.bam


------------ Job WrapUp ------------

Job ID:            11324829.cri16sc001
User ID:           mleukam
Job Name:          sambamba_EGAR00001587924_2045.a.1kDLBCL.DLBCL.SL90484_SL84212.exome_1tier.hg19.final.bam
Queue Name:        express
Working Directory: /home/mleukam/pbs
Resource List:     walltime=03:00:00,nodes=1:ppn=1,mem=4gb,neednodes=1:ppn=1
Resources Used:    cput=01:08:23,vmem=4126540kb,walltime=01:08:28,mem=1879348kb,energy_used=0
Exit Code:         0
Mother Superior:   cri16cn079

Execution Nodes: 
cri16cn079


