index for EGAR00001588697_3750.a.1kDLBCL.DLBCL.SL96259.exome_1tier.hg19.final.bam complete
finding positions of the duplicate reads in the file...
  sorted 13050874 end pairs
     and 212019 single ends (among them 0 unmatched pairs)
  collecting indices of duplicate reads...   done in 19723 ms
  found 4012411 duplicates
collected list of positions in 9 min 19 sec
removing duplicates...
total time elapsed: 37 min 19 sec
low quality reads removed from EGAR00001588697_3750.a.1kDLBCL.DLBCL.SL96259.exome_1tier.hg19.final.bam
duplicates removed from EGAR00001588697_3750.a.1kDLBCL.DLBCL.SL96259.exome_1tier.hg19.final.bam
script complete for EGAR00001588697_3750.a.1kDLBCL.DLBCL.SL96259.exome_1tier.hg19.final.bam


------------ Job WrapUp ------------

Job ID:            11325615.cri16sc001
User ID:           mleukam
Job Name:          sambamba_EGAR00001588697_3750.a.1kDLBCL.DLBCL.SL96259.exome_1tier.hg19.final.bam
Queue Name:        express
Working Directory: /home/mleukam/pbs
Resource List:     walltime=03:00:00,nodes=1:ppn=1,mem=4gb,neednodes=1:ppn=1
Resources Used:    cput=00:39:15,vmem=4229704kb,walltime=00:39:21,mem=1876628kb,energy_used=0
Exit Code:         0
Mother Superior:   cri16cn007

Execution Nodes: 
cri16cn007


