index for EGAR00001588832_3934.a.1kDLBCL.DLBCL.SL99990.exome_1tier.hg19.final.bam complete
finding positions of the duplicate reads in the file...
  sorted 3271000 end pairs
     and 59951 single ends (among them 0 unmatched pairs)
  collecting indices of duplicate reads...   done in 4723 ms
  found 788522 duplicates
collected list of positions in 2 min 10 sec
removing duplicates...
total time elapsed: 10 min 51 sec
low quality reads removed from EGAR00001588832_3934.a.1kDLBCL.DLBCL.SL99990.exome_1tier.hg19.final.bam
duplicates removed from EGAR00001588832_3934.a.1kDLBCL.DLBCL.SL99990.exome_1tier.hg19.final.bam
script complete for EGAR00001588832_3934.a.1kDLBCL.DLBCL.SL99990.exome_1tier.hg19.final.bam


------------ Job WrapUp ------------

Job ID:            11325752.cri16sc001
User ID:           mleukam
Job Name:          sambamba_EGAR00001588832_3934.a.1kDLBCL.DLBCL.SL99990.exome_1tier.hg19.final.bam
Queue Name:        express
Working Directory: /home/mleukam/pbs
Resource List:     walltime=03:00:00,nodes=1:ppn=1,mem=4gb,neednodes=1:ppn=1
Resources Used:    cput=00:11:20,vmem=4082636kb,walltime=00:11:22,mem=1328584kb,energy_used=0
Exit Code:         0
Mother Superior:   cri16cn070

Execution Nodes: 
cri16cn070


