index for EGAR00001588748_3830.a.1kDLBCL.DLBCL.SL99503.exome_1tier.hg19.final.bam complete
finding positions of the duplicate reads in the file...
  sorted 12126042 end pairs
     and 330547 single ends (among them 0 unmatched pairs)
  collecting indices of duplicate reads...   done in 18359 ms
  found 2978518 duplicates
collected list of positions in 10 min 9 sec
removing duplicates...
total time elapsed: 46 min 20 sec
low quality reads removed from EGAR00001588748_3830.a.1kDLBCL.DLBCL.SL99503.exome_1tier.hg19.final.bam
duplicates removed from EGAR00001588748_3830.a.1kDLBCL.DLBCL.SL99503.exome_1tier.hg19.final.bam
script complete for EGAR00001588748_3830.a.1kDLBCL.DLBCL.SL99503.exome_1tier.hg19.final.bam


------------ Job WrapUp ------------

Job ID:            11325666.cri16sc001
User ID:           mleukam
Job Name:          sambamba_EGAR00001588748_3830.a.1kDLBCL.DLBCL.SL99503.exome_1tier.hg19.final.bam
Queue Name:        express
Working Directory: /home/mleukam/pbs
Resource List:     walltime=03:00:00,nodes=1:ppn=1,mem=4gb,neednodes=1:ppn=1
Resources Used:    cput=00:48:18,vmem=4320060kb,walltime=00:48:23,mem=1939412kb,energy_used=0
Exit Code:         0
Mother Superior:   cri16cn025

Execution Nodes: 
cri16cn025


