index for EGAR00001588147_2547.a.1kDLBCL.DLBCL.SL79080.exome_1tier.hg19.final.bam complete
finding positions of the duplicate reads in the file...
  sorted 14417150 end pairs
     and 333474 single ends (among them 0 unmatched pairs)
  collecting indices of duplicate reads...   done in 20876 ms
  found 2073160 duplicates
collected list of positions in 11 min 52 sec
removing duplicates...
total time elapsed: 48 min 2 sec
low quality reads removed from EGAR00001588147_2547.a.1kDLBCL.DLBCL.SL79080.exome_1tier.hg19.final.bam
duplicates removed from EGAR00001588147_2547.a.1kDLBCL.DLBCL.SL79080.exome_1tier.hg19.final.bam
script complete for EGAR00001588147_2547.a.1kDLBCL.DLBCL.SL79080.exome_1tier.hg19.final.bam


------------ Job WrapUp ------------

Job ID:            11325055.cri16sc001
User ID:           mleukam
Job Name:          sambamba_EGAR00001588147_2547.a.1kDLBCL.DLBCL.SL79080.exome_1tier.hg19.final.bam
Queue Name:        express
Working Directory: /home/mleukam/pbs
Resource List:     walltime=03:00:00,nodes=1:ppn=1,mem=4gb,neednodes=1:ppn=1
Resources Used:    cput=00:50:07,vmem=4353868kb,walltime=00:50:24,mem=2073068kb,energy_used=0
Exit Code:         0
Mother Superior:   cri16cn058

Execution Nodes: 
cri16cn058


