index for EGAR00001588259_2709.a.1kDLBCL.DLBCL.SL79198.exome_1tier.hg19.final.bam complete
finding positions of the duplicate reads in the file...
  sorted 17480043 end pairs
     and 297394 single ends (among them 0 unmatched pairs)
  collecting indices of duplicate reads...   done in 29575 ms
  found 2391095 duplicates
collected list of positions in 12 min 18 sec
removing duplicates...
total time elapsed: 52 min 31 sec
low quality reads removed from EGAR00001588259_2709.a.1kDLBCL.DLBCL.SL79198.exome_1tier.hg19.final.bam
duplicates removed from EGAR00001588259_2709.a.1kDLBCL.DLBCL.SL79198.exome_1tier.hg19.final.bam
script complete for EGAR00001588259_2709.a.1kDLBCL.DLBCL.SL79198.exome_1tier.hg19.final.bam


------------ Job WrapUp ------------

Job ID:            11325170.cri16sc001
User ID:           mleukam
Job Name:          sambamba_EGAR00001588259_2709.a.1kDLBCL.DLBCL.SL79198.exome_1tier.hg19.final.bam
Queue Name:        express
Working Directory: /home/mleukam/pbs
Resource List:     walltime=03:00:00,nodes=1:ppn=1,mem=4gb,neednodes=1:ppn=1
Resources Used:    cput=00:55:00,vmem=4235084kb,walltime=00:55:07,mem=2043332kb,energy_used=0
Exit Code:         0
Mother Superior:   cri16cn062

Execution Nodes: 
cri16cn062


