index for EGAR00001588544_3562.a.1kDLBCL.DLBCL.SL89976.exome_1tier.hg19.final.bam complete
finding positions of the duplicate reads in the file...
  sorted 13569402 end pairs
     and 347647 single ends (among them 0 unmatched pairs)
  collecting indices of duplicate reads...   done in 20494 ms
  found 3830469 duplicates
collected list of positions in 9 min 27 sec
removing duplicates...
total time elapsed: 39 min 34 sec
low quality reads removed from EGAR00001588544_3562.a.1kDLBCL.DLBCL.SL89976.exome_1tier.hg19.final.bam
duplicates removed from EGAR00001588544_3562.a.1kDLBCL.DLBCL.SL89976.exome_1tier.hg19.final.bam
script complete for EGAR00001588544_3562.a.1kDLBCL.DLBCL.SL89976.exome_1tier.hg19.final.bam


------------ Job WrapUp ------------

Job ID:            11325459.cri16sc001
User ID:           mleukam
Job Name:          sambamba_EGAR00001588544_3562.a.1kDLBCL.DLBCL.SL89976.exome_1tier.hg19.final.bam
Queue Name:        express
Working Directory: /home/mleukam/pbs
Resource List:     walltime=03:00:00,nodes=1:ppn=1,mem=4gb,neednodes=1:ppn=1
Resources Used:    cput=00:41:23,vmem=4181196kb,walltime=00:41:28,mem=1842196kb,energy_used=0
Exit Code:         0
Mother Superior:   cri16cn059

Execution Nodes: 
cri16cn059


