index for EGAR00001588366_2910.a.1kDLBCL.DLBCL.SL99601.exome_1tier.hg19.final.bam complete
finding positions of the duplicate reads in the file...
  sorted 20416560 end pairs
     and 479582 single ends (among them 0 unmatched pairs)
  collecting indices of duplicate reads...   done in 34561 ms
  found 5928926 duplicates
collected list of positions in 14 min 45 sec
removing duplicates...
total time elapsed: 64 min 4 sec
low quality reads removed from EGAR00001588366_2910.a.1kDLBCL.DLBCL.SL99601.exome_1tier.hg19.final.bam
duplicates removed from EGAR00001588366_2910.a.1kDLBCL.DLBCL.SL99601.exome_1tier.hg19.final.bam
script complete for EGAR00001588366_2910.a.1kDLBCL.DLBCL.SL99601.exome_1tier.hg19.final.bam


------------ Job WrapUp ------------

Job ID:            11325279.cri16sc001
User ID:           mleukam
Job Name:          sambamba_EGAR00001588366_2910.a.1kDLBCL.DLBCL.SL99601.exome_1tier.hg19.final.bam
Queue Name:        express
Working Directory: /home/mleukam/pbs
Resource List:     walltime=03:00:00,nodes=1:ppn=1,mem=4gb,neednodes=1:ppn=1
Resources Used:    cput=01:06:45,vmem=4161964kb,walltime=01:06:55,mem=1983660kb,energy_used=0
Exit Code:         0
Mother Superior:   cri16cn082

Execution Nodes: 
cri16cn082


