index for EGAR00001588350_2891.a.1kDLBCL.DLBCL.SL84397.exome_1tier.hg19.final.bam complete
finding positions of the duplicate reads in the file...
  sorted 12655423 end pairs
     and 225384 single ends (among them 0 unmatched pairs)
  collecting indices of duplicate reads...   done in 18162 ms
  found 2353228 duplicates
collected list of positions in 8 min 39 sec
removing duplicates...
total time elapsed: 36 min 45 sec
low quality reads removed from EGAR00001588350_2891.a.1kDLBCL.DLBCL.SL84397.exome_1tier.hg19.final.bam
duplicates removed from EGAR00001588350_2891.a.1kDLBCL.DLBCL.SL84397.exome_1tier.hg19.final.bam
script complete for EGAR00001588350_2891.a.1kDLBCL.DLBCL.SL84397.exome_1tier.hg19.final.bam


------------ Job WrapUp ------------

Job ID:            11325262.cri16sc001
User ID:           mleukam
Job Name:          sambamba_EGAR00001588350_2891.a.1kDLBCL.DLBCL.SL84397.exome_1tier.hg19.final.bam
Queue Name:        express
Working Directory: /home/mleukam/pbs
Resource List:     walltime=03:00:00,nodes=1:ppn=1,mem=4gb,neednodes=1:ppn=1
Resources Used:    cput=00:38:31,vmem=4116016kb,walltime=00:38:40,mem=1699524kb,energy_used=0
Exit Code:         0
Mother Superior:   cri16cn008

Execution Nodes: 
cri16cn008


