index for EGAR00001588701_3755.a.1kDLBCL.DLBCL.SL100188.exome_1tier.hg19.final.bam complete
finding positions of the duplicate reads in the file...
  sorted 6063751 end pairs
     and 52090 single ends (among them 0 unmatched pairs)
  collecting indices of duplicate reads...   done in 8852 ms
  found 1763238 duplicates
collected list of positions in 3 min 52 sec
removing duplicates...
total time elapsed: 16 min 22 sec
low quality reads removed from EGAR00001588701_3755.a.1kDLBCL.DLBCL.SL100188.exome_1tier.hg19.final.bam
duplicates removed from EGAR00001588701_3755.a.1kDLBCL.DLBCL.SL100188.exome_1tier.hg19.final.bam
script complete for EGAR00001588701_3755.a.1kDLBCL.DLBCL.SL100188.exome_1tier.hg19.final.bam


------------ Job WrapUp ------------

Job ID:            11325619.cri16sc001
User ID:           mleukam
Job Name:          sambamba_EGAR00001588701_3755.a.1kDLBCL.DLBCL.SL100188.exome_1tier.hg19.final.bam
Queue Name:        express
Working Directory: /home/mleukam/pbs
Resource List:     walltime=03:00:00,nodes=1:ppn=1,mem=4gb,neednodes=1:ppn=1
Resources Used:    cput=00:17:14,vmem=4220272kb,walltime=00:17:17,mem=1601792kb,energy_used=0
Exit Code:         0
Mother Superior:   cri16cn016

Execution Nodes: 
cri16cn016


