index for EGAR00001588172_2581.a.1kDLBCL.DLBCL.SL90099.exome_1tier.hg19.final.bam complete
finding positions of the duplicate reads in the file...
  sorted 14993912 end pairs
     and 428374 single ends (among them 0 unmatched pairs)
  collecting indices of duplicate reads...   done in 21894 ms
  found 3892630 duplicates
collected list of positions in 10 min 7 sec
removing duplicates...
total time elapsed: 44 min 5 sec
low quality reads removed from EGAR00001588172_2581.a.1kDLBCL.DLBCL.SL90099.exome_1tier.hg19.final.bam
duplicates removed from EGAR00001588172_2581.a.1kDLBCL.DLBCL.SL90099.exome_1tier.hg19.final.bam
script complete for EGAR00001588172_2581.a.1kDLBCL.DLBCL.SL90099.exome_1tier.hg19.final.bam


------------ Job WrapUp ------------

Job ID:            11325081.cri16sc001
User ID:           mleukam
Job Name:          sambamba_EGAR00001588172_2581.a.1kDLBCL.DLBCL.SL90099.exome_1tier.hg19.final.bam
Queue Name:        express
Working Directory: /home/mleukam/pbs
Resource List:     walltime=03:00:00,nodes=1:ppn=1,mem=4gb,neednodes=1:ppn=1
Resources Used:    cput=00:46:22,vmem=4338728kb,walltime=00:46:28,mem=1981872kb,energy_used=0
Exit Code:         0
Mother Superior:   cri16cn033

Execution Nodes: 
cri16cn033


