index for EGAR00001588082_2278.a.1kDLBCL.DLBCL.SL72219.exome_1tier.hg19.final.bam complete
finding positions of the duplicate reads in the file...
  sorted 12883839 end pairs
     and 487903 single ends (among them 0 unmatched pairs)
  collecting indices of duplicate reads...   done in 18733 ms
  found 2127548 duplicates
collected list of positions in 10 min 4 sec
removing duplicates...
total time elapsed: 47 min 31 sec
low quality reads removed from EGAR00001588082_2278.a.1kDLBCL.DLBCL.SL72219.exome_1tier.hg19.final.bam
duplicates removed from EGAR00001588082_2278.a.1kDLBCL.DLBCL.SL72219.exome_1tier.hg19.final.bam
script complete for EGAR00001588082_2278.a.1kDLBCL.DLBCL.SL72219.exome_1tier.hg19.final.bam


------------ Job WrapUp ------------

Job ID:            11324989.cri16sc001
User ID:           mleukam
Job Name:          sambamba_EGAR00001588082_2278.a.1kDLBCL.DLBCL.SL72219.exome_1tier.hg19.final.bam
Queue Name:        express
Working Directory: /home/mleukam/pbs
Resource List:     walltime=03:00:00,nodes=1:ppn=1,mem=4gb,neednodes=1:ppn=1
Resources Used:    cput=00:49:24,vmem=4366228kb,walltime=00:49:36,mem=1990376kb,energy_used=0
Exit Code:         0
Mother Superior:   cri16cn003

Execution Nodes: 
cri16cn003


