index for EGAR00001588279_2769.a.1kDLBCL.DLBCL.SL84308_SL90500.exome_1tier.hg19.final.bam complete
finding positions of the duplicate reads in the file...
  sorted 17824911 end pairs
     and 441234 single ends (among them 0 unmatched pairs)
  collecting indices of duplicate reads...   done in 30789 ms
  found 3962598 duplicates
collected list of positions in 12 min 36 sec
removing duplicates...
total time elapsed: 55 min 38 sec
low quality reads removed from EGAR00001588279_2769.a.1kDLBCL.DLBCL.SL84308_SL90500.exome_1tier.hg19.final.bam
duplicates removed from EGAR00001588279_2769.a.1kDLBCL.DLBCL.SL84308_SL90500.exome_1tier.hg19.final.bam
script complete for EGAR00001588279_2769.a.1kDLBCL.DLBCL.SL84308_SL90500.exome_1tier.hg19.final.bam


------------ Job WrapUp ------------

Job ID:            11325190.cri16sc001
User ID:           mleukam
Job Name:          sambamba_EGAR00001588279_2769.a.1kDLBCL.DLBCL.SL84308_SL90500.exome_1tier.hg19.final.bam
Queue Name:        express
Working Directory: /home/mleukam/pbs
Resource List:     walltime=03:00:00,nodes=1:ppn=1,mem=4gb,neednodes=1:ppn=1
Resources Used:    cput=00:57:52,vmem=4309288kb,walltime=00:58:05,mem=2114324kb,energy_used=0
Exit Code:         0
Mother Superior:   cri16cn026

Execution Nodes: 
cri16cn026


