index for EGAR00001588312_2819.a.1kDLBCL.DLBCL.SL102788.exome_1tier.hg19.final.bam complete
finding positions of the duplicate reads in the file...
  sorted 21372078 end pairs
     and 616611 single ends (among them 0 unmatched pairs)
  collecting indices of duplicate reads...   done in 36957 ms
  found 8249283 duplicates
collected list of positions in 16 min 5 sec
removing duplicates...
total time elapsed: 64 min 51 sec
low quality reads removed from EGAR00001588312_2819.a.1kDLBCL.DLBCL.SL102788.exome_1tier.hg19.final.bam
duplicates removed from EGAR00001588312_2819.a.1kDLBCL.DLBCL.SL102788.exome_1tier.hg19.final.bam
script complete for EGAR00001588312_2819.a.1kDLBCL.DLBCL.SL102788.exome_1tier.hg19.final.bam


------------ Job WrapUp ------------

Job ID:            11325224.cri16sc001
User ID:           mleukam
Job Name:          sambamba_EGAR00001588312_2819.a.1kDLBCL.DLBCL.SL102788.exome_1tier.hg19.final.bam
Queue Name:        express
Working Directory: /home/mleukam/pbs
Resource List:     walltime=03:00:00,nodes=1:ppn=1,mem=4gb,neednodes=1:ppn=1
Resources Used:    cput=01:07:52,vmem=4270116kb,walltime=01:07:59,mem=2098708kb,energy_used=0
Exit Code:         0
Mother Superior:   cri16cn052

Execution Nodes: 
cri16cn052


