index for EGAR00001588704_3758.a.1kDLBCL.DLBCL.SL103987.exome_1tier.hg19.final.bam complete
finding positions of the duplicate reads in the file...
  sorted 31732216 end pairs
     and 717721 single ends (among them 0 unmatched pairs)
  collecting indices of duplicate reads...   done in 54317 ms
  found 22676572 duplicates
collected list of positions in 21 min 52 sec
removing duplicates...
total time elapsed: 76 min 38 sec
low quality reads removed from EGAR00001588704_3758.a.1kDLBCL.DLBCL.SL103987.exome_1tier.hg19.final.bam
duplicates removed from EGAR00001588704_3758.a.1kDLBCL.DLBCL.SL103987.exome_1tier.hg19.final.bam
script complete for EGAR00001588704_3758.a.1kDLBCL.DLBCL.SL103987.exome_1tier.hg19.final.bam


------------ Job WrapUp ------------

Job ID:            11325623.cri16sc001
User ID:           mleukam
Job Name:          sambamba_EGAR00001588704_3758.a.1kDLBCL.DLBCL.SL103987.exome_1tier.hg19.final.bam
Queue Name:        express
Working Directory: /home/mleukam/pbs
Resource List:     walltime=03:00:00,nodes=1:ppn=1,mem=4gb,neednodes=1:ppn=1
Resources Used:    cput=01:20:48,vmem=4362516kb,walltime=01:20:58,mem=2055688kb,energy_used=0
Exit Code:         0
Mother Superior:   cri16cn029

Execution Nodes: 
cri16cn029


