index for EGAR00001588185_2604.a.1kDLBCL.DLBCL.SL89725.exome_1tier.hg19.final.bam complete
finding positions of the duplicate reads in the file...
  sorted 13814170 end pairs
     and 238388 single ends (among them 0 unmatched pairs)
  collecting indices of duplicate reads...   done in 20372 ms
  found 5293114 duplicates
collected list of positions in 11 min 23 sec
removing duplicates...
total time elapsed: 56 min 6 sec
low quality reads removed from EGAR00001588185_2604.a.1kDLBCL.DLBCL.SL89725.exome_1tier.hg19.final.bam
duplicates removed from EGAR00001588185_2604.a.1kDLBCL.DLBCL.SL89725.exome_1tier.hg19.final.bam
script complete for EGAR00001588185_2604.a.1kDLBCL.DLBCL.SL89725.exome_1tier.hg19.final.bam


------------ Job WrapUp ------------

Job ID:            11325094.cri16sc001
User ID:           mleukam
Job Name:          sambamba_EGAR00001588185_2604.a.1kDLBCL.DLBCL.SL89725.exome_1tier.hg19.final.bam
Queue Name:        express
Working Directory: /home/mleukam/pbs
Resource List:     walltime=03:00:00,nodes=1:ppn=1,mem=4gb,neednodes=1:ppn=1
Resources Used:    cput=00:58:12,vmem=4123764kb,walltime=00:58:30,mem=1794156kb,energy_used=0
Exit Code:         0
Mother Superior:   cri16cn011

Execution Nodes: 
cri16cn011


