index for EGAR00001588412_3394.a.1kDLBCL.DLBCL.SL85540_SL84720.exome_1tier.hg19.final.bam complete
finding positions of the duplicate reads in the file...
  sorted 11774122 end pairs
     and 206164 single ends (among them 0 unmatched pairs)
  collecting indices of duplicate reads...   done in 18468 ms
  found 9304275 duplicates
collected list of positions in 7 min 39 sec
removing duplicates...
total time elapsed: 27 min 54 sec
low quality reads removed from EGAR00001588412_3394.a.1kDLBCL.DLBCL.SL85540_SL84720.exome_1tier.hg19.final.bam
duplicates removed from EGAR00001588412_3394.a.1kDLBCL.DLBCL.SL85540_SL84720.exome_1tier.hg19.final.bam
script complete for EGAR00001588412_3394.a.1kDLBCL.DLBCL.SL85540_SL84720.exome_1tier.hg19.final.bam


------------ Job WrapUp ------------

Job ID:            11325326.cri16sc001
User ID:           mleukam
Job Name:          sambamba_EGAR00001588412_3394.a.1kDLBCL.DLBCL.SL85540_SL84720.exome_1tier.hg19.final.bam
Queue Name:        express
Working Directory: /home/mleukam/pbs
Resource List:     walltime=03:00:00,nodes=1:ppn=1,mem=4gb,neednodes=1:ppn=1
Resources Used:    cput=00:29:30,vmem=4305548kb,walltime=00:29:34,mem=1645260kb,energy_used=0
Exit Code:         0
Mother Superior:   cri16cn058

Execution Nodes: 
cri16cn058


