index for EGAR00001588324_2833.a.1kDLBCL.DLBCL.SL100865.exome_1tier.hg19.final.bam complete
finding positions of the duplicate reads in the file...
  sorted 7696086 end pairs
     and 153814 single ends (among them 0 unmatched pairs)
  collecting indices of duplicate reads...   done in 11176 ms
  found 2244876 duplicates
collected list of positions in 5 min 9 sec
removing duplicates...
total time elapsed: 23 min 44 sec
low quality reads removed from EGAR00001588324_2833.a.1kDLBCL.DLBCL.SL100865.exome_1tier.hg19.final.bam
duplicates removed from EGAR00001588324_2833.a.1kDLBCL.DLBCL.SL100865.exome_1tier.hg19.final.bam
script complete for EGAR00001588324_2833.a.1kDLBCL.DLBCL.SL100865.exome_1tier.hg19.final.bam


------------ Job WrapUp ------------

Job ID:            11325236.cri16sc001
User ID:           mleukam
Job Name:          sambamba_EGAR00001588324_2833.a.1kDLBCL.DLBCL.SL100865.exome_1tier.hg19.final.bam
Queue Name:        express
Working Directory: /home/mleukam/pbs
Resource List:     walltime=03:00:00,nodes=1:ppn=1,mem=4gb,neednodes=1:ppn=1
Resources Used:    cput=00:24:51,vmem=4225284kb,walltime=00:24:55,mem=1637188kb,energy_used=0
Exit Code:         0
Mother Superior:   cri16cn013

Execution Nodes: 
cri16cn013


