index for EGAR00001588809_3911.a.1kDLBCL.DLBCL.SL100189.exome_1tier.hg19.final.bam complete
finding positions of the duplicate reads in the file...
  sorted 6071911 end pairs
     and 49130 single ends (among them 0 unmatched pairs)
  collecting indices of duplicate reads...   done in 8680 ms
  found 1775222 duplicates
collected list of positions in 3 min 51 sec
removing duplicates...
total time elapsed: 15 min 36 sec
low quality reads removed from EGAR00001588809_3911.a.1kDLBCL.DLBCL.SL100189.exome_1tier.hg19.final.bam
duplicates removed from EGAR00001588809_3911.a.1kDLBCL.DLBCL.SL100189.exome_1tier.hg19.final.bam
script complete for EGAR00001588809_3911.a.1kDLBCL.DLBCL.SL100189.exome_1tier.hg19.final.bam


------------ Job WrapUp ------------

Job ID:            11325728.cri16sc001
User ID:           mleukam
Job Name:          sambamba_EGAR00001588809_3911.a.1kDLBCL.DLBCL.SL100189.exome_1tier.hg19.final.bam
Queue Name:        express
Working Directory: /home/mleukam/pbs
Resource List:     walltime=03:00:00,nodes=1:ppn=1,mem=4gb,neednodes=1:ppn=1
Resources Used:    cput=00:16:30,vmem=4001140kb,walltime=00:16:33,mem=1367904kb,energy_used=0
Exit Code:         0
Mother Superior:   cri16cn033

Execution Nodes: 
cri16cn033


