index for EGAR00001588495_3498.a.1kDLBCL.DLBCL.SL99999.exome_1tier.hg19.final.bam complete
finding positions of the duplicate reads in the file...
  sorted 8653244 end pairs
     and 148575 single ends (among them 0 unmatched pairs)
  collecting indices of duplicate reads...   done in 12915 ms
  found 2549721 duplicates
collected list of positions in 5 min 38 sec
removing duplicates...
total time elapsed: 23 min 49 sec
low quality reads removed from EGAR00001588495_3498.a.1kDLBCL.DLBCL.SL99999.exome_1tier.hg19.final.bam
duplicates removed from EGAR00001588495_3498.a.1kDLBCL.DLBCL.SL99999.exome_1tier.hg19.final.bam
script complete for EGAR00001588495_3498.a.1kDLBCL.DLBCL.SL99999.exome_1tier.hg19.final.bam


------------ Job WrapUp ------------

Job ID:            11325409.cri16sc001
User ID:           mleukam
Job Name:          sambamba_EGAR00001588495_3498.a.1kDLBCL.DLBCL.SL99999.exome_1tier.hg19.final.bam
Queue Name:        express
Working Directory: /home/mleukam/pbs
Resource List:     walltime=03:00:00,nodes=1:ppn=1,mem=4gb,neednodes=1:ppn=1
Resources Used:    cput=00:24:52,vmem=4244752kb,walltime=00:24:58,mem=1677144kb,energy_used=0
Exit Code:         0
Mother Superior:   cri16cn065

Execution Nodes: 
cri16cn065


