index for EGAR00001588895_3999.a.1kDLBCL.DLBCL.SL98880.exome_1tier.hg19.final.bam complete
finding positions of the duplicate reads in the file...
  sorted 7006809 end pairs
     and 136694 single ends (among them 0 unmatched pairs)
  collecting indices of duplicate reads...   done in 10394 ms
  found 3128840 duplicates
collected list of positions in 4 min 52 sec
removing duplicates...
total time elapsed: 20 min 28 sec
low quality reads removed from EGAR00001588895_3999.a.1kDLBCL.DLBCL.SL98880.exome_1tier.hg19.final.bam
duplicates removed from EGAR00001588895_3999.a.1kDLBCL.DLBCL.SL98880.exome_1tier.hg19.final.bam
script complete for EGAR00001588895_3999.a.1kDLBCL.DLBCL.SL98880.exome_1tier.hg19.final.bam


------------ Job WrapUp ------------

Job ID:            11325816.cri16sc001
User ID:           mleukam
Job Name:          sambamba_EGAR00001588895_3999.a.1kDLBCL.DLBCL.SL98880.exome_1tier.hg19.final.bam
Queue Name:        express
Working Directory: /home/mleukam/pbs
Resource List:     walltime=03:00:00,nodes=1:ppn=1,mem=4gb,neednodes=1:ppn=1
Resources Used:    cput=00:21:43,vmem=4279592kb,walltime=00:21:46,mem=1567504kb,energy_used=0
Exit Code:         0
Mother Superior:   cri16cn073

Execution Nodes: 
cri16cn073


