index for EGAR00001588381_2936.a.1kDLBCL.DLBCL.SL102799.exome_1tier.hg19.final.bam complete
finding positions of the duplicate reads in the file...
  sorted 13007356 end pairs
     and 334844 single ends (among them 0 unmatched pairs)
  collecting indices of duplicate reads...   done in 41968 ms
  found 5135368 duplicates
collected list of positions in 9 min 59 sec
removing duplicates...
total time elapsed: 38 min 32 sec
low quality reads removed from EGAR00001588381_2936.a.1kDLBCL.DLBCL.SL102799.exome_1tier.hg19.final.bam
duplicates removed from EGAR00001588381_2936.a.1kDLBCL.DLBCL.SL102799.exome_1tier.hg19.final.bam
script complete for EGAR00001588381_2936.a.1kDLBCL.DLBCL.SL102799.exome_1tier.hg19.final.bam


------------ Job WrapUp ------------

Job ID:            11325294.cri16sc001
User ID:           mleukam
Job Name:          sambamba_EGAR00001588381_2936.a.1kDLBCL.DLBCL.SL102799.exome_1tier.hg19.final.bam
Queue Name:        express
Working Directory: /home/mleukam/pbs
Resource List:     walltime=03:00:00,nodes=1:ppn=1,mem=4gb,neednodes=1:ppn=1
Resources Used:    cput=00:40:02,vmem=4184688kb,walltime=00:40:43,mem=1758672kb,energy_used=0
Exit Code:         0
Mother Superior:   cri16cn050

Execution Nodes: 
cri16cn050


