index for EGAR00001588861_3964.a.1kDLBCL.DLBCL.SL100756.exome_1tier.hg19.final.bam complete
finding positions of the duplicate reads in the file...
  sorted 9271146 end pairs
     and 213593 single ends (among them 0 unmatched pairs)
  collecting indices of duplicate reads...   done in 13534 ms
  found 2575459 duplicates
collected list of positions in 6 min 14 sec
removing duplicates...
total time elapsed: 29 min 17 sec
low quality reads removed from EGAR00001588861_3964.a.1kDLBCL.DLBCL.SL100756.exome_1tier.hg19.final.bam
duplicates removed from EGAR00001588861_3964.a.1kDLBCL.DLBCL.SL100756.exome_1tier.hg19.final.bam
script complete for EGAR00001588861_3964.a.1kDLBCL.DLBCL.SL100756.exome_1tier.hg19.final.bam


------------ Job WrapUp ------------

Job ID:            11325782.cri16sc001
User ID:           mleukam
Job Name:          sambamba_EGAR00001588861_3964.a.1kDLBCL.DLBCL.SL100756.exome_1tier.hg19.final.bam
Queue Name:        express
Working Directory: /home/mleukam/pbs
Resource List:     walltime=03:00:00,nodes=1:ppn=1,mem=4gb,neednodes=1:ppn=1
Resources Used:    cput=00:30:29,vmem=4297380kb,walltime=00:30:33,mem=1568416kb,energy_used=0
Exit Code:         0
Mother Superior:   cri16cn038

Execution Nodes: 
cri16cn038


