index for EGAR00001588524_3537.a.1kDLBCL.DLBCL.SL90296.exome_1tier.hg19.final.bam complete
finding positions of the duplicate reads in the file...
  sorted 11224795 end pairs
     and 376665 single ends (among them 0 unmatched pairs)
  collecting indices of duplicate reads...   done in 16642 ms
  found 2973043 duplicates
collected list of positions in 10 min 56 sec
removing duplicates...
total time elapsed: 52 min 1 sec
low quality reads removed from EGAR00001588524_3537.a.1kDLBCL.DLBCL.SL90296.exome_1tier.hg19.final.bam
duplicates removed from EGAR00001588524_3537.a.1kDLBCL.DLBCL.SL90296.exome_1tier.hg19.final.bam
script complete for EGAR00001588524_3537.a.1kDLBCL.DLBCL.SL90296.exome_1tier.hg19.final.bam


------------ Job WrapUp ------------

Job ID:            11325439.cri16sc001
User ID:           mleukam
Job Name:          sambamba_EGAR00001588524_3537.a.1kDLBCL.DLBCL.SL90296.exome_1tier.hg19.final.bam
Queue Name:        express
Working Directory: /home/mleukam/pbs
Resource List:     walltime=03:00:00,nodes=1:ppn=1,mem=4gb,neednodes=1:ppn=1
Resources Used:    cput=00:54:08,vmem=4214704kb,walltime=00:54:12,mem=1779684kb,energy_used=0
Exit Code:         0
Mother Superior:   cri16cn043

Execution Nodes: 
cri16cn043


