index for EGAR00001588310_2816.a.1kDLBCL.DLBCL.SL103121.exome_1tier.hg19.final.bam complete
finding positions of the duplicate reads in the file...
  sorted 19251311 end pairs
     and 439829 single ends (among them 0 unmatched pairs)
  collecting indices of duplicate reads...   done in 32696 ms
  found 4443929 duplicates
collected list of positions in 13 min 49 sec
removing duplicates...
total time elapsed: 55 min 43 sec
low quality reads removed from EGAR00001588310_2816.a.1kDLBCL.DLBCL.SL103121.exome_1tier.hg19.final.bam
duplicates removed from EGAR00001588310_2816.a.1kDLBCL.DLBCL.SL103121.exome_1tier.hg19.final.bam
script complete for EGAR00001588310_2816.a.1kDLBCL.DLBCL.SL103121.exome_1tier.hg19.final.bam


------------ Job WrapUp ------------

Job ID:            11325222.cri16sc001
User ID:           mleukam
Job Name:          sambamba_EGAR00001588310_2816.a.1kDLBCL.DLBCL.SL103121.exome_1tier.hg19.final.bam
Queue Name:        express
Working Directory: /home/mleukam/pbs
Resource List:     walltime=03:00:00,nodes=1:ppn=1,mem=4gb,neednodes=1:ppn=1
Resources Used:    cput=00:58:17,vmem=4234060kb,walltime=00:58:22,mem=2075788kb,energy_used=0
Exit Code:         0
Mother Superior:   cri16cn071

Execution Nodes: 
cri16cn071


