index for EGAR00001588292_2785.a.1kDLBCL.DLBCL.SL84207.exome_1tier.hg19.final.bam complete
finding positions of the duplicate reads in the file...
  sorted 16489142 end pairs
     and 267745 single ends (among them 0 unmatched pairs)
  collecting indices of duplicate reads...   done in 23718 ms
  found 3889652 duplicates
collected list of positions in 10 min 49 sec
removing duplicates...
sambamba-markdup: Unable to write to stream
sambamba-view: Error reading BGZF block starting from offset 0: stream error: not enough data in stream


------------ Job WrapUp ------------

Job ID:            11325203.cri16sc001
User ID:           mleukam
Job Name:          sambamba_EGAR00001588292_2785.a.1kDLBCL.DLBCL.SL84207.exome_1tier.hg19.final.bam
Queue Name:        express
Working Directory: /home/mleukam/pbs
Resource List:     walltime=03:00:00,nodes=1:ppn=1,mem=4gb,neednodes=1:ppn=1
Resources Used:    cput=00:46:27,vmem=4265912kb,walltime=00:46:35,mem=1938316kb,energy_used=0
Exit Code:         0
Mother Superior:   cri16cn022

Execution Nodes: 
cri16cn022


