index for EGAR00001588442_3435.a.1kDLBCL.DLBCL.SL85542_SL84693.exome_1tier.hg19.final.bam complete
finding positions of the duplicate reads in the file...
  sorted 6977595 end pairs
     and 144303 single ends (among them 0 unmatched pairs)
  collecting indices of duplicate reads...   done in 10373 ms
  found 1979261 duplicates
collected list of positions in 5 min 41 sec
removing duplicates...
total time elapsed: 25 min 59 sec
low quality reads removed from EGAR00001588442_3435.a.1kDLBCL.DLBCL.SL85542_SL84693.exome_1tier.hg19.final.bam
duplicates removed from EGAR00001588442_3435.a.1kDLBCL.DLBCL.SL85542_SL84693.exome_1tier.hg19.final.bam
script complete for EGAR00001588442_3435.a.1kDLBCL.DLBCL.SL85542_SL84693.exome_1tier.hg19.final.bam


------------ Job WrapUp ------------

Job ID:            11325356.cri16sc001
User ID:           mleukam
Job Name:          sambamba_EGAR00001588442_3435.a.1kDLBCL.DLBCL.SL85542_SL84693.exome_1tier.hg19.final.bam
Queue Name:        express
Working Directory: /home/mleukam/pbs
Resource List:     walltime=03:00:00,nodes=1:ppn=1,mem=4gb,neednodes=1:ppn=1
Resources Used:    cput=00:27:27,vmem=4220992kb,walltime=00:27:30,mem=1521024kb,energy_used=0
Exit Code:         0
Mother Superior:   cri16cn002

Execution Nodes: 
cri16cn002


