index for EGAR00001588706_3760.a.1kDLBCL.DLBCL.SL100096.exome_1tier.hg19.final.bam complete
finding positions of the duplicate reads in the file...
  sorted 13727720 end pairs
     and 299276 single ends (among them 0 unmatched pairs)
  collecting indices of duplicate reads...   done in 20356 ms
  found 5184015 duplicates
collected list of positions in 8 min 55 sec
removing duplicates...
total time elapsed: 36 min 23 sec
low quality reads removed from EGAR00001588706_3760.a.1kDLBCL.DLBCL.SL100096.exome_1tier.hg19.final.bam
duplicates removed from EGAR00001588706_3760.a.1kDLBCL.DLBCL.SL100096.exome_1tier.hg19.final.bam
script complete for EGAR00001588706_3760.a.1kDLBCL.DLBCL.SL100096.exome_1tier.hg19.final.bam


------------ Job WrapUp ------------

Job ID:            11325625.cri16sc001
User ID:           mleukam
Job Name:          sambamba_EGAR00001588706_3760.a.1kDLBCL.DLBCL.SL100096.exome_1tier.hg19.final.bam
Queue Name:        express
Working Directory: /home/mleukam/pbs
Resource List:     walltime=03:00:00,nodes=1:ppn=1,mem=4gb,neednodes=1:ppn=1
Resources Used:    cput=00:38:18,vmem=4252272kb,walltime=00:38:22,mem=1816192kb,energy_used=0
Exit Code:         0
Mother Superior:   cri16cn078

Execution Nodes: 
cri16cn078


