index for EGAR00001588537_3555.a.1kDLBCL.DLBCL.SL89899.exome_1tier.hg19.final.bam complete
finding positions of the duplicate reads in the file...
  sorted 15615303 end pairs
     and 453440 single ends (among them 0 unmatched pairs)
  collecting indices of duplicate reads...   done in 23691 ms
  found 5050858 duplicates
collected list of positions in 10 min 46 sec
removing duplicates...
total time elapsed: 44 min 22 sec
low quality reads removed from EGAR00001588537_3555.a.1kDLBCL.DLBCL.SL89899.exome_1tier.hg19.final.bam
duplicates removed from EGAR00001588537_3555.a.1kDLBCL.DLBCL.SL89899.exome_1tier.hg19.final.bam
script complete for EGAR00001588537_3555.a.1kDLBCL.DLBCL.SL89899.exome_1tier.hg19.final.bam


------------ Job WrapUp ------------

Job ID:            11325452.cri16sc001
User ID:           mleukam
Job Name:          sambamba_EGAR00001588537_3555.a.1kDLBCL.DLBCL.SL89899.exome_1tier.hg19.final.bam
Queue Name:        express
Working Directory: /home/mleukam/pbs
Resource List:     walltime=03:00:00,nodes=1:ppn=1,mem=4gb,neednodes=1:ppn=1
Resources Used:    cput=00:46:47,vmem=4059440kb,walltime=00:46:51,mem=1773848kb,energy_used=0
Exit Code:         0
Mother Superior:   cri16cn063

Execution Nodes: 
cri16cn063


