index for EGAR00001588100_2453.a.1kDLBCL.DLBCL.SL100634.exome_1tier.hg19.final.bam complete
finding positions of the duplicate reads in the file...
  sorted 12626392 end pairs
     and 222054 single ends (among them 0 unmatched pairs)
  collecting indices of duplicate reads...   done in 18551 ms
  found 5018200 duplicates
collected list of positions in 8 min 15 sec
removing duplicates...
total time elapsed: 35 min 34 sec
low quality reads removed from EGAR00001588100_2453.a.1kDLBCL.DLBCL.SL100634.exome_1tier.hg19.final.bam
duplicates removed from EGAR00001588100_2453.a.1kDLBCL.DLBCL.SL100634.exome_1tier.hg19.final.bam
script complete for EGAR00001588100_2453.a.1kDLBCL.DLBCL.SL100634.exome_1tier.hg19.final.bam


------------ Job WrapUp ------------

Job ID:            11325008.cri16sc001
User ID:           mleukam
Job Name:          sambamba_EGAR00001588100_2453.a.1kDLBCL.DLBCL.SL100634.exome_1tier.hg19.final.bam
Queue Name:        express
Working Directory: /home/mleukam/pbs
Resource List:     walltime=03:00:00,nodes=1:ppn=1,mem=4gb,neednodes=1:ppn=1
Resources Used:    cput=00:37:12,vmem=4096084kb,walltime=00:37:18,mem=1722500kb,energy_used=0
Exit Code:         0
Mother Superior:   cri16cn029

Execution Nodes: 
cri16cn029


