index for EGAR00001588254_2700.a.1kDLBCL.DLBCL.SL79088.exome_1tier.hg19.final.bam complete
finding positions of the duplicate reads in the file...
  sorted 13442771 end pairs
     and 278705 single ends (among them 0 unmatched pairs)
  collecting indices of duplicate reads...   done in 19281 ms
  found 1935446 duplicates
collected list of positions in 9 min 27 sec
removing duplicates...
total time elapsed: 42 min 59 sec
low quality reads removed from EGAR00001588254_2700.a.1kDLBCL.DLBCL.SL79088.exome_1tier.hg19.final.bam
duplicates removed from EGAR00001588254_2700.a.1kDLBCL.DLBCL.SL79088.exome_1tier.hg19.final.bam
script complete for EGAR00001588254_2700.a.1kDLBCL.DLBCL.SL79088.exome_1tier.hg19.final.bam


------------ Job WrapUp ------------

Job ID:            11325165.cri16sc001
User ID:           mleukam
Job Name:          sambamba_EGAR00001588254_2700.a.1kDLBCL.DLBCL.SL79088.exome_1tier.hg19.final.bam
Queue Name:        express
Working Directory: /home/mleukam/pbs
Resource List:     walltime=03:00:00,nodes=1:ppn=1,mem=4gb,neednodes=1:ppn=1
Resources Used:    cput=00:44:51,vmem=4388904kb,walltime=00:44:56,mem=2058864kb,energy_used=0
Exit Code:         0
Mother Superior:   cri16cn033

Execution Nodes: 
cri16cn033


