index for EGAR00001588065_2252.a.1kDLBCL.DLBCL.SL104922.exome_1tier.hg19.final.bam complete
finding positions of the duplicate reads in the file...
  sorted 949054 end pairs
     and 24638 single ends (among them 0 unmatched pairs)
  collecting indices of duplicate reads...   done in 1380 ms
  found 279643 duplicates
collected list of positions in 0 min 37 sec
removing duplicates...
total time elapsed: 2 min 49 sec
low quality reads removed from EGAR00001588065_2252.a.1kDLBCL.DLBCL.SL104922.exome_1tier.hg19.final.bam
duplicates removed from EGAR00001588065_2252.a.1kDLBCL.DLBCL.SL104922.exome_1tier.hg19.final.bam
script complete for EGAR00001588065_2252.a.1kDLBCL.DLBCL.SL104922.exome_1tier.hg19.final.bam


------------ Job WrapUp ------------

Job ID:            11324973.cri16sc001
User ID:           mleukam
Job Name:          sambamba_EGAR00001588065_2252.a.1kDLBCL.DLBCL.SL104922.exome_1tier.hg19.final.bam
Queue Name:        express
Working Directory: /home/mleukam/pbs
Resource List:     walltime=03:00:00,nodes=1:ppn=1,mem=4gb,neednodes=1:ppn=1
Resources Used:    cput=00:02:59,vmem=3936172kb,walltime=00:03:02,mem=1077508kb,energy_used=0
Exit Code:         0
Mother Superior:   cri16cn052

Execution Nodes: 
cri16cn052


