index for EGAR00001587965_2121.a.1kDLBCL.DLBCL.SL84404.exome_1tier.hg19.final.bam complete
finding positions of the duplicate reads in the file...
  sorted 11879596 end pairs
     and 192107 single ends (among them 0 unmatched pairs)
  collecting indices of duplicate reads...   done in 17309 ms
  found 2260358 duplicates
collected list of positions in 9 min 49 sec
removing duplicates...
total time elapsed: 49 min 4 sec
low quality reads removed from EGAR00001587965_2121.a.1kDLBCL.DLBCL.SL84404.exome_1tier.hg19.final.bam
duplicates removed from EGAR00001587965_2121.a.1kDLBCL.DLBCL.SL84404.exome_1tier.hg19.final.bam
script complete for EGAR00001587965_2121.a.1kDLBCL.DLBCL.SL84404.exome_1tier.hg19.final.bam


------------ Job WrapUp ------------

Job ID:            11324871.cri16sc001
User ID:           mleukam
Job Name:          sambamba_EGAR00001587965_2121.a.1kDLBCL.DLBCL.SL84404.exome_1tier.hg19.final.bam
Queue Name:        express
Working Directory: /home/mleukam/pbs
Resource List:     walltime=03:00:00,nodes=1:ppn=1,mem=4gb,neednodes=1:ppn=1
Resources Used:    cput=00:50:58,vmem=4172044kb,walltime=00:51:03,mem=1688156kb,energy_used=0
Exit Code:         0
Mother Superior:   cri16cn022

Execution Nodes: 
cri16cn022


