index for EGAR00001588343_2881.a.1kDLBCL.DLBCL.SL84112.exome_1tier.hg19.final.bam complete
finding positions of the duplicate reads in the file...
  sorted 18952847 end pairs
     and 337496 single ends (among them 0 unmatched pairs)
  collecting indices of duplicate reads...   done in 31920 ms
  found 3734465 duplicates
collected list of positions in 12 min 55 sec
removing duplicates...
total time elapsed: 57 min 5 sec
low quality reads removed from EGAR00001588343_2881.a.1kDLBCL.DLBCL.SL84112.exome_1tier.hg19.final.bam
duplicates removed from EGAR00001588343_2881.a.1kDLBCL.DLBCL.SL84112.exome_1tier.hg19.final.bam
script complete for EGAR00001588343_2881.a.1kDLBCL.DLBCL.SL84112.exome_1tier.hg19.final.bam


------------ Job WrapUp ------------

Job ID:            11325255.cri16sc001
User ID:           mleukam
Job Name:          sambamba_EGAR00001588343_2881.a.1kDLBCL.DLBCL.SL84112.exome_1tier.hg19.final.bam
Queue Name:        express
Working Directory: /home/mleukam/pbs
Resource List:     walltime=03:00:00,nodes=1:ppn=1,mem=4gb,neednodes=1:ppn=1
Resources Used:    cput=00:59:48,vmem=4520128kb,walltime=00:59:55,mem=2213892kb,energy_used=0
Exit Code:         0
Mother Superior:   cri16cn064

Execution Nodes: 
cri16cn064


