index for EGAR00001588106_2464.a.1kDLBCL.DLBCL.SL101101.exome_1tier.hg19.final.bam complete
finding positions of the duplicate reads in the file...
  sorted 11821438 end pairs
     and 402183 single ends (among them 0 unmatched pairs)
  collecting indices of duplicate reads...   done in 17618 ms
  found 4577197 duplicates
collected list of positions in 8 min 19 sec
removing duplicates...
sambamba-markdup: Unable to write to stream
sambamba-view: Error reading BGZF block starting from offset 0: stream error: not enough data in stream


------------ Job WrapUp ------------

Job ID:            11325014.cri16sc001
User ID:           mleukam
Job Name:          sambamba_EGAR00001588106_2464.a.1kDLBCL.DLBCL.SL101101.exome_1tier.hg19.final.bam
Queue Name:        express
Working Directory: /home/mleukam/pbs
Resource List:     walltime=03:00:00,nodes=1:ppn=1,mem=4gb,neednodes=1:ppn=1
Resources Used:    cput=00:15:51,vmem=4248432kb,walltime=00:15:57,mem=1799972kb,energy_used=0
Exit Code:         0
Mother Superior:   cri16cn087

Execution Nodes: 
cri16cn087


