index for EGAR00001588121_2480.a.1kDLBCL.DLBCL.SL72118.exome_1tier.hg19.final.bam complete
finding positions of the duplicate reads in the file...
  sorted 15798505 end pairs
     and 481876 single ends (among them 0 unmatched pairs)
  collecting indices of duplicate reads...   done in 22793 ms
  found 2533422 duplicates
collected list of positions in 10 min 47 sec
removing duplicates...
total time elapsed: 47 min 53 sec
low quality reads removed from EGAR00001588121_2480.a.1kDLBCL.DLBCL.SL72118.exome_1tier.hg19.final.bam
duplicates removed from EGAR00001588121_2480.a.1kDLBCL.DLBCL.SL72118.exome_1tier.hg19.final.bam
script complete for EGAR00001588121_2480.a.1kDLBCL.DLBCL.SL72118.exome_1tier.hg19.final.bam


------------ Job WrapUp ------------

Job ID:            11325029.cri16sc001
User ID:           mleukam
Job Name:          sambamba_EGAR00001588121_2480.a.1kDLBCL.DLBCL.SL72118.exome_1tier.hg19.final.bam
Queue Name:        express
Working Directory: /home/mleukam/pbs
Resource List:     walltime=03:00:00,nodes=1:ppn=1,mem=4gb,neednodes=1:ppn=1
Resources Used:    cput=00:50:14,vmem=4061932kb,walltime=00:50:23,mem=1810776kb,energy_used=0
Exit Code:         0
Mother Superior:   cri16cn074

Execution Nodes: 
cri16cn074


