index for EGAR00001588450_3448.a.1kDLBCL.DLBCL.SL104090.exome_1tier.hg19.final.bam complete
finding positions of the duplicate reads in the file...
  sorted 22476507 end pairs
     and 629162 single ends (among them 0 unmatched pairs)
  collecting indices of duplicate reads...   done in 39165 ms
  found 12595108 duplicates
collected list of positions in 15 min 38 sec
removing duplicates...
total time elapsed: 58 min 44 sec
low quality reads removed from EGAR00001588450_3448.a.1kDLBCL.DLBCL.SL104090.exome_1tier.hg19.final.bam
duplicates removed from EGAR00001588450_3448.a.1kDLBCL.DLBCL.SL104090.exome_1tier.hg19.final.bam
script complete for EGAR00001588450_3448.a.1kDLBCL.DLBCL.SL104090.exome_1tier.hg19.final.bam


------------ Job WrapUp ------------

Job ID:            11325364.cri16sc001
User ID:           mleukam
Job Name:          sambamba_EGAR00001588450_3448.a.1kDLBCL.DLBCL.SL104090.exome_1tier.hg19.final.bam
Queue Name:        express
Working Directory: /home/mleukam/pbs
Resource List:     walltime=03:00:00,nodes=1:ppn=1,mem=4gb,neednodes=1:ppn=1
Resources Used:    cput=01:01:46,vmem=4315444kb,walltime=01:01:51,mem=1988332kb,energy_used=0
Exit Code:         0
Mother Superior:   cri16cn017

Execution Nodes: 
cri16cn017


