index for EGAR00001588876_3980.a.1kDLBCL.DLBCL.SL98778.exome_1tier.hg19.final.bam complete
finding positions of the duplicate reads in the file...
  sorted 8025105 end pairs
     and 160161 single ends (among them 0 unmatched pairs)
  collecting indices of duplicate reads...   done in 11808 ms
  found 3044999 duplicates
collected list of positions in 6 min 6 sec
removing duplicates...
total time elapsed: 29 min 7 sec
low quality reads removed from EGAR00001588876_3980.a.1kDLBCL.DLBCL.SL98778.exome_1tier.hg19.final.bam
duplicates removed from EGAR00001588876_3980.a.1kDLBCL.DLBCL.SL98778.exome_1tier.hg19.final.bam
script complete for EGAR00001588876_3980.a.1kDLBCL.DLBCL.SL98778.exome_1tier.hg19.final.bam


------------ Job WrapUp ------------

Job ID:            11325797.cri16sc001
User ID:           mleukam
Job Name:          sambamba_EGAR00001588876_3980.a.1kDLBCL.DLBCL.SL98778.exome_1tier.hg19.final.bam
Queue Name:        express
Working Directory: /home/mleukam/pbs
Resource List:     walltime=03:00:00,nodes=1:ppn=1,mem=4gb,neednodes=1:ppn=1
Resources Used:    cput=00:30:21,vmem=4153400kb,walltime=00:30:24,mem=1555812kb,energy_used=0
Exit Code:         0
Mother Superior:   cri16cn048

Execution Nodes: 
cri16cn048


