index for EGAR00001588877_3981.a.1kDLBCL.DLBCL.SL98970.exome_1tier.hg19.final.bam complete
finding positions of the duplicate reads in the file...
  sorted 7366336 end pairs
     and 198060 single ends (among them 0 unmatched pairs)
  collecting indices of duplicate reads...   done in 10966 ms
  found 3084652 duplicates
collected list of positions in 5 min 37 sec
removing duplicates...
total time elapsed: 25 min 56 sec
low quality reads removed from EGAR00001588877_3981.a.1kDLBCL.DLBCL.SL98970.exome_1tier.hg19.final.bam
duplicates removed from EGAR00001588877_3981.a.1kDLBCL.DLBCL.SL98970.exome_1tier.hg19.final.bam
script complete for EGAR00001588877_3981.a.1kDLBCL.DLBCL.SL98970.exome_1tier.hg19.final.bam


------------ Job WrapUp ------------

Job ID:            11325798.cri16sc001
User ID:           mleukam
Job Name:          sambamba_EGAR00001588877_3981.a.1kDLBCL.DLBCL.SL98970.exome_1tier.hg19.final.bam
Queue Name:        express
Working Directory: /home/mleukam/pbs
Resource List:     walltime=03:00:00,nodes=1:ppn=1,mem=4gb,neednodes=1:ppn=1
Resources Used:    cput=00:27:29,vmem=4223800kb,walltime=00:27:32,mem=1506712kb,energy_used=0
Exit Code:         0
Mother Superior:   cri16cn072

Execution Nodes: 
cri16cn072


