index for EGAR00001588465_3463.a.1kDLBCL.DLBCL.SL104226.exome_1tier.hg19.final.bam complete
finding positions of the duplicate reads in the file...
  sorted 10244112 end pairs
     and 270012 single ends (among them 0 unmatched pairs)
  collecting indices of duplicate reads...   done in 15634 ms
  found 4277248 duplicates
collected list of positions in 7 min 1 sec
removing duplicates...
total time elapsed: 29 min 29 sec
low quality reads removed from EGAR00001588465_3463.a.1kDLBCL.DLBCL.SL104226.exome_1tier.hg19.final.bam
duplicates removed from EGAR00001588465_3463.a.1kDLBCL.DLBCL.SL104226.exome_1tier.hg19.final.bam
script complete for EGAR00001588465_3463.a.1kDLBCL.DLBCL.SL104226.exome_1tier.hg19.final.bam


------------ Job WrapUp ------------

Job ID:            11325380.cri16sc001
User ID:           mleukam
Job Name:          sambamba_EGAR00001588465_3463.a.1kDLBCL.DLBCL.SL104226.exome_1tier.hg19.final.bam
Queue Name:        express
Working Directory: /home/mleukam/pbs
Resource List:     walltime=03:00:00,nodes=1:ppn=1,mem=4gb,neednodes=1:ppn=1
Resources Used:    cput=00:30:54,vmem=4110400kb,walltime=00:30:58,mem=1612344kb,energy_used=0
Exit Code:         0
Mother Superior:   cri16cn019

Execution Nodes: 
cri16cn019


