index for EGAR00001588109_2468.a.1kDLBCL.DLBCL.SL79082_SL84628.exome_1tier.hg19.final.bam complete
finding positions of the duplicate reads in the file...
  sorted 19348775 end pairs
     and 393286 single ends (among them 0 unmatched pairs)
  collecting indices of duplicate reads...   done in 33208 ms
  found 4718983 duplicates
collected list of positions in 14 min 59 sec
removing duplicates...
total time elapsed: 59 min 35 sec
low quality reads removed from EGAR00001588109_2468.a.1kDLBCL.DLBCL.SL79082_SL84628.exome_1tier.hg19.final.bam
duplicates removed from EGAR00001588109_2468.a.1kDLBCL.DLBCL.SL79082_SL84628.exome_1tier.hg19.final.bam
script complete for EGAR00001588109_2468.a.1kDLBCL.DLBCL.SL79082_SL84628.exome_1tier.hg19.final.bam


------------ Job WrapUp ------------

Job ID:            11325017.cri16sc001
User ID:           mleukam
Job Name:          sambamba_EGAR00001588109_2468.a.1kDLBCL.DLBCL.SL79082_SL84628.exome_1tier.hg19.final.bam
Queue Name:        express
Working Directory: /home/mleukam/pbs
Resource List:     walltime=03:00:00,nodes=1:ppn=1,mem=4gb,neednodes=1:ppn=1
Resources Used:    cput=01:02:17,vmem=4167724kb,walltime=01:02:24,mem=1933724kb,energy_used=0
Exit Code:         0
Mother Superior:   cri16cn080

Execution Nodes: 
cri16cn080


