index for EGAR00001588827_3929.a.1kDLBCL.DLBCL.SL98773.exome_1tier.hg19.final.bam complete
finding positions of the duplicate reads in the file...
  sorted 10478492 end pairs
     and 156906 single ends (among them 0 unmatched pairs)
  collecting indices of duplicate reads...   done in 15409 ms
  found 4187237 duplicates
collected list of positions in 6 min 56 sec
removing duplicates...
total time elapsed: 28 min 32 sec
low quality reads removed from EGAR00001588827_3929.a.1kDLBCL.DLBCL.SL98773.exome_1tier.hg19.final.bam
duplicates removed from EGAR00001588827_3929.a.1kDLBCL.DLBCL.SL98773.exome_1tier.hg19.final.bam
script complete for EGAR00001588827_3929.a.1kDLBCL.DLBCL.SL98773.exome_1tier.hg19.final.bam


------------ Job WrapUp ------------

Job ID:            11325747.cri16sc001
User ID:           mleukam
Job Name:          sambamba_EGAR00001588827_3929.a.1kDLBCL.DLBCL.SL98773.exome_1tier.hg19.final.bam
Queue Name:        express
Working Directory: /home/mleukam/pbs
Resource List:     walltime=03:00:00,nodes=1:ppn=1,mem=4gb,neednodes=1:ppn=1
Resources Used:    cput=00:30:01,vmem=4134424kb,walltime=00:30:03,mem=1642488kb,energy_used=0
Exit Code:         0
Mother Superior:   cri16cn021

Execution Nodes: 
cri16cn021


