index for EGAR00001588652_3699.a.1kDLBCL.DLBCL.SL96054.exome_1tier.hg19.final.bam complete
finding positions of the duplicate reads in the file...
  sorted 16525834 end pairs
     and 319987 single ends (among them 0 unmatched pairs)
  collecting indices of duplicate reads...   done in 24322 ms
  found 5852555 duplicates
collected list of positions in 11 min 24 sec
removing duplicates...
total time elapsed: 46 min 46 sec
low quality reads removed from EGAR00001588652_3699.a.1kDLBCL.DLBCL.SL96054.exome_1tier.hg19.final.bam
duplicates removed from EGAR00001588652_3699.a.1kDLBCL.DLBCL.SL96054.exome_1tier.hg19.final.bam
script complete for EGAR00001588652_3699.a.1kDLBCL.DLBCL.SL96054.exome_1tier.hg19.final.bam


------------ Job WrapUp ------------

Job ID:            11325570.cri16sc001
User ID:           mleukam
Job Name:          sambamba_EGAR00001588652_3699.a.1kDLBCL.DLBCL.SL96054.exome_1tier.hg19.final.bam
Queue Name:        express
Working Directory: /home/mleukam/pbs
Resource List:     walltime=03:00:00,nodes=1:ppn=1,mem=4gb,neednodes=1:ppn=1
Resources Used:    cput=00:49:10,vmem=4235084kb,walltime=00:49:14,mem=2034732kb,energy_used=0
Exit Code:         0
Mother Superior:   cri16cn084

Execution Nodes: 
cri16cn084


