index for EGAR00001588856_3959.a.1kDLBCL.DLBCL.SL99068.exome_1tier.hg19.final.bam complete
finding positions of the duplicate reads in the file...
  sorted 8213505 end pairs
     and 309899 single ends (among them 0 unmatched pairs)
  collecting indices of duplicate reads...   done in 12513 ms
  found 3857316 duplicates
collected list of positions in 6 min 18 sec
removing duplicates...
total time elapsed: 27 min 49 sec
low quality reads removed from EGAR00001588856_3959.a.1kDLBCL.DLBCL.SL99068.exome_1tier.hg19.final.bam
duplicates removed from EGAR00001588856_3959.a.1kDLBCL.DLBCL.SL99068.exome_1tier.hg19.final.bam
script complete for EGAR00001588856_3959.a.1kDLBCL.DLBCL.SL99068.exome_1tier.hg19.final.bam


------------ Job WrapUp ------------

Job ID:            11325776.cri16sc001
User ID:           mleukam
Job Name:          sambamba_EGAR00001588856_3959.a.1kDLBCL.DLBCL.SL99068.exome_1tier.hg19.final.bam
Queue Name:        express
Working Directory: /home/mleukam/pbs
Resource List:     walltime=03:00:00,nodes=1:ppn=1,mem=4gb,neednodes=1:ppn=1
Resources Used:    cput=00:29:24,vmem=4202180kb,walltime=00:29:28,mem=1526324kb,energy_used=0
Exit Code:         0
Mother Superior:   cri16cn073

Execution Nodes: 
cri16cn073


