index for EGAR00001588424_3408.a.1kDLBCL.DLBCL.SL90338.exome_1tier.hg19.final.bam complete
finding positions of the duplicate reads in the file...
  sorted 10431907 end pairs
     and 362187 single ends (among them 0 unmatched pairs)
  collecting indices of duplicate reads...   done in 15584 ms
  found 3747588 duplicates
collected list of positions in 7 min 26 sec
removing duplicates...
total time elapsed: 33 min 17 sec
low quality reads removed from EGAR00001588424_3408.a.1kDLBCL.DLBCL.SL90338.exome_1tier.hg19.final.bam
duplicates removed from EGAR00001588424_3408.a.1kDLBCL.DLBCL.SL90338.exome_1tier.hg19.final.bam
script complete for EGAR00001588424_3408.a.1kDLBCL.DLBCL.SL90338.exome_1tier.hg19.final.bam


------------ Job WrapUp ------------

Job ID:            11325338.cri16sc001
User ID:           mleukam
Job Name:          sambamba_EGAR00001588424_3408.a.1kDLBCL.DLBCL.SL90338.exome_1tier.hg19.final.bam
Queue Name:        express
Working Directory: /home/mleukam/pbs
Resource List:     walltime=03:00:00,nodes=1:ppn=1,mem=4gb,neednodes=1:ppn=1
Resources Used:    cput=00:35:05,vmem=4082508kb,walltime=00:35:08,mem=1627024kb,energy_used=0
Exit Code:         0
Mother Superior:   cri16cn034

Execution Nodes: 
cri16cn034


