index for EGAR00001587948_2093.a.1kDLBCL.DLBCL.SL84691_SL85437.exome_1tier.hg19.final.bam complete
finding positions of the duplicate reads in the file...
  sorted 14036306 end pairs
     and 291225 single ends (among them 0 unmatched pairs)
  collecting indices of duplicate reads...   done in 21126 ms
  found 3192958 duplicates
collected list of positions in 10 min 47 sec
removing duplicates...
total time elapsed: 45 min 17 sec
low quality reads removed from EGAR00001587948_2093.a.1kDLBCL.DLBCL.SL84691_SL85437.exome_1tier.hg19.final.bam
duplicates removed from EGAR00001587948_2093.a.1kDLBCL.DLBCL.SL84691_SL85437.exome_1tier.hg19.final.bam
script complete for EGAR00001587948_2093.a.1kDLBCL.DLBCL.SL84691_SL85437.exome_1tier.hg19.final.bam


------------ Job WrapUp ------------

Job ID:            11324853.cri16sc001
User ID:           mleukam
Job Name:          sambamba_EGAR00001587948_2093.a.1kDLBCL.DLBCL.SL84691_SL85437.exome_1tier.hg19.final.bam
Queue Name:        express
Working Directory: /home/mleukam/pbs
Resource List:     walltime=03:00:00,nodes=1:ppn=1,mem=4gb,neednodes=1:ppn=1
Resources Used:    cput=00:47:08,vmem=4139228kb,walltime=00:47:24,mem=1833728kb,energy_used=0
Exit Code:         0
Mother Superior:   cri16cn069

Execution Nodes: 
cri16cn069


