index for EGAR00001588739_3821.a.1kDLBCL.DLBCL.SL99491.exome_1tier.hg19.final.bam complete
finding positions of the duplicate reads in the file...
  sorted 14208176 end pairs
     and 361756 single ends (among them 0 unmatched pairs)
  collecting indices of duplicate reads...   done in 20865 ms
  found 3499618 duplicates
collected list of positions in 11 min 31 sec
removing duplicates...
total time elapsed: 53 min 55 sec
low quality reads removed from EGAR00001588739_3821.a.1kDLBCL.DLBCL.SL99491.exome_1tier.hg19.final.bam
duplicates removed from EGAR00001588739_3821.a.1kDLBCL.DLBCL.SL99491.exome_1tier.hg19.final.bam
script complete for EGAR00001588739_3821.a.1kDLBCL.DLBCL.SL99491.exome_1tier.hg19.final.bam


------------ Job WrapUp ------------

Job ID:            11325657.cri16sc001
User ID:           mleukam
Job Name:          sambamba_EGAR00001588739_3821.a.1kDLBCL.DLBCL.SL99491.exome_1tier.hg19.final.bam
Queue Name:        express
Working Directory: /home/mleukam/pbs
Resource List:     walltime=03:00:00,nodes=1:ppn=1,mem=4gb,neednodes=1:ppn=1
Resources Used:    cput=00:56:03,vmem=4457064kb,walltime=00:56:08,mem=2124644kb,energy_used=0
Exit Code:         0
Mother Superior:   cri16cn037

Execution Nodes: 
cri16cn037


