index for EGAR00001588887_3991.a.1kDLBCL.DLBCL.SL98687.exome_1tier.hg19.final.bam complete
finding positions of the duplicate reads in the file...
  sorted 8481039 end pairs
     and 190738 single ends (among them 0 unmatched pairs)
  collecting indices of duplicate reads...   done in 12952 ms
  found 2969050 duplicates
collected list of positions in 6 min 35 sec
removing duplicates...
total time elapsed: 29 min 22 sec
low quality reads removed from EGAR00001588887_3991.a.1kDLBCL.DLBCL.SL98687.exome_1tier.hg19.final.bam
duplicates removed from EGAR00001588887_3991.a.1kDLBCL.DLBCL.SL98687.exome_1tier.hg19.final.bam
script complete for EGAR00001588887_3991.a.1kDLBCL.DLBCL.SL98687.exome_1tier.hg19.final.bam


------------ Job WrapUp ------------

Job ID:            11325808.cri16sc001
User ID:           mleukam
Job Name:          sambamba_EGAR00001588887_3991.a.1kDLBCL.DLBCL.SL98687.exome_1tier.hg19.final.bam
Queue Name:        express
Working Directory: /home/mleukam/pbs
Resource List:     walltime=03:00:00,nodes=1:ppn=1,mem=4gb,neednodes=1:ppn=1
Resources Used:    cput=00:30:45,vmem=4470564kb,walltime=00:30:49,mem=1911636kb,energy_used=0
Exit Code:         0
Mother Superior:   cri16cn008

Execution Nodes: 
cri16cn008


