index for EGAR00001588815_3917.a.1kDLBCL.DLBCL.SL102897.exome_1tier.hg19.final.bam complete
finding positions of the duplicate reads in the file...
  sorted 10008240 end pairs
     and 274040 single ends (among them 0 unmatched pairs)
  collecting indices of duplicate reads...   done in 14715 ms
  found 3083087 duplicates
collected list of positions in 7 min 8 sec
removing duplicates...
total time elapsed: 33 min 0 sec
low quality reads removed from EGAR00001588815_3917.a.1kDLBCL.DLBCL.SL102897.exome_1tier.hg19.final.bam
duplicates removed from EGAR00001588815_3917.a.1kDLBCL.DLBCL.SL102897.exome_1tier.hg19.final.bam
script complete for EGAR00001588815_3917.a.1kDLBCL.DLBCL.SL102897.exome_1tier.hg19.final.bam


------------ Job WrapUp ------------

Job ID:            11325735.cri16sc001
User ID:           mleukam
Job Name:          sambamba_EGAR00001588815_3917.a.1kDLBCL.DLBCL.SL102897.exome_1tier.hg19.final.bam
Queue Name:        express
Working Directory: /home/mleukam/pbs
Resource List:     walltime=03:00:00,nodes=1:ppn=1,mem=4gb,neednodes=1:ppn=1
Resources Used:    cput=00:34:35,vmem=4176108kb,walltime=00:34:38,mem=1730496kb,energy_used=0
Exit Code:         0
Mother Superior:   cri16cn013

Execution Nodes: 
cri16cn013


