index for EGAR00001588021_2206.a.1kDLBCL.DLBCL.SL89991.exome_1tier.hg19.final.bam complete
finding positions of the duplicate reads in the file...
  sorted 8660177 end pairs
     and 268517 single ends (among them 0 unmatched pairs)
  collecting indices of duplicate reads...   done in 12715 ms
  found 2412329 duplicates
collected list of positions in 6 min 1 sec
removing duplicates...
total time elapsed: 27 min 27 sec
low quality reads removed from EGAR00001588021_2206.a.1kDLBCL.DLBCL.SL89991.exome_1tier.hg19.final.bam
duplicates removed from EGAR00001588021_2206.a.1kDLBCL.DLBCL.SL89991.exome_1tier.hg19.final.bam
script complete for EGAR00001588021_2206.a.1kDLBCL.DLBCL.SL89991.exome_1tier.hg19.final.bam


------------ Job WrapUp ------------

Job ID:            11324928.cri16sc001
User ID:           mleukam
Job Name:          sambamba_EGAR00001588021_2206.a.1kDLBCL.DLBCL.SL89991.exome_1tier.hg19.final.bam
Queue Name:        express
Working Directory: /home/mleukam/pbs
Resource List:     walltime=03:00:00,nodes=1:ppn=1,mem=4gb,neednodes=1:ppn=1
Resources Used:    cput=00:28:40,vmem=4133308kb,walltime=00:28:47,mem=1625200kb,energy_used=0
Exit Code:         0
Mother Superior:   cri16cn011

Execution Nodes: 
cri16cn011


