index for EGAR00001588135_2530.a.1kDLBCL.DLBCL.SL72000.exome_1tier.hg19.final.bam complete
finding positions of the duplicate reads in the file...
  sorted 16811740 end pairs
     and 601963 single ends (among them 0 unmatched pairs)
  collecting indices of duplicate reads...   done in 29244 ms
  found 3367002 duplicates
collected list of positions in 13 min 20 sec
removing duplicates...
total time elapsed: 58 min 26 sec
low quality reads removed from EGAR00001588135_2530.a.1kDLBCL.DLBCL.SL72000.exome_1tier.hg19.final.bam
duplicates removed from EGAR00001588135_2530.a.1kDLBCL.DLBCL.SL72000.exome_1tier.hg19.final.bam
script complete for EGAR00001588135_2530.a.1kDLBCL.DLBCL.SL72000.exome_1tier.hg19.final.bam


------------ Job WrapUp ------------

Job ID:            11325043.cri16sc001
User ID:           mleukam
Job Name:          sambamba_EGAR00001588135_2530.a.1kDLBCL.DLBCL.SL72000.exome_1tier.hg19.final.bam
Queue Name:        express
Working Directory: /home/mleukam/pbs
Resource List:     walltime=03:00:00,nodes=1:ppn=1,mem=4gb,neednodes=1:ppn=1
Resources Used:    cput=01:00:31,vmem=4290132kb,walltime=01:01:06,mem=2089232kb,energy_used=0
Exit Code:         0
Mother Superior:   cri16cn050

Execution Nodes: 
cri16cn050


