index for EGAR00001588316_2824.a.1kDLBCL.DLBCL.SL103122.exome_1tier.hg19.final.bam complete
finding positions of the duplicate reads in the file...
  sorted 8681037 end pairs
     and 192458 single ends (among them 0 unmatched pairs)
  collecting indices of duplicate reads...   done in 12591 ms
  found 2081821 duplicates
collected list of positions in 6 min 9 sec
removing duplicates...
total time elapsed: 25 min 37 sec
low quality reads removed from EGAR00001588316_2824.a.1kDLBCL.DLBCL.SL103122.exome_1tier.hg19.final.bam
duplicates removed from EGAR00001588316_2824.a.1kDLBCL.DLBCL.SL103122.exome_1tier.hg19.final.bam
script complete for EGAR00001588316_2824.a.1kDLBCL.DLBCL.SL103122.exome_1tier.hg19.final.bam


------------ Job WrapUp ------------

Job ID:            11325228.cri16sc001
User ID:           mleukam
Job Name:          sambamba_EGAR00001588316_2824.a.1kDLBCL.DLBCL.SL103122.exome_1tier.hg19.final.bam
Queue Name:        express
Working Directory: /home/mleukam/pbs
Resource List:     walltime=03:00:00,nodes=1:ppn=1,mem=4gb,neednodes=1:ppn=1
Resources Used:    cput=00:26:52,vmem=4276112kb,walltime=00:26:58,mem=1703792kb,energy_used=0
Exit Code:         0
Mother Superior:   cri16cn036

Execution Nodes: 
cri16cn036


