index for EGAR00001588814_3916.a.1kDLBCL.DLBCL.SL99798.exome_1tier.hg19.final.bam complete
finding positions of the duplicate reads in the file...
  sorted 11233709 end pairs
     and 183240 single ends (among them 0 unmatched pairs)
  collecting indices of duplicate reads...   done in 17085 ms
  found 5376158 duplicates
collected list of positions in 7 min 25 sec
removing duplicates...
total time elapsed: 27 min 45 sec
low quality reads removed from EGAR00001588814_3916.a.1kDLBCL.DLBCL.SL99798.exome_1tier.hg19.final.bam
duplicates removed from EGAR00001588814_3916.a.1kDLBCL.DLBCL.SL99798.exome_1tier.hg19.final.bam
script complete for EGAR00001588814_3916.a.1kDLBCL.DLBCL.SL99798.exome_1tier.hg19.final.bam


------------ Job WrapUp ------------

Job ID:            11325734.cri16sc001
User ID:           mleukam
Job Name:          sambamba_EGAR00001588814_3916.a.1kDLBCL.DLBCL.SL99798.exome_1tier.hg19.final.bam
Queue Name:        express
Working Directory: /home/mleukam/pbs
Resource List:     walltime=03:00:00,nodes=1:ppn=1,mem=4gb,neednodes=1:ppn=1
Resources Used:    cput=00:29:30,vmem=4086008kb,walltime=00:29:33,mem=1653328kb,energy_used=0
Exit Code:         0
Mother Superior:   cri16cn087

Execution Nodes: 
cri16cn087


