index for EGAR00001588063_2250.a.1kDLBCL.DLBCL.SL89720.exome_1tier.hg19.final.bam complete
finding positions of the duplicate reads in the file...
  sorted 14832746 end pairs
     and 342690 single ends (among them 0 unmatched pairs)
  collecting indices of duplicate reads...   done in 21966 ms
  found 5723915 duplicates
collected list of positions in 10 min 50 sec
removing duplicates...
total time elapsed: 48 min 26 sec
low quality reads removed from EGAR00001588063_2250.a.1kDLBCL.DLBCL.SL89720.exome_1tier.hg19.final.bam
duplicates removed from EGAR00001588063_2250.a.1kDLBCL.DLBCL.SL89720.exome_1tier.hg19.final.bam
script complete for EGAR00001588063_2250.a.1kDLBCL.DLBCL.SL89720.exome_1tier.hg19.final.bam


------------ Job WrapUp ------------

Job ID:            11324971.cri16sc001
User ID:           mleukam
Job Name:          sambamba_EGAR00001588063_2250.a.1kDLBCL.DLBCL.SL89720.exome_1tier.hg19.final.bam
Queue Name:        express
Working Directory: /home/mleukam/pbs
Resource List:     walltime=03:00:00,nodes=1:ppn=1,mem=4gb,neednodes=1:ppn=1
Resources Used:    cput=00:50:35,vmem=4303692kb,walltime=00:50:41,mem=2057360kb,energy_used=0
Exit Code:         0
Mother Superior:   cri16cn071

Execution Nodes: 
cri16cn071


