index for EGAR00001588232_2667.a.1kDLBCL.DLBCL.SL86163.exome_1tier.hg19.final.bam complete
finding positions of the duplicate reads in the file...
  sorted 15409829 end pairs
     and 339321 single ends (among them 0 unmatched pairs)
  collecting indices of duplicate reads...   done in 22345 ms
  found 4022999 duplicates
collected list of positions in 10 min 59 sec
removing duplicates...
total time elapsed: 48 min 19 sec
low quality reads removed from EGAR00001588232_2667.a.1kDLBCL.DLBCL.SL86163.exome_1tier.hg19.final.bam
duplicates removed from EGAR00001588232_2667.a.1kDLBCL.DLBCL.SL86163.exome_1tier.hg19.final.bam
script complete for EGAR00001588232_2667.a.1kDLBCL.DLBCL.SL86163.exome_1tier.hg19.final.bam


------------ Job WrapUp ------------

Job ID:            11325142.cri16sc001
User ID:           mleukam
Job Name:          sambamba_EGAR00001588232_2667.a.1kDLBCL.DLBCL.SL86163.exome_1tier.hg19.final.bam
Queue Name:        express
Working Directory: /home/mleukam/pbs
Resource List:     walltime=03:00:00,nodes=1:ppn=1,mem=4gb,neednodes=1:ppn=1
Resources Used:    cput=00:50:47,vmem=4298512kb,walltime=00:50:53,mem=1885992kb,energy_used=0
Exit Code:         0
Mother Superior:   cri16cn043

Execution Nodes: 
cri16cn043


