index for EGAR00001588137_2533.a.1kDLBCL.DLBCL.SL72224_SL72512.exome_1tier.hg19.final.bam complete
finding positions of the duplicate reads in the file...
  sorted 24630248 end pairs
     and 814151 single ends (among them 0 unmatched pairs)
  collecting indices of duplicate reads...   done in 41104 ms
  found 5682461 duplicates
collected list of positions in 18 min 5 sec
removing duplicates...
total time elapsed: 79 min 10 sec
low quality reads removed from EGAR00001588137_2533.a.1kDLBCL.DLBCL.SL72224_SL72512.exome_1tier.hg19.final.bam
duplicates removed from EGAR00001588137_2533.a.1kDLBCL.DLBCL.SL72224_SL72512.exome_1tier.hg19.final.bam
script complete for EGAR00001588137_2533.a.1kDLBCL.DLBCL.SL72224_SL72512.exome_1tier.hg19.final.bam


------------ Job WrapUp ------------

Job ID:            11325045.cri16sc001
User ID:           mleukam
Job Name:          sambamba_EGAR00001588137_2533.a.1kDLBCL.DLBCL.SL72224_SL72512.exome_1tier.hg19.final.bam
Queue Name:        express
Working Directory: /home/mleukam/pbs
Resource List:     walltime=03:00:00,nodes=1:ppn=1,mem=4gb,neednodes=1:ppn=1
Resources Used:    cput=01:22:44,vmem=4770484kb,walltime=01:22:51,mem=2654144kb,energy_used=0
Exit Code:         0
Mother Superior:   cri16cn010

Execution Nodes: 
cri16cn010


