index for EGAR00001588556_3590.a.1kDLBCL.DLBCL.SL95953.exome_1tier.hg19.final.bam complete
finding positions of the duplicate reads in the file...
  sorted 11948844 end pairs
     and 234170 single ends (among them 0 unmatched pairs)
  collecting indices of duplicate reads...   done in 17476 ms
  found 3915902 duplicates
collected list of positions in 9 min 14 sec
removing duplicates...
total time elapsed: 41 min 6 sec
low quality reads removed from EGAR00001588556_3590.a.1kDLBCL.DLBCL.SL95953.exome_1tier.hg19.final.bam
duplicates removed from EGAR00001588556_3590.a.1kDLBCL.DLBCL.SL95953.exome_1tier.hg19.final.bam
script complete for EGAR00001588556_3590.a.1kDLBCL.DLBCL.SL95953.exome_1tier.hg19.final.bam


------------ Job WrapUp ------------

Job ID:            11325472.cri16sc001
User ID:           mleukam
Job Name:          sambamba_EGAR00001588556_3590.a.1kDLBCL.DLBCL.SL95953.exome_1tier.hg19.final.bam
Queue Name:        express
Working Directory: /home/mleukam/pbs
Resource List:     walltime=03:00:00,nodes=1:ppn=1,mem=4gb,neednodes=1:ppn=1
Resources Used:    cput=00:43:15,vmem=4365432kb,walltime=00:43:18,mem=1809732kb,energy_used=0
Exit Code:         0
Mother Superior:   cri16cn059

Execution Nodes: 
cri16cn059


