index for EGAR00001588265_2719.a.1kDLBCL.DLBCL.SL79101.exome_1tier.hg19.final.bam complete
finding positions of the duplicate reads in the file...
  sorted 15517242 end pairs
     and 292301 single ends (among them 0 unmatched pairs)
  collecting indices of duplicate reads...   done in 21984 ms
  found 1769868 duplicates
collected list of positions in 10 min 37 sec
removing duplicates...
total time elapsed: 46 min 41 sec
low quality reads removed from EGAR00001588265_2719.a.1kDLBCL.DLBCL.SL79101.exome_1tier.hg19.final.bam
duplicates removed from EGAR00001588265_2719.a.1kDLBCL.DLBCL.SL79101.exome_1tier.hg19.final.bam
script complete for EGAR00001588265_2719.a.1kDLBCL.DLBCL.SL79101.exome_1tier.hg19.final.bam


------------ Job WrapUp ------------

Job ID:            11325176.cri16sc001
User ID:           mleukam
Job Name:          sambamba_EGAR00001588265_2719.a.1kDLBCL.DLBCL.SL79101.exome_1tier.hg19.final.bam
Queue Name:        express
Working Directory: /home/mleukam/pbs
Resource List:     walltime=03:00:00,nodes=1:ppn=1,mem=4gb,neednodes=1:ppn=1
Resources Used:    cput=00:49:00,vmem=4349936kb,walltime=00:49:06,mem=1797208kb,energy_used=0
Exit Code:         0
Mother Superior:   cri16cn027

Execution Nodes: 
cri16cn027


