index for EGAR00001588505_3511.a.1kDLBCL.DLBCL.SL99614.exome_1tier.hg19.final.bam complete
finding positions of the duplicate reads in the file...
  sorted 12832783 end pairs
     and 355401 single ends (among them 0 unmatched pairs)
  collecting indices of duplicate reads...   done in 18882 ms
  found 3260047 duplicates
collected list of positions in 13 min 24 sec
removing duplicates...
total time elapsed: 60 min 0 sec
low quality reads removed from EGAR00001588505_3511.a.1kDLBCL.DLBCL.SL99614.exome_1tier.hg19.final.bam
duplicates removed from EGAR00001588505_3511.a.1kDLBCL.DLBCL.SL99614.exome_1tier.hg19.final.bam
script complete for EGAR00001588505_3511.a.1kDLBCL.DLBCL.SL99614.exome_1tier.hg19.final.bam


------------ Job WrapUp ------------

Job ID:            11325420.cri16sc001
User ID:           mleukam
Job Name:          sambamba_EGAR00001588505_3511.a.1kDLBCL.DLBCL.SL99614.exome_1tier.hg19.final.bam
Queue Name:        express
Working Directory: /home/mleukam/pbs
Resource List:     walltime=03:00:00,nodes=1:ppn=1,mem=4gb,neednodes=1:ppn=1
Resources Used:    cput=01:02:08,vmem=4402936kb,walltime=01:02:33,mem=2008800kb,energy_used=0
Exit Code:         0
Mother Superior:   cri16cn065

Execution Nodes: 
cri16cn065


