index for EGAR00001588049_2235.a.1kDLBCL.DLBCL.SL89835.exome_1tier.hg19.final.bam complete
finding positions of the duplicate reads in the file...
  sorted 11623195 end pairs
     and 253127 single ends (among them 0 unmatched pairs)
  collecting indices of duplicate reads...   done in 16940 ms
  found 3379420 duplicates
collected list of positions in 8 min 26 sec
removing duplicates...
total time elapsed: 38 min 40 sec
low quality reads removed from EGAR00001588049_2235.a.1kDLBCL.DLBCL.SL89835.exome_1tier.hg19.final.bam
duplicates removed from EGAR00001588049_2235.a.1kDLBCL.DLBCL.SL89835.exome_1tier.hg19.final.bam
script complete for EGAR00001588049_2235.a.1kDLBCL.DLBCL.SL89835.exome_1tier.hg19.final.bam


------------ Job WrapUp ------------

Job ID:            11324957.cri16sc001
User ID:           mleukam
Job Name:          sambamba_EGAR00001588049_2235.a.1kDLBCL.DLBCL.SL89835.exome_1tier.hg19.final.bam
Queue Name:        express
Working Directory: /home/mleukam/pbs
Resource List:     walltime=03:00:00,nodes=1:ppn=1,mem=4gb,neednodes=1:ppn=1
Resources Used:    cput=00:40:39,vmem=4238156kb,walltime=00:40:45,mem=1835932kb,energy_used=0
Exit Code:         0
Mother Superior:   cri16cn061

Execution Nodes: 
cri16cn061


