index for EGAR00001588792_3893.a.1kDLBCL.DLBCL.SL98870.exome_1tier.hg19.final.bam complete
finding positions of the duplicate reads in the file...
  sorted 11015529 end pairs
     and 194169 single ends (among them 0 unmatched pairs)
  collecting indices of duplicate reads...   done in 16879 ms
  found 5161483 duplicates
collected list of positions in 7 min 42 sec
removing duplicates...
total time elapsed: 29 min 27 sec
low quality reads removed from EGAR00001588792_3893.a.1kDLBCL.DLBCL.SL98870.exome_1tier.hg19.final.bam
duplicates removed from EGAR00001588792_3893.a.1kDLBCL.DLBCL.SL98870.exome_1tier.hg19.final.bam
script complete for EGAR00001588792_3893.a.1kDLBCL.DLBCL.SL98870.exome_1tier.hg19.final.bam


------------ Job WrapUp ------------

Job ID:            11325711.cri16sc001
User ID:           mleukam
Job Name:          sambamba_EGAR00001588792_3893.a.1kDLBCL.DLBCL.SL98870.exome_1tier.hg19.final.bam
Queue Name:        express
Working Directory: /home/mleukam/pbs
Resource List:     walltime=03:00:00,nodes=1:ppn=1,mem=4gb,neednodes=1:ppn=1
Resources Used:    cput=00:31:02,vmem=4329836kb,walltime=00:31:08,mem=1775224kb,energy_used=0
Exit Code:         0
Mother Superior:   cri16cn080

Execution Nodes: 
cri16cn080


