index for EGAR00001588214_2644.a.1kDLBCL.DLBCL.SL84108.exome_1tier.hg19.final.bam complete
finding positions of the duplicate reads in the file...
  sorted 15582690 end pairs
     and 286113 single ends (among them 0 unmatched pairs)
  collecting indices of duplicate reads...   done in 22396 ms
  found 3194439 duplicates
collected list of positions in 12 min 16 sec
removing duplicates...
total time elapsed: 51 min 9 sec
low quality reads removed from EGAR00001588214_2644.a.1kDLBCL.DLBCL.SL84108.exome_1tier.hg19.final.bam
duplicates removed from EGAR00001588214_2644.a.1kDLBCL.DLBCL.SL84108.exome_1tier.hg19.final.bam
script complete for EGAR00001588214_2644.a.1kDLBCL.DLBCL.SL84108.exome_1tier.hg19.final.bam


------------ Job WrapUp ------------

Job ID:            11325124.cri16sc001
User ID:           mleukam
Job Name:          sambamba_EGAR00001588214_2644.a.1kDLBCL.DLBCL.SL84108.exome_1tier.hg19.final.bam
Queue Name:        express
Working Directory: /home/mleukam/pbs
Resource List:     walltime=03:00:00,nodes=1:ppn=1,mem=4gb,neednodes=1:ppn=1
Resources Used:    cput=00:53:20,vmem=4422984kb,walltime=00:53:26,mem=2134676kb,energy_used=0
Exit Code:         0
Mother Superior:   cri16cn005

Execution Nodes: 
cri16cn005


