index for EGAR00001588140_2539.a.1kDLBCL.DLBCL.SL90068.exome_1tier.hg19.final.bam complete
finding positions of the duplicate reads in the file...
  sorted 15034665 end pairs
     and 448402 single ends (among them 0 unmatched pairs)
  collecting indices of duplicate reads...   done in 21913 ms
  found 3642999 duplicates
collected list of positions in 10 min 7 sec
removing duplicates...
total time elapsed: 43 min 1 sec
low quality reads removed from EGAR00001588140_2539.a.1kDLBCL.DLBCL.SL90068.exome_1tier.hg19.final.bam
duplicates removed from EGAR00001588140_2539.a.1kDLBCL.DLBCL.SL90068.exome_1tier.hg19.final.bam
script complete for EGAR00001588140_2539.a.1kDLBCL.DLBCL.SL90068.exome_1tier.hg19.final.bam


------------ Job WrapUp ------------

Job ID:            11325048.cri16sc001
User ID:           mleukam
Job Name:          sambamba_EGAR00001588140_2539.a.1kDLBCL.DLBCL.SL90068.exome_1tier.hg19.final.bam
Queue Name:        express
Working Directory: /home/mleukam/pbs
Resource List:     walltime=03:00:00,nodes=1:ppn=1,mem=4gb,neednodes=1:ppn=1
Resources Used:    cput=00:44:58,vmem=4250160kb,walltime=00:45:05,mem=2006876kb,energy_used=0
Exit Code:         0
Mother Superior:   cri16cn032

Execution Nodes: 
cri16cn032


