index for EGAR00001588122_2481.a.1kDLBCL.DLBCL.SL86450_SL90542.exome_1tier.hg19.final.bam complete
finding positions of the duplicate reads in the file...
  sorted 14283964 end pairs
     and 435512 single ends (among them 0 unmatched pairs)
  collecting indices of duplicate reads...   done in 21061 ms
  found 4279907 duplicates
collected list of positions in 10 min 29 sec
removing duplicates...
total time elapsed: 45 min 17 sec
low quality reads removed from EGAR00001588122_2481.a.1kDLBCL.DLBCL.SL86450_SL90542.exome_1tier.hg19.final.bam
duplicates removed from EGAR00001588122_2481.a.1kDLBCL.DLBCL.SL86450_SL90542.exome_1tier.hg19.final.bam
script complete for EGAR00001588122_2481.a.1kDLBCL.DLBCL.SL86450_SL90542.exome_1tier.hg19.final.bam


------------ Job WrapUp ------------

Job ID:            11325030.cri16sc001
User ID:           mleukam
Job Name:          sambamba_EGAR00001588122_2481.a.1kDLBCL.DLBCL.SL86450_SL90542.exome_1tier.hg19.final.bam
Queue Name:        express
Working Directory: /home/mleukam/pbs
Resource List:     walltime=03:00:00,nodes=1:ppn=1,mem=4gb,neednodes=1:ppn=1
Resources Used:    cput=00:47:25,vmem=4526368kb,walltime=00:47:30,mem=2116904kb,energy_used=0
Exit Code:         0
Mother Superior:   cri16cn073

Execution Nodes: 
cri16cn073


