index for EGAR00001588079_2272.a.1kDLBCL.DLBCL.SL89837.exome_1tier.hg19.final.bam complete
finding positions of the duplicate reads in the file...
  sorted 9107697 end pairs
     and 338661 single ends (among them 0 unmatched pairs)
  collecting indices of duplicate reads...   done in 13487 ms
  found 2704800 duplicates
collected list of positions in 7 min 50 sec
removing duplicates...
total time elapsed: 38 min 26 sec
low quality reads removed from EGAR00001588079_2272.a.1kDLBCL.DLBCL.SL89837.exome_1tier.hg19.final.bam
duplicates removed from EGAR00001588079_2272.a.1kDLBCL.DLBCL.SL89837.exome_1tier.hg19.final.bam
script complete for EGAR00001588079_2272.a.1kDLBCL.DLBCL.SL89837.exome_1tier.hg19.final.bam


------------ Job WrapUp ------------

Job ID:            11324987.cri16sc001
User ID:           mleukam
Job Name:          sambamba_EGAR00001588079_2272.a.1kDLBCL.DLBCL.SL89837.exome_1tier.hg19.final.bam
Queue Name:        express
Working Directory: /home/mleukam/pbs
Resource List:     walltime=03:00:00,nodes=1:ppn=1,mem=4gb,neednodes=1:ppn=1
Resources Used:    cput=00:40:21,vmem=4345032kb,walltime=00:40:27,mem=1738500kb,energy_used=0
Exit Code:         0
Mother Superior:   cri16cn007

Execution Nodes: 
cri16cn007


