index for EGAR00001588371_2919.a.1kDLBCL.DLBCL.SL96537.exome_1tier.hg19.final.bam complete
finding positions of the duplicate reads in the file...
  sorted 11983599 end pairs
     and 218012 single ends (among them 0 unmatched pairs)
  collecting indices of duplicate reads...   done in 17382 ms
  found 3245161 duplicates
collected list of positions in 9 min 4 sec
removing duplicates...
total time elapsed: 43 min 36 sec
low quality reads removed from EGAR00001588371_2919.a.1kDLBCL.DLBCL.SL96537.exome_1tier.hg19.final.bam
duplicates removed from EGAR00001588371_2919.a.1kDLBCL.DLBCL.SL96537.exome_1tier.hg19.final.bam
script complete for EGAR00001588371_2919.a.1kDLBCL.DLBCL.SL96537.exome_1tier.hg19.final.bam


------------ Job WrapUp ------------

Job ID:            11325284.cri16sc001
User ID:           mleukam
Job Name:          sambamba_EGAR00001588371_2919.a.1kDLBCL.DLBCL.SL96537.exome_1tier.hg19.final.bam
Queue Name:        express
Working Directory: /home/mleukam/pbs
Resource List:     walltime=03:00:00,nodes=1:ppn=1,mem=4gb,neednodes=1:ppn=1
Resources Used:    cput=00:45:29,vmem=4306764kb,walltime=00:45:34,mem=1917808kb,energy_used=0
Exit Code:         0
Mother Superior:   cri16cn046

Execution Nodes: 
cri16cn046


