index for EGAR00001588402_2998.a.1kDLBCL.DLBCL.SL99270.exome_1tier.hg19.final.bam complete
finding positions of the duplicate reads in the file...
  sorted 11225654 end pairs
     and 407611 single ends (among them 0 unmatched pairs)
  collecting indices of duplicate reads...   done in 17467 ms
  found 4023080 duplicates
collected list of positions in 11 min 29 sec
removing duplicates...
total time elapsed: 51 min 54 sec
low quality reads removed from EGAR00001588402_2998.a.1kDLBCL.DLBCL.SL99270.exome_1tier.hg19.final.bam
duplicates removed from EGAR00001588402_2998.a.1kDLBCL.DLBCL.SL99270.exome_1tier.hg19.final.bam
script complete for EGAR00001588402_2998.a.1kDLBCL.DLBCL.SL99270.exome_1tier.hg19.final.bam


------------ Job WrapUp ------------

Job ID:            11325315.cri16sc001
User ID:           mleukam
Job Name:          sambamba_EGAR00001588402_2998.a.1kDLBCL.DLBCL.SL99270.exome_1tier.hg19.final.bam
Queue Name:        express
Working Directory: /home/mleukam/pbs
Resource List:     walltime=03:00:00,nodes=1:ppn=1,mem=4gb,neednodes=1:ppn=1
Resources Used:    cput=00:54:07,vmem=4329728kb,walltime=00:54:12,mem=1848952kb,energy_used=0
Exit Code:         0
Mother Superior:   cri16cn064

Execution Nodes: 
cri16cn064


