index for EGAR00001588001_2161.a.1kDLBCL.DLBCL.SL90506_SL84410.exome_1tier.hg19.final.bam complete
finding positions of the duplicate reads in the file...
  sorted 17394760 end pairs
     and 398010 single ends (among them 0 unmatched pairs)
  collecting indices of duplicate reads...   done in 29963 ms
  found 3855547 duplicates
collected list of positions in 13 min 19 sec
removing duplicates...
total time elapsed: 57 min 41 sec
low quality reads removed from EGAR00001588001_2161.a.1kDLBCL.DLBCL.SL90506_SL84410.exome_1tier.hg19.final.bam
duplicates removed from EGAR00001588001_2161.a.1kDLBCL.DLBCL.SL90506_SL84410.exome_1tier.hg19.final.bam
script complete for EGAR00001588001_2161.a.1kDLBCL.DLBCL.SL90506_SL84410.exome_1tier.hg19.final.bam


------------ Job WrapUp ------------

Job ID:            11324908.cri16sc001
User ID:           mleukam
Job Name:          sambamba_EGAR00001588001_2161.a.1kDLBCL.DLBCL.SL90506_SL84410.exome_1tier.hg19.final.bam
Queue Name:        express
Working Directory: /home/mleukam/pbs
Resource List:     walltime=03:00:00,nodes=1:ppn=1,mem=4gb,neednodes=1:ppn=1
Resources Used:    cput=01:00:12,vmem=4388364kb,walltime=01:00:18,mem=1966868kb,energy_used=0
Exit Code:         0
Mother Superior:   cri16cn079

Execution Nodes: 
cri16cn079


