index for EGAR00001588032_2217.a.1kDLBCL.DLBCL.SL89989.exome_1tier.hg19.final.bam complete
finding positions of the duplicate reads in the file...
  sorted 19367433 end pairs
     and 556690 single ends (among them 0 unmatched pairs)
  collecting indices of duplicate reads...   done in 33263 ms
  found 5633909 duplicates
collected list of positions in 13 min 18 sec
removing duplicates...
total time elapsed: 57 min 11 sec
low quality reads removed from EGAR00001588032_2217.a.1kDLBCL.DLBCL.SL89989.exome_1tier.hg19.final.bam
duplicates removed from EGAR00001588032_2217.a.1kDLBCL.DLBCL.SL89989.exome_1tier.hg19.final.bam
script complete for EGAR00001588032_2217.a.1kDLBCL.DLBCL.SL89989.exome_1tier.hg19.final.bam


------------ Job WrapUp ------------

Job ID:            11324939.cri16sc001
User ID:           mleukam
Job Name:          sambamba_EGAR00001588032_2217.a.1kDLBCL.DLBCL.SL89989.exome_1tier.hg19.final.bam
Queue Name:        express
Working Directory: /home/mleukam/pbs
Resource List:     walltime=03:00:00,nodes=1:ppn=1,mem=4gb,neednodes=1:ppn=1
Resources Used:    cput=00:59:59,vmem=4358904kb,walltime=01:00:08,mem=2190736kb,energy_used=0
Exit Code:         0
Mother Superior:   cri16cn038

Execution Nodes: 
cri16cn038


