index for EGAR00001588048_2234.a.1kDLBCL.DLBCL.SL72109.exome_1tier.hg19.final.bam complete
finding positions of the duplicate reads in the file...
  sorted 16210933 end pairs
     and 525459 single ends (among them 0 unmatched pairs)
  collecting indices of duplicate reads...   done in 23464 ms
  found 2695927 duplicates
collected list of positions in 11 min 17 sec
removing duplicates...
total time elapsed: 48 min 26 sec
low quality reads removed from EGAR00001588048_2234.a.1kDLBCL.DLBCL.SL72109.exome_1tier.hg19.final.bam
duplicates removed from EGAR00001588048_2234.a.1kDLBCL.DLBCL.SL72109.exome_1tier.hg19.final.bam
script complete for EGAR00001588048_2234.a.1kDLBCL.DLBCL.SL72109.exome_1tier.hg19.final.bam


------------ Job WrapUp ------------

Job ID:            11324956.cri16sc001
User ID:           mleukam
Job Name:          sambamba_EGAR00001588048_2234.a.1kDLBCL.DLBCL.SL72109.exome_1tier.hg19.final.bam
Queue Name:        express
Working Directory: /home/mleukam/pbs
Resource List:     walltime=03:00:00,nodes=1:ppn=1,mem=4gb,neednodes=1:ppn=1
Resources Used:    cput=00:50:56,vmem=4318872kb,walltime=00:51:04,mem=1901020kb,energy_used=0
Exit Code:         0
Mother Superior:   cri16cn014

Execution Nodes: 
cri16cn014


