index for EGAR00001588551_3584.a.1kDLBCL.DLBCL.SL100861.exome_1tier.hg19.final.bam complete
finding positions of the duplicate reads in the file...
  sorted 1128731 end pairs
     and 16998 single ends (among them 0 unmatched pairs)
  collecting indices of duplicate reads...   done in 1716 ms
  found 694603 duplicates
collected list of positions in 0 min 45 sec
removing duplicates...
total time elapsed: 2 min 13 sec
low quality reads removed from EGAR00001588551_3584.a.1kDLBCL.DLBCL.SL100861.exome_1tier.hg19.final.bam
duplicates removed from EGAR00001588551_3584.a.1kDLBCL.DLBCL.SL100861.exome_1tier.hg19.final.bam
script complete for EGAR00001588551_3584.a.1kDLBCL.DLBCL.SL100861.exome_1tier.hg19.final.bam


------------ Job WrapUp ------------

Job ID:            11325467.cri16sc001
User ID:           mleukam
Job Name:          sambamba_EGAR00001588551_3584.a.1kDLBCL.DLBCL.SL100861.exome_1tier.hg19.final.bam
Queue Name:        express
Working Directory: /home/mleukam/pbs
Resource List:     walltime=03:00:00,nodes=1:ppn=1,mem=4gb,neednodes=1:ppn=1
Resources Used:    cput=00:02:44,vmem=3906472kb,walltime=00:02:46,mem=1104628kb,energy_used=0
Exit Code:         0
Mother Superior:   cri16cn059

Execution Nodes: 
cri16cn059


