index for EGAR00001588414_3397.a.1kDLBCL.DLBCL.SL104928.exome_1tier.hg19.final.bam complete
finding positions of the duplicate reads in the file...
  sorted 1427345 end pairs
     and 33815 single ends (among them 0 unmatched pairs)
  collecting indices of duplicate reads...   done in 2080 ms
  found 500851 duplicates
collected list of positions in 0 min 54 sec
removing duplicates...
total time elapsed: 3 min 17 sec
low quality reads removed from EGAR00001588414_3397.a.1kDLBCL.DLBCL.SL104928.exome_1tier.hg19.final.bam
duplicates removed from EGAR00001588414_3397.a.1kDLBCL.DLBCL.SL104928.exome_1tier.hg19.final.bam
script complete for EGAR00001588414_3397.a.1kDLBCL.DLBCL.SL104928.exome_1tier.hg19.final.bam


------------ Job WrapUp ------------

Job ID:            11325328.cri16sc001
User ID:           mleukam
Job Name:          sambamba_EGAR00001588414_3397.a.1kDLBCL.DLBCL.SL104928.exome_1tier.hg19.final.bam
Queue Name:        express
Working Directory: /home/mleukam/pbs
Resource List:     walltime=03:00:00,nodes=1:ppn=1,mem=4gb,neednodes=1:ppn=1
Resources Used:    cput=00:03:49,vmem=4074436kb,walltime=00:03:51,mem=1243156kb,energy_used=0
Exit Code:         0
Mother Superior:   cri16cn050

Execution Nodes: 
cri16cn050


