index for EGAR00001588684_3736.a.1kDLBCL.DLBCL.SL96061.exome_1tier.hg19.final.bam complete
finding positions of the duplicate reads in the file...
  sorted 13983532 end pairs
     and 262012 single ends (among them 0 unmatched pairs)
  collecting indices of duplicate reads...   done in 21060 ms
  found 4582968 duplicates
collected list of positions in 11 min 27 sec
removing duplicates...
total time elapsed: 46 min 55 sec
low quality reads removed from EGAR00001588684_3736.a.1kDLBCL.DLBCL.SL96061.exome_1tier.hg19.final.bam
duplicates removed from EGAR00001588684_3736.a.1kDLBCL.DLBCL.SL96061.exome_1tier.hg19.final.bam
script complete for EGAR00001588684_3736.a.1kDLBCL.DLBCL.SL96061.exome_1tier.hg19.final.bam


------------ Job WrapUp ------------

Job ID:            11325602.cri16sc001
User ID:           mleukam
Job Name:          sambamba_EGAR00001588684_3736.a.1kDLBCL.DLBCL.SL96061.exome_1tier.hg19.final.bam
Queue Name:        express
Working Directory: /home/mleukam/pbs
Resource List:     walltime=03:00:00,nodes=1:ppn=1,mem=4gb,neednodes=1:ppn=1
Resources Used:    cput=00:48:53,vmem=4142300kb,walltime=00:48:57,mem=1842300kb,energy_used=0
Exit Code:         0
Mother Superior:   cri16cn073

Execution Nodes: 
cri16cn073


