index for EGAR00001588401_2996.a.1kDLBCL.DLBCL.SL96677.exome_1tier.hg19.final.bam complete
finding positions of the duplicate reads in the file...
  sorted 16105449 end pairs
     and 348812 single ends (among them 0 unmatched pairs)
  collecting indices of duplicate reads...   done in 23760 ms
  found 5022554 duplicates
collected list of positions in 16 min 58 sec
removing duplicates...
total time elapsed: 70 min 35 sec
low quality reads removed from EGAR00001588401_2996.a.1kDLBCL.DLBCL.SL96677.exome_1tier.hg19.final.bam
duplicates removed from EGAR00001588401_2996.a.1kDLBCL.DLBCL.SL96677.exome_1tier.hg19.final.bam
script complete for EGAR00001588401_2996.a.1kDLBCL.DLBCL.SL96677.exome_1tier.hg19.final.bam


------------ Job WrapUp ------------

Job ID:            11325314.cri16sc001
User ID:           mleukam
Job Name:          sambamba_EGAR00001588401_2996.a.1kDLBCL.DLBCL.SL96677.exome_1tier.hg19.final.bam
Queue Name:        express
Working Directory: /home/mleukam/pbs
Resource List:     walltime=03:00:00,nodes=1:ppn=1,mem=4gb,neednodes=1:ppn=1
Resources Used:    cput=01:13:07,vmem=4429864kb,walltime=01:13:24,mem=2113812kb,energy_used=0
Exit Code:         0
Mother Superior:   cri16cn034

Execution Nodes: 
cri16cn034


