index for EGAR00001588674_3726.a.1kDLBCL.DLBCL.SL96246.exome_1tier.hg19.final.bam complete
finding positions of the duplicate reads in the file...
  sorted 12001059 end pairs
     and 187595 single ends (among them 0 unmatched pairs)
  collecting indices of duplicate reads...   done in 17570 ms
  found 3727069 duplicates
collected list of positions in 8 min 5 sec
removing duplicates...
total time elapsed: 32 min 18 sec
low quality reads removed from EGAR00001588674_3726.a.1kDLBCL.DLBCL.SL96246.exome_1tier.hg19.final.bam
duplicates removed from EGAR00001588674_3726.a.1kDLBCL.DLBCL.SL96246.exome_1tier.hg19.final.bam
script complete for EGAR00001588674_3726.a.1kDLBCL.DLBCL.SL96246.exome_1tier.hg19.final.bam


------------ Job WrapUp ------------

Job ID:            11325592.cri16sc001
User ID:           mleukam
Job Name:          sambamba_EGAR00001588674_3726.a.1kDLBCL.DLBCL.SL96246.exome_1tier.hg19.final.bam
Queue Name:        express
Working Directory: /home/mleukam/pbs
Resource List:     walltime=03:00:00,nodes=1:ppn=1,mem=4gb,neednodes=1:ppn=1
Resources Used:    cput=00:34:07,vmem=4363020kb,walltime=00:34:11,mem=1939244kb,energy_used=0
Exit Code:         0
Mother Superior:   cri16cn016

Execution Nodes: 
cri16cn016


