index for EGAR00001588318_2827.a.1kDLBCL.DLBCL.SL96673.exome_1tier.hg19.final.bam complete
finding positions of the duplicate reads in the file...
  sorted 25494327 end pairs
     and 459063 single ends (among them 0 unmatched pairs)
  collecting indices of duplicate reads...   done in 42198 ms
  found 7749739 duplicates
collected list of positions in 17 min 48 sec
removing duplicates...
total time elapsed: 72 min 17 sec
low quality reads removed from EGAR00001588318_2827.a.1kDLBCL.DLBCL.SL96673.exome_1tier.hg19.final.bam
duplicates removed from EGAR00001588318_2827.a.1kDLBCL.DLBCL.SL96673.exome_1tier.hg19.final.bam
script complete for EGAR00001588318_2827.a.1kDLBCL.DLBCL.SL96673.exome_1tier.hg19.final.bam


------------ Job WrapUp ------------

Job ID:            11325230.cri16sc001
User ID:           mleukam
Job Name:          sambamba_EGAR00001588318_2827.a.1kDLBCL.DLBCL.SL96673.exome_1tier.hg19.final.bam
Queue Name:        express
Working Directory: /home/mleukam/pbs
Resource List:     walltime=03:00:00,nodes=1:ppn=1,mem=4gb,neednodes=1:ppn=1
Resources Used:    cput=01:15:44,vmem=4231444kb,walltime=01:15:51,mem=2025280kb,energy_used=0
Exit Code:         0
Mother Superior:   cri16cn068

Execution Nodes: 
cri16cn068


