index for EGAR00001588002_2162.a.1kDLBCL.DLBCL.SL84120.exome_1tier.hg19.final.bam complete
finding positions of the duplicate reads in the file...
  sorted 4889075 end pairs
     and 94997 single ends (among them 0 unmatched pairs)
  collecting indices of duplicate reads...   done in 6997 ms
  found 860867 duplicates
collected list of positions in 3 min 33 sec
removing duplicates...
total time elapsed: 18 min 23 sec
low quality reads removed from EGAR00001588002_2162.a.1kDLBCL.DLBCL.SL84120.exome_1tier.hg19.final.bam
duplicates removed from EGAR00001588002_2162.a.1kDLBCL.DLBCL.SL84120.exome_1tier.hg19.final.bam
script complete for EGAR00001588002_2162.a.1kDLBCL.DLBCL.SL84120.exome_1tier.hg19.final.bam


------------ Job WrapUp ------------

Job ID:            11324909.cri16sc001
User ID:           mleukam
Job Name:          sambamba_EGAR00001588002_2162.a.1kDLBCL.DLBCL.SL84120.exome_1tier.hg19.final.bam
Queue Name:        express
Working Directory: /home/mleukam/pbs
Resource List:     walltime=03:00:00,nodes=1:ppn=1,mem=4gb,neednodes=1:ppn=1
Resources Used:    cput=00:19:21,vmem=4176852kb,walltime=00:19:26,mem=1496796kb,energy_used=0
Exit Code:         0
Mother Superior:   cri16cn048

Execution Nodes: 
cri16cn048


