index for EGAR00001588645_3691.a.1kDLBCL.DLBCL.SL96354.exome_1tier.hg19.final.bam complete
finding positions of the duplicate reads in the file...
  sorted 14914069 end pairs
     and 238408 single ends (among them 0 unmatched pairs)
  collecting indices of duplicate reads...   done in 22840 ms
  found 5405084 duplicates
collected list of positions in 10 min 25 sec
removing duplicates...
total time elapsed: 41 min 19 sec
low quality reads removed from EGAR00001588645_3691.a.1kDLBCL.DLBCL.SL96354.exome_1tier.hg19.final.bam
duplicates removed from EGAR00001588645_3691.a.1kDLBCL.DLBCL.SL96354.exome_1tier.hg19.final.bam
script complete for EGAR00001588645_3691.a.1kDLBCL.DLBCL.SL96354.exome_1tier.hg19.final.bam


------------ Job WrapUp ------------

Job ID:            11325562.cri16sc001
User ID:           mleukam
Job Name:          sambamba_EGAR00001588645_3691.a.1kDLBCL.DLBCL.SL96354.exome_1tier.hg19.final.bam
Queue Name:        express
Working Directory: /home/mleukam/pbs
Resource List:     walltime=03:00:00,nodes=1:ppn=1,mem=4gb,neednodes=1:ppn=1
Resources Used:    cput=00:43:30,vmem=4054860kb,walltime=00:43:34,mem=1760020kb,energy_used=0
Exit Code:         0
Mother Superior:   cri16cn053

Execution Nodes: 
cri16cn053


