index for EGAR00001588165_2571.a.1kDLBCL.DLBCL.SL79094.exome_1tier.hg19.final.bam complete
finding positions of the duplicate reads in the file...
  sorted 14053446 end pairs
     and 293004 single ends (among them 0 unmatched pairs)
  collecting indices of duplicate reads...   done in 19972 ms
  found 1602033 duplicates
collected list of positions in 10 min 33 sec
removing duplicates...
total time elapsed: 47 min 59 sec
low quality reads removed from EGAR00001588165_2571.a.1kDLBCL.DLBCL.SL79094.exome_1tier.hg19.final.bam
duplicates removed from EGAR00001588165_2571.a.1kDLBCL.DLBCL.SL79094.exome_1tier.hg19.final.bam
script complete for EGAR00001588165_2571.a.1kDLBCL.DLBCL.SL79094.exome_1tier.hg19.final.bam


------------ Job WrapUp ------------

Job ID:            11325074.cri16sc001
User ID:           mleukam
Job Name:          sambamba_EGAR00001588165_2571.a.1kDLBCL.DLBCL.SL79094.exome_1tier.hg19.final.bam
Queue Name:        express
Working Directory: /home/mleukam/pbs
Resource List:     walltime=03:00:00,nodes=1:ppn=1,mem=4gb,neednodes=1:ppn=1
Resources Used:    cput=00:50:15,vmem=4255292kb,walltime=00:50:21,mem=1965500kb,energy_used=0
Exit Code:         0
Mother Superior:   cri16cn079

Execution Nodes: 
cri16cn079


