index for EGAR00001587901_690.a.1kDLBCL_FFPEvsFrozen.DLBCL.SL105212.exome_1tier.hg19.final.bam complete
finding positions of the duplicate reads in the file...
  sorted 6891175 end pairs
     and 156522 single ends (among them 0 unmatched pairs)
  collecting indices of duplicate reads...   done in 10253 ms
  found 2027655 duplicates
collected list of positions in 4 min 36 sec
removing duplicates...
total time elapsed: 20 min 37 sec
low quality reads removed from EGAR00001587901_690.a.1kDLBCL_FFPEvsFrozen.DLBCL.SL105212.exome_1tier.hg19.final.bam
duplicates removed from EGAR00001587901_690.a.1kDLBCL_FFPEvsFrozen.DLBCL.SL105212.exome_1tier.hg19.final.bam
script complete for EGAR00001587901_690.a.1kDLBCL_FFPEvsFrozen.DLBCL.SL105212.exome_1tier.hg19.final.bam


------------ Job WrapUp ------------

Job ID:            11324806.cri16sc001
User ID:           mleukam
Job Name:          sambamba_EGAR00001587901_690.a.1kDLBCL_FFPEvsFrozen.DLBCL.SL105212.exome_1tier.hg19.final.bam
Queue Name:        express
Working Directory: /home/mleukam/pbs
Resource List:     walltime=03:00:00,nodes=1:ppn=1,mem=4gb,neednodes=1:ppn=1
Resources Used:    cput=00:21:41,vmem=4056468kb,walltime=00:21:44,mem=1458744kb,energy_used=0
Exit Code:         0
Mother Superior:   cri16cn055

Execution Nodes: 
cri16cn055


