index for EGAR00001588567_3602.a.1kDLBCL.DLBCL.SL99385.exome_1tier.hg19.final.bam complete
finding positions of the duplicate reads in the file...
  sorted 10522060 end pairs
     and 244885 single ends (among them 0 unmatched pairs)
  collecting indices of duplicate reads...   done in 15980 ms
  found 3054030 duplicates
collected list of positions in 8 min 1 sec
removing duplicates...
total time elapsed: 36 min 34 sec
low quality reads removed from EGAR00001588567_3602.a.1kDLBCL.DLBCL.SL99385.exome_1tier.hg19.final.bam
duplicates removed from EGAR00001588567_3602.a.1kDLBCL.DLBCL.SL99385.exome_1tier.hg19.final.bam
script complete for EGAR00001588567_3602.a.1kDLBCL.DLBCL.SL99385.exome_1tier.hg19.final.bam


------------ Job WrapUp ------------

Job ID:            11325483.cri16sc001
User ID:           mleukam
Job Name:          sambamba_EGAR00001588567_3602.a.1kDLBCL.DLBCL.SL99385.exome_1tier.hg19.final.bam
Queue Name:        express
Working Directory: /home/mleukam/pbs
Resource List:     walltime=03:00:00,nodes=1:ppn=1,mem=4gb,neednodes=1:ppn=1
Resources Used:    cput=00:38:23,vmem=4214748kb,walltime=00:38:28,mem=1785848kb,energy_used=0
Exit Code:         0
Mother Superior:   cri16cn071

Execution Nodes: 
cri16cn071


