index for EGAR00001588097_2449.a.1kDLBCL.DLBCL.SL104091.exome_1tier.hg19.final.bam complete
finding positions of the duplicate reads in the file...
  sorted 10138470 end pairs
     and 181005 single ends (among them 0 unmatched pairs)
  collecting indices of duplicate reads...   done in 16363 ms
  found 10870380 duplicates
collected list of positions in 6 min 25 sec
removing duplicates...
total time elapsed: 18 min 11 sec
low quality reads removed from EGAR00001588097_2449.a.1kDLBCL.DLBCL.SL104091.exome_1tier.hg19.final.bam
duplicates removed from EGAR00001588097_2449.a.1kDLBCL.DLBCL.SL104091.exome_1tier.hg19.final.bam
script complete for EGAR00001588097_2449.a.1kDLBCL.DLBCL.SL104091.exome_1tier.hg19.final.bam


------------ Job WrapUp ------------

Job ID:            11325004.cri16sc001
User ID:           mleukam
Job Name:          sambamba_EGAR00001588097_2449.a.1kDLBCL.DLBCL.SL104091.exome_1tier.hg19.final.bam
Queue Name:        express
Working Directory: /home/mleukam/pbs
Resource List:     walltime=03:00:00,nodes=1:ppn=1,mem=4gb,neednodes=1:ppn=1
Resources Used:    cput=00:19:23,vmem=4127420kb,walltime=00:19:29,mem=1607016kb,energy_used=0
Exit Code:         0
Mother Superior:   cri16cn064

Execution Nodes: 
cri16cn064


