index for EGAR00001588283_2773.a.1kDLBCL.DLBCL.SL84499_SL90566.exome_1tier.hg19.final.bam complete
finding positions of the duplicate reads in the file...
  sorted 16587720 end pairs
     and 365654 single ends (among them 0 unmatched pairs)
  collecting indices of duplicate reads...   done in 23992 ms
  found 3511965 duplicates
collected list of positions in 13 min 8 sec
removing duplicates...
total time elapsed: 57 min 58 sec
low quality reads removed from EGAR00001588283_2773.a.1kDLBCL.DLBCL.SL84499_SL90566.exome_1tier.hg19.final.bam
duplicates removed from EGAR00001588283_2773.a.1kDLBCL.DLBCL.SL84499_SL90566.exome_1tier.hg19.final.bam
script complete for EGAR00001588283_2773.a.1kDLBCL.DLBCL.SL84499_SL90566.exome_1tier.hg19.final.bam


------------ Job WrapUp ------------

Job ID:            11325194.cri16sc001
User ID:           mleukam
Job Name:          sambamba_EGAR00001588283_2773.a.1kDLBCL.DLBCL.SL84499_SL90566.exome_1tier.hg19.final.bam
Queue Name:        express
Working Directory: /home/mleukam/pbs
Resource List:     walltime=03:00:00,nodes=1:ppn=1,mem=4gb,neednodes=1:ppn=1
Resources Used:    cput=01:00:13,vmem=4357176kb,walltime=01:00:30,mem=1904680kb,energy_used=0
Exit Code:         0
Mother Superior:   cri16cn085

Execution Nodes: 
cri16cn085


