index for EGAR00001588224_2657.a.1kDLBCL.DLBCL.SL85151.exome_1tier.hg19.final.bam complete
finding positions of the duplicate reads in the file...
  sorted 13532834 end pairs
     and 263438 single ends (among them 0 unmatched pairs)
  collecting indices of duplicate reads...   done in 20090 ms
  found 4075627 duplicates
collected list of positions in 9 min 18 sec
removing duplicates...
total time elapsed: 40 min 15 sec
low quality reads removed from EGAR00001588224_2657.a.1kDLBCL.DLBCL.SL85151.exome_1tier.hg19.final.bam
duplicates removed from EGAR00001588224_2657.a.1kDLBCL.DLBCL.SL85151.exome_1tier.hg19.final.bam
script complete for EGAR00001588224_2657.a.1kDLBCL.DLBCL.SL85151.exome_1tier.hg19.final.bam


------------ Job WrapUp ------------

Job ID:            11325134.cri16sc001
User ID:           mleukam
Job Name:          sambamba_EGAR00001588224_2657.a.1kDLBCL.DLBCL.SL85151.exome_1tier.hg19.final.bam
Queue Name:        express
Working Directory: /home/mleukam/pbs
Resource List:     walltime=03:00:00,nodes=1:ppn=1,mem=4gb,neednodes=1:ppn=1
Resources Used:    cput=00:42:01,vmem=4255552kb,walltime=00:42:08,mem=1744608kb,energy_used=0
Exit Code:         0
Mother Superior:   cri16cn002

Execution Nodes: 
cri16cn002


