index for EGAR00001588720_3779.a.1kDLBCL.DLBCL.SL99162.exome_1tier.hg19.final.bam complete
finding positions of the duplicate reads in the file...
  sorted 13247916 end pairs
     and 388158 single ends (among them 0 unmatched pairs)
  collecting indices of duplicate reads...   done in 20338 ms
  found 5550813 duplicates
collected list of positions in 11 min 2 sec
removing duplicates...
total time elapsed: 46 min 18 sec
low quality reads removed from EGAR00001588720_3779.a.1kDLBCL.DLBCL.SL99162.exome_1tier.hg19.final.bam
duplicates removed from EGAR00001588720_3779.a.1kDLBCL.DLBCL.SL99162.exome_1tier.hg19.final.bam
script complete for EGAR00001588720_3779.a.1kDLBCL.DLBCL.SL99162.exome_1tier.hg19.final.bam


------------ Job WrapUp ------------

Job ID:            11325639.cri16sc001
User ID:           mleukam
Job Name:          sambamba_EGAR00001588720_3779.a.1kDLBCL.DLBCL.SL99162.exome_1tier.hg19.final.bam
Queue Name:        express
Working Directory: /home/mleukam/pbs
Resource List:     walltime=03:00:00,nodes=1:ppn=1,mem=4gb,neednodes=1:ppn=1
Resources Used:    cput=00:48:24,vmem=4288332kb,walltime=00:48:30,mem=1949992kb,energy_used=0
Exit Code:         0
Mother Superior:   cri16cn030

Execution Nodes: 
cri16cn030


