index for EGAR00001588058_2244.a.1kDLBCL.DLBCL.SL79203_SL84665.exome_1tier.hg19.final.bam complete
finding positions of the duplicate reads in the file...
  sorted 20546507 end pairs
     and 417979 single ends (among them 0 unmatched pairs)
  collecting indices of duplicate reads...   done in 34957 ms
  found 6105097 duplicates
collected list of positions in 15 min 28 sec
removing duplicates...
total time elapsed: 73 min 36 sec
low quality reads removed from EGAR00001588058_2244.a.1kDLBCL.DLBCL.SL79203_SL84665.exome_1tier.hg19.final.bam
duplicates removed from EGAR00001588058_2244.a.1kDLBCL.DLBCL.SL79203_SL84665.exome_1tier.hg19.final.bam
script complete for EGAR00001588058_2244.a.1kDLBCL.DLBCL.SL79203_SL84665.exome_1tier.hg19.final.bam


------------ Job WrapUp ------------

Job ID:            11324966.cri16sc001
User ID:           mleukam
Job Name:          sambamba_EGAR00001588058_2244.a.1kDLBCL.DLBCL.SL79203_SL84665.exome_1tier.hg19.final.bam
Queue Name:        express
Working Directory: /home/mleukam/pbs
Resource List:     walltime=03:00:00,nodes=1:ppn=1,mem=4gb,neednodes=1:ppn=1
Resources Used:    cput=01:16:54,vmem=4304940kb,walltime=01:17:00,mem=2091128kb,energy_used=0
Exit Code:         0
Mother Superior:   cri16cn032

Execution Nodes: 
cri16cn032


