index for EGAR00001588721_3780.a.1kDLBCL.DLBCL.SL99274.exome_1tier.hg19.final.bam complete
finding positions of the duplicate reads in the file...
  sorted 15178129 end pairs
     and 348632 single ends (among them 0 unmatched pairs)
  collecting indices of duplicate reads...   done in 22437 ms
  found 5870833 duplicates
collected list of positions in 10 min 35 sec
removing duplicates...
total time elapsed: 46 min 32 sec
low quality reads removed from EGAR00001588721_3780.a.1kDLBCL.DLBCL.SL99274.exome_1tier.hg19.final.bam
duplicates removed from EGAR00001588721_3780.a.1kDLBCL.DLBCL.SL99274.exome_1tier.hg19.final.bam
script complete for EGAR00001588721_3780.a.1kDLBCL.DLBCL.SL99274.exome_1tier.hg19.final.bam


------------ Job WrapUp ------------

Job ID:            11325640.cri16sc001
User ID:           mleukam
Job Name:          sambamba_EGAR00001588721_3780.a.1kDLBCL.DLBCL.SL99274.exome_1tier.hg19.final.bam
Queue Name:        express
Working Directory: /home/mleukam/pbs
Resource List:     walltime=03:00:00,nodes=1:ppn=1,mem=4gb,neednodes=1:ppn=1
Resources Used:    cput=00:48:41,vmem=4260152kb,walltime=00:48:45,mem=1796168kb,energy_used=0
Exit Code:         0
Mother Superior:   cri16cn010

Execution Nodes: 
cri16cn010


