index for EGAR00001588794_3895.a.1kDLBCL.DLBCL.SL99066.exome_1tier.hg19.final.bam complete
finding positions of the duplicate reads in the file...
  sorted 14458448 end pairs
     and 294533 single ends (among them 0 unmatched pairs)
  collecting indices of duplicate reads...   done in 22396 ms
  found 6715212 duplicates
collected list of positions in 11 min 22 sec
removing duplicates...
total time elapsed: 42 min 6 sec
low quality reads removed from EGAR00001588794_3895.a.1kDLBCL.DLBCL.SL99066.exome_1tier.hg19.final.bam
duplicates removed from EGAR00001588794_3895.a.1kDLBCL.DLBCL.SL99066.exome_1tier.hg19.final.bam
script complete for EGAR00001588794_3895.a.1kDLBCL.DLBCL.SL99066.exome_1tier.hg19.final.bam


------------ Job WrapUp ------------

Job ID:            11325713.cri16sc001
User ID:           mleukam
Job Name:          sambamba_EGAR00001588794_3895.a.1kDLBCL.DLBCL.SL99066.exome_1tier.hg19.final.bam
Queue Name:        express
Working Directory: /home/mleukam/pbs
Resource List:     walltime=03:00:00,nodes=1:ppn=1,mem=4gb,neednodes=1:ppn=1
Resources Used:    cput=00:44:29,vmem=4235084kb,walltime=00:44:34,mem=1951452kb,energy_used=0
Exit Code:         0
Mother Superior:   cri16cn023

Execution Nodes: 
cri16cn023


