index for EGAR00001588714_3770.a.1kDLBCL.DLBCL.SL99501.exome_1tier.hg19.final.bam complete
finding positions of the duplicate reads in the file...
  sorted 10986884 end pairs
     and 215022 single ends (among them 0 unmatched pairs)
  collecting indices of duplicate reads...   done in 16197 ms
  found 2849635 duplicates
collected list of positions in 7 min 39 sec
removing duplicates...
total time elapsed: 35 min 12 sec
low quality reads removed from EGAR00001588714_3770.a.1kDLBCL.DLBCL.SL99501.exome_1tier.hg19.final.bam
duplicates removed from EGAR00001588714_3770.a.1kDLBCL.DLBCL.SL99501.exome_1tier.hg19.final.bam
script complete for EGAR00001588714_3770.a.1kDLBCL.DLBCL.SL99501.exome_1tier.hg19.final.bam


------------ Job WrapUp ------------

Job ID:            11325633.cri16sc001
User ID:           mleukam
Job Name:          sambamba_EGAR00001588714_3770.a.1kDLBCL.DLBCL.SL99501.exome_1tier.hg19.final.bam
Queue Name:        express
Working Directory: /home/mleukam/pbs
Resource List:     walltime=03:00:00,nodes=1:ppn=1,mem=4gb,neednodes=1:ppn=1
Resources Used:    cput=00:36:48,vmem=4073292kb,walltime=00:36:53,mem=1646308kb,energy_used=0
Exit Code:         0
Mother Superior:   cri16cn037

Execution Nodes: 
cri16cn037


