index for EGAR00001588287_2778.a.1kDLBCL.DLBCL.SL89846.exome_1tier.hg19.final.bam complete
finding positions of the duplicate reads in the file...
  sorted 17382763 end pairs
     and 383999 single ends (among them 0 unmatched pairs)
  collecting indices of duplicate reads...   done in 30239 ms
  found 5244824 duplicates
collected list of positions in 12 min 28 sec
removing duplicates...
total time elapsed: 51 min 28 sec
low quality reads removed from EGAR00001588287_2778.a.1kDLBCL.DLBCL.SL89846.exome_1tier.hg19.final.bam
duplicates removed from EGAR00001588287_2778.a.1kDLBCL.DLBCL.SL89846.exome_1tier.hg19.final.bam
script complete for EGAR00001588287_2778.a.1kDLBCL.DLBCL.SL89846.exome_1tier.hg19.final.bam


------------ Job WrapUp ------------

Job ID:            11325198.cri16sc001
User ID:           mleukam
Job Name:          sambamba_EGAR00001588287_2778.a.1kDLBCL.DLBCL.SL89846.exome_1tier.hg19.final.bam
Queue Name:        express
Working Directory: /home/mleukam/pbs
Resource List:     walltime=03:00:00,nodes=1:ppn=1,mem=4gb,neednodes=1:ppn=1
Resources Used:    cput=00:53:57,vmem=4300620kb,walltime=00:54:05,mem=2121256kb,energy_used=0
Exit Code:         0
Mother Superior:   cri16cn066

Execution Nodes: 
cri16cn066


