index for EGAR00001588595_3634.a.1kDLBCL.DLBCL.SL95966.exome_1tier.hg19.final.bam complete
finding positions of the duplicate reads in the file...
  sorted 9257532 end pairs
     and 179977 single ends (among them 0 unmatched pairs)
  collecting indices of duplicate reads...   done in 13589 ms
  found 2994441 duplicates
collected list of positions in 6 min 52 sec
removing duplicates...
total time elapsed: 32 min 55 sec
low quality reads removed from EGAR00001588595_3634.a.1kDLBCL.DLBCL.SL95966.exome_1tier.hg19.final.bam
duplicates removed from EGAR00001588595_3634.a.1kDLBCL.DLBCL.SL95966.exome_1tier.hg19.final.bam
script complete for EGAR00001588595_3634.a.1kDLBCL.DLBCL.SL95966.exome_1tier.hg19.final.bam


------------ Job WrapUp ------------

Job ID:            11325511.cri16sc001
User ID:           mleukam
Job Name:          sambamba_EGAR00001588595_3634.a.1kDLBCL.DLBCL.SL95966.exome_1tier.hg19.final.bam
Queue Name:        express
Working Directory: /home/mleukam/pbs
Resource List:     walltime=03:00:00,nodes=1:ppn=1,mem=4gb,neednodes=1:ppn=1
Resources Used:    cput=00:34:21,vmem=4486268kb,walltime=00:34:24,mem=1988296kb,energy_used=0
Exit Code:         0
Mother Superior:   cri16cn040

Execution Nodes: 
cri16cn040


