index for EGAR00001588196_2619.a.1kDLBCL.DLBCL.SL78915.exome_1tier.hg19.final.bam complete
finding positions of the duplicate reads in the file...
  sorted 14333277 end pairs
     and 315352 single ends (among them 0 unmatched pairs)
  collecting indices of duplicate reads...   done in 20664 ms
  found 3019681 duplicates
collected list of positions in 10 min 22 sec
removing duplicates...
total time elapsed: 45 min 52 sec
low quality reads removed from EGAR00001588196_2619.a.1kDLBCL.DLBCL.SL78915.exome_1tier.hg19.final.bam
duplicates removed from EGAR00001588196_2619.a.1kDLBCL.DLBCL.SL78915.exome_1tier.hg19.final.bam
script complete for EGAR00001588196_2619.a.1kDLBCL.DLBCL.SL78915.exome_1tier.hg19.final.bam


------------ Job WrapUp ------------

Job ID:            11325105.cri16sc001
User ID:           mleukam
Job Name:          sambamba_EGAR00001588196_2619.a.1kDLBCL.DLBCL.SL78915.exome_1tier.hg19.final.bam
Queue Name:        express
Working Directory: /home/mleukam/pbs
Resource List:     walltime=03:00:00,nodes=1:ppn=1,mem=4gb,neednodes=1:ppn=1
Resources Used:    cput=00:47:51,vmem=4191280kb,walltime=00:47:57,mem=1910304kb,energy_used=0
Exit Code:         0
Mother Superior:   cri16cn038

Execution Nodes: 
cri16cn038


