index for EGAR00001587900_689.a.1kDLBCL_FFPEvsFrozen.DLBCL.SL105404.exome_1tier.hg19.final.bam complete
finding positions of the duplicate reads in the file...
  sorted 11355426 end pairs
     and 189427 single ends (among them 0 unmatched pairs)
  collecting indices of duplicate reads...   done in 16596 ms
  found 3834839 duplicates
collected list of positions in 7 min 28 sec
removing duplicates...
total time elapsed: 31 min 8 sec
low quality reads removed from EGAR00001587900_689.a.1kDLBCL_FFPEvsFrozen.DLBCL.SL105404.exome_1tier.hg19.final.bam
duplicates removed from EGAR00001587900_689.a.1kDLBCL_FFPEvsFrozen.DLBCL.SL105404.exome_1tier.hg19.final.bam
script complete for EGAR00001587900_689.a.1kDLBCL_FFPEvsFrozen.DLBCL.SL105404.exome_1tier.hg19.final.bam


------------ Job WrapUp ------------

Job ID:            11324805.cri16sc001
User ID:           mleukam
Job Name:          sambamba_EGAR00001587900_689.a.1kDLBCL_FFPEvsFrozen.DLBCL.SL105404.exome_1tier.hg19.final.bam
Queue Name:        express
Working Directory: /home/mleukam/pbs
Resource List:     walltime=03:00:00,nodes=1:ppn=1,mem=4gb,neednodes=1:ppn=1
Resources Used:    cput=00:32:53,vmem=4305548kb,walltime=00:32:56,mem=1633096kb,energy_used=0
Exit Code:         0
Mother Superior:   cri16cn012

Execution Nodes: 
cri16cn012


