index for EGAR00001588028_2213.a.1kDLBCL.DLBCL.SL71889.exome_1tier.hg19.final.bam complete
finding positions of the duplicate reads in the file...
  sorted 14744402 end pairs
     and 480549 single ends (among them 0 unmatched pairs)
  collecting indices of duplicate reads...   done in 21679 ms
  found 2392220 duplicates
collected list of positions in 10 min 53 sec
removing duplicates...
total time elapsed: 50 min 4 sec
low quality reads removed from EGAR00001588028_2213.a.1kDLBCL.DLBCL.SL71889.exome_1tier.hg19.final.bam
duplicates removed from EGAR00001588028_2213.a.1kDLBCL.DLBCL.SL71889.exome_1tier.hg19.final.bam
script complete for EGAR00001588028_2213.a.1kDLBCL.DLBCL.SL71889.exome_1tier.hg19.final.bam


------------ Job WrapUp ------------

Job ID:            11324935.cri16sc001
User ID:           mleukam
Job Name:          sambamba_EGAR00001588028_2213.a.1kDLBCL.DLBCL.SL71889.exome_1tier.hg19.final.bam
Queue Name:        express
Working Directory: /home/mleukam/pbs
Resource List:     walltime=03:00:00,nodes=1:ppn=1,mem=4gb,neednodes=1:ppn=1
Resources Used:    cput=00:52:03,vmem=4241228kb,walltime=00:52:14,mem=1970416kb,energy_used=0
Exit Code:         0
Mother Superior:   cri16cn069

Execution Nodes: 
cri16cn069


