index for EGAR00001588076_2269.a.1kDLBCL.DLBCL.SL86449_SL90541.exome_1tier.hg19.final.bam complete
finding positions of the duplicate reads in the file...
  sorted 12345651 end pairs
     and 372783 single ends (among them 0 unmatched pairs)
  collecting indices of duplicate reads...   done in 18143 ms
  found 3468080 duplicates
collected list of positions in 9 min 49 sec
removing duplicates...
total time elapsed: 51 min 11 sec
low quality reads removed from EGAR00001588076_2269.a.1kDLBCL.DLBCL.SL86449_SL90541.exome_1tier.hg19.final.bam
duplicates removed from EGAR00001588076_2269.a.1kDLBCL.DLBCL.SL86449_SL90541.exome_1tier.hg19.final.bam
script complete for EGAR00001588076_2269.a.1kDLBCL.DLBCL.SL86449_SL90541.exome_1tier.hg19.final.bam


------------ Job WrapUp ------------

Job ID:            11324984.cri16sc001
User ID:           mleukam
Job Name:          sambamba_EGAR00001588076_2269.a.1kDLBCL.DLBCL.SL86449_SL90541.exome_1tier.hg19.final.bam
Queue Name:        express
Working Directory: /home/mleukam/pbs
Resource List:     walltime=03:00:00,nodes=1:ppn=1,mem=4gb,neednodes=1:ppn=1
Resources Used:    cput=00:53:23,vmem=4149864kb,walltime=00:53:29,mem=1740832kb,energy_used=0
Exit Code:         0
Mother Superior:   cri16cn019

Execution Nodes: 
cri16cn019


