index for EGAR00001588328_2838.a.1kDLBCL.DLBCL.SL102790.exome_1tier.hg19.final.bam complete
finding positions of the duplicate reads in the file...
  sorted 20309150 end pairs
     and 487535 single ends (among them 0 unmatched pairs)
  collecting indices of duplicate reads...   done in 35041 ms
  found 8003222 duplicates
collected list of positions in 14 min 24 sec
removing duplicates...
total time elapsed: 54 min 18 sec
low quality reads removed from EGAR00001588328_2838.a.1kDLBCL.DLBCL.SL102790.exome_1tier.hg19.final.bam
duplicates removed from EGAR00001588328_2838.a.1kDLBCL.DLBCL.SL102790.exome_1tier.hg19.final.bam
script complete for EGAR00001588328_2838.a.1kDLBCL.DLBCL.SL102790.exome_1tier.hg19.final.bam


------------ Job WrapUp ------------

Job ID:            11325240.cri16sc001
User ID:           mleukam
Job Name:          sambamba_EGAR00001588328_2838.a.1kDLBCL.DLBCL.SL102790.exome_1tier.hg19.final.bam
Queue Name:        express
Working Directory: /home/mleukam/pbs
Resource List:     walltime=03:00:00,nodes=1:ppn=1,mem=4gb,neednodes=1:ppn=1
Resources Used:    cput=00:56:57,vmem=4116276kb,walltime=00:57:07,mem=1937796kb,energy_used=0
Exit Code:         0
Mother Superior:   cri16cn003

Execution Nodes: 
cri16cn003


