index for EGAR00001588039_2225.a.1kDLBCL.DLBCL.SL79081_SL84615.exome_1tier.hg19.final.bam complete
finding positions of the duplicate reads in the file...
  sorted 24643757 end pairs
     and 569478 single ends (among them 0 unmatched pairs)
  collecting indices of duplicate reads...   done in 43079 ms
  found 8478078 duplicates
collected list of positions in 19 min 3 sec
removing duplicates...
total time elapsed: 79 min 45 sec
low quality reads removed from EGAR00001588039_2225.a.1kDLBCL.DLBCL.SL79081_SL84615.exome_1tier.hg19.final.bam
duplicates removed from EGAR00001588039_2225.a.1kDLBCL.DLBCL.SL79081_SL84615.exome_1tier.hg19.final.bam
script complete for EGAR00001588039_2225.a.1kDLBCL.DLBCL.SL79081_SL84615.exome_1tier.hg19.final.bam


------------ Job WrapUp ------------

Job ID:            11324946.cri16sc001
User ID:           mleukam
Job Name:          sambamba_EGAR00001588039_2225.a.1kDLBCL.DLBCL.SL79081_SL84615.exome_1tier.hg19.final.bam
Queue Name:        express
Working Directory: /home/mleukam/pbs
Resource List:     walltime=03:00:00,nodes=1:ppn=1,mem=4gb,neednodes=1:ppn=1
Resources Used:    cput=01:23:12,vmem=4493584kb,walltime=01:23:32,mem=2327556kb,energy_used=0
Exit Code:         0
Mother Superior:   cri16cn074

Execution Nodes: 
cri16cn074


