index for EGAR00001588301_2805.a.1kDLBCL.DLBCL.SL100633.exome_1tier.hg19.final.bam complete
finding positions of the duplicate reads in the file...
  sorted 12851185 end pairs
     and 295756 single ends (among them 0 unmatched pairs)
  collecting indices of duplicate reads...   done in 18712 ms
  found 3598009 duplicates
collected list of positions in 8 min 47 sec
removing duplicates...
total time elapsed: 40 min 42 sec
low quality reads removed from EGAR00001588301_2805.a.1kDLBCL.DLBCL.SL100633.exome_1tier.hg19.final.bam
duplicates removed from EGAR00001588301_2805.a.1kDLBCL.DLBCL.SL100633.exome_1tier.hg19.final.bam
script complete for EGAR00001588301_2805.a.1kDLBCL.DLBCL.SL100633.exome_1tier.hg19.final.bam


------------ Job WrapUp ------------

Job ID:            11325213.cri16sc001
User ID:           mleukam
Job Name:          sambamba_EGAR00001588301_2805.a.1kDLBCL.DLBCL.SL100633.exome_1tier.hg19.final.bam
Queue Name:        express
Working Directory: /home/mleukam/pbs
Resource List:     walltime=03:00:00,nodes=1:ppn=1,mem=4gb,neednodes=1:ppn=1
Resources Used:    cput=00:42:50,vmem=4098508kb,walltime=00:42:55,mem=1733692kb,energy_used=0
Exit Code:         0
Mother Superior:   cri16cn010

Execution Nodes: 
cri16cn010


