index for EGAR00001588546_3565.a.1kDLBCL.DLBCL.SL89973.exome_1tier.hg19.final.bam complete
finding positions of the duplicate reads in the file...
  sorted 18058474 end pairs
     and 502458 single ends (among them 0 unmatched pairs)
  collecting indices of duplicate reads...   done in 31185 ms
  found 5057992 duplicates
collected list of positions in 11 min 51 sec
removing duplicates...
total time elapsed: 49 min 54 sec
low quality reads removed from EGAR00001588546_3565.a.1kDLBCL.DLBCL.SL89973.exome_1tier.hg19.final.bam
duplicates removed from EGAR00001588546_3565.a.1kDLBCL.DLBCL.SL89973.exome_1tier.hg19.final.bam
script complete for EGAR00001588546_3565.a.1kDLBCL.DLBCL.SL89973.exome_1tier.hg19.final.bam


------------ Job WrapUp ------------

Job ID:            11325461.cri16sc001
User ID:           mleukam
Job Name:          sambamba_EGAR00001588546_3565.a.1kDLBCL.DLBCL.SL89973.exome_1tier.hg19.final.bam
Queue Name:        express
Working Directory: /home/mleukam/pbs
Resource List:     walltime=03:00:00,nodes=1:ppn=1,mem=4gb,neednodes=1:ppn=1
Resources Used:    cput=00:52:13,vmem=4206840kb,walltime=00:52:19,mem=1875044kb,energy_used=0
Exit Code:         0
Mother Superior:   cri16cn015

Execution Nodes: 
cri16cn015


