index for EGAR00001588778_3875.a.1kDLBCL.DLBCL.SL104224.exome_1tier.hg19.final.bam complete
finding positions of the duplicate reads in the file...
  sorted 13012066 end pairs
     and 255160 single ends (among them 0 unmatched pairs)
  collecting indices of duplicate reads...   done in 18793 ms
  found 3359285 duplicates
collected list of positions in 8 min 33 sec
removing duplicates...
total time elapsed: 36 min 56 sec
low quality reads removed from EGAR00001588778_3875.a.1kDLBCL.DLBCL.SL104224.exome_1tier.hg19.final.bam
duplicates removed from EGAR00001588778_3875.a.1kDLBCL.DLBCL.SL104224.exome_1tier.hg19.final.bam
script complete for EGAR00001588778_3875.a.1kDLBCL.DLBCL.SL104224.exome_1tier.hg19.final.bam


------------ Job WrapUp ------------

Job ID:            11325697.cri16sc001
User ID:           mleukam
Job Name:          sambamba_EGAR00001588778_3875.a.1kDLBCL.DLBCL.SL104224.exome_1tier.hg19.final.bam
Queue Name:        express
Working Directory: /home/mleukam/pbs
Resource List:     walltime=03:00:00,nodes=1:ppn=1,mem=4gb,neednodes=1:ppn=1
Resources Used:    cput=00:38:51,vmem=4299308kb,walltime=00:38:55,mem=1727952kb,energy_used=0
Exit Code:         0
Mother Superior:   cri16cn025

Execution Nodes: 
cri16cn025


