index for EGAR00001588377_2931.a.1kDLBCL.DLBCL.SL102887.exome_1tier.hg19.final.bam complete
finding positions of the duplicate reads in the file...
  sorted 6810067 end pairs
     and 190330 single ends (among them 0 unmatched pairs)
  collecting indices of duplicate reads...   done in 9962 ms
  found 1804338 duplicates
collected list of positions in 5 min 0 sec
removing duplicates...
total time elapsed: 24 min 19 sec
low quality reads removed from EGAR00001588377_2931.a.1kDLBCL.DLBCL.SL102887.exome_1tier.hg19.final.bam
duplicates removed from EGAR00001588377_2931.a.1kDLBCL.DLBCL.SL102887.exome_1tier.hg19.final.bam
script complete for EGAR00001588377_2931.a.1kDLBCL.DLBCL.SL102887.exome_1tier.hg19.final.bam


------------ Job WrapUp ------------

Job ID:            11325290.cri16sc001
User ID:           mleukam
Job Name:          sambamba_EGAR00001588377_2931.a.1kDLBCL.DLBCL.SL102887.exome_1tier.hg19.final.bam
Queue Name:        express
Working Directory: /home/mleukam/pbs
Resource List:     walltime=03:00:00,nodes=1:ppn=1,mem=4gb,neednodes=1:ppn=1
Resources Used:    cput=00:25:21,vmem=4149076kb,walltime=00:25:26,mem=1537136kb,energy_used=0
Exit Code:         0
Mother Superior:   cri16cn061

Execution Nodes: 
cri16cn061


