index for EGAR00001588617_3659.a.1kDLBCL.DLBCL.SL98590.exome_1tier.hg19.final.bam complete
finding positions of the duplicate reads in the file...
  sorted 14856183 end pairs
     and 238007 single ends (among them 0 unmatched pairs)
  collecting indices of duplicate reads...   done in 22744 ms
  found 7366214 duplicates
collected list of positions in 10 min 13 sec
removing duplicates...
total time elapsed: 38 min 35 sec
low quality reads removed from EGAR00001588617_3659.a.1kDLBCL.DLBCL.SL98590.exome_1tier.hg19.final.bam
duplicates removed from EGAR00001588617_3659.a.1kDLBCL.DLBCL.SL98590.exome_1tier.hg19.final.bam
script complete for EGAR00001588617_3659.a.1kDLBCL.DLBCL.SL98590.exome_1tier.hg19.final.bam


------------ Job WrapUp ------------

Job ID:            11325534.cri16sc001
User ID:           mleukam
Job Name:          sambamba_EGAR00001588617_3659.a.1kDLBCL.DLBCL.SL98590.exome_1tier.hg19.final.bam
Queue Name:        express
Working Directory: /home/mleukam/pbs
Resource List:     walltime=03:00:00,nodes=1:ppn=1,mem=4gb,neednodes=1:ppn=1
Resources Used:    cput=00:40:29,vmem=4099668kb,walltime=00:40:34,mem=1802020kb,energy_used=0
Exit Code:         0
Mother Superior:   cri16cn052

Execution Nodes: 
cri16cn052


