index for EGAR00001588687_3740.a.1kDLBCL.DLBCL.SL100084.exome_1tier.hg19.final.bam complete
finding positions of the duplicate reads in the file...
  sorted 13614255 end pairs
     and 314184 single ends (among them 0 unmatched pairs)
  collecting indices of duplicate reads...   done in 20347 ms
  found 6115444 duplicates
collected list of positions in 9 min 17 sec
removing duplicates...
total time elapsed: 37 min 54 sec
low quality reads removed from EGAR00001588687_3740.a.1kDLBCL.DLBCL.SL100084.exome_1tier.hg19.final.bam
duplicates removed from EGAR00001588687_3740.a.1kDLBCL.DLBCL.SL100084.exome_1tier.hg19.final.bam
script complete for EGAR00001588687_3740.a.1kDLBCL.DLBCL.SL100084.exome_1tier.hg19.final.bam


------------ Job WrapUp ------------

Job ID:            11325605.cri16sc001
User ID:           mleukam
Job Name:          sambamba_EGAR00001588687_3740.a.1kDLBCL.DLBCL.SL100084.exome_1tier.hg19.final.bam
Queue Name:        express
Working Directory: /home/mleukam/pbs
Resource List:     walltime=03:00:00,nodes=1:ppn=1,mem=4gb,neednodes=1:ppn=1
Resources Used:    cput=00:40:02,vmem=4070220kb,walltime=00:40:06,mem=1693440kb,energy_used=0
Exit Code:         0
Mother Superior:   cri16cn074

Execution Nodes: 
cri16cn074


