index for EGAR00001588320_2829.a.1kDLBCL.DLBCL.SL102789.exome_1tier.hg19.final.bam complete
finding positions of the duplicate reads in the file...
  sorted 10298489 end pairs
     and 262357 single ends (among them 0 unmatched pairs)
  collecting indices of duplicate reads...   done in 15379 ms
  found 4153176 duplicates
collected list of positions in 8 min 7 sec
removing duplicates...
total time elapsed: 31 min 3 sec
low quality reads removed from EGAR00001588320_2829.a.1kDLBCL.DLBCL.SL102789.exome_1tier.hg19.final.bam
duplicates removed from EGAR00001588320_2829.a.1kDLBCL.DLBCL.SL102789.exome_1tier.hg19.final.bam
script complete for EGAR00001588320_2829.a.1kDLBCL.DLBCL.SL102789.exome_1tier.hg19.final.bam


------------ Job WrapUp ------------

Job ID:            11325232.cri16sc001
User ID:           mleukam
Job Name:          sambamba_EGAR00001588320_2829.a.1kDLBCL.DLBCL.SL102789.exome_1tier.hg19.final.bam
Queue Name:        express
Working Directory: /home/mleukam/pbs
Resource List:     walltime=03:00:00,nodes=1:ppn=1,mem=4gb,neednodes=1:ppn=1
Resources Used:    cput=00:32:22,vmem=4303692kb,walltime=00:32:32,mem=1840752kb,energy_used=0
Exit Code:         0
Mother Superior:   cri16cn028

Execution Nodes: 
cri16cn028


