index for EGAR00001588494_3497.a.1kDLBCL.DLBCL.SL99497.exome_1tier.hg19.final.bam complete
finding positions of the duplicate reads in the file...
  sorted 4474536 end pairs
     and 84310 single ends (among them 0 unmatched pairs)
  collecting indices of duplicate reads...   done in 6513 ms
  found 1289921 duplicates
collected list of positions in 2 min 54 sec
removing duplicates...
total time elapsed: 13 min 19 sec
low quality reads removed from EGAR00001588494_3497.a.1kDLBCL.DLBCL.SL99497.exome_1tier.hg19.final.bam
duplicates removed from EGAR00001588494_3497.a.1kDLBCL.DLBCL.SL99497.exome_1tier.hg19.final.bam
script complete for EGAR00001588494_3497.a.1kDLBCL.DLBCL.SL99497.exome_1tier.hg19.final.bam


------------ Job WrapUp ------------

Job ID:            11325408.cri16sc001
User ID:           mleukam
Job Name:          sambamba_EGAR00001588494_3497.a.1kDLBCL.DLBCL.SL99497.exome_1tier.hg19.final.bam
Queue Name:        express
Working Directory: /home/mleukam/pbs
Resource List:     walltime=03:00:00,nodes=1:ppn=1,mem=4gb,neednodes=1:ppn=1
Resources Used:    cput=00:14:18,vmem=4103984kb,walltime=00:14:19,mem=1382552kb,energy_used=0
Exit Code:         0
Mother Superior:   cri16cn086

Execution Nodes: 
cri16cn086


