index for EGAR00001588831_3933.a.1kDLBCL.DLBCL.SL102798.exome_1tier.hg19.final.bam complete
finding positions of the duplicate reads in the file...
  sorted 18767210 end pairs
     and 362857 single ends (among them 0 unmatched pairs)
  collecting indices of duplicate reads...   done in 32467 ms
  found 8014037 duplicates
collected list of positions in 12 min 22 sec
removing duplicates...
total time elapsed: 47 min 49 sec
low quality reads removed from EGAR00001588831_3933.a.1kDLBCL.DLBCL.SL102798.exome_1tier.hg19.final.bam
duplicates removed from EGAR00001588831_3933.a.1kDLBCL.DLBCL.SL102798.exome_1tier.hg19.final.bam
script complete for EGAR00001588831_3933.a.1kDLBCL.DLBCL.SL102798.exome_1tier.hg19.final.bam


------------ Job WrapUp ------------

Job ID:            11325751.cri16sc001
User ID:           mleukam
Job Name:          sambamba_EGAR00001588831_3933.a.1kDLBCL.DLBCL.SL102798.exome_1tier.hg19.final.bam
Queue Name:        express
Working Directory: /home/mleukam/pbs
Resource List:     walltime=03:00:00,nodes=1:ppn=1,mem=4gb,neednodes=1:ppn=1
Resources Used:    cput=00:50:25,vmem=4201876kb,walltime=00:50:30,mem=2005156kb,energy_used=0
Exit Code:         0
Mother Superior:   cri16cn072

Execution Nodes: 
cri16cn072


