index for EGAR00001588475_3475.a.1kDLBCL.DLBCL.SL100868.exome_1tier.hg19.final.bam complete
finding positions of the duplicate reads in the file...
  sorted 10822023 end pairs
     and 149875 single ends (among them 0 unmatched pairs)
  collecting indices of duplicate reads...   done in 15875 ms
  found 3338573 duplicates
collected list of positions in 7 min 1 sec
removing duplicates...
total time elapsed: 32 min 22 sec
low quality reads removed from EGAR00001588475_3475.a.1kDLBCL.DLBCL.SL100868.exome_1tier.hg19.final.bam
duplicates removed from EGAR00001588475_3475.a.1kDLBCL.DLBCL.SL100868.exome_1tier.hg19.final.bam
script complete for EGAR00001588475_3475.a.1kDLBCL.DLBCL.SL100868.exome_1tier.hg19.final.bam


------------ Job WrapUp ------------

Job ID:            11325389.cri16sc001
User ID:           mleukam
Job Name:          sambamba_EGAR00001588475_3475.a.1kDLBCL.DLBCL.SL100868.exome_1tier.hg19.final.bam
Queue Name:        express
Working Directory: /home/mleukam/pbs
Resource List:     walltime=03:00:00,nodes=1:ppn=1,mem=4gb,neednodes=1:ppn=1
Resources Used:    cput=00:34:09,vmem=4127828kb,walltime=00:34:12,mem=1663276kb,energy_used=0
Exit Code:         0
Mother Superior:   cri16cn034

Execution Nodes: 
cri16cn034


