index for EGAR00001588073_2261.a.1kDLBCL.DLBCL.SL90305.exome_1tier.hg19.final.bam complete
finding positions of the duplicate reads in the file...
  sorted 9835970 end pairs
     and 310358 single ends (among them 0 unmatched pairs)
  collecting indices of duplicate reads...   done in 14506 ms
  found 2985063 duplicates
collected list of positions in 7 min 35 sec
removing duplicates...
total time elapsed: 38 min 40 sec
low quality reads removed from EGAR00001588073_2261.a.1kDLBCL.DLBCL.SL90305.exome_1tier.hg19.final.bam
duplicates removed from EGAR00001588073_2261.a.1kDLBCL.DLBCL.SL90305.exome_1tier.hg19.final.bam
script complete for EGAR00001588073_2261.a.1kDLBCL.DLBCL.SL90305.exome_1tier.hg19.final.bam


------------ Job WrapUp ------------

Job ID:            11324981.cri16sc001
User ID:           mleukam
Job Name:          sambamba_EGAR00001588073_2261.a.1kDLBCL.DLBCL.SL90305.exome_1tier.hg19.final.bam
Queue Name:        express
Working Directory: /home/mleukam/pbs
Resource List:     walltime=03:00:00,nodes=1:ppn=1,mem=4gb,neednodes=1:ppn=1
Resources Used:    cput=00:40:33,vmem=4470772kb,walltime=00:40:43,mem=1968804kb,energy_used=0
Exit Code:         0
Mother Superior:   cri16cn028

Execution Nodes: 
cri16cn028


