index for EGAR00001588173_2582.a.1kDLBCL.DLBCL.SL89841.exome_1tier.hg19.final.bam complete
finding positions of the duplicate reads in the file...
  sorted 7047551 end pairs
     and 107027 single ends (among them 0 unmatched pairs)
  collecting indices of duplicate reads...   done in 10238 ms
  found 2251288 duplicates
collected list of positions in 5 min 13 sec
removing duplicates...
total time elapsed: 24 min 55 sec
low quality reads removed from EGAR00001588173_2582.a.1kDLBCL.DLBCL.SL89841.exome_1tier.hg19.final.bam
duplicates removed from EGAR00001588173_2582.a.1kDLBCL.DLBCL.SL89841.exome_1tier.hg19.final.bam
script complete for EGAR00001588173_2582.a.1kDLBCL.DLBCL.SL89841.exome_1tier.hg19.final.bam


------------ Job WrapUp ------------

Job ID:            11325082.cri16sc001
User ID:           mleukam
Job Name:          sambamba_EGAR00001588173_2582.a.1kDLBCL.DLBCL.SL89841.exome_1tier.hg19.final.bam
Queue Name:        express
Working Directory: /home/mleukam/pbs
Resource List:     walltime=03:00:00,nodes=1:ppn=1,mem=4gb,neednodes=1:ppn=1
Resources Used:    cput=00:26:04,vmem=4079184kb,walltime=00:26:12,mem=1511748kb,energy_used=0
Exit Code:         0
Mother Superior:   cri16cn018

Execution Nodes: 
cri16cn018


