index for EGAR00001588712_3766.a.1kDLBCL.DLBCL.SL101112.exome_1tier.hg19.final.bam complete
finding positions of the duplicate reads in the file...
  sorted 12563266 end pairs
     and 260992 single ends (among them 0 unmatched pairs)
  collecting indices of duplicate reads...   done in 18608 ms
  found 5417897 duplicates
collected list of positions in 8 min 13 sec
removing duplicates...
total time elapsed: 35 min 37 sec
low quality reads removed from EGAR00001588712_3766.a.1kDLBCL.DLBCL.SL101112.exome_1tier.hg19.final.bam
duplicates removed from EGAR00001588712_3766.a.1kDLBCL.DLBCL.SL101112.exome_1tier.hg19.final.bam
script complete for EGAR00001588712_3766.a.1kDLBCL.DLBCL.SL101112.exome_1tier.hg19.final.bam


------------ Job WrapUp ------------

Job ID:            11325631.cri16sc001
User ID:           mleukam
Job Name:          sambamba_EGAR00001588712_3766.a.1kDLBCL.DLBCL.SL101112.exome_1tier.hg19.final.bam
Queue Name:        express
Working Directory: /home/mleukam/pbs
Resource List:     walltime=03:00:00,nodes=1:ppn=1,mem=4gb,neednodes=1:ppn=1
Resources Used:    cput=00:37:34,vmem=4136384kb,walltime=00:37:38,mem=1757124kb,energy_used=0
Exit Code:         0
Mother Superior:   cri16cn004

Execution Nodes: 
cri16cn004


