index for EGAR00001588610_3651.a.1kDLBCL.DLBCL.SL95967.exome_1tier.hg19.final.bam complete
finding positions of the duplicate reads in the file...
  sorted 16753583 end pairs
     and 385600 single ends (among them 0 unmatched pairs)
  collecting indices of duplicate reads...   done in 25775 ms
  found 5805058 duplicates
collected list of positions in 12 min 26 sec
removing duplicates...
total time elapsed: 53 min 12 sec
low quality reads removed from EGAR00001588610_3651.a.1kDLBCL.DLBCL.SL95967.exome_1tier.hg19.final.bam
duplicates removed from EGAR00001588610_3651.a.1kDLBCL.DLBCL.SL95967.exome_1tier.hg19.final.bam
script complete for EGAR00001588610_3651.a.1kDLBCL.DLBCL.SL95967.exome_1tier.hg19.final.bam


------------ Job WrapUp ------------

Job ID:            11325527.cri16sc001
User ID:           mleukam
Job Name:          sambamba_EGAR00001588610_3651.a.1kDLBCL.DLBCL.SL95967.exome_1tier.hg19.final.bam
Queue Name:        express
Working Directory: /home/mleukam/pbs
Resource List:     walltime=03:00:00,nodes=1:ppn=1,mem=4gb,neednodes=1:ppn=1
Resources Used:    cput=00:55:48,vmem=4334736kb,walltime=00:55:54,mem=2090100kb,energy_used=0
Exit Code:         0
Mother Superior:   cri16cn042

Execution Nodes: 
cri16cn042


