index for EGAR00001588588_3625.a.1kDLBCL.DLBCL.SL99993.exome_1tier.hg19.final.bam complete
finding positions of the duplicate reads in the file...
  sorted 6273821 end pairs
     and 137066 single ends (among them 0 unmatched pairs)
  collecting indices of duplicate reads...   done in 9231 ms
  found 2319904 duplicates
collected list of positions in 4 min 8 sec
removing duplicates...
total time elapsed: 17 min 50 sec
low quality reads removed from EGAR00001588588_3625.a.1kDLBCL.DLBCL.SL99993.exome_1tier.hg19.final.bam
duplicates removed from EGAR00001588588_3625.a.1kDLBCL.DLBCL.SL99993.exome_1tier.hg19.final.bam
script complete for EGAR00001588588_3625.a.1kDLBCL.DLBCL.SL99993.exome_1tier.hg19.final.bam


------------ Job WrapUp ------------

Job ID:            11325504.cri16sc001
User ID:           mleukam
Job Name:          sambamba_EGAR00001588588_3625.a.1kDLBCL.DLBCL.SL99993.exome_1tier.hg19.final.bam
Queue Name:        express
Working Directory: /home/mleukam/pbs
Resource List:     walltime=03:00:00,nodes=1:ppn=1,mem=4gb,neednodes=1:ppn=1
Resources Used:    cput=00:19:06,vmem=4058196kb,walltime=00:19:08,mem=1430332kb,energy_used=0
Exit Code:         0
Mother Superior:   cri16cn057

Execution Nodes: 
cri16cn057


