index for EGAR00001588213_2643.a.1kDLBCL.DLBCL.SL84730_SL85149.exome_1tier.hg19.final.bam complete
finding positions of the duplicate reads in the file...
  sorted 11549911 end pairs
     and 264660 single ends (among them 0 unmatched pairs)
  collecting indices of duplicate reads...   done in 16854 ms
  found 3381291 duplicates
collected list of positions in 8 min 4 sec
removing duplicates...
total time elapsed: 35 min 43 sec
low quality reads removed from EGAR00001588213_2643.a.1kDLBCL.DLBCL.SL84730_SL85149.exome_1tier.hg19.final.bam
duplicates removed from EGAR00001588213_2643.a.1kDLBCL.DLBCL.SL84730_SL85149.exome_1tier.hg19.final.bam
script complete for EGAR00001588213_2643.a.1kDLBCL.DLBCL.SL84730_SL85149.exome_1tier.hg19.final.bam


------------ Job WrapUp ------------

Job ID:            11325123.cri16sc001
User ID:           mleukam
Job Name:          sambamba_EGAR00001588213_2643.a.1kDLBCL.DLBCL.SL84730_SL85149.exome_1tier.hg19.final.bam
Queue Name:        express
Working Directory: /home/mleukam/pbs
Resource List:     walltime=03:00:00,nodes=1:ppn=1,mem=4gb,neednodes=1:ppn=1
Resources Used:    cput=00:37:16,vmem=4273656kb,walltime=00:37:22,mem=1869904kb,energy_used=0
Exit Code:         0
Mother Superior:   cri16cn061

Execution Nodes: 
cri16cn061


