index for EGAR00001588423_3407.a.1kDLBCL.DLBCL.SL90617_SL86557.exome_1tier.hg19.final.bam complete
finding positions of the duplicate reads in the file...
  sorted 13988661 end pairs
     and 366131 single ends (among them 0 unmatched pairs)
  collecting indices of duplicate reads...   done in 20813 ms
  found 4767008 duplicates
collected list of positions in 9 min 32 sec
removing duplicates...
total time elapsed: 40 min 41 sec
low quality reads removed from EGAR00001588423_3407.a.1kDLBCL.DLBCL.SL90617_SL86557.exome_1tier.hg19.final.bam
duplicates removed from EGAR00001588423_3407.a.1kDLBCL.DLBCL.SL90617_SL86557.exome_1tier.hg19.final.bam
script complete for EGAR00001588423_3407.a.1kDLBCL.DLBCL.SL90617_SL86557.exome_1tier.hg19.final.bam


------------ Job WrapUp ------------

Job ID:            11325337.cri16sc001
User ID:           mleukam
Job Name:          sambamba_EGAR00001588423_3407.a.1kDLBCL.DLBCL.SL90617_SL86557.exome_1tier.hg19.final.bam
Queue Name:        express
Working Directory: /home/mleukam/pbs
Resource List:     walltime=03:00:00,nodes=1:ppn=1,mem=4gb,neednodes=1:ppn=1
Resources Used:    cput=00:42:34,vmem=4220904kb,walltime=00:42:38,mem=1742156kb,energy_used=0
Exit Code:         0
Mother Superior:   cri16cn049

Execution Nodes: 
cri16cn049


