index for EGAR00001588019_2204.a.1kDLBCL.DLBCL.SL89868.exome_1tier.hg19.final.bam complete
finding positions of the duplicate reads in the file...
  sorted 10304872 end pairs
     and 362656 single ends (among them 0 unmatched pairs)
  collecting indices of duplicate reads...   done in 16236 ms
  found 3232353 duplicates
collected list of positions in 9 min 25 sec
removing duplicates...
total time elapsed: 41 min 18 sec
low quality reads removed from EGAR00001588019_2204.a.1kDLBCL.DLBCL.SL89868.exome_1tier.hg19.final.bam
duplicates removed from EGAR00001588019_2204.a.1kDLBCL.DLBCL.SL89868.exome_1tier.hg19.final.bam
script complete for EGAR00001588019_2204.a.1kDLBCL.DLBCL.SL89868.exome_1tier.hg19.final.bam


------------ Job WrapUp ------------

Job ID:            11324926.cri16sc001
User ID:           mleukam
Job Name:          sambamba_EGAR00001588019_2204.a.1kDLBCL.DLBCL.SL89868.exome_1tier.hg19.final.bam
Queue Name:        express
Working Directory: /home/mleukam/pbs
Resource List:     walltime=03:00:00,nodes=1:ppn=1,mem=4gb,neednodes=1:ppn=1
Resources Used:    cput=00:43:13,vmem=4366156kb,walltime=00:43:21,mem=1911760kb,energy_used=0
Exit Code:         0
Mother Superior:   cri16cn027

Execution Nodes: 
cri16cn027


