index for EGAR00001588830_3932.a.1kDLBCL.DLBCL.SL96682.exome_1tier.hg19.final.bam complete
finding positions of the duplicate reads in the file...
  sorted 10405388 end pairs
     and 88642 single ends (among them 0 unmatched pairs)
  collecting indices of duplicate reads...   done in 15434 ms
  found 3385573 duplicates
collected list of positions in 6 min 47 sec
removing duplicates...
total time elapsed: 27 min 26 sec
low quality reads removed from EGAR00001588830_3932.a.1kDLBCL.DLBCL.SL96682.exome_1tier.hg19.final.bam
duplicates removed from EGAR00001588830_3932.a.1kDLBCL.DLBCL.SL96682.exome_1tier.hg19.final.bam
script complete for EGAR00001588830_3932.a.1kDLBCL.DLBCL.SL96682.exome_1tier.hg19.final.bam


------------ Job WrapUp ------------

Job ID:            11325750.cri16sc001
User ID:           mleukam
Job Name:          sambamba_EGAR00001588830_3932.a.1kDLBCL.DLBCL.SL96682.exome_1tier.hg19.final.bam
Queue Name:        express
Working Directory: /home/mleukam/pbs
Resource List:     walltime=03:00:00,nodes=1:ppn=1,mem=4gb,neednodes=1:ppn=1
Resources Used:    cput=00:29:03,vmem=4013472kb,walltime=00:29:07,mem=1576920kb,energy_used=0
Exit Code:         0
Mother Superior:   cri16cn073

Execution Nodes: 
cri16cn073


