index for EGAR00001588125_2485.a.1kDLBCL.DLBCL.SL72342.exome_1tier.hg19.final.bam complete
finding positions of the duplicate reads in the file...
  sorted 13362749 end pairs
     and 454208 single ends (among them 0 unmatched pairs)
  collecting indices of duplicate reads...   done in 19391 ms
  found 2321952 duplicates
collected list of positions in 9 min 4 sec
removing duplicates...
total time elapsed: 39 min 20 sec
low quality reads removed from EGAR00001588125_2485.a.1kDLBCL.DLBCL.SL72342.exome_1tier.hg19.final.bam
duplicates removed from EGAR00001588125_2485.a.1kDLBCL.DLBCL.SL72342.exome_1tier.hg19.final.bam
script complete for EGAR00001588125_2485.a.1kDLBCL.DLBCL.SL72342.exome_1tier.hg19.final.bam


------------ Job WrapUp ------------

Job ID:            11325033.cri16sc001
User ID:           mleukam
Job Name:          sambamba_EGAR00001588125_2485.a.1kDLBCL.DLBCL.SL72342.exome_1tier.hg19.final.bam
Queue Name:        express
Working Directory: /home/mleukam/pbs
Resource List:     walltime=03:00:00,nodes=1:ppn=1,mem=4gb,neednodes=1:ppn=1
Resources Used:    cput=00:41:22,vmem=4124244kb,walltime=00:41:27,mem=1768404kb,energy_used=0
Exit Code:         0
Mother Superior:   cri16cn046

Execution Nodes: 
cri16cn046


