index for EGAR00001588085_2286.a.1kDLBCL.DLBCL.SL85626.exome_1tier.hg19.final.bam complete
finding positions of the duplicate reads in the file...
  sorted 14063040 end pairs
     and 245437 single ends (among them 0 unmatched pairs)
  collecting indices of duplicate reads...   done in 20302 ms
  found 2905773 duplicates
collected list of positions in 10 min 2 sec
removing duplicates...
total time elapsed: 45 min 8 sec
low quality reads removed from EGAR00001588085_2286.a.1kDLBCL.DLBCL.SL85626.exome_1tier.hg19.final.bam
duplicates removed from EGAR00001588085_2286.a.1kDLBCL.DLBCL.SL85626.exome_1tier.hg19.final.bam
script complete for EGAR00001588085_2286.a.1kDLBCL.DLBCL.SL85626.exome_1tier.hg19.final.bam


------------ Job WrapUp ------------

Job ID:            11324992.cri16sc001
User ID:           mleukam
Job Name:          sambamba_EGAR00001588085_2286.a.1kDLBCL.DLBCL.SL85626.exome_1tier.hg19.final.bam
Queue Name:        express
Working Directory: /home/mleukam/pbs
Resource List:     walltime=03:00:00,nodes=1:ppn=1,mem=4gb,neednodes=1:ppn=1
Resources Used:    cput=00:47:23,vmem=4238156kb,walltime=00:47:29,mem=1942804kb,energy_used=0
Exit Code:         0
Mother Superior:   cri16cn045

Execution Nodes: 
cri16cn045


