index for EGAR00001588631_3674.a.1kDLBCL.DLBCL.SL96249.exome_1tier.hg19.final.bam complete
finding positions of the duplicate reads in the file...
  sorted 10834073 end pairs
     and 191094 single ends (among them 0 unmatched pairs)
  collecting indices of duplicate reads...   done in 15744 ms
  found 3270163 duplicates
collected list of positions in 7 min 19 sec
removing duplicates...
total time elapsed: 31 min 11 sec
low quality reads removed from EGAR00001588631_3674.a.1kDLBCL.DLBCL.SL96249.exome_1tier.hg19.final.bam
duplicates removed from EGAR00001588631_3674.a.1kDLBCL.DLBCL.SL96249.exome_1tier.hg19.final.bam
script complete for EGAR00001588631_3674.a.1kDLBCL.DLBCL.SL96249.exome_1tier.hg19.final.bam


------------ Job WrapUp ------------

Job ID:            11325548.cri16sc001
User ID:           mleukam
Job Name:          sambamba_EGAR00001588631_3674.a.1kDLBCL.DLBCL.SL96249.exome_1tier.hg19.final.bam
Queue Name:        express
Working Directory: /home/mleukam/pbs
Resource List:     walltime=03:00:00,nodes=1:ppn=1,mem=4gb,neednodes=1:ppn=1
Resources Used:    cput=00:32:46,vmem=4134840kb,walltime=00:32:52,mem=1621560kb,energy_used=0
Exit Code:         0
Mother Superior:   cri16cn062

Execution Nodes: 
cri16cn062


