index for EGAR00001588362_2904.a.1kDLBCL.DLBCL.SL89632.exome_1tier.hg19.final.bam complete
finding positions of the duplicate reads in the file...
  sorted 14107239 end pairs
     and 318172 single ends (among them 0 unmatched pairs)
  collecting indices of duplicate reads...   done in 20719 ms
  found 4886754 duplicates
collected list of positions in 9 min 28 sec
removing duplicates...
total time elapsed: 36 min 37 sec
low quality reads removed from EGAR00001588362_2904.a.1kDLBCL.DLBCL.SL89632.exome_1tier.hg19.final.bam
duplicates removed from EGAR00001588362_2904.a.1kDLBCL.DLBCL.SL89632.exome_1tier.hg19.final.bam
script complete for EGAR00001588362_2904.a.1kDLBCL.DLBCL.SL89632.exome_1tier.hg19.final.bam


------------ Job WrapUp ------------

Job ID:            11325275.cri16sc001
User ID:           mleukam
Job Name:          sambamba_EGAR00001588362_2904.a.1kDLBCL.DLBCL.SL89632.exome_1tier.hg19.final.bam
Queue Name:        express
Working Directory: /home/mleukam/pbs
Resource List:     walltime=03:00:00,nodes=1:ppn=1,mem=4gb,neednodes=1:ppn=1
Resources Used:    cput=00:38:25,vmem=4319872kb,walltime=00:38:30,mem=1838756kb,energy_used=0
Exit Code:         0
Mother Superior:   cri16cn086

Execution Nodes: 
cri16cn086


