index for EGAR00001588559_3593.a.1kDLBCL.DLBCL.SL104101.exome_1tier.hg19.final.bam complete
finding positions of the duplicate reads in the file...
  sorted 15622685 end pairs
     and 378077 single ends (among them 0 unmatched pairs)
  collecting indices of duplicate reads...   done in 24662 ms
  found 11374348 duplicates
collected list of positions in 10 min 48 sec
removing duplicates...
total time elapsed: 39 min 15 sec
low quality reads removed from EGAR00001588559_3593.a.1kDLBCL.DLBCL.SL104101.exome_1tier.hg19.final.bam
duplicates removed from EGAR00001588559_3593.a.1kDLBCL.DLBCL.SL104101.exome_1tier.hg19.final.bam
script complete for EGAR00001588559_3593.a.1kDLBCL.DLBCL.SL104101.exome_1tier.hg19.final.bam


------------ Job WrapUp ------------

Job ID:            11325475.cri16sc001
User ID:           mleukam
Job Name:          sambamba_EGAR00001588559_3593.a.1kDLBCL.DLBCL.SL104101.exome_1tier.hg19.final.bam
Queue Name:        express
Working Directory: /home/mleukam/pbs
Resource List:     walltime=03:00:00,nodes=1:ppn=1,mem=4gb,neednodes=1:ppn=1
Resources Used:    cput=00:41:27,vmem=4164028kb,walltime=00:41:32,mem=1910052kb,energy_used=0
Exit Code:         0
Mother Superior:   cri16cn071

Execution Nodes: 
cri16cn071


