index for EGAR00001588491_3493.a.1kDLBCL.DLBCL.SL100191.exome_1tier.hg19.final.bam complete
finding positions of the duplicate reads in the file...
  sorted 5146048 end pairs
     and 44138 single ends (among them 0 unmatched pairs)
  collecting indices of duplicate reads...   done in 7550 ms
  found 1456195 duplicates
collected list of positions in 3 min 19 sec
removing duplicates...
total time elapsed: 15 min 18 sec
low quality reads removed from EGAR00001588491_3493.a.1kDLBCL.DLBCL.SL100191.exome_1tier.hg19.final.bam
duplicates removed from EGAR00001588491_3493.a.1kDLBCL.DLBCL.SL100191.exome_1tier.hg19.final.bam
script complete for EGAR00001588491_3493.a.1kDLBCL.DLBCL.SL100191.exome_1tier.hg19.final.bam


------------ Job WrapUp ------------

Job ID:            11325405.cri16sc001
User ID:           mleukam
Job Name:          sambamba_EGAR00001588491_3493.a.1kDLBCL.DLBCL.SL100191.exome_1tier.hg19.final.bam
Queue Name:        express
Working Directory: /home/mleukam/pbs
Resource List:     walltime=03:00:00,nodes=1:ppn=1,mem=4gb,neednodes=1:ppn=1
Resources Used:    cput=00:16:10,vmem=4055284kb,walltime=00:16:15,mem=1390492kb,energy_used=0
Exit Code:         0
Mother Superior:   cri16cn065

Execution Nodes: 
cri16cn065


