index for EGAR00001588376_2928.a.1kDLBCL.DLBCL.SL101106.exome_1tier.hg19.final.bam complete
finding positions of the duplicate reads in the file...
  sorted 12566585 end pairs
     and 286619 single ends (among them 0 unmatched pairs)
  collecting indices of duplicate reads...   done in 18642 ms
  found 5128422 duplicates
collected list of positions in 9 min 45 sec
removing duplicates...
total time elapsed: 39 min 49 sec
low quality reads removed from EGAR00001588376_2928.a.1kDLBCL.DLBCL.SL101106.exome_1tier.hg19.final.bam
duplicates removed from EGAR00001588376_2928.a.1kDLBCL.DLBCL.SL101106.exome_1tier.hg19.final.bam
script complete for EGAR00001588376_2928.a.1kDLBCL.DLBCL.SL101106.exome_1tier.hg19.final.bam


------------ Job WrapUp ------------

Job ID:            11325289.cri16sc001
User ID:           mleukam
Job Name:          sambamba_EGAR00001588376_2928.a.1kDLBCL.DLBCL.SL101106.exome_1tier.hg19.final.bam
Queue Name:        express
Working Directory: /home/mleukam/pbs
Resource List:     walltime=03:00:00,nodes=1:ppn=1,mem=4gb,neednodes=1:ppn=1
Resources Used:    cput=00:41:41,vmem=4268096kb,walltime=00:41:49,mem=1707632kb,energy_used=0
Exit Code:         0
Mother Superior:   cri16cn014

Execution Nodes: 
cri16cn014


