index for EGAR00001587980_2140.a.1kDLBCL.DLBCL.SL84302.exome_1tier.hg19.final.bam complete
finding positions of the duplicate reads in the file...
  sorted 11843763 end pairs
     and 274065 single ends (among them 0 unmatched pairs)
  collecting indices of duplicate reads...   done in 17382 ms
  found 2255382 duplicates
collected list of positions in 8 min 14 sec
removing duplicates...
total time elapsed: 37 min 21 sec
low quality reads removed from EGAR00001587980_2140.a.1kDLBCL.DLBCL.SL84302.exome_1tier.hg19.final.bam
duplicates removed from EGAR00001587980_2140.a.1kDLBCL.DLBCL.SL84302.exome_1tier.hg19.final.bam
script complete for EGAR00001587980_2140.a.1kDLBCL.DLBCL.SL84302.exome_1tier.hg19.final.bam


------------ Job WrapUp ------------

Job ID:            11324886.cri16sc001
User ID:           mleukam
Job Name:          sambamba_EGAR00001587980_2140.a.1kDLBCL.DLBCL.SL84302.exome_1tier.hg19.final.bam
Queue Name:        express
Working Directory: /home/mleukam/pbs
Resource List:     walltime=03:00:00,nodes=1:ppn=1,mem=4gb,neednodes=1:ppn=1
Resources Used:    cput=00:39:04,vmem=4371136kb,walltime=00:39:13,mem=1911300kb,energy_used=0
Exit Code:         0
Mother Superior:   cri16cn076

Execution Nodes: 
cri16cn076


