index for EGAR00001588345_2884.a.1kDLBCL.DLBCL.SL86553.exome_1tier.hg19.final.bam complete
finding positions of the duplicate reads in the file...
  sorted 13432333 end pairs
     and 271300 single ends (among them 0 unmatched pairs)
  collecting indices of duplicate reads...   done in 19841 ms
  found 4650746 duplicates
collected list of positions in 9 min 56 sec
removing duplicates...
total time elapsed: 39 min 49 sec
low quality reads removed from EGAR00001588345_2884.a.1kDLBCL.DLBCL.SL86553.exome_1tier.hg19.final.bam
duplicates removed from EGAR00001588345_2884.a.1kDLBCL.DLBCL.SL86553.exome_1tier.hg19.final.bam
script complete for EGAR00001588345_2884.a.1kDLBCL.DLBCL.SL86553.exome_1tier.hg19.final.bam


------------ Job WrapUp ------------

Job ID:            11325257.cri16sc001
User ID:           mleukam
Job Name:          sambamba_EGAR00001588345_2884.a.1kDLBCL.DLBCL.SL86553.exome_1tier.hg19.final.bam
Queue Name:        express
Working Directory: /home/mleukam/pbs
Resource List:     walltime=03:00:00,nodes=1:ppn=1,mem=4gb,neednodes=1:ppn=1
Resources Used:    cput=00:41:42,vmem=4312376kb,walltime=00:41:51,mem=1926268kb,energy_used=0
Exit Code:         0
Mother Superior:   cri16cn030

Execution Nodes: 
cri16cn030


