index for EGAR00001588745_3827.a.1kDLBCL.DLBCL.SL99275.exome_1tier.hg19.final.bam complete
finding positions of the duplicate reads in the file...
  sorted 16978046 end pairs
     and 490779 single ends (among them 0 unmatched pairs)
  collecting indices of duplicate reads...   done in 29918 ms
  found 6432413 duplicates
collected list of positions in 12 min 16 sec
removing duplicates...
total time elapsed: 51 min 40 sec
low quality reads removed from EGAR00001588745_3827.a.1kDLBCL.DLBCL.SL99275.exome_1tier.hg19.final.bam
duplicates removed from EGAR00001588745_3827.a.1kDLBCL.DLBCL.SL99275.exome_1tier.hg19.final.bam
script complete for EGAR00001588745_3827.a.1kDLBCL.DLBCL.SL99275.exome_1tier.hg19.final.bam


------------ Job WrapUp ------------

Job ID:            11325663.cri16sc001
User ID:           mleukam
Job Name:          sambamba_EGAR00001588745_3827.a.1kDLBCL.DLBCL.SL99275.exome_1tier.hg19.final.bam
Queue Name:        express
Working Directory: /home/mleukam/pbs
Resource List:     walltime=03:00:00,nodes=1:ppn=1,mem=4gb,neednodes=1:ppn=1
Resources Used:    cput=00:54:06,vmem=4067148kb,walltime=00:54:10,mem=1874320kb,energy_used=0
Exit Code:         0
Mother Superior:   cri16cn037

Execution Nodes: 
cri16cn037


