index for EGAR00001588668_3718.a.1kDLBCL.DLBCL.SL96152.exome_1tier.hg19.final.bam complete
finding positions of the duplicate reads in the file...
  sorted 14031893 end pairs
     and 212586 single ends (among them 0 unmatched pairs)
  collecting indices of duplicate reads...   done in 20676 ms
  found 5073199 duplicates
collected list of positions in 11 min 9 sec
removing duplicates...
total time elapsed: 44 min 18 sec
low quality reads removed from EGAR00001588668_3718.a.1kDLBCL.DLBCL.SL96152.exome_1tier.hg19.final.bam
duplicates removed from EGAR00001588668_3718.a.1kDLBCL.DLBCL.SL96152.exome_1tier.hg19.final.bam
script complete for EGAR00001588668_3718.a.1kDLBCL.DLBCL.SL96152.exome_1tier.hg19.final.bam


------------ Job WrapUp ------------

Job ID:            11325586.cri16sc001
User ID:           mleukam
Job Name:          sambamba_EGAR00001588668_3718.a.1kDLBCL.DLBCL.SL96152.exome_1tier.hg19.final.bam
Queue Name:        express
Working Directory: /home/mleukam/pbs
Resource List:     walltime=03:00:00,nodes=1:ppn=1,mem=4gb,neednodes=1:ppn=1
Resources Used:    cput=00:46:31,vmem=4240944kb,walltime=00:46:37,mem=1913304kb,energy_used=0
Exit Code:         0
Mother Superior:   cri16cn076

Execution Nodes: 
cri16cn076


