index for EGAR00001588761_3845.a.1kDLBCL.DLBCL.SL99492.exome_1tier.hg19.final.bam complete
finding positions of the duplicate reads in the file...
  sorted 15309363 end pairs
     and 414597 single ends (among them 0 unmatched pairs)
  collecting indices of duplicate reads...   done in 22342 ms
  found 3842091 duplicates
collected list of positions in 10 min 43 sec
removing duplicates...
total time elapsed: 49 min 5 sec
low quality reads removed from EGAR00001588761_3845.a.1kDLBCL.DLBCL.SL99492.exome_1tier.hg19.final.bam
duplicates removed from EGAR00001588761_3845.a.1kDLBCL.DLBCL.SL99492.exome_1tier.hg19.final.bam
script complete for EGAR00001588761_3845.a.1kDLBCL.DLBCL.SL99492.exome_1tier.hg19.final.bam


------------ Job WrapUp ------------

Job ID:            11325680.cri16sc001
User ID:           mleukam
Job Name:          sambamba_EGAR00001588761_3845.a.1kDLBCL.DLBCL.SL99492.exome_1tier.hg19.final.bam
Queue Name:        express
Working Directory: /home/mleukam/pbs
Resource List:     walltime=03:00:00,nodes=1:ppn=1,mem=4gb,neednodes=1:ppn=1
Resources Used:    cput=00:51:28,vmem=4338336kb,walltime=00:51:33,mem=2091364kb,energy_used=0
Exit Code:         0
Mother Superior:   cri16cn025

Execution Nodes: 
cri16cn025


