index for EGAR00001588395_2954.a.1kDLBCL.DLBCL.SL102992.exome_1tier.hg19.final.bam complete
finding positions of the duplicate reads in the file...
  sorted 18435091 end pairs
     and 624793 single ends (among them 0 unmatched pairs)
  collecting indices of duplicate reads...   done in 32300 ms
  found 6537293 duplicates
collected list of positions in 13 min 15 sec
removing duplicates...
total time elapsed: 55 min 42 sec
low quality reads removed from EGAR00001588395_2954.a.1kDLBCL.DLBCL.SL102992.exome_1tier.hg19.final.bam
duplicates removed from EGAR00001588395_2954.a.1kDLBCL.DLBCL.SL102992.exome_1tier.hg19.final.bam
script complete for EGAR00001588395_2954.a.1kDLBCL.DLBCL.SL102992.exome_1tier.hg19.final.bam


------------ Job WrapUp ------------

Job ID:            11325308.cri16sc001
User ID:           mleukam
Job Name:          sambamba_EGAR00001588395_2954.a.1kDLBCL.DLBCL.SL102992.exome_1tier.hg19.final.bam
Queue Name:        express
Working Directory: /home/mleukam/pbs
Resource List:     walltime=03:00:00,nodes=1:ppn=1,mem=4gb,neednodes=1:ppn=1
Resources Used:    cput=00:58:21,vmem=4365780kb,walltime=00:58:27,mem=2180688kb,energy_used=0
Exit Code:         0
Mother Superior:   cri16cn051

Execution Nodes: 
cri16cn051


