index for EGAR00001588454_3452.a.1kDLBCL.DLBCL.SL104202.exome_1tier.hg19.final.bam complete
finding positions of the duplicate reads in the file...
  sorted 3963 end pairs
     and 2907 single ends (among them 0 unmatched pairs)
  collecting indices of duplicate reads...   done in 10 ms
  found 127 duplicates
collected list of positions in 0 min 0 sec
removing duplicates...
total time elapsed: 0 min 0 sec
low quality reads removed from EGAR00001588454_3452.a.1kDLBCL.DLBCL.SL104202.exome_1tier.hg19.final.bam
duplicates removed from EGAR00001588454_3452.a.1kDLBCL.DLBCL.SL104202.exome_1tier.hg19.final.bam
script complete for EGAR00001588454_3452.a.1kDLBCL.DLBCL.SL104202.exome_1tier.hg19.final.bam


------------ Job WrapUp ------------

Job ID:            11325369.cri16sc001
User ID:           mleukam
Job Name:          sambamba_EGAR00001588454_3452.a.1kDLBCL.DLBCL.SL104202.exome_1tier.hg19.final.bam
Queue Name:        express
Working Directory: /home/mleukam/pbs
Resource List:     walltime=03:00:00,nodes=1:ppn=1,mem=4gb,neednodes=1:ppn=1
Resources Used:    cput=00:00:01,vmem=0kb,walltime=00:00:02,mem=0kb,energy_used=0
Exit Code:         0
Mother Superior:   cri16cn012

Execution Nodes: 
cri16cn012


