index for EGAR00001588051_2237.a.1kDLBCL.DLBCL.SL89881.exome_1tier.hg19.final.bam complete
finding positions of the duplicate reads in the file...
  sorted 26638202 end pairs
     and 792061 single ends (among them 0 unmatched pairs)
  collecting indices of duplicate reads...   done in 44876 ms
  found 10906132 duplicates
collected list of positions in 19 min 4 sec
removing duplicates...
total time elapsed: 80 min 39 sec
low quality reads removed from EGAR00001588051_2237.a.1kDLBCL.DLBCL.SL89881.exome_1tier.hg19.final.bam
duplicates removed from EGAR00001588051_2237.a.1kDLBCL.DLBCL.SL89881.exome_1tier.hg19.final.bam
script complete for EGAR00001588051_2237.a.1kDLBCL.DLBCL.SL89881.exome_1tier.hg19.final.bam


------------ Job WrapUp ------------

Job ID:            11324959.cri16sc001
User ID:           mleukam
Job Name:          sambamba_EGAR00001588051_2237.a.1kDLBCL.DLBCL.SL89881.exome_1tier.hg19.final.bam
Queue Name:        express
Working Directory: /home/mleukam/pbs
Resource List:     walltime=03:00:00,nodes=1:ppn=1,mem=4gb,neednodes=1:ppn=1
Resources Used:    cput=01:24:20,vmem=4436228kb,walltime=01:24:31,mem=2020336kb,energy_used=0
Exit Code:         0
Mother Superior:   cri16cn088

Execution Nodes: 
cri16cn088


