index for EGAR00001588233_2669.a.1kDLBCL.DLBCL.SL90067.exome_1tier.hg19.final.bam complete
finding positions of the duplicate reads in the file...
  sorted 18246935 end pairs
     and 539017 single ends (among them 0 unmatched pairs)
  collecting indices of duplicate reads...   done in 31335 ms
  found 4407570 duplicates
collected list of positions in 12 min 10 sec
removing duplicates...
total time elapsed: 53 min 7 sec
low quality reads removed from EGAR00001588233_2669.a.1kDLBCL.DLBCL.SL90067.exome_1tier.hg19.final.bam
duplicates removed from EGAR00001588233_2669.a.1kDLBCL.DLBCL.SL90067.exome_1tier.hg19.final.bam
script complete for EGAR00001588233_2669.a.1kDLBCL.DLBCL.SL90067.exome_1tier.hg19.final.bam


------------ Job WrapUp ------------

Job ID:            11325143.cri16sc001
User ID:           mleukam
Job Name:          sambamba_EGAR00001588233_2669.a.1kDLBCL.DLBCL.SL90067.exome_1tier.hg19.final.bam
Queue Name:        express
Working Directory: /home/mleukam/pbs
Resource List:     walltime=03:00:00,nodes=1:ppn=1,mem=4gb,neednodes=1:ppn=1
Resources Used:    cput=00:55:46,vmem=4225868kb,walltime=00:55:52,mem=2056536kb,energy_used=0
Exit Code:         0
Mother Superior:   cri16cn042

Execution Nodes: 
cri16cn042


