index for EGAR00001587954_2103.a.1kDLBCL.DLBCL.SL85054.exome_1tier.hg19.final.bam complete
finding positions of the duplicate reads in the file...
  sorted 17395699 end pairs
     and 358577 single ends (among them 0 unmatched pairs)
  collecting indices of duplicate reads...   done in 30060 ms
  found 4664338 duplicates
collected list of positions in 12 min 47 sec
removing duplicates...
total time elapsed: 53 min 29 sec
low quality reads removed from EGAR00001587954_2103.a.1kDLBCL.DLBCL.SL85054.exome_1tier.hg19.final.bam
duplicates removed from EGAR00001587954_2103.a.1kDLBCL.DLBCL.SL85054.exome_1tier.hg19.final.bam
script complete for EGAR00001587954_2103.a.1kDLBCL.DLBCL.SL85054.exome_1tier.hg19.final.bam


------------ Job WrapUp ------------

Job ID:            11324860.cri16sc001
User ID:           mleukam
Job Name:          sambamba_EGAR00001587954_2103.a.1kDLBCL.DLBCL.SL85054.exome_1tier.hg19.final.bam
Queue Name:        express
Working Directory: /home/mleukam/pbs
Resource List:     walltime=03:00:00,nodes=1:ppn=1,mem=4gb,neednodes=1:ppn=1
Resources Used:    cput=00:56:03,vmem=4261404kb,walltime=00:56:10,mem=2093340kb,energy_used=0
Exit Code:         0
Mother Superior:   cri16cn086

Execution Nodes: 
cri16cn086


