index for EGAR00001588534_3551.a.1kDLBCL.DLBCL.SL89974.exome_1tier.hg19.final.bam complete
finding positions of the duplicate reads in the file...
  sorted 12920708 end pairs
     and 356809 single ends (among them 0 unmatched pairs)
  collecting indices of duplicate reads...   done in 19274 ms
  found 3450655 duplicates
collected list of positions in 9 min 2 sec
removing duplicates...
total time elapsed: 40 min 26 sec
low quality reads removed from EGAR00001588534_3551.a.1kDLBCL.DLBCL.SL89974.exome_1tier.hg19.final.bam
duplicates removed from EGAR00001588534_3551.a.1kDLBCL.DLBCL.SL89974.exome_1tier.hg19.final.bam
script complete for EGAR00001588534_3551.a.1kDLBCL.DLBCL.SL89974.exome_1tier.hg19.final.bam


------------ Job WrapUp ------------

Job ID:            11325449.cri16sc001
User ID:           mleukam
Job Name:          sambamba_EGAR00001588534_3551.a.1kDLBCL.DLBCL.SL89974.exome_1tier.hg19.final.bam
Queue Name:        express
Working Directory: /home/mleukam/pbs
Resource List:     walltime=03:00:00,nodes=1:ppn=1,mem=4gb,neednodes=1:ppn=1
Resources Used:    cput=00:42:16,vmem=4162536kb,walltime=00:42:22,mem=1704272kb,energy_used=0
Exit Code:         0
Mother Superior:   cri16cn006

Execution Nodes: 
cri16cn006


