index for EGAR00001588117_2476.a.1kDLBCL.DLBCL.SL72233.exome_1tier.hg19.final.bam complete
finding positions of the duplicate reads in the file...
  sorted 12668241 end pairs
     and 404267 single ends (among them 0 unmatched pairs)
  collecting indices of duplicate reads...   done in 18341 ms
  found 2146716 duplicates
collected list of positions in 9 min 12 sec
removing duplicates...
total time elapsed: 40 min 44 sec
low quality reads removed from EGAR00001588117_2476.a.1kDLBCL.DLBCL.SL72233.exome_1tier.hg19.final.bam
duplicates removed from EGAR00001588117_2476.a.1kDLBCL.DLBCL.SL72233.exome_1tier.hg19.final.bam
script complete for EGAR00001588117_2476.a.1kDLBCL.DLBCL.SL72233.exome_1tier.hg19.final.bam


------------ Job WrapUp ------------

Job ID:            11325025.cri16sc001
User ID:           mleukam
Job Name:          sambamba_EGAR00001588117_2476.a.1kDLBCL.DLBCL.SL72233.exome_1tier.hg19.final.bam
Queue Name:        express
Working Directory: /home/mleukam/pbs
Resource List:     walltime=03:00:00,nodes=1:ppn=1,mem=4gb,neednodes=1:ppn=1
Resources Used:    cput=00:42:43,vmem=4228940kb,walltime=00:42:49,mem=1866864kb,energy_used=0
Exit Code:         0
Mother Superior:   cri16cn055

Execution Nodes: 
cri16cn055


