index for EGAR00001588403_2999.a.1kDLBCL.DLBCL.SL99382.exome_1tier.hg19.final.bam complete
finding positions of the duplicate reads in the file...
  sorted 12867645 end pairs
     and 452651 single ends (among them 0 unmatched pairs)
  collecting indices of duplicate reads...   done in 19202 ms
  found 3606644 duplicates
collected list of positions in 12 min 33 sec
removing duplicates...
total time elapsed: 57 min 2 sec
low quality reads removed from EGAR00001588403_2999.a.1kDLBCL.DLBCL.SL99382.exome_1tier.hg19.final.bam
duplicates removed from EGAR00001588403_2999.a.1kDLBCL.DLBCL.SL99382.exome_1tier.hg19.final.bam
script complete for EGAR00001588403_2999.a.1kDLBCL.DLBCL.SL99382.exome_1tier.hg19.final.bam


------------ Job WrapUp ------------

Job ID:            11325316.cri16sc001
User ID:           mleukam
Job Name:          sambamba_EGAR00001588403_2999.a.1kDLBCL.DLBCL.SL99382.exome_1tier.hg19.final.bam
Queue Name:        express
Working Directory: /home/mleukam/pbs
Resource List:     walltime=03:00:00,nodes=1:ppn=1,mem=4gb,neednodes=1:ppn=1
Resources Used:    cput=00:59:11,vmem=4151804kb,walltime=00:59:19,mem=1806548kb,energy_used=0
Exit Code:         0
Mother Superior:   cri16cn014

Execution Nodes: 
cri16cn014


