index for EGAR00001588731_3812.a.1kDLBCL.DLBCL.SL96678.exome_1tier.hg19.final.bam complete
finding positions of the duplicate reads in the file...
  sorted 17735729 end pairs
     and 228683 single ends (among them 0 unmatched pairs)
  collecting indices of duplicate reads...   done in 31789 ms
  found 5337269 duplicates
collected list of positions in 13 min 11 sec
removing duplicates...
total time elapsed: 55 min 10 sec
low quality reads removed from EGAR00001588731_3812.a.1kDLBCL.DLBCL.SL96678.exome_1tier.hg19.final.bam
duplicates removed from EGAR00001588731_3812.a.1kDLBCL.DLBCL.SL96678.exome_1tier.hg19.final.bam
script complete for EGAR00001588731_3812.a.1kDLBCL.DLBCL.SL96678.exome_1tier.hg19.final.bam


------------ Job WrapUp ------------

Job ID:            11325650.cri16sc001
User ID:           mleukam
Job Name:          sambamba_EGAR00001588731_3812.a.1kDLBCL.DLBCL.SL96678.exome_1tier.hg19.final.bam
Queue Name:        express
Working Directory: /home/mleukam/pbs
Resource List:     walltime=03:00:00,nodes=1:ppn=1,mem=4gb,neednodes=1:ppn=1
Resources Used:    cput=00:58:01,vmem=4303692kb,walltime=00:58:06,mem=2104636kb,energy_used=0
Exit Code:         0
Mother Superior:   cri16cn025

Execution Nodes: 
cri16cn025


