index for EGAR00001588569_3604.a.1kDLBCL.DLBCL.SL101111.exome_1tier.hg19.final.bam complete
finding positions of the duplicate reads in the file...
  sorted 12408414 end pairs
     and 284244 single ends (among them 0 unmatched pairs)
  collecting indices of duplicate reads...   done in 19401 ms
  found 4258777 duplicates
collected list of positions in 10 min 1 sec
removing duplicates...
total time elapsed: 45 min 7 sec
low quality reads removed from EGAR00001588569_3604.a.1kDLBCL.DLBCL.SL101111.exome_1tier.hg19.final.bam
duplicates removed from EGAR00001588569_3604.a.1kDLBCL.DLBCL.SL101111.exome_1tier.hg19.final.bam
script complete for EGAR00001588569_3604.a.1kDLBCL.DLBCL.SL101111.exome_1tier.hg19.final.bam


------------ Job WrapUp ------------

Job ID:            11325485.cri16sc001
User ID:           mleukam
Job Name:          sambamba_EGAR00001588569_3604.a.1kDLBCL.DLBCL.SL101111.exome_1tier.hg19.final.bam
Queue Name:        express
Working Directory: /home/mleukam/pbs
Resource List:     walltime=03:00:00,nodes=1:ppn=1,mem=4gb,neednodes=1:ppn=1
Resources Used:    cput=00:47:05,vmem=4312376kb,walltime=00:47:11,mem=1888604kb,energy_used=0
Exit Code:         0
Mother Superior:   cri16cn075

Execution Nodes: 
cri16cn075


