index for EGAR00001588775_3871.a.1kDLBCL.DLBCL.SL100179.exome_1tier.hg19.final.bam complete
finding positions of the duplicate reads in the file...
  sorted 8733604 end pairs
     and 60939 single ends (among them 0 unmatched pairs)
  collecting indices of duplicate reads...   done in 12933 ms
  found 2988556 duplicates
collected list of positions in 5 min 31 sec
removing duplicates...
total time elapsed: 21 min 37 sec
low quality reads removed from EGAR00001588775_3871.a.1kDLBCL.DLBCL.SL100179.exome_1tier.hg19.final.bam
duplicates removed from EGAR00001588775_3871.a.1kDLBCL.DLBCL.SL100179.exome_1tier.hg19.final.bam
script complete for EGAR00001588775_3871.a.1kDLBCL.DLBCL.SL100179.exome_1tier.hg19.final.bam


------------ Job WrapUp ------------

Job ID:            11325694.cri16sc001
User ID:           mleukam
Job Name:          sambamba_EGAR00001588775_3871.a.1kDLBCL.DLBCL.SL100179.exome_1tier.hg19.final.bam
Queue Name:        express
Working Directory: /home/mleukam/pbs
Resource List:     walltime=03:00:00,nodes=1:ppn=1,mem=4gb,neednodes=1:ppn=1
Resources Used:    cput=00:22:52,vmem=4099776kb,walltime=00:22:55,mem=1524084kb,energy_used=0
Exit Code:         0
Mother Superior:   cri16cn085

Execution Nodes: 
cri16cn085


