index for EGAR00001588031_2216.a.1kDLBCL.DLBCL.SL72335.exome_1tier.hg19.final.bam complete
finding positions of the duplicate reads in the file...
  sorted 16403319 end pairs
     and 552480 single ends (among them 0 unmatched pairs)
  collecting indices of duplicate reads...   done in 23834 ms
  found 2898055 duplicates
collected list of positions in 11 min 37 sec
removing duplicates...
total time elapsed: 53 min 42 sec
low quality reads removed from EGAR00001588031_2216.a.1kDLBCL.DLBCL.SL72335.exome_1tier.hg19.final.bam
duplicates removed from EGAR00001588031_2216.a.1kDLBCL.DLBCL.SL72335.exome_1tier.hg19.final.bam
script complete for EGAR00001588031_2216.a.1kDLBCL.DLBCL.SL72335.exome_1tier.hg19.final.bam


------------ Job WrapUp ------------

Job ID:            11324938.cri16sc001
User ID:           mleukam
Job Name:          sambamba_EGAR00001588031_2216.a.1kDLBCL.DLBCL.SL72335.exome_1tier.hg19.final.bam
Queue Name:        express
Working Directory: /home/mleukam/pbs
Resource List:     walltime=03:00:00,nodes=1:ppn=1,mem=4gb,neednodes=1:ppn=1
Resources Used:    cput=00:56:16,vmem=4301372kb,walltime=00:56:21,mem=2097660kb,energy_used=0
Exit Code:         0
Mother Superior:   cri16cn049

Execution Nodes: 
cri16cn049


