index for EGAR00001587937_2079.a.1kDLBCL.DLBCL.SL71995.exome_1tier.hg19.final.bam complete
finding positions of the duplicate reads in the file...
  sorted 12019328 end pairs
     and 504076 single ends (among them 0 unmatched pairs)
  collecting indices of duplicate reads...   done in 17886 ms
  found 2362949 duplicates
collected list of positions in 9 min 32 sec
removing duplicates...
total time elapsed: 42 min 42 sec
low quality reads removed from EGAR00001587937_2079.a.1kDLBCL.DLBCL.SL71995.exome_1tier.hg19.final.bam
duplicates removed from EGAR00001587937_2079.a.1kDLBCL.DLBCL.SL71995.exome_1tier.hg19.final.bam
script complete for EGAR00001587937_2079.a.1kDLBCL.DLBCL.SL71995.exome_1tier.hg19.final.bam


------------ Job WrapUp ------------

Job ID:            11324842.cri16sc001
User ID:           mleukam
Job Name:          sambamba_EGAR00001587937_2079.a.1kDLBCL.DLBCL.SL71995.exome_1tier.hg19.final.bam
Queue Name:        express
Working Directory: /home/mleukam/pbs
Resource List:     walltime=03:00:00,nodes=1:ppn=1,mem=4gb,neednodes=1:ppn=1
Resources Used:    cput=00:44:29,vmem=4097868kb,walltime=00:44:37,mem=1704460kb,energy_used=0
Exit Code:         0
Mother Superior:   cri16cn030

Execution Nodes: 
cri16cn030


