index for EGAR00001588281_2771.a.1kDLBCL.DLBCL.SL84498.exome_1tier.hg19.final.bam complete
finding positions of the duplicate reads in the file...
  sorted 13679152 end pairs
     and 235349 single ends (among them 0 unmatched pairs)
  collecting indices of duplicate reads...   done in 19503 ms
  found 2434552 duplicates
collected list of positions in 9 min 7 sec
removing duplicates...
total time elapsed: 39 min 51 sec
low quality reads removed from EGAR00001588281_2771.a.1kDLBCL.DLBCL.SL84498.exome_1tier.hg19.final.bam
duplicates removed from EGAR00001588281_2771.a.1kDLBCL.DLBCL.SL84498.exome_1tier.hg19.final.bam
script complete for EGAR00001588281_2771.a.1kDLBCL.DLBCL.SL84498.exome_1tier.hg19.final.bam


------------ Job WrapUp ------------

Job ID:            11325192.cri16sc001
User ID:           mleukam
Job Name:          sambamba_EGAR00001588281_2771.a.1kDLBCL.DLBCL.SL84498.exome_1tier.hg19.final.bam
Queue Name:        express
Working Directory: /home/mleukam/pbs
Resource List:     walltime=03:00:00,nodes=1:ppn=1,mem=4gb,neednodes=1:ppn=1
Resources Used:    cput=00:41:49,vmem=4070220kb,walltime=00:41:57,mem=1735864kb,energy_used=0
Exit Code:         0
Mother Superior:   cri16cn055

Execution Nodes: 
cri16cn055


