index for EGAR00001588642_3687.a.1kDLBCL.DLBCL.SL96149.exome_1tier.hg19.final.bam complete
finding positions of the duplicate reads in the file...
  sorted 8314697 end pairs
     and 208545 single ends (among them 0 unmatched pairs)
  collecting indices of duplicate reads...   done in 12832 ms
  found 3126632 duplicates
collected list of positions in 6 min 9 sec
removing duplicates...
total time elapsed: 25 min 0 sec
low quality reads removed from EGAR00001588642_3687.a.1kDLBCL.DLBCL.SL96149.exome_1tier.hg19.final.bam
duplicates removed from EGAR00001588642_3687.a.1kDLBCL.DLBCL.SL96149.exome_1tier.hg19.final.bam
script complete for EGAR00001588642_3687.a.1kDLBCL.DLBCL.SL96149.exome_1tier.hg19.final.bam


------------ Job WrapUp ------------

Job ID:            11325559.cri16sc001
User ID:           mleukam
Job Name:          sambamba_EGAR00001588642_3687.a.1kDLBCL.DLBCL.SL96149.exome_1tier.hg19.final.bam
Queue Name:        express
Working Directory: /home/mleukam/pbs
Resource List:     walltime=03:00:00,nodes=1:ppn=1,mem=4gb,neednodes=1:ppn=1
Resources Used:    cput=00:26:32,vmem=4041796kb,walltime=00:26:36,mem=1480808kb,energy_used=0
Exit Code:         0
Mother Superior:   cri16cn085

Execution Nodes: 
cri16cn085


