index for EGAR00001588859_3962.a.1kDLBCL.DLBCL.SL98976.exome_1tier.hg19.final.bam complete
finding positions of the duplicate reads in the file...
  sorted 3358432 end pairs
     and 65395 single ends (among them 0 unmatched pairs)
  collecting indices of duplicate reads...   done in 4942 ms
  found 1408707 duplicates
collected list of positions in 2 min 14 sec
removing duplicates...
total time elapsed: 9 min 46 sec
low quality reads removed from EGAR00001588859_3962.a.1kDLBCL.DLBCL.SL98976.exome_1tier.hg19.final.bam
duplicates removed from EGAR00001588859_3962.a.1kDLBCL.DLBCL.SL98976.exome_1tier.hg19.final.bam
script complete for EGAR00001588859_3962.a.1kDLBCL.DLBCL.SL98976.exome_1tier.hg19.final.bam


------------ Job WrapUp ------------

Job ID:            11325779.cri16sc001
User ID:           mleukam
Job Name:          sambamba_EGAR00001588859_3962.a.1kDLBCL.DLBCL.SL98976.exome_1tier.hg19.final.bam
Queue Name:        express
Working Directory: /home/mleukam/pbs
Resource List:     walltime=03:00:00,nodes=1:ppn=1,mem=4gb,neednodes=1:ppn=1
Resources Used:    cput=00:10:13,vmem=4064172kb,walltime=00:10:16,mem=1322524kb,energy_used=0
Exit Code:         0
Mother Superior:   cri16cn013

Execution Nodes: 
cri16cn013


