index for EGAR00001588813_3915.a.1kDLBCL.DLBCL.SL102989.exome_1tier.hg19.final.bam complete
finding positions of the duplicate reads in the file...
  sorted 9365541 end pairs
     and 302347 single ends (among them 0 unmatched pairs)
  collecting indices of duplicate reads...   done in 13936 ms
  found 3373703 duplicates
collected list of positions in 6 min 26 sec
removing duplicates...
total time elapsed: 27 min 36 sec
low quality reads removed from EGAR00001588813_3915.a.1kDLBCL.DLBCL.SL102989.exome_1tier.hg19.final.bam
duplicates removed from EGAR00001588813_3915.a.1kDLBCL.DLBCL.SL102989.exome_1tier.hg19.final.bam
script complete for EGAR00001588813_3915.a.1kDLBCL.DLBCL.SL102989.exome_1tier.hg19.final.bam


------------ Job WrapUp ------------

Job ID:            11325733.cri16sc001
User ID:           mleukam
Job Name:          sambamba_EGAR00001588813_3915.a.1kDLBCL.DLBCL.SL102989.exome_1tier.hg19.final.bam
Queue Name:        express
Working Directory: /home/mleukam/pbs
Resource List:     walltime=03:00:00,nodes=1:ppn=1,mem=4gb,neednodes=1:ppn=1
Resources Used:    cput=00:28:56,vmem=4158640kb,walltime=00:28:59,mem=1651024kb,energy_used=0
Exit Code:         0
Mother Superior:   cri16cn021

Execution Nodes: 
cri16cn021


