index for EGAR00001587998_2158.a.1kDLBCL.DLBCL.SL90341.exome_1tier.hg19.final.bam complete
finding positions of the duplicate reads in the file...
  sorted 11494874 end pairs
     and 398022 single ends (among them 0 unmatched pairs)
  collecting indices of duplicate reads...   done in 17127 ms
  found 4124975 duplicates
collected list of positions in 8 min 54 sec
removing duplicates...
total time elapsed: 41 min 49 sec
low quality reads removed from EGAR00001587998_2158.a.1kDLBCL.DLBCL.SL90341.exome_1tier.hg19.final.bam
duplicates removed from EGAR00001587998_2158.a.1kDLBCL.DLBCL.SL90341.exome_1tier.hg19.final.bam
script complete for EGAR00001587998_2158.a.1kDLBCL.DLBCL.SL90341.exome_1tier.hg19.final.bam


------------ Job WrapUp ------------

Job ID:            11324905.cri16sc001
User ID:           mleukam
Job Name:          sambamba_EGAR00001587998_2158.a.1kDLBCL.DLBCL.SL90341.exome_1tier.hg19.final.bam
Queue Name:        express
Working Directory: /home/mleukam/pbs
Resource List:     walltime=03:00:00,nodes=1:ppn=1,mem=4gb,neednodes=1:ppn=1
Resources Used:    cput=00:43:44,vmem=4361284kb,walltime=00:43:49,mem=1814808kb,energy_used=0
Exit Code:         0
Mother Superior:   cri16cn007

Execution Nodes: 
cri16cn007


