index for EGAR00001588348_2888.a.1kDLBCL.DLBCL.SL100375.exome_1tier.hg19.final.bam complete
finding positions of the duplicate reads in the file...
  sorted 12922530 end pairs
     and 296163 single ends (among them 0 unmatched pairs)
  collecting indices of duplicate reads...   done in 18910 ms
  found 4198107 duplicates
collected list of positions in 8 min 43 sec
removing duplicates...
total time elapsed: 40 min 41 sec
low quality reads removed from EGAR00001588348_2888.a.1kDLBCL.DLBCL.SL100375.exome_1tier.hg19.final.bam
duplicates removed from EGAR00001588348_2888.a.1kDLBCL.DLBCL.SL100375.exome_1tier.hg19.final.bam
script complete for EGAR00001588348_2888.a.1kDLBCL.DLBCL.SL100375.exome_1tier.hg19.final.bam


------------ Job WrapUp ------------

Job ID:            11325260.cri16sc001
User ID:           mleukam
Job Name:          sambamba_EGAR00001588348_2888.a.1kDLBCL.DLBCL.SL100375.exome_1tier.hg19.final.bam
Queue Name:        express
Working Directory: /home/mleukam/pbs
Resource List:     walltime=03:00:00,nodes=1:ppn=1,mem=4gb,neednodes=1:ppn=1
Resources Used:    cput=00:42:26,vmem=4082828kb,walltime=00:42:31,mem=1733592kb,energy_used=0
Exit Code:         0
Mother Superior:   cri16cn012

Execution Nodes: 
cri16cn012


