index for EGAR00001588867_3971.a.1kDLBCL.DLBCL.SL98777.exome_1tier.hg19.final.bam complete
finding positions of the duplicate reads in the file...
  sorted 15946159 end pairs
     and 268864 single ends (among them 0 unmatched pairs)
  collecting indices of duplicate reads...   done in 23616 ms
  found 6694731 duplicates
collected list of positions in 10 min 35 sec
removing duplicates...
total time elapsed: 40 min 55 sec
low quality reads removed from EGAR00001588867_3971.a.1kDLBCL.DLBCL.SL98777.exome_1tier.hg19.final.bam
duplicates removed from EGAR00001588867_3971.a.1kDLBCL.DLBCL.SL98777.exome_1tier.hg19.final.bam
script complete for EGAR00001588867_3971.a.1kDLBCL.DLBCL.SL98777.exome_1tier.hg19.final.bam


------------ Job WrapUp ------------

Job ID:            11325788.cri16sc001
User ID:           mleukam
Job Name:          sambamba_EGAR00001588867_3971.a.1kDLBCL.DLBCL.SL98777.exome_1tier.hg19.final.bam
Queue Name:        express
Working Directory: /home/mleukam/pbs
Resource List:     walltime=03:00:00,nodes=1:ppn=1,mem=4gb,neednodes=1:ppn=1
Resources Used:    cput=00:43:09,vmem=4292664kb,walltime=00:43:13,mem=1956464kb,energy_used=0
Exit Code:         0
Mother Superior:   cri16cn013

Execution Nodes: 
cri16cn013


