index for EGAR00001588664_3713.a.1kDLBCL.DLBCL.SL96159.exome_1tier.hg19.final.bam complete
finding positions of the duplicate reads in the file...
  sorted 12872405 end pairs
     and 211339 single ends (among them 0 unmatched pairs)
  collecting indices of duplicate reads...   done in 19066 ms
  found 4807842 duplicates
collected list of positions in 10 min 16 sec
removing duplicates...
total time elapsed: 42 min 57 sec
low quality reads removed from EGAR00001588664_3713.a.1kDLBCL.DLBCL.SL96159.exome_1tier.hg19.final.bam
duplicates removed from EGAR00001588664_3713.a.1kDLBCL.DLBCL.SL96159.exome_1tier.hg19.final.bam
script complete for EGAR00001588664_3713.a.1kDLBCL.DLBCL.SL96159.exome_1tier.hg19.final.bam


------------ Job WrapUp ------------

Job ID:            11325582.cri16sc001
User ID:           mleukam
Job Name:          sambamba_EGAR00001588664_3713.a.1kDLBCL.DLBCL.SL96159.exome_1tier.hg19.final.bam
Queue Name:        express
Working Directory: /home/mleukam/pbs
Resource List:     walltime=03:00:00,nodes=1:ppn=1,mem=4gb,neednodes=1:ppn=1
Resources Used:    cput=00:44:43,vmem=4314152kb,walltime=00:44:50,mem=1931304kb,energy_used=0
Exit Code:         0
Mother Superior:   cri16cn076

Execution Nodes: 
cri16cn076


