index for EGAR00001588769_3856.a.1kDLBCL.DLBCL.SL102796.exome_1tier.hg19.final.bam complete
finding positions of the duplicate reads in the file...
  sorted 28649765 end pairs
     and 590668 single ends (among them 0 unmatched pairs)
  collecting indices of duplicate reads...   done in 47195 ms
  found 11889316 duplicates
collected list of positions in 19 min 10 sec
removing duplicates...
total time elapsed: 74 min 12 sec
low quality reads removed from EGAR00001588769_3856.a.1kDLBCL.DLBCL.SL102796.exome_1tier.hg19.final.bam
duplicates removed from EGAR00001588769_3856.a.1kDLBCL.DLBCL.SL102796.exome_1tier.hg19.final.bam
script complete for EGAR00001588769_3856.a.1kDLBCL.DLBCL.SL102796.exome_1tier.hg19.final.bam


------------ Job WrapUp ------------

Job ID:            11325688.cri16sc001
User ID:           mleukam
Job Name:          sambamba_EGAR00001588769_3856.a.1kDLBCL.DLBCL.SL102796.exome_1tier.hg19.final.bam
Queue Name:        express
Working Directory: /home/mleukam/pbs
Resource List:     walltime=03:00:00,nodes=1:ppn=1,mem=4gb,neednodes=1:ppn=1
Resources Used:    cput=01:17:43,vmem=4321864kb,walltime=01:17:53,mem=2199812kb,energy_used=0
Exit Code:         0
Mother Superior:   cri16cn050

Execution Nodes: 
cri16cn050


