index for EGAR00001588833_3935.a.1kDLBCL.DLBCL.SL99065.exome_1tier.hg19.final.bam complete
finding positions of the duplicate reads in the file...
  sorted 13413819 end pairs
     and 248123 single ends (among them 0 unmatched pairs)
  collecting indices of duplicate reads...   done in 20119 ms
  found 6634961 duplicates
collected list of positions in 9 min 4 sec
removing duplicates...
total time elapsed: 36 min 26 sec
low quality reads removed from EGAR00001588833_3935.a.1kDLBCL.DLBCL.SL99065.exome_1tier.hg19.final.bam
duplicates removed from EGAR00001588833_3935.a.1kDLBCL.DLBCL.SL99065.exome_1tier.hg19.final.bam
script complete for EGAR00001588833_3935.a.1kDLBCL.DLBCL.SL99065.exome_1tier.hg19.final.bam


------------ Job WrapUp ------------

Job ID:            11325753.cri16sc001
User ID:           mleukam
Job Name:          sambamba_EGAR00001588833_3935.a.1kDLBCL.DLBCL.SL99065.exome_1tier.hg19.final.bam
Queue Name:        express
Working Directory: /home/mleukam/pbs
Resource List:     walltime=03:00:00,nodes=1:ppn=1,mem=4gb,neednodes=1:ppn=1
Resources Used:    cput=00:38:14,vmem=4080028kb,walltime=00:38:17,mem=1760844kb,energy_used=0
Exit Code:         0
Mother Superior:   cri16cn045

Execution Nodes: 
cri16cn045


