index for EGAR00001588471_3471.a.1kDLBCL.DLBCL.SL104216.exome_1tier.hg19.final.bam complete
finding positions of the duplicate reads in the file...
  sorted 11042334 end pairs
     and 289867 single ends (among them 0 unmatched pairs)
  collecting indices of duplicate reads...   done in 16482 ms
  found 4776034 duplicates
collected list of positions in 7 min 19 sec
removing duplicates...
total time elapsed: 29 min 27 sec
low quality reads removed from EGAR00001588471_3471.a.1kDLBCL.DLBCL.SL104216.exome_1tier.hg19.final.bam
duplicates removed from EGAR00001588471_3471.a.1kDLBCL.DLBCL.SL104216.exome_1tier.hg19.final.bam
script complete for EGAR00001588471_3471.a.1kDLBCL.DLBCL.SL104216.exome_1tier.hg19.final.bam


------------ Job WrapUp ------------

Job ID:            11325385.cri16sc001
User ID:           mleukam
Job Name:          sambamba_EGAR00001588471_3471.a.1kDLBCL.DLBCL.SL104216.exome_1tier.hg19.final.bam
Queue Name:        express
Working Directory: /home/mleukam/pbs
Resource List:     walltime=03:00:00,nodes=1:ppn=1,mem=4gb,neednodes=1:ppn=1
Resources Used:    cput=00:31:11,vmem=4164204kb,walltime=00:31:15,mem=1704104kb,energy_used=0
Exit Code:         0
Mother Superior:   cri16cn014

Execution Nodes: 
cri16cn014


