index for EGAR00001588209_2637.a.1kDLBCL.DLBCL.SL85148.exome_1tier.hg19.final.bam complete
finding positions of the duplicate reads in the file...
  sorted 10356549 end pairs
     and 170662 single ends (among them 0 unmatched pairs)
  collecting indices of duplicate reads...   done in 14996 ms
  found 3116633 duplicates
collected list of positions in 6 min 46 sec
removing duplicates...
total time elapsed: 28 min 44 sec
low quality reads removed from EGAR00001588209_2637.a.1kDLBCL.DLBCL.SL85148.exome_1tier.hg19.final.bam
duplicates removed from EGAR00001588209_2637.a.1kDLBCL.DLBCL.SL85148.exome_1tier.hg19.final.bam
script complete for EGAR00001588209_2637.a.1kDLBCL.DLBCL.SL85148.exome_1tier.hg19.final.bam


------------ Job WrapUp ------------

Job ID:            11325119.cri16sc001
User ID:           mleukam
Job Name:          sambamba_EGAR00001588209_2637.a.1kDLBCL.DLBCL.SL85148.exome_1tier.hg19.final.bam
Queue Name:        express
Working Directory: /home/mleukam/pbs
Resource List:     walltime=03:00:00,nodes=1:ppn=1,mem=4gb,neednodes=1:ppn=1
Resources Used:    cput=00:30:08,vmem=4239760kb,walltime=00:30:12,mem=1614940kb,energy_used=0
Exit Code:         0
Mother Superior:   cri16cn023

Execution Nodes: 
cri16cn023


