index for EGAR00001588443_3438.a.1kDLBCL.DLBCL.SL104341.exome_1tier.hg19.final.bam complete
finding positions of the duplicate reads in the file...
  sorted 77196887 end pairs
     and 1828343 single ends (among them 0 unmatched pairs)
  collecting indices of duplicate reads...   done in 188849 ms
  found 76319141 duplicates
collected list of positions in 56 min 17 sec
removing duplicates...
total time elapsed: 178 min 16 sec
low quality reads removed from EGAR00001588443_3438.a.1kDLBCL.DLBCL.SL104341.exome_1tier.hg19.final.bam
duplicates removed from EGAR00001588443_3438.a.1kDLBCL.DLBCL.SL104341.exome_1tier.hg19.final.bam
script complete for EGAR00001588443_3438.a.1kDLBCL.DLBCL.SL104341.exome_1tier.hg19.final.bam


------------ Job WrapUp ------------

Job ID:            11325357.cri16sc001
User ID:           mleukam
Job Name:          sambamba_EGAR00001588443_3438.a.1kDLBCL.DLBCL.SL104341.exome_1tier.hg19.final.bam
Queue Name:        express
Working Directory: /home/mleukam/pbs
Resource List:     walltime=03:00:00,nodes=1:ppn=1,mem=4gb,neednodes=1:ppn=1
Resources Used:    cput=03:08:36,vmem=4409920kb,walltime=03:08:57,mem=2634868kb,energy_used=0
Exit Code:         0
Mother Superior:   cri16cn055

Execution Nodes: 
cri16cn055


