index for EGAR00001588563_3597.a.1kDLBCL.DLBCL.SL99489.exome_1tier.hg19.final.bam complete
finding positions of the duplicate reads in the file...
  sorted 6665904 end pairs
     and 160026 single ends (among them 0 unmatched pairs)
  collecting indices of duplicate reads...   done in 9627 ms
  found 1518698 duplicates
collected list of positions in 4 min 46 sec
removing duplicates...
sambamba-markdup: Unable to write to stream
sambamba-view: Error reading BGZF block starting from offset 0: stream error: not enough data in stream


------------ Job WrapUp ------------

Job ID:            11325479.cri16sc001
User ID:           mleukam
Job Name:          sambamba_EGAR00001588563_3597.a.1kDLBCL.DLBCL.SL99489.exome_1tier.hg19.final.bam
Queue Name:        express
Working Directory: /home/mleukam/pbs
Resource List:     walltime=03:00:00,nodes=1:ppn=1,mem=4gb,neednodes=1:ppn=1
Resources Used:    cput=00:07:19,vmem=3881216kb,walltime=00:07:21,mem=1279948kb,energy_used=0
Exit Code:         0
Mother Superior:   cri16cn039

Execution Nodes: 
cri16cn039


