index for EGAR00001588826_3928.a.1kDLBCL.DLBCL.SL98677.exome_1tier.hg19.final.bam complete
finding positions of the duplicate reads in the file...
  sorted 13048384 end pairs
     and 208642 single ends (among them 0 unmatched pairs)
  collecting indices of duplicate reads...   done in 19118 ms
  found 4924184 duplicates
collected list of positions in 8 min 32 sec
removing duplicates...
total time elapsed: 32 min 42 sec
low quality reads removed from EGAR00001588826_3928.a.1kDLBCL.DLBCL.SL98677.exome_1tier.hg19.final.bam
duplicates removed from EGAR00001588826_3928.a.1kDLBCL.DLBCL.SL98677.exome_1tier.hg19.final.bam
script complete for EGAR00001588826_3928.a.1kDLBCL.DLBCL.SL98677.exome_1tier.hg19.final.bam


------------ Job WrapUp ------------

Job ID:            11325746.cri16sc001
User ID:           mleukam
Job Name:          sambamba_EGAR00001588826_3928.a.1kDLBCL.DLBCL.SL98677.exome_1tier.hg19.final.bam
Queue Name:        express
Working Directory: /home/mleukam/pbs
Resource List:     walltime=03:00:00,nodes=1:ppn=1,mem=4gb,neednodes=1:ppn=1
Resources Used:    cput=00:34:42,vmem=4299308kb,walltime=00:34:45,mem=1724832kb,energy_used=0
Exit Code:         0
Mother Superior:   cri16cn023

Execution Nodes: 
cri16cn023


