index for EGAR00001588863_3966.a.1kDLBCL.DLBCL.SL98865.exome_1tier.hg19.final.bam complete
finding positions of the duplicate reads in the file...
  sorted 7969237 end pairs
     and 163419 single ends (among them 0 unmatched pairs)
  collecting indices of duplicate reads...   done in 11814 ms
  found 3591883 duplicates
collected list of positions in 5 min 28 sec
removing duplicates...
total time elapsed: 23 min 13 sec
low quality reads removed from EGAR00001588863_3966.a.1kDLBCL.DLBCL.SL98865.exome_1tier.hg19.final.bam
duplicates removed from EGAR00001588863_3966.a.1kDLBCL.DLBCL.SL98865.exome_1tier.hg19.final.bam
script complete for EGAR00001588863_3966.a.1kDLBCL.DLBCL.SL98865.exome_1tier.hg19.final.bam


------------ Job WrapUp ------------

Job ID:            11325784.cri16sc001
User ID:           mleukam
Job Name:          sambamba_EGAR00001588863_3966.a.1kDLBCL.DLBCL.SL98865.exome_1tier.hg19.final.bam
Queue Name:        express
Working Directory: /home/mleukam/pbs
Resource List:     walltime=03:00:00,nodes=1:ppn=1,mem=4gb,neednodes=1:ppn=1
Resources Used:    cput=00:24:19,vmem=4323008kb,walltime=00:24:22,mem=1633760kb,energy_used=0
Exit Code:         0
Mother Superior:   cri16cn072

Execution Nodes: 
cri16cn072


