index for EGAR00001587959_2111.a.1kDLBCL.DLBCL.SL84122.exome_1tier.hg19.final.bam complete
finding positions of the duplicate reads in the file...
  sorted 13396549 end pairs
     and 307235 single ends (among them 0 unmatched pairs)
  collecting indices of duplicate reads...   done in 19465 ms
  found 2459940 duplicates
collected list of positions in 9 min 16 sec
removing duplicates...
total time elapsed: 39 min 49 sec
low quality reads removed from EGAR00001587959_2111.a.1kDLBCL.DLBCL.SL84122.exome_1tier.hg19.final.bam
duplicates removed from EGAR00001587959_2111.a.1kDLBCL.DLBCL.SL84122.exome_1tier.hg19.final.bam
script complete for EGAR00001587959_2111.a.1kDLBCL.DLBCL.SL84122.exome_1tier.hg19.final.bam


------------ Job WrapUp ------------

Job ID:            11324865.cri16sc001
User ID:           mleukam
Job Name:          sambamba_EGAR00001587959_2111.a.1kDLBCL.DLBCL.SL84122.exome_1tier.hg19.final.bam
Queue Name:        express
Working Directory: /home/mleukam/pbs
Resource List:     walltime=03:00:00,nodes=1:ppn=1,mem=4gb,neednodes=1:ppn=1
Resources Used:    cput=00:41:58,vmem=4225236kb,walltime=00:42:04,mem=1885196kb,energy_used=0
Exit Code:         0
Mother Superior:   cri16cn074

Execution Nodes: 
cri16cn074


