index for EGAR00001588542_3560.a.1kDLBCL.DLBCL.SL89851.exome_1tier.hg19.final.bam complete
finding positions of the duplicate reads in the file...
  sorted 16692562 end pairs
     and 527641 single ends (among them 0 unmatched pairs)
  collecting indices of duplicate reads...   done in 24815 ms
  found 5915388 duplicates
collected list of positions in 10 min 54 sec
removing duplicates...
total time elapsed: 46 min 32 sec
low quality reads removed from EGAR00001588542_3560.a.1kDLBCL.DLBCL.SL89851.exome_1tier.hg19.final.bam
duplicates removed from EGAR00001588542_3560.a.1kDLBCL.DLBCL.SL89851.exome_1tier.hg19.final.bam
script complete for EGAR00001588542_3560.a.1kDLBCL.DLBCL.SL89851.exome_1tier.hg19.final.bam


------------ Job WrapUp ------------

Job ID:            11325457.cri16sc001
User ID:           mleukam
Job Name:          sambamba_EGAR00001588542_3560.a.1kDLBCL.DLBCL.SL89851.exome_1tier.hg19.final.bam
Queue Name:        express
Working Directory: /home/mleukam/pbs
Resource List:     walltime=03:00:00,nodes=1:ppn=1,mem=4gb,neednodes=1:ppn=1
Resources Used:    cput=00:48:41,vmem=4290256kb,walltime=00:48:45,mem=1844964kb,energy_used=0
Exit Code:         0
Mother Superior:   cri16cn006

Execution Nodes: 
cri16cn006


