index for EGAR00001588686_3739.a.1kDLBCL.DLBCL.SL96247.exome_1tier.hg19.final.bam complete
finding positions of the duplicate reads in the file...
  sorted 16277729 end pairs
     and 245324 single ends (among them 0 unmatched pairs)
  collecting indices of duplicate reads...   done in 24934 ms
  found 4862167 duplicates
collected list of positions in 12 min 57 sec
removing duplicates...
total time elapsed: 50 min 38 sec
low quality reads removed from EGAR00001588686_3739.a.1kDLBCL.DLBCL.SL96247.exome_1tier.hg19.final.bam
duplicates removed from EGAR00001588686_3739.a.1kDLBCL.DLBCL.SL96247.exome_1tier.hg19.final.bam
script complete for EGAR00001588686_3739.a.1kDLBCL.DLBCL.SL96247.exome_1tier.hg19.final.bam


------------ Job WrapUp ------------

Job ID:            11325604.cri16sc001
User ID:           mleukam
Job Name:          sambamba_EGAR00001588686_3739.a.1kDLBCL.DLBCL.SL96247.exome_1tier.hg19.final.bam
Queue Name:        express
Working Directory: /home/mleukam/pbs
Resource List:     walltime=03:00:00,nodes=1:ppn=1,mem=4gb,neednodes=1:ppn=1
Resources Used:    cput=00:52:49,vmem=4073512kb,walltime=00:52:56,mem=1850340kb,energy_used=0
Exit Code:         0
Mother Superior:   cri16cn007

Execution Nodes: 
cri16cn007


