index for EGAR00001588268_2727.a.1kDLBCL.DLBCL.SL78814.exome_1tier.hg19.final.bam complete
finding positions of the duplicate reads in the file...
  sorted 16931870 end pairs
     and 301830 single ends (among them 0 unmatched pairs)
  collecting indices of duplicate reads...   done in 29301 ms
  found 2317253 duplicates
collected list of positions in 11 min 50 sec
removing duplicates...
sambamba-markdup: Unable to write to stream
sambamba-view: Error reading BGZF block starting from offset 0: stream error: not enough data in stream


------------ Job WrapUp ------------

Job ID:            11325179.cri16sc001
User ID:           mleukam
Job Name:          sambamba_EGAR00001588268_2727.a.1kDLBCL.DLBCL.SL78814.exome_1tier.hg19.final.bam
Queue Name:        express
Working Directory: /home/mleukam/pbs
Resource List:     walltime=03:00:00,nodes=1:ppn=1,mem=4gb,neednodes=1:ppn=1
Resources Used:    cput=00:40:07,vmem=4260156kb,walltime=00:40:15,mem=1722936kb,energy_used=0
Exit Code:         0
Mother Superior:   cri16cn008

Execution Nodes: 
cri16cn008


