index for EGAR00001588703_3757.a.1kDLBCL.DLBCL.SL104756_SL104211.exome_1tier.hg19.final.bam complete
finding positions of the duplicate reads in the file...
  sorted 26592595 end pairs
     and 698074 single ends (among them 0 unmatched pairs)
  collecting indices of duplicate reads...   done in 48192 ms
  found 26459913 duplicates
collected list of positions in 17 min 38 sec
removing duplicates...
total time elapsed: 57 min 44 sec
low quality reads removed from EGAR00001588703_3757.a.1kDLBCL.DLBCL.SL104756_SL104211.exome_1tier.hg19.final.bam
duplicates removed from EGAR00001588703_3757.a.1kDLBCL.DLBCL.SL104756_SL104211.exome_1tier.hg19.final.bam
script complete for EGAR00001588703_3757.a.1kDLBCL.DLBCL.SL104756_SL104211.exome_1tier.hg19.final.bam


------------ Job WrapUp ------------

Job ID:            11325621.cri16sc001
User ID:           mleukam
Job Name:          sambamba_EGAR00001588703_3757.a.1kDLBCL.DLBCL.SL104756_SL104211.exome_1tier.hg19.final.bam
Queue Name:        express
Working Directory: /home/mleukam/pbs
Resource List:     walltime=03:00:00,nodes=1:ppn=1,mem=4gb,neednodes=1:ppn=1
Resources Used:    cput=01:01:03,vmem=4318212kb,walltime=01:01:09,mem=2227904kb,energy_used=0
Exit Code:         0
Mother Superior:   cri16cn076

Execution Nodes: 
cri16cn076


