index for EGAR00001588741_3823.a.1kDLBCL.DLBCL.SL103120.exome_1tier.hg19.final.bam complete
finding positions of the duplicate reads in the file...
  sorted 18169612 end pairs
     and 414342 single ends (among them 0 unmatched pairs)
  collecting indices of duplicate reads...   done in 32549 ms
  found 4260497 duplicates
collected list of positions in 13 min 42 sec
removing duplicates...
total time elapsed: 54 min 26 sec
low quality reads removed from EGAR00001588741_3823.a.1kDLBCL.DLBCL.SL103120.exome_1tier.hg19.final.bam
duplicates removed from EGAR00001588741_3823.a.1kDLBCL.DLBCL.SL103120.exome_1tier.hg19.final.bam
script complete for EGAR00001588741_3823.a.1kDLBCL.DLBCL.SL103120.exome_1tier.hg19.final.bam


------------ Job WrapUp ------------

Job ID:            11325659.cri16sc001
User ID:           mleukam
Job Name:          sambamba_EGAR00001588741_3823.a.1kDLBCL.DLBCL.SL103120.exome_1tier.hg19.final.bam
Queue Name:        express
Working Directory: /home/mleukam/pbs
Resource List:     walltime=03:00:00,nodes=1:ppn=1,mem=4gb,neednodes=1:ppn=1
Resources Used:    cput=00:57:04,vmem=4306764kb,walltime=00:57:10,mem=2113572kb,energy_used=0
Exit Code:         0
Mother Superior:   cri16cn046

Execution Nodes: 
cri16cn046


