index for EGAR00001588653_3700.a.1kDLBCL.DLBCL.SL96150.exome_1tier.hg19.final.bam complete
finding positions of the duplicate reads in the file...
  sorted 10894326 end pairs
     and 193517 single ends (among them 0 unmatched pairs)
  collecting indices of duplicate reads...   done in 16600 ms
  found 4177908 duplicates
collected list of positions in 9 min 5 sec
removing duplicates...
total time elapsed: 34 min 28 sec
low quality reads removed from EGAR00001588653_3700.a.1kDLBCL.DLBCL.SL96150.exome_1tier.hg19.final.bam
duplicates removed from EGAR00001588653_3700.a.1kDLBCL.DLBCL.SL96150.exome_1tier.hg19.final.bam
script complete for EGAR00001588653_3700.a.1kDLBCL.DLBCL.SL96150.exome_1tier.hg19.final.bam


------------ Job WrapUp ------------

Job ID:            11325571.cri16sc001
User ID:           mleukam
Job Name:          sambamba_EGAR00001588653_3700.a.1kDLBCL.DLBCL.SL96150.exome_1tier.hg19.final.bam
Queue Name:        express
Working Directory: /home/mleukam/pbs
Resource List:     walltime=03:00:00,nodes=1:ppn=1,mem=4gb,neednodes=1:ppn=1
Resources Used:    cput=00:36:03,vmem=4070220kb,walltime=00:36:06,mem=1635200kb,energy_used=0
Exit Code:         0
Mother Superior:   cri16cn061

Execution Nodes: 
cri16cn061


