index for EGAR00001588055_2241.a.1kDLBCL.DLBCL.SL84734_SL85055.exome_1tier.hg19.final.bam complete
finding positions of the duplicate reads in the file...
  sorted 10616845 end pairs
     and 215931 single ends (among them 0 unmatched pairs)
  collecting indices of duplicate reads...   done in 15425 ms
  found 2790741 duplicates
collected list of positions in 8 min 1 sec
removing duplicates...
total time elapsed: 40 min 37 sec
low quality reads removed from EGAR00001588055_2241.a.1kDLBCL.DLBCL.SL84734_SL85055.exome_1tier.hg19.final.bam
duplicates removed from EGAR00001588055_2241.a.1kDLBCL.DLBCL.SL84734_SL85055.exome_1tier.hg19.final.bam
script complete for EGAR00001588055_2241.a.1kDLBCL.DLBCL.SL84734_SL85055.exome_1tier.hg19.final.bam


------------ Job WrapUp ------------

Job ID:            11324963.cri16sc001
User ID:           mleukam
Job Name:          sambamba_EGAR00001588055_2241.a.1kDLBCL.DLBCL.SL84734_SL85055.exome_1tier.hg19.final.bam
Queue Name:        express
Working Directory: /home/mleukam/pbs
Resource List:     walltime=03:00:00,nodes=1:ppn=1,mem=4gb,neednodes=1:ppn=1
Resources Used:    cput=00:42:21,vmem=4240640kb,walltime=00:42:26,mem=1787728kb,energy_used=0
Exit Code:         0
Mother Superior:   cri16cn010

Execution Nodes: 
cri16cn010


