index for EGAR00001588434_3424.a.1kDLBCL.DLBCL.SL84721_SL85541.exome_1tier.hg19.final.bam complete
finding positions of the duplicate reads in the file...
  sorted 11051886 end pairs
     and 167322 single ends (among them 0 unmatched pairs)
  collecting indices of duplicate reads...   done in 19140 ms
  found 16254604 duplicates
collected list of positions in 7 min 25 sec
removing duplicates...
total time elapsed: 19 min 2 sec
low quality reads removed from EGAR00001588434_3424.a.1kDLBCL.DLBCL.SL84721_SL85541.exome_1tier.hg19.final.bam
duplicates removed from EGAR00001588434_3424.a.1kDLBCL.DLBCL.SL84721_SL85541.exome_1tier.hg19.final.bam
script complete for EGAR00001588434_3424.a.1kDLBCL.DLBCL.SL84721_SL85541.exome_1tier.hg19.final.bam


------------ Job WrapUp ------------

Job ID:            11325348.cri16sc001
User ID:           mleukam
Job Name:          sambamba_EGAR00001588434_3424.a.1kDLBCL.DLBCL.SL84721_SL85541.exome_1tier.hg19.final.bam
Queue Name:        express
Working Directory: /home/mleukam/pbs
Resource List:     walltime=03:00:00,nodes=1:ppn=1,mem=4gb,neednodes=1:ppn=1
Resources Used:    cput=00:20:34,vmem=4156756kb,walltime=00:20:37,mem=1745720kb,energy_used=0
Exit Code:         0
Mother Superior:   cri16cn064

Execution Nodes: 
cri16cn064


