index for EGAR00001588237_2676.a.1kDLBCL.DLBCL.SL85630.exome_1tier.hg19.final.bam complete
finding positions of the duplicate reads in the file...
  sorted 12434981 end pairs
     and 259712 single ends (among them 0 unmatched pairs)
  collecting indices of duplicate reads...   done in 17990 ms
  found 2504161 duplicates
collected list of positions in 8 min 27 sec
removing duplicates...
total time elapsed: 36 min 23 sec
low quality reads removed from EGAR00001588237_2676.a.1kDLBCL.DLBCL.SL85630.exome_1tier.hg19.final.bam
duplicates removed from EGAR00001588237_2676.a.1kDLBCL.DLBCL.SL85630.exome_1tier.hg19.final.bam
script complete for EGAR00001588237_2676.a.1kDLBCL.DLBCL.SL85630.exome_1tier.hg19.final.bam


------------ Job WrapUp ------------

Job ID:            11325147.cri16sc001
User ID:           mleukam
Job Name:          sambamba_EGAR00001588237_2676.a.1kDLBCL.DLBCL.SL85630.exome_1tier.hg19.final.bam
Queue Name:        express
Working Directory: /home/mleukam/pbs
Resource List:     walltime=03:00:00,nodes=1:ppn=1,mem=4gb,neednodes=1:ppn=1
Resources Used:    cput=00:37:58,vmem=4251628kb,walltime=00:38:05,mem=1863740kb,energy_used=0
Exit Code:         0
Mother Superior:   cri16cn047

Execution Nodes: 
cri16cn047


