index for EGAR00001588411_3390.a.1kDLBCL.DLBCL.SL71888.exome_1tier.hg19.final.bam complete
finding positions of the duplicate reads in the file...
  sorted 11366950 end pairs
     and 355907 single ends (among them 0 unmatched pairs)
  collecting indices of duplicate reads...   done in 16360 ms
  found 1784138 duplicates
collected list of positions in 8 min 43 sec
removing duplicates...
total time elapsed: 37 min 5 sec
low quality reads removed from EGAR00001588411_3390.a.1kDLBCL.DLBCL.SL71888.exome_1tier.hg19.final.bam
duplicates removed from EGAR00001588411_3390.a.1kDLBCL.DLBCL.SL71888.exome_1tier.hg19.final.bam
script complete for EGAR00001588411_3390.a.1kDLBCL.DLBCL.SL71888.exome_1tier.hg19.final.bam


------------ Job WrapUp ------------

Job ID:            11325325.cri16sc001
User ID:           mleukam
Job Name:          sambamba_EGAR00001588411_3390.a.1kDLBCL.DLBCL.SL71888.exome_1tier.hg19.final.bam
Queue Name:        express
Working Directory: /home/mleukam/pbs
Resource List:     walltime=03:00:00,nodes=1:ppn=1,mem=4gb,neednodes=1:ppn=1
Resources Used:    cput=00:38:42,vmem=4262352kb,walltime=00:38:46,mem=1838576kb,energy_used=0
Exit Code:         0
Mother Superior:   cri16cn080

Execution Nodes: 
cri16cn080


