index for EGAR00001588464_3462.a.1kDLBCL.DLBCL.SL85351.exome_1tier.hg19.final.bam complete
finding positions of the duplicate reads in the file...
  sorted 14492038 end pairs
     and 260291 single ends (among them 0 unmatched pairs)
  collecting indices of duplicate reads...   done in 22832 ms
  found 12139294 duplicates
collected list of positions in 9 min 48 sec
removing duplicates...
total time elapsed: 33 min 51 sec
low quality reads removed from EGAR00001588464_3462.a.1kDLBCL.DLBCL.SL85351.exome_1tier.hg19.final.bam
duplicates removed from EGAR00001588464_3462.a.1kDLBCL.DLBCL.SL85351.exome_1tier.hg19.final.bam
script complete for EGAR00001588464_3462.a.1kDLBCL.DLBCL.SL85351.exome_1tier.hg19.final.bam


------------ Job WrapUp ------------

Job ID:            11325379.cri16sc001
User ID:           mleukam
Job Name:          sambamba_EGAR00001588464_3462.a.1kDLBCL.DLBCL.SL85351.exome_1tier.hg19.final.bam
Queue Name:        express
Working Directory: /home/mleukam/pbs
Resource List:     walltime=03:00:00,nodes=1:ppn=1,mem=4gb,neednodes=1:ppn=1
Resources Used:    cput=00:35:59,vmem=4235084kb,walltime=00:36:03,mem=1943568kb,energy_used=0
Exit Code:         0
Mother Superior:   cri16cn058

Execution Nodes: 
cri16cn058


