index for EGAR00001588865_3968.a.1kDLBCL.DLBCL.SL98681.exome_1tier.hg19.final.bam complete
finding positions of the duplicate reads in the file...
  sorted 13967129 end pairs
     and 309934 single ends (among them 0 unmatched pairs)
  collecting indices of duplicate reads...   done in 20588 ms
  found 5099124 duplicates
collected list of positions in 9 min 56 sec
removing duplicates...
total time elapsed: 41 min 42 sec
low quality reads removed from EGAR00001588865_3968.a.1kDLBCL.DLBCL.SL98681.exome_1tier.hg19.final.bam
duplicates removed from EGAR00001588865_3968.a.1kDLBCL.DLBCL.SL98681.exome_1tier.hg19.final.bam
script complete for EGAR00001588865_3968.a.1kDLBCL.DLBCL.SL98681.exome_1tier.hg19.final.bam


------------ Job WrapUp ------------

Job ID:            11325786.cri16sc001
User ID:           mleukam
Job Name:          sambamba_EGAR00001588865_3968.a.1kDLBCL.DLBCL.SL98681.exome_1tier.hg19.final.bam
Queue Name:        express
Working Directory: /home/mleukam/pbs
Resource List:     walltime=03:00:00,nodes=1:ppn=1,mem=4gb,neednodes=1:ppn=1
Resources Used:    cput=00:43:54,vmem=4093168kb,walltime=00:43:58,mem=1762768kb,energy_used=0
Exit Code:         0
Mother Superior:   cri16cn034

Execution Nodes: 
cri16cn034


