index for EGAR00001587988_2148.a.1kDLBCL.DLBCL.SL90592_SL84501.exome_1tier.hg19.final.bam complete
finding positions of the duplicate reads in the file...
  sorted 21969724 end pairs
     and 428554 single ends (among them 0 unmatched pairs)
  collecting indices of duplicate reads...   done in 39146 ms
  found 5085001 duplicates
collected list of positions in 15 min 18 sec
removing duplicates...
total time elapsed: 66 min 16 sec
low quality reads removed from EGAR00001587988_2148.a.1kDLBCL.DLBCL.SL90592_SL84501.exome_1tier.hg19.final.bam
duplicates removed from EGAR00001587988_2148.a.1kDLBCL.DLBCL.SL90592_SL84501.exome_1tier.hg19.final.bam
script complete for EGAR00001587988_2148.a.1kDLBCL.DLBCL.SL90592_SL84501.exome_1tier.hg19.final.bam


------------ Job WrapUp ------------

Job ID:            11324894.cri16sc001
User ID:           mleukam
Job Name:          sambamba_EGAR00001587988_2148.a.1kDLBCL.DLBCL.SL90592_SL84501.exome_1tier.hg19.final.bam
Queue Name:        express
Working Directory: /home/mleukam/pbs
Resource List:     walltime=03:00:00,nodes=1:ppn=1,mem=4gb,neednodes=1:ppn=1
Resources Used:    cput=01:09:05,vmem=4267396kb,walltime=01:09:17,mem=2029476kb,energy_used=0
Exit Code:         0
Mother Superior:   cri16cn036

Execution Nodes: 
cri16cn036


