index for EGAR00001588726_3785.a.1kDLBCL.DLBCL.SL102982.exome_1tier.hg19.final.bam complete
finding positions of the duplicate reads in the file...
  sorted 28998243 end pairs
     and 1011334 single ends (among them 0 unmatched pairs)
  collecting indices of duplicate reads...   done in 48320 ms
  found 11259999 duplicates
collected list of positions in 20 min 2 sec
removing duplicates...
total time elapsed: 79 min 25 sec
low quality reads removed from EGAR00001588726_3785.a.1kDLBCL.DLBCL.SL102982.exome_1tier.hg19.final.bam
duplicates removed from EGAR00001588726_3785.a.1kDLBCL.DLBCL.SL102982.exome_1tier.hg19.final.bam
script complete for EGAR00001588726_3785.a.1kDLBCL.DLBCL.SL102982.exome_1tier.hg19.final.bam


------------ Job WrapUp ------------

Job ID:            11325645.cri16sc001
User ID:           mleukam
Job Name:          sambamba_EGAR00001588726_3785.a.1kDLBCL.DLBCL.SL102982.exome_1tier.hg19.final.bam
Queue Name:        express
Working Directory: /home/mleukam/pbs
Resource List:     walltime=03:00:00,nodes=1:ppn=1,mem=4gb,neednodes=1:ppn=1
Resources Used:    cput=01:23:30,vmem=4347540kb,walltime=01:23:39,mem=2273228kb,energy_used=0
Exit Code:         0
Mother Superior:   cri16cn007

Execution Nodes: 
cri16cn007


