index for EGAR00001587899_684.a.FFPE-Frozen_1kDLBCL.DLBCL.SL85064.exome_1tier.hg19.final.bam complete
finding positions of the duplicate reads in the file...
  sorted 25926946 end pairs
     and 383778 single ends (among them 0 unmatched pairs)
  collecting indices of duplicate reads...   done in 44945 ms
  found 7430438 duplicates
collected list of positions in 19 min 12 sec
removing duplicates...
total time elapsed: 75 min 19 sec
low quality reads removed from EGAR00001587899_684.a.FFPE-Frozen_1kDLBCL.DLBCL.SL85064.exome_1tier.hg19.final.bam
duplicates removed from EGAR00001587899_684.a.FFPE-Frozen_1kDLBCL.DLBCL.SL85064.exome_1tier.hg19.final.bam
script complete for EGAR00001587899_684.a.FFPE-Frozen_1kDLBCL.DLBCL.SL85064.exome_1tier.hg19.final.bam


------------ Job WrapUp ------------

Job ID:            11324804.cri16sc001
User ID:           mleukam
Job Name:          sambamba_EGAR00001587899_684.a.FFPE-Frozen_1kDLBCL.DLBCL.SL85064.exome_1tier.hg19.final.bam
Queue Name:        express
Working Directory: /home/mleukam/pbs
Resource List:     walltime=03:00:00,nodes=1:ppn=1,mem=4gb,neednodes=1:ppn=1
Resources Used:    cput=01:19:13,vmem=4165220kb,walltime=01:19:27,mem=2006404kb,energy_used=0
Exit Code:         0
Mother Superior:   cri16cn026

Execution Nodes: 
cri16cn026


