index for EGAR00001588191_2612.a.1kDLBCL.DLBCL.SL89629.exome_1tier.hg19.final.bam complete
finding positions of the duplicate reads in the file...
  sorted 15357377 end pairs
     and 377724 single ends (among them 0 unmatched pairs)
  collecting indices of duplicate reads...   done in 22631 ms
  found 5293787 duplicates
collected list of positions in 10 min 54 sec
removing duplicates...
total time elapsed: 44 min 24 sec
low quality reads removed from EGAR00001588191_2612.a.1kDLBCL.DLBCL.SL89629.exome_1tier.hg19.final.bam
duplicates removed from EGAR00001588191_2612.a.1kDLBCL.DLBCL.SL89629.exome_1tier.hg19.final.bam
script complete for EGAR00001588191_2612.a.1kDLBCL.DLBCL.SL89629.exome_1tier.hg19.final.bam


------------ Job WrapUp ------------

Job ID:            11325100.cri16sc001
User ID:           mleukam
Job Name:          sambamba_EGAR00001588191_2612.a.1kDLBCL.DLBCL.SL89629.exome_1tier.hg19.final.bam
Queue Name:        express
Working Directory: /home/mleukam/pbs
Resource List:     walltime=03:00:00,nodes=1:ppn=1,mem=4gb,neednodes=1:ppn=1
Resources Used:    cput=00:46:36,vmem=4291404kb,walltime=00:46:42,mem=2053244kb,energy_used=0
Exit Code:         0
Mother Superior:   cri16cn080

Execution Nodes: 
cri16cn080


