index for EGAR00001588604_3644.a.1kDLBCL.DLBCL.SL95955.exome_1tier.hg19.final.bam complete
finding positions of the duplicate reads in the file...
  sorted 15332309 end pairs
     and 389492 single ends (among them 0 unmatched pairs)
  collecting indices of duplicate reads...   done in 23003 ms
  found 5311511 duplicates
collected list of positions in 11 min 47 sec
removing duplicates...
total time elapsed: 50 min 16 sec
low quality reads removed from EGAR00001588604_3644.a.1kDLBCL.DLBCL.SL95955.exome_1tier.hg19.final.bam
duplicates removed from EGAR00001588604_3644.a.1kDLBCL.DLBCL.SL95955.exome_1tier.hg19.final.bam
script complete for EGAR00001588604_3644.a.1kDLBCL.DLBCL.SL95955.exome_1tier.hg19.final.bam


------------ Job WrapUp ------------

Job ID:            11325521.cri16sc001
User ID:           mleukam
Job Name:          sambamba_EGAR00001588604_3644.a.1kDLBCL.DLBCL.SL95955.exome_1tier.hg19.final.bam
Queue Name:        express
Working Directory: /home/mleukam/pbs
Resource List:     walltime=03:00:00,nodes=1:ppn=1,mem=4gb,neednodes=1:ppn=1
Resources Used:    cput=00:52:43,vmem=4395312kb,walltime=00:52:47,mem=2137788kb,energy_used=0
Exit Code:         0
Mother Superior:   cri16cn018

Execution Nodes: 
cri16cn018


