index for EGAR00001588408_3387.a.1kDLBCL.DLBCL.SL72339.exome_1tier.hg19.final.bam complete
finding positions of the duplicate reads in the file...
  sorted 13587160 end pairs
     and 434756 single ends (among them 0 unmatched pairs)
  collecting indices of duplicate reads...   done in 19642 ms
  found 2319645 duplicates
collected list of positions in 9 min 24 sec
removing duplicates...
total time elapsed: 42 min 24 sec
low quality reads removed from EGAR00001588408_3387.a.1kDLBCL.DLBCL.SL72339.exome_1tier.hg19.final.bam
duplicates removed from EGAR00001588408_3387.a.1kDLBCL.DLBCL.SL72339.exome_1tier.hg19.final.bam
script complete for EGAR00001588408_3387.a.1kDLBCL.DLBCL.SL72339.exome_1tier.hg19.final.bam


------------ Job WrapUp ------------

Job ID:            11325322.cri16sc001
User ID:           mleukam
Job Name:          sambamba_EGAR00001588408_3387.a.1kDLBCL.DLBCL.SL72339.exome_1tier.hg19.final.bam
Queue Name:        express
Working Directory: /home/mleukam/pbs
Resource List:     walltime=03:00:00,nodes=1:ppn=1,mem=4gb,neednodes=1:ppn=1
Resources Used:    cput=00:44:14,vmem=4385832kb,walltime=00:44:20,mem=1854132kb,energy_used=0
Exit Code:         0
Mother Superior:   cri16cn009

Execution Nodes: 
cri16cn009


