index for EGAR00001587970_2126.a.1kDLBCL.DLBCL.SL84021.exome_1tier.hg19.final.bam complete
finding positions of the duplicate reads in the file...
  sorted 2542392 end pairs
     and 63230 single ends (among them 0 unmatched pairs)
  collecting indices of duplicate reads...   done in 3675 ms
  found 513436 duplicates
collected list of positions in 2 min 3 sec
removing duplicates...
total time elapsed: 11 min 21 sec
low quality reads removed from EGAR00001587970_2126.a.1kDLBCL.DLBCL.SL84021.exome_1tier.hg19.final.bam
duplicates removed from EGAR00001587970_2126.a.1kDLBCL.DLBCL.SL84021.exome_1tier.hg19.final.bam
script complete for EGAR00001587970_2126.a.1kDLBCL.DLBCL.SL84021.exome_1tier.hg19.final.bam


------------ Job WrapUp ------------

Job ID:            11324876.cri16sc001
User ID:           mleukam
Job Name:          sambamba_EGAR00001587970_2126.a.1kDLBCL.DLBCL.SL84021.exome_1tier.hg19.final.bam
Queue Name:        express
Working Directory: /home/mleukam/pbs
Resource List:     walltime=03:00:00,nodes=1:ppn=1,mem=4gb,neednodes=1:ppn=1
Resources Used:    cput=00:11:59,vmem=4233884kb,walltime=00:12:04,mem=1405324kb,energy_used=0
Exit Code:         0
Mother Superior:   cri16cn088

Execution Nodes: 
cri16cn088


