index for EGAR00001588158_2560.a.1kDLBCL.DLBCL.SL105884.exome_1tier.hg19.final.bam complete
finding positions of the duplicate reads in the file...
  sorted 16886220 end pairs
     and 473956 single ends (among them 0 unmatched pairs)
  collecting indices of duplicate reads...   done in 30321 ms
  found 8631656 duplicates
collected list of positions in 12 min 0 sec
removing duplicates...
total time elapsed: 45 min 19 sec
low quality reads removed from EGAR00001588158_2560.a.1kDLBCL.DLBCL.SL105884.exome_1tier.hg19.final.bam
duplicates removed from EGAR00001588158_2560.a.1kDLBCL.DLBCL.SL105884.exome_1tier.hg19.final.bam
script complete for EGAR00001588158_2560.a.1kDLBCL.DLBCL.SL105884.exome_1tier.hg19.final.bam


------------ Job WrapUp ------------

Job ID:            11325067.cri16sc001
User ID:           mleukam
Job Name:          sambamba_EGAR00001588158_2560.a.1kDLBCL.DLBCL.SL105884.exome_1tier.hg19.final.bam
Queue Name:        express
Working Directory: /home/mleukam/pbs
Resource List:     walltime=03:00:00,nodes=1:ppn=1,mem=4gb,neednodes=1:ppn=1
Resources Used:    cput=00:47:37,vmem=4306764kb,walltime=00:47:43,mem=2111488kb,energy_used=0
Exit Code:         0
Mother Superior:   cri16cn059

Execution Nodes: 
cri16cn059


