index for EGAR00001588601_3640.a.1kDLBCL.DLBCL.SL100082.exome_1tier.hg19.final.bam complete
finding positions of the duplicate reads in the file...
  sorted 9240567 end pairs
     and 235727 single ends (among them 0 unmatched pairs)
  collecting indices of duplicate reads...   done in 13815 ms
  found 3236234 duplicates
collected list of positions in 6 min 6 sec
removing duplicates...
total time elapsed: 25 min 0 sec
low quality reads removed from EGAR00001588601_3640.a.1kDLBCL.DLBCL.SL100082.exome_1tier.hg19.final.bam
duplicates removed from EGAR00001588601_3640.a.1kDLBCL.DLBCL.SL100082.exome_1tier.hg19.final.bam
script complete for EGAR00001588601_3640.a.1kDLBCL.DLBCL.SL100082.exome_1tier.hg19.final.bam


------------ Job WrapUp ------------

Job ID:            11325518.cri16sc001
User ID:           mleukam
Job Name:          sambamba_EGAR00001588601_3640.a.1kDLBCL.DLBCL.SL100082.exome_1tier.hg19.final.bam
Queue Name:        express
Working Directory: /home/mleukam/pbs
Resource List:     walltime=03:00:00,nodes=1:ppn=1,mem=4gb,neednodes=1:ppn=1
Resources Used:    cput=00:26:28,vmem=4128724kb,walltime=00:26:32,mem=1610464kb,energy_used=0
Exit Code:         0
Mother Superior:   cri16cn018

Execution Nodes: 
cri16cn018


