index for EGAR00001588429_3417.a.1kDLBCL.DLBCL.SL84709_SL85254.exome_1tier.hg19.final.bam complete
finding positions of the duplicate reads in the file...
  sorted 12605281 end pairs
     and 262728 single ends (among them 0 unmatched pairs)
  collecting indices of duplicate reads...   done in 20067 ms
  found 5168240 duplicates
collected list of positions in 8 min 48 sec
removing duplicates...
total time elapsed: 34 min 7 sec
low quality reads removed from EGAR00001588429_3417.a.1kDLBCL.DLBCL.SL84709_SL85254.exome_1tier.hg19.final.bam
duplicates removed from EGAR00001588429_3417.a.1kDLBCL.DLBCL.SL84709_SL85254.exome_1tier.hg19.final.bam
script complete for EGAR00001588429_3417.a.1kDLBCL.DLBCL.SL84709_SL85254.exome_1tier.hg19.final.bam


------------ Job WrapUp ------------

Job ID:            11325343.cri16sc001
User ID:           mleukam
Job Name:          sambamba_EGAR00001588429_3417.a.1kDLBCL.DLBCL.SL84709_SL85254.exome_1tier.hg19.final.bam
Queue Name:        express
Working Directory: /home/mleukam/pbs
Resource List:     walltime=03:00:00,nodes=1:ppn=1,mem=4gb,neednodes=1:ppn=1
Resources Used:    cput=00:35:46,vmem=4302332kb,walltime=00:35:52,mem=1720160kb,energy_used=0
Exit Code:         0
Mother Superior:   cri16cn065

Execution Nodes: 
cri16cn065


