index for EGAR00001588670_3721.a.1kDLBCL.DLBCL.SL96257.exome_1tier.hg19.final.bam complete
finding positions of the duplicate reads in the file...
  sorted 14396008 end pairs
     and 249230 single ends (among them 0 unmatched pairs)
  collecting indices of duplicate reads...   done in 21030 ms
  found 4211591 duplicates
collected list of positions in 12 min 43 sec
removing duplicates...
total time elapsed: 51 min 46 sec
low quality reads removed from EGAR00001588670_3721.a.1kDLBCL.DLBCL.SL96257.exome_1tier.hg19.final.bam
duplicates removed from EGAR00001588670_3721.a.1kDLBCL.DLBCL.SL96257.exome_1tier.hg19.final.bam
script complete for EGAR00001588670_3721.a.1kDLBCL.DLBCL.SL96257.exome_1tier.hg19.final.bam


------------ Job WrapUp ------------

Job ID:            11325588.cri16sc001
User ID:           mleukam
Job Name:          sambamba_EGAR00001588670_3721.a.1kDLBCL.DLBCL.SL96257.exome_1tier.hg19.final.bam
Queue Name:        express
Working Directory: /home/mleukam/pbs
Resource List:     walltime=03:00:00,nodes=1:ppn=1,mem=4gb,neednodes=1:ppn=1
Resources Used:    cput=00:54:08,vmem=4534592kb,walltime=00:54:15,mem=2186048kb,energy_used=0
Exit Code:         0
Mother Superior:   cri16cn076

Execution Nodes: 
cri16cn076


