index for EGAR00001588606_3646.a.1kDLBCL.DLBCL.SL96051.exome_1tier.hg19.final.bam complete
finding positions of the duplicate reads in the file...
  sorted 14498599 end pairs
     and 352363 single ends (among them 0 unmatched pairs)
  collecting indices of duplicate reads...   done in 21686 ms
  found 4862943 duplicates
collected list of positions in 11 min 31 sec
removing duplicates...
total time elapsed: 50 min 26 sec
low quality reads removed from EGAR00001588606_3646.a.1kDLBCL.DLBCL.SL96051.exome_1tier.hg19.final.bam
duplicates removed from EGAR00001588606_3646.a.1kDLBCL.DLBCL.SL96051.exome_1tier.hg19.final.bam
script complete for EGAR00001588606_3646.a.1kDLBCL.DLBCL.SL96051.exome_1tier.hg19.final.bam


------------ Job WrapUp ------------

Job ID:            11325523.cri16sc001
User ID:           mleukam
Job Name:          sambamba_EGAR00001588606_3646.a.1kDLBCL.DLBCL.SL96051.exome_1tier.hg19.final.bam
Queue Name:        express
Working Directory: /home/mleukam/pbs
Resource List:     walltime=03:00:00,nodes=1:ppn=1,mem=4gb,neednodes=1:ppn=1
Resources Used:    cput=00:52:39,vmem=4460792kb,walltime=00:52:43,mem=1978696kb,energy_used=0
Exit Code:         0
Mother Superior:   cri16cn079

Execution Nodes: 
cri16cn079


