index for EGAR00001588707_3761.a.1kDLBCL.DLBCL.SL99904.exome_1tier.hg19.final.bam complete
finding positions of the duplicate reads in the file...
  sorted 9075103 end pairs
     and 256435 single ends (among them 0 unmatched pairs)
  collecting indices of duplicate reads...   done in 13748 ms
  found 3687522 duplicates
collected list of positions in 6 min 9 sec
removing duplicates...
total time elapsed: 25 min 15 sec
low quality reads removed from EGAR00001588707_3761.a.1kDLBCL.DLBCL.SL99904.exome_1tier.hg19.final.bam
duplicates removed from EGAR00001588707_3761.a.1kDLBCL.DLBCL.SL99904.exome_1tier.hg19.final.bam
script complete for EGAR00001588707_3761.a.1kDLBCL.DLBCL.SL99904.exome_1tier.hg19.final.bam


------------ Job WrapUp ------------

Job ID:            11325626.cri16sc001
User ID:           mleukam
Job Name:          sambamba_EGAR00001588707_3761.a.1kDLBCL.DLBCL.SL99904.exome_1tier.hg19.final.bam
Queue Name:        express
Working Directory: /home/mleukam/pbs
Resource List:     walltime=03:00:00,nodes=1:ppn=1,mem=4gb,neednodes=1:ppn=1
Resources Used:    cput=00:26:47,vmem=4140004kb,walltime=00:26:50,mem=1617000kb,energy_used=0
Exit Code:         0
Mother Superior:   cri16cn061

Execution Nodes: 
cri16cn061


