index for EGAR00001588896_4000.a.1kDLBCL.DLBCL.SL98688.exome_1tier.hg19.final.bam complete
finding positions of the duplicate reads in the file...
  sorted 8790585 end pairs
     and 202122 single ends (among them 0 unmatched pairs)
  collecting indices of duplicate reads...   done in 12951 ms
  found 3110607 duplicates
collected list of positions in 6 min 45 sec
removing duplicates...
total time elapsed: 31 min 26 sec
low quality reads removed from EGAR00001588896_4000.a.1kDLBCL.DLBCL.SL98688.exome_1tier.hg19.final.bam
duplicates removed from EGAR00001588896_4000.a.1kDLBCL.DLBCL.SL98688.exome_1tier.hg19.final.bam
script complete for EGAR00001588896_4000.a.1kDLBCL.DLBCL.SL98688.exome_1tier.hg19.final.bam


------------ Job WrapUp ------------

Job ID:            11325817.cri16sc001
User ID:           mleukam
Job Name:          sambamba_EGAR00001588896_4000.a.1kDLBCL.DLBCL.SL98688.exome_1tier.hg19.final.bam
Queue Name:        express
Working Directory: /home/mleukam/pbs
Resource List:     walltime=03:00:00,nodes=1:ppn=1,mem=4gb,neednodes=1:ppn=1
Resources Used:    cput=00:32:53,vmem=4391976kb,walltime=00:32:57,mem=1667320kb,energy_used=0
Exit Code:         0
Mother Superior:   cri16cn072

Execution Nodes: 
cri16cn072


