index for EGAR00001588598_3637.a.1kDLBCL.DLBCL.SL96347.exome_1tier.hg19.final.bam complete
finding positions of the duplicate reads in the file...
  sorted 12980803 end pairs
     and 216465 single ends (among them 0 unmatched pairs)
  collecting indices of duplicate reads...   done in 19834 ms
  found 4650596 duplicates
collected list of positions in 9 min 31 sec
removing duplicates...
total time elapsed: 39 min 13 sec
low quality reads removed from EGAR00001588598_3637.a.1kDLBCL.DLBCL.SL96347.exome_1tier.hg19.final.bam
duplicates removed from EGAR00001588598_3637.a.1kDLBCL.DLBCL.SL96347.exome_1tier.hg19.final.bam
script complete for EGAR00001588598_3637.a.1kDLBCL.DLBCL.SL96347.exome_1tier.hg19.final.bam


------------ Job WrapUp ------------

Job ID:            11325514.cri16sc001
User ID:           mleukam
Job Name:          sambamba_EGAR00001588598_3637.a.1kDLBCL.DLBCL.SL96347.exome_1tier.hg19.final.bam
Queue Name:        express
Working Directory: /home/mleukam/pbs
Resource List:     walltime=03:00:00,nodes=1:ppn=1,mem=4gb,neednodes=1:ppn=1
Resources Used:    cput=00:40:57,vmem=4267932kb,walltime=00:41:03,mem=1932936kb,energy_used=0
Exit Code:         0
Mother Superior:   cri16cn018

Execution Nodes: 
cri16cn018


