index for EGAR00001588599_3638.a.1kDLBCL.DLBCL.SL98674.exome_1tier.hg19.final.bam complete
finding positions of the duplicate reads in the file...
  sorted 9722261 end pairs
     and 203894 single ends (among them 0 unmatched pairs)
  collecting indices of duplicate reads...   done in 14344 ms
  found 3682553 duplicates
collected list of positions in 6 min 38 sec
removing duplicates...
total time elapsed: 28 min 8 sec
low quality reads removed from EGAR00001588599_3638.a.1kDLBCL.DLBCL.SL98674.exome_1tier.hg19.final.bam
duplicates removed from EGAR00001588599_3638.a.1kDLBCL.DLBCL.SL98674.exome_1tier.hg19.final.bam
script complete for EGAR00001588599_3638.a.1kDLBCL.DLBCL.SL98674.exome_1tier.hg19.final.bam


------------ Job WrapUp ------------

Job ID:            11325515.cri16sc001
User ID:           mleukam
Job Name:          sambamba_EGAR00001588599_3638.a.1kDLBCL.DLBCL.SL98674.exome_1tier.hg19.final.bam
Queue Name:        express
Working Directory: /home/mleukam/pbs
Resource List:     walltime=03:00:00,nodes=1:ppn=1,mem=4gb,neednodes=1:ppn=1
Resources Used:    cput=00:29:30,vmem=4298212kb,walltime=00:29:32,mem=1582712kb,energy_used=0
Exit Code:         0
Mother Superior:   cri16cn075

Execution Nodes: 
cri16cn075


