index for EGAR00001588176_2591.a.1kDLBCL.DLBCL.SL90082.exome_1tier.hg19.final.bam complete
finding positions of the duplicate reads in the file...
  sorted 11428465 end pairs
     and 315916 single ends (among them 0 unmatched pairs)
  collecting indices of duplicate reads...   done in 16684 ms
  found 2884127 duplicates
collected list of positions in 8 min 22 sec
removing duplicates...
sambamba-markdup: Unable to write to stream
sambamba-view: Error reading BGZF block starting from offset 0: stream error: not enough data in stream


------------ Job WrapUp ------------

Job ID:            11325085.cri16sc001
User ID:           mleukam
Job Name:          sambamba_EGAR00001588176_2591.a.1kDLBCL.DLBCL.SL90082.exome_1tier.hg19.final.bam
Queue Name:        express
Working Directory: /home/mleukam/pbs
Resource List:     walltime=03:00:00,nodes=1:ppn=1,mem=4gb,neednodes=1:ppn=1
Resources Used:    cput=00:11:43,vmem=4291020kb,walltime=00:11:46,mem=1765692kb,energy_used=0
Exit Code:         0
Mother Superior:   cri16cn063

Execution Nodes: 
cri16cn063


