index for EGAR00001588716_3775.a.1kDLBCL.DLBCL.SL96352.exome_1tier.hg19.final.bam complete
finding positions of the duplicate reads in the file...
  sorted 10727193 end pairs
     and 167205 single ends (among them 0 unmatched pairs)
  collecting indices of duplicate reads...   done in 15666 ms
  found 3862932 duplicates
collected list of positions in 6 min 58 sec
removing duplicates...
total time elapsed: 28 min 46 sec
low quality reads removed from EGAR00001588716_3775.a.1kDLBCL.DLBCL.SL96352.exome_1tier.hg19.final.bam
duplicates removed from EGAR00001588716_3775.a.1kDLBCL.DLBCL.SL96352.exome_1tier.hg19.final.bam
script complete for EGAR00001588716_3775.a.1kDLBCL.DLBCL.SL96352.exome_1tier.hg19.final.bam


------------ Job WrapUp ------------

Job ID:            11325635.cri16sc001
User ID:           mleukam
Job Name:          sambamba_EGAR00001588716_3775.a.1kDLBCL.DLBCL.SL96352.exome_1tier.hg19.final.bam
Queue Name:        express
Working Directory: /home/mleukam/pbs
Resource List:     walltime=03:00:00,nodes=1:ppn=1,mem=4gb,neednodes=1:ppn=1
Resources Used:    cput=00:30:06,vmem=4107424kb,walltime=00:30:09,mem=1621588kb,energy_used=0
Exit Code:         0
Mother Superior:   cri16cn010

Execution Nodes: 
cri16cn010


