index for EGAR00001587910_793.a.1kDLBCL_FFPEvsFrozen.DLBCL.SL105312.exome_1tier.hg19.final.bam complete
finding positions of the duplicate reads in the file...
  sorted 18391197 end pairs
     and 392931 single ends (among them 0 unmatched pairs)
  collecting indices of duplicate reads...   done in 32290 ms
  found 9721326 duplicates
collected list of positions in 11 min 55 sec
removing duplicates...
total time elapsed: 47 min 52 sec
low quality reads removed from EGAR00001587910_793.a.1kDLBCL_FFPEvsFrozen.DLBCL.SL105312.exome_1tier.hg19.final.bam
duplicates removed from EGAR00001587910_793.a.1kDLBCL_FFPEvsFrozen.DLBCL.SL105312.exome_1tier.hg19.final.bam
script complete for EGAR00001587910_793.a.1kDLBCL_FFPEvsFrozen.DLBCL.SL105312.exome_1tier.hg19.final.bam


------------ Job WrapUp ------------

Job ID:            11324815.cri16sc001
User ID:           mleukam
Job Name:          sambamba_EGAR00001587910_793.a.1kDLBCL_FFPEvsFrozen.DLBCL.SL105312.exome_1tier.hg19.final.bam
Queue Name:        express
Working Directory: /home/mleukam/pbs
Resource List:     walltime=03:00:00,nodes=1:ppn=1,mem=4gb,neednodes=1:ppn=1
Resources Used:    cput=00:50:07,vmem=4319948kb,walltime=00:50:13,mem=2134816kb,energy_used=0
Exit Code:         0
Mother Superior:   cri16cn041

Execution Nodes: 
cri16cn041


