index for EGAR00001588174_2585.a.1kDLBCL.DLBCL.SL79087.exome_1tier.hg19.final.bam complete
finding positions of the duplicate reads in the file...
  sorted 16255466 end pairs
     and 315869 single ends (among them 0 unmatched pairs)
  collecting indices of duplicate reads...   done in 23142 ms
  found 2407161 duplicates
collected list of positions in 11 min 41 sec
removing duplicates...
total time elapsed: 52 min 34 sec
low quality reads removed from EGAR00001588174_2585.a.1kDLBCL.DLBCL.SL79087.exome_1tier.hg19.final.bam
duplicates removed from EGAR00001588174_2585.a.1kDLBCL.DLBCL.SL79087.exome_1tier.hg19.final.bam
script complete for EGAR00001588174_2585.a.1kDLBCL.DLBCL.SL79087.exome_1tier.hg19.final.bam


------------ Job WrapUp ------------

Job ID:            11325083.cri16sc001
User ID:           mleukam
Job Name:          sambamba_EGAR00001588174_2585.a.1kDLBCL.DLBCL.SL79087.exome_1tier.hg19.final.bam
Queue Name:        express
Working Directory: /home/mleukam/pbs
Resource List:     walltime=03:00:00,nodes=1:ppn=1,mem=4gb,neednodes=1:ppn=1
Resources Used:    cput=00:54:53,vmem=4067368kb,walltime=00:54:59,mem=1834448kb,energy_used=0
Exit Code:         0
Mother Superior:   cri16cn015

Execution Nodes: 
cri16cn015


