index for EGAR00001588288_2779.a.1kDLBCL.DLBCL.SL90590_SL84403.exome_1tier.hg19.final.bam complete
finding positions of the duplicate reads in the file...
  sorted 15496133 end pairs
     and 316577 single ends (among them 0 unmatched pairs)
  collecting indices of duplicate reads...   done in 22345 ms
  found 3396749 duplicates
collected list of positions in 10 min 27 sec
removing duplicates...
total time elapsed: 47 min 47 sec
low quality reads removed from EGAR00001588288_2779.a.1kDLBCL.DLBCL.SL90590_SL84403.exome_1tier.hg19.final.bam
duplicates removed from EGAR00001588288_2779.a.1kDLBCL.DLBCL.SL90590_SL84403.exome_1tier.hg19.final.bam
script complete for EGAR00001588288_2779.a.1kDLBCL.DLBCL.SL90590_SL84403.exome_1tier.hg19.final.bam


------------ Job WrapUp ------------

Job ID:            11325199.cri16sc001
User ID:           mleukam
Job Name:          sambamba_EGAR00001588288_2779.a.1kDLBCL.DLBCL.SL90590_SL84403.exome_1tier.hg19.final.bam
Queue Name:        express
Working Directory: /home/mleukam/pbs
Resource List:     walltime=03:00:00,nodes=1:ppn=1,mem=4gb,neednodes=1:ppn=1
Resources Used:    cput=00:50:04,vmem=4221524kb,walltime=00:50:09,mem=1989312kb,energy_used=0
Exit Code:         0
Mother Superior:   cri16cn056

Execution Nodes: 
cri16cn056


