index for EGAR00001588258_2707.a.1kDLBCL.DLBCL.SL79289.exome_1tier.hg19.final.bam complete
finding positions of the duplicate reads in the file...
  sorted 13520552 end pairs
     and 245991 single ends (among them 0 unmatched pairs)
  collecting indices of duplicate reads...   done in 19140 ms
  found 1546965 duplicates
collected list of positions in 10 min 20 sec
removing duplicates...
total time elapsed: 46 min 43 sec
low quality reads removed from EGAR00001588258_2707.a.1kDLBCL.DLBCL.SL79289.exome_1tier.hg19.final.bam
duplicates removed from EGAR00001588258_2707.a.1kDLBCL.DLBCL.SL79289.exome_1tier.hg19.final.bam
script complete for EGAR00001588258_2707.a.1kDLBCL.DLBCL.SL79289.exome_1tier.hg19.final.bam


------------ Job WrapUp ------------

Job ID:            11325169.cri16sc001
User ID:           mleukam
Job Name:          sambamba_EGAR00001588258_2707.a.1kDLBCL.DLBCL.SL79289.exome_1tier.hg19.final.bam
Queue Name:        express
Working Directory: /home/mleukam/pbs
Resource List:     walltime=03:00:00,nodes=1:ppn=1,mem=4gb,neednodes=1:ppn=1
Resources Used:    cput=00:48:55,vmem=4171412kb,walltime=00:49:01,mem=1856624kb,energy_used=0
Exit Code:         0
Mother Superior:   cri16cn063

Execution Nodes: 
cri16cn063


