index for EGAR00001587990_2150.a.1kDLBCL.DLBCL.SL84115.exome_1tier.hg19.final.bam complete
finding positions of the duplicate reads in the file...
  sorted 14215832 end pairs
     and 228720 single ends (among them 0 unmatched pairs)
  collecting indices of duplicate reads...   done in 20384 ms
  found 2929715 duplicates
collected list of positions in 9 min 40 sec
removing duplicates...
total time elapsed: 44 min 0 sec
low quality reads removed from EGAR00001587990_2150.a.1kDLBCL.DLBCL.SL84115.exome_1tier.hg19.final.bam
duplicates removed from EGAR00001587990_2150.a.1kDLBCL.DLBCL.SL84115.exome_1tier.hg19.final.bam
script complete for EGAR00001587990_2150.a.1kDLBCL.DLBCL.SL84115.exome_1tier.hg19.final.bam


------------ Job WrapUp ------------

Job ID:            11324896.cri16sc001
User ID:           mleukam
Job Name:          sambamba_EGAR00001587990_2150.a.1kDLBCL.DLBCL.SL84115.exome_1tier.hg19.final.bam
Queue Name:        express
Working Directory: /home/mleukam/pbs
Resource List:     walltime=03:00:00,nodes=1:ppn=1,mem=4gb,neednodes=1:ppn=1
Resources Used:    cput=00:46:08,vmem=4067276kb,walltime=00:46:14,mem=1729036kb,energy_used=0
Exit Code:         0
Mother Superior:   cri16cn068

Execution Nodes: 
cri16cn068


