index for EGAR00001588062_2249.a.1kDLBCL.DLBCL.SL72449.exome_1tier.hg19.final.bam complete
finding positions of the duplicate reads in the file...
  sorted 11865267 end pairs
     and 358200 single ends (among them 0 unmatched pairs)
  collecting indices of duplicate reads...   done in 17162 ms
  found 2216582 duplicates
collected list of positions in 8 min 23 sec
removing duplicates...
total time elapsed: 39 min 50 sec
low quality reads removed from EGAR00001588062_2249.a.1kDLBCL.DLBCL.SL72449.exome_1tier.hg19.final.bam
duplicates removed from EGAR00001588062_2249.a.1kDLBCL.DLBCL.SL72449.exome_1tier.hg19.final.bam
script complete for EGAR00001588062_2249.a.1kDLBCL.DLBCL.SL72449.exome_1tier.hg19.final.bam


------------ Job WrapUp ------------

Job ID:            11324970.cri16sc001
User ID:           mleukam
Job Name:          sambamba_EGAR00001588062_2249.a.1kDLBCL.DLBCL.SL72449.exome_1tier.hg19.final.bam
Queue Name:        express
Working Directory: /home/mleukam/pbs
Resource List:     walltime=03:00:00,nodes=1:ppn=1,mem=4gb,neednodes=1:ppn=1
Resources Used:    cput=00:41:51,vmem=4384132kb,walltime=00:41:56,mem=1985884kb,energy_used=0
Exit Code:         0
Mother Superior:   cri16cn072

Execution Nodes: 
cri16cn072


