index for EGAR00001588498_3503.a.1kDLBCL.DLBCL.SL104093.exome_1tier.hg19.final.bam complete
finding positions of the duplicate reads in the file...
  sorted 13514369 end pairs
     and 284790 single ends (among them 0 unmatched pairs)
  collecting indices of duplicate reads...   done in 21489 ms
  found 12078956 duplicates
collected list of positions in 8 min 56 sec
removing duplicates...
total time elapsed: 30 min 45 sec
low quality reads removed from EGAR00001588498_3503.a.1kDLBCL.DLBCL.SL104093.exome_1tier.hg19.final.bam
duplicates removed from EGAR00001588498_3503.a.1kDLBCL.DLBCL.SL104093.exome_1tier.hg19.final.bam
script complete for EGAR00001588498_3503.a.1kDLBCL.DLBCL.SL104093.exome_1tier.hg19.final.bam


------------ Job WrapUp ------------

Job ID:            11325412.cri16sc001
User ID:           mleukam
Job Name:          sambamba_EGAR00001588498_3503.a.1kDLBCL.DLBCL.SL104093.exome_1tier.hg19.final.bam
Queue Name:        express
Working Directory: /home/mleukam/pbs
Resource List:     walltime=03:00:00,nodes=1:ppn=1,mem=4gb,neednodes=1:ppn=1
Resources Used:    cput=00:32:28,vmem=4109920kb,walltime=00:32:30,mem=1740112kb,energy_used=0
Exit Code:         0
Mother Superior:   cri16cn086

Execution Nodes: 
cri16cn086


