index for EGAR00001588041_2227.a.1kDLBCL.DLBCL.SL72227.exome_1tier.hg19.final.bam complete
finding positions of the duplicate reads in the file...
  sorted 15145283 end pairs
     and 494919 single ends (among them 0 unmatched pairs)
  collecting indices of duplicate reads...   done in 21998 ms
  found 2625885 duplicates
collected list of positions in 10 min 14 sec
removing duplicates...
total time elapsed: 45 min 28 sec
low quality reads removed from EGAR00001588041_2227.a.1kDLBCL.DLBCL.SL72227.exome_1tier.hg19.final.bam
duplicates removed from EGAR00001588041_2227.a.1kDLBCL.DLBCL.SL72227.exome_1tier.hg19.final.bam
script complete for EGAR00001588041_2227.a.1kDLBCL.DLBCL.SL72227.exome_1tier.hg19.final.bam


------------ Job WrapUp ------------

Job ID:            11324948.cri16sc001
User ID:           mleukam
Job Name:          sambamba_EGAR00001588041_2227.a.1kDLBCL.DLBCL.SL72227.exome_1tier.hg19.final.bam
Queue Name:        express
Working Directory: /home/mleukam/pbs
Resource List:     walltime=03:00:00,nodes=1:ppn=1,mem=4gb,neednodes=1:ppn=1
Resources Used:    cput=00:47:36,vmem=4226604kb,walltime=00:47:45,mem=1979508kb,energy_used=0
Exit Code:         0
Mother Superior:   cri16cn066

Execution Nodes: 
cri16cn066


