index for EGAR00001588086_2290.a.1kDLBCL.DLBCL.SL89625.exome_1tier.hg19.final.bam complete
finding positions of the duplicate reads in the file...
  sorted 9033995 end pairs
     and 218926 single ends (among them 0 unmatched pairs)
  collecting indices of duplicate reads...   done in 13326 ms
  found 2969768 duplicates
collected list of positions in 7 min 45 sec
removing duplicates...
total time elapsed: 37 min 36 sec
low quality reads removed from EGAR00001588086_2290.a.1kDLBCL.DLBCL.SL89625.exome_1tier.hg19.final.bam
duplicates removed from EGAR00001588086_2290.a.1kDLBCL.DLBCL.SL89625.exome_1tier.hg19.final.bam
script complete for EGAR00001588086_2290.a.1kDLBCL.DLBCL.SL89625.exome_1tier.hg19.final.bam


------------ Job WrapUp ------------

Job ID:            11324993.cri16sc001
User ID:           mleukam
Job Name:          sambamba_EGAR00001588086_2290.a.1kDLBCL.DLBCL.SL89625.exome_1tier.hg19.final.bam
Queue Name:        express
Working Directory: /home/mleukam/pbs
Resource List:     walltime=03:00:00,nodes=1:ppn=1,mem=4gb,neednodes=1:ppn=1
Resources Used:    cput=00:39:28,vmem=4322560kb,walltime=00:39:32,mem=1843852kb,energy_used=0
Exit Code:         0
Mother Superior:   cri16cn075

Execution Nodes: 
cri16cn075


