index for EGAR00001588022_2207.a.1kDLBCL.DLBCL.SL104206_SL104751.exome_1tier.hg19.final.bam complete
finding positions of the duplicate reads in the file...
  sorted 6218330 end pairs
     and 150537 single ends (among them 0 unmatched pairs)
  collecting indices of duplicate reads...   done in 9368 ms
  found 2798459 duplicates
collected list of positions in 4 min 9 sec
removing duplicates...
total time elapsed: 17 min 34 sec
low quality reads removed from EGAR00001588022_2207.a.1kDLBCL.DLBCL.SL104206_SL104751.exome_1tier.hg19.final.bam
duplicates removed from EGAR00001588022_2207.a.1kDLBCL.DLBCL.SL104206_SL104751.exome_1tier.hg19.final.bam
script complete for EGAR00001588022_2207.a.1kDLBCL.DLBCL.SL104206_SL104751.exome_1tier.hg19.final.bam


------------ Job WrapUp ------------

Job ID:            11324929.cri16sc001
User ID:           mleukam
Job Name:          sambamba_EGAR00001588022_2207.a.1kDLBCL.DLBCL.SL104206_SL104751.exome_1tier.hg19.final.bam
Queue Name:        express
Working Directory: /home/mleukam/pbs
Resource List:     walltime=03:00:00,nodes=1:ppn=1,mem=4gb,neednodes=1:ppn=1
Resources Used:    cput=00:18:36,vmem=4217112kb,walltime=00:18:40,mem=1442624kb,energy_used=0
Exit Code:         0
Mother Superior:   cri16cn008

Execution Nodes: 
cri16cn008


