index for EGAR00001588665_3715.a.1kDLBCL.DLBCL.SL96245.exome_1tier.hg19.final.bam complete
finding positions of the duplicate reads in the file...
  sorted 11703292 end pairs
     and 186470 single ends (among them 0 unmatched pairs)
  collecting indices of duplicate reads...   done in 17040 ms
  found 3486286 duplicates
collected list of positions in 8 min 32 sec
removing duplicates...
total time elapsed: 34 min 35 sec
low quality reads removed from EGAR00001588665_3715.a.1kDLBCL.DLBCL.SL96245.exome_1tier.hg19.final.bam
duplicates removed from EGAR00001588665_3715.a.1kDLBCL.DLBCL.SL96245.exome_1tier.hg19.final.bam
script complete for EGAR00001588665_3715.a.1kDLBCL.DLBCL.SL96245.exome_1tier.hg19.final.bam


------------ Job WrapUp ------------

Job ID:            11325583.cri16sc001
User ID:           mleukam
Job Name:          sambamba_EGAR00001588665_3715.a.1kDLBCL.DLBCL.SL96245.exome_1tier.hg19.final.bam
Queue Name:        express
Working Directory: /home/mleukam/pbs
Resource List:     walltime=03:00:00,nodes=1:ppn=1,mem=4gb,neednodes=1:ppn=1
Resources Used:    cput=00:36:12,vmem=4320828kb,walltime=00:36:18,mem=1910808kb,energy_used=0
Exit Code:         0
Mother Superior:   cri16cn076

Execution Nodes: 
cri16cn076


