index for EGAR00001588734_3815.a.1kDLBCL.DLBCL.SL102890.exome_1tier.hg19.final.bam complete
finding positions of the duplicate reads in the file...
  sorted 17719782 end pairs
     and 578358 single ends (among them 0 unmatched pairs)
  collecting indices of duplicate reads...   done in 31375 ms
  found 5194840 duplicates
collected list of positions in 14 min 3 sec
removing duplicates...
total time elapsed: 61 min 55 sec
low quality reads removed from EGAR00001588734_3815.a.1kDLBCL.DLBCL.SL102890.exome_1tier.hg19.final.bam
duplicates removed from EGAR00001588734_3815.a.1kDLBCL.DLBCL.SL102890.exome_1tier.hg19.final.bam
script complete for EGAR00001588734_3815.a.1kDLBCL.DLBCL.SL102890.exome_1tier.hg19.final.bam


------------ Job WrapUp ------------

Job ID:            11325653.cri16sc001
User ID:           mleukam
Job Name:          sambamba_EGAR00001588734_3815.a.1kDLBCL.DLBCL.SL102890.exome_1tier.hg19.final.bam
Queue Name:        express
Working Directory: /home/mleukam/pbs
Resource List:     walltime=03:00:00,nodes=1:ppn=1,mem=4gb,neednodes=1:ppn=1
Resources Used:    cput=01:04:43,vmem=4336060kb,walltime=01:04:49,mem=2133772kb,energy_used=0
Exit Code:         0
Mother Superior:   cri16cn037

Execution Nodes: 
cri16cn037


