index for EGAR00001588676_3728.a.1kDLBCL.DLBCL.SL100187.exome_1tier.hg19.final.bam complete
finding positions of the duplicate reads in the file...
  sorted 5032258 end pairs
     and 42579 single ends (among them 0 unmatched pairs)
  collecting indices of duplicate reads...   done in 7367 ms
  found 1477164 duplicates
collected list of positions in 3 min 16 sec
removing duplicates...
total time elapsed: 13 min 25 sec
low quality reads removed from EGAR00001588676_3728.a.1kDLBCL.DLBCL.SL100187.exome_1tier.hg19.final.bam
duplicates removed from EGAR00001588676_3728.a.1kDLBCL.DLBCL.SL100187.exome_1tier.hg19.final.bam
script complete for EGAR00001588676_3728.a.1kDLBCL.DLBCL.SL100187.exome_1tier.hg19.final.bam


------------ Job WrapUp ------------

Job ID:            11325594.cri16sc001
User ID:           mleukam
Job Name:          sambamba_EGAR00001588676_3728.a.1kDLBCL.DLBCL.SL100187.exome_1tier.hg19.final.bam
Queue Name:        express
Working Directory: /home/mleukam/pbs
Resource List:     walltime=03:00:00,nodes=1:ppn=1,mem=4gb,neednodes=1:ppn=1
Resources Used:    cput=00:14:11,vmem=4217064kb,walltime=00:14:14,mem=1412152kb,energy_used=0
Exit Code:         0
Mother Superior:   cri16cn029

Execution Nodes: 
cri16cn029


