index for EGAR00001588596_3635.a.1kDLBCL.DLBCL.SL100274.exome_1tier.hg19.final.bam complete
finding positions of the duplicate reads in the file...
  sorted 3170968 end pairs
     and 40037 single ends (among them 0 unmatched pairs)
  collecting indices of duplicate reads...   done in 4563 ms
  found 950394 duplicates
collected list of positions in 2 min 0 sec
removing duplicates...
total time elapsed: 8 min 39 sec
low quality reads removed from EGAR00001588596_3635.a.1kDLBCL.DLBCL.SL100274.exome_1tier.hg19.final.bam
duplicates removed from EGAR00001588596_3635.a.1kDLBCL.DLBCL.SL100274.exome_1tier.hg19.final.bam
script complete for EGAR00001588596_3635.a.1kDLBCL.DLBCL.SL100274.exome_1tier.hg19.final.bam


------------ Job WrapUp ------------

Job ID:            11325512.cri16sc001
User ID:           mleukam
Job Name:          sambamba_EGAR00001588596_3635.a.1kDLBCL.DLBCL.SL100274.exome_1tier.hg19.final.bam
Queue Name:        express
Working Directory: /home/mleukam/pbs
Resource List:     walltime=03:00:00,nodes=1:ppn=1,mem=4gb,neednodes=1:ppn=1
Resources Used:    cput=00:09:07,vmem=4055284kb,walltime=00:09:09,mem=1319324kb,energy_used=0
Exit Code:         0
Mother Superior:   cri16cn079

Execution Nodes: 
cri16cn079


