index for EGAR00001588852_3955.a.1kDLBCL.DLBCL.SL104225.exome_1tier.hg19.final.bam complete
finding positions of the duplicate reads in the file...
  sorted 7477488 end pairs
     and 190792 single ends (among them 0 unmatched pairs)
  collecting indices of duplicate reads...   done in 11271 ms
  found 3816462 duplicates
collected list of positions in 4 min 56 sec
removing duplicates...
total time elapsed: 21 min 0 sec
low quality reads removed from EGAR00001588852_3955.a.1kDLBCL.DLBCL.SL104225.exome_1tier.hg19.final.bam
duplicates removed from EGAR00001588852_3955.a.1kDLBCL.DLBCL.SL104225.exome_1tier.hg19.final.bam
script complete for EGAR00001588852_3955.a.1kDLBCL.DLBCL.SL104225.exome_1tier.hg19.final.bam


------------ Job WrapUp ------------

Job ID:            11325772.cri16sc001
User ID:           mleukam
Job Name:          sambamba_EGAR00001588852_3955.a.1kDLBCL.DLBCL.SL104225.exome_1tier.hg19.final.bam
Queue Name:        express
Working Directory: /home/mleukam/pbs
Resource List:     walltime=03:00:00,nodes=1:ppn=1,mem=4gb,neednodes=1:ppn=1
Resources Used:    cput=00:22:12,vmem=4312064kb,walltime=00:22:17,mem=1627580kb,energy_used=0
Exit Code:         0
Mother Superior:   cri16cn073

Execution Nodes: 
cri16cn073


