index for EGAR00001588164_2570.a.1kDLBCL.DLBCL.SL79297.exome_1tier.hg19.final.bam complete
finding positions of the duplicate reads in the file...
  sorted 13623910 end pairs
     and 248820 single ends (among them 0 unmatched pairs)
  collecting indices of duplicate reads...   done in 19360 ms
  found 1567166 duplicates
collected list of positions in 10 min 2 sec
removing duplicates...
total time elapsed: 44 min 35 sec
low quality reads removed from EGAR00001588164_2570.a.1kDLBCL.DLBCL.SL79297.exome_1tier.hg19.final.bam
duplicates removed from EGAR00001588164_2570.a.1kDLBCL.DLBCL.SL79297.exome_1tier.hg19.final.bam
script complete for EGAR00001588164_2570.a.1kDLBCL.DLBCL.SL79297.exome_1tier.hg19.final.bam


------------ Job WrapUp ------------

Job ID:            11325073.cri16sc001
User ID:           mleukam
Job Name:          sambamba_EGAR00001588164_2570.a.1kDLBCL.DLBCL.SL79297.exome_1tier.hg19.final.bam
Queue Name:        express
Working Directory: /home/mleukam/pbs
Resource List:     walltime=03:00:00,nodes=1:ppn=1,mem=4gb,neednodes=1:ppn=1
Resources Used:    cput=00:46:21,vmem=4298792kb,walltime=00:46:33,mem=1905248kb,energy_used=0
Exit Code:         0
Mother Superior:   cri16cn003

Execution Nodes: 
cri16cn003


