index for EGAR00001588095_2307.a.1kDLBCL.DLBCL.SL90311.exome_1tier.hg19.final.bam complete
finding positions of the duplicate reads in the file...
  sorted 7327278 end pairs
     and 288001 single ends (among them 0 unmatched pairs)
  collecting indices of duplicate reads...   done in 10882 ms
  found 2268701 duplicates
collected list of positions in 5 min 19 sec
removing duplicates...
total time elapsed: 27 min 47 sec
low quality reads removed from EGAR00001588095_2307.a.1kDLBCL.DLBCL.SL90311.exome_1tier.hg19.final.bam
duplicates removed from EGAR00001588095_2307.a.1kDLBCL.DLBCL.SL90311.exome_1tier.hg19.final.bam
script complete for EGAR00001588095_2307.a.1kDLBCL.DLBCL.SL90311.exome_1tier.hg19.final.bam


------------ Job WrapUp ------------

Job ID:            11325002.cri16sc001
User ID:           mleukam
Job Name:          sambamba_EGAR00001588095_2307.a.1kDLBCL.DLBCL.SL90311.exome_1tier.hg19.final.bam
Queue Name:        express
Working Directory: /home/mleukam/pbs
Resource List:     walltime=03:00:00,nodes=1:ppn=1,mem=4gb,neednodes=1:ppn=1
Resources Used:    cput=00:29:00,vmem=4239856kb,walltime=00:29:05,mem=1521404kb,energy_used=0
Exit Code:         0
Mother Superior:   cri16cn062

Execution Nodes: 
cri16cn062


