index for EGAR00001588772_3861.a.1kDLBCL.DLBCL.SL99612.exome_1tier.hg19.final.bam complete
finding positions of the duplicate reads in the file...
  sorted 19324228 end pairs
     and 332364 single ends (among them 0 unmatched pairs)
  collecting indices of duplicate reads...   done in 32717 ms
  found 5950270 duplicates
collected list of positions in 12 min 28 sec
removing duplicates...
total time elapsed: 54 min 21 sec
low quality reads removed from EGAR00001588772_3861.a.1kDLBCL.DLBCL.SL99612.exome_1tier.hg19.final.bam
duplicates removed from EGAR00001588772_3861.a.1kDLBCL.DLBCL.SL99612.exome_1tier.hg19.final.bam
script complete for EGAR00001588772_3861.a.1kDLBCL.DLBCL.SL99612.exome_1tier.hg19.final.bam


------------ Job WrapUp ------------

Job ID:            11325691.cri16sc001
User ID:           mleukam
Job Name:          sambamba_EGAR00001588772_3861.a.1kDLBCL.DLBCL.SL99612.exome_1tier.hg19.final.bam
Queue Name:        express
Working Directory: /home/mleukam/pbs
Resource List:     walltime=03:00:00,nodes=1:ppn=1,mem=4gb,neednodes=1:ppn=1
Resources Used:    cput=00:56:51,vmem=4235156kb,walltime=00:56:56,mem=1882360kb,energy_used=0
Exit Code:         0
Mother Superior:   cri16cn037

Execution Nodes: 
cri16cn037


