index for EGAR00001588784_3883.a.1kDLBCL.DLBCL.SL99071.exome_1tier.hg19.final.bam complete
finding positions of the duplicate reads in the file...
  sorted 15008675 end pairs
     and 364301 single ends (among them 0 unmatched pairs)
  collecting indices of duplicate reads...   done in 22571 ms
  found 6942529 duplicates
collected list of positions in 10 min 24 sec
removing duplicates...
total time elapsed: 40 min 18 sec
low quality reads removed from EGAR00001588784_3883.a.1kDLBCL.DLBCL.SL99071.exome_1tier.hg19.final.bam
duplicates removed from EGAR00001588784_3883.a.1kDLBCL.DLBCL.SL99071.exome_1tier.hg19.final.bam
script complete for EGAR00001588784_3883.a.1kDLBCL.DLBCL.SL99071.exome_1tier.hg19.final.bam


------------ Job WrapUp ------------

Job ID:            11325703.cri16sc001
User ID:           mleukam
Job Name:          sambamba_EGAR00001588784_3883.a.1kDLBCL.DLBCL.SL99071.exome_1tier.hg19.final.bam
Queue Name:        express
Working Directory: /home/mleukam/pbs
Resource List:     walltime=03:00:00,nodes=1:ppn=1,mem=4gb,neednodes=1:ppn=1
Resources Used:    cput=00:42:29,vmem=4105812kb,walltime=00:42:34,mem=1814576kb,energy_used=0
Exit Code:         0
Mother Superior:   cri16cn032

Execution Nodes: 
cri16cn032


