index for EGAR00001588705_3759.a.1kDLBCL.DLBCL.SL95963.exome_1tier.hg19.final.bam complete
finding positions of the duplicate reads in the file...
  sorted 17882171 end pairs
     and 354857 single ends (among them 0 unmatched pairs)
  collecting indices of duplicate reads...   done in 32533 ms
  found 6629011 duplicates
collected list of positions in 13 min 5 sec
removing duplicates...
total time elapsed: 50 min 45 sec
low quality reads removed from EGAR00001588705_3759.a.1kDLBCL.DLBCL.SL95963.exome_1tier.hg19.final.bam
duplicates removed from EGAR00001588705_3759.a.1kDLBCL.DLBCL.SL95963.exome_1tier.hg19.final.bam
script complete for EGAR00001588705_3759.a.1kDLBCL.DLBCL.SL95963.exome_1tier.hg19.final.bam


------------ Job WrapUp ------------

Job ID:            11325624.cri16sc001
User ID:           mleukam
Job Name:          sambamba_EGAR00001588705_3759.a.1kDLBCL.DLBCL.SL95963.exome_1tier.hg19.final.bam
Queue Name:        express
Working Directory: /home/mleukam/pbs
Resource List:     walltime=03:00:00,nodes=1:ppn=1,mem=4gb,neednodes=1:ppn=1
Resources Used:    cput=00:53:27,vmem=4224844kb,walltime=00:53:32,mem=2043952kb,energy_used=0
Exit Code:         0
Mother Superior:   cri16cn020

Execution Nodes: 
cri16cn020


