index for EGAR00001588756_3838.a.1kDLBCL.DLBCL.SL102795.exome_1tier.hg19.final.bam complete
finding positions of the duplicate reads in the file...
  sorted 24518676 end pairs
     and 591356 single ends (among them 0 unmatched pairs)
  collecting indices of duplicate reads...   done in 41953 ms
  found 10136192 duplicates
collected list of positions in 17 min 36 sec
removing duplicates...
total time elapsed: 65 min 49 sec
low quality reads removed from EGAR00001588756_3838.a.1kDLBCL.DLBCL.SL102795.exome_1tier.hg19.final.bam
duplicates removed from EGAR00001588756_3838.a.1kDLBCL.DLBCL.SL102795.exome_1tier.hg19.final.bam
script complete for EGAR00001588756_3838.a.1kDLBCL.DLBCL.SL102795.exome_1tier.hg19.final.bam


------------ Job WrapUp ------------

Job ID:            11325674.cri16sc001
User ID:           mleukam
Job Name:          sambamba_EGAR00001588756_3838.a.1kDLBCL.DLBCL.SL102795.exome_1tier.hg19.final.bam
Queue Name:        express
Working Directory: /home/mleukam/pbs
Resource List:     walltime=03:00:00,nodes=1:ppn=1,mem=4gb,neednodes=1:ppn=1
Resources Used:    cput=01:09:04,vmem=4355916kb,walltime=01:09:11,mem=2232328kb,energy_used=0
Exit Code:         0
Mother Superior:   cri16cn033

Execution Nodes: 
cri16cn033


