index for EGAR00001588657_3705.a.1kDLBCL.DLBCL.SL96344.exome_1tier.hg19.final.bam complete
finding positions of the duplicate reads in the file...
  sorted 13108776 end pairs
     and 283498 single ends (among them 0 unmatched pairs)
  collecting indices of duplicate reads...   done in 19502 ms
  found 4549548 duplicates
collected list of positions in 9 min 29 sec
removing duplicates...
total time elapsed: 39 min 29 sec
low quality reads removed from EGAR00001588657_3705.a.1kDLBCL.DLBCL.SL96344.exome_1tier.hg19.final.bam
duplicates removed from EGAR00001588657_3705.a.1kDLBCL.DLBCL.SL96344.exome_1tier.hg19.final.bam
script complete for EGAR00001588657_3705.a.1kDLBCL.DLBCL.SL96344.exome_1tier.hg19.final.bam


------------ Job WrapUp ------------

Job ID:            11325575.cri16sc001
User ID:           mleukam
Job Name:          sambamba_EGAR00001588657_3705.a.1kDLBCL.DLBCL.SL96344.exome_1tier.hg19.final.bam
Queue Name:        express
Working Directory: /home/mleukam/pbs
Resource List:     walltime=03:00:00,nodes=1:ppn=1,mem=4gb,neednodes=1:ppn=1
Resources Used:    cput=00:41:12,vmem=4113888kb,walltime=00:41:17,mem=1728808kb,energy_used=0
Exit Code:         0
Mother Superior:   cri16cn029

Execution Nodes: 
cri16cn029


