index for EGAR00001588380_2935.a.1kDLBCL.DLBCL.SL102991.exome_1tier.hg19.final.bam complete
finding positions of the duplicate reads in the file...
  sorted 15856477 end pairs
     and 485413 single ends (among them 0 unmatched pairs)
  collecting indices of duplicate reads...   done in 23637 ms
  found 5708288 duplicates
collected list of positions in 11 min 2 sec
removing duplicates...
total time elapsed: 43 min 21 sec
low quality reads removed from EGAR00001588380_2935.a.1kDLBCL.DLBCL.SL102991.exome_1tier.hg19.final.bam
duplicates removed from EGAR00001588380_2935.a.1kDLBCL.DLBCL.SL102991.exome_1tier.hg19.final.bam
script complete for EGAR00001588380_2935.a.1kDLBCL.DLBCL.SL102991.exome_1tier.hg19.final.bam


------------ Job WrapUp ------------

Job ID:            11325293.cri16sc001
User ID:           mleukam
Job Name:          sambamba_EGAR00001588380_2935.a.1kDLBCL.DLBCL.SL102991.exome_1tier.hg19.final.bam
Queue Name:        express
Working Directory: /home/mleukam/pbs
Resource List:     walltime=03:00:00,nodes=1:ppn=1,mem=4gb,neednodes=1:ppn=1
Resources Used:    cput=00:45:27,vmem=4170052kb,walltime=00:45:32,mem=1900456kb,energy_used=0
Exit Code:         0
Mother Superior:   cri16cn077

Execution Nodes: 
cri16cn077


