index for EGAR00001588539_3557.a.1kDLBCL.DLBCL.SL89850.exome_1tier.hg19.final.bam complete
finding positions of the duplicate reads in the file...
  sorted 10678244 end pairs
     and 356693 single ends (among them 0 unmatched pairs)
  collecting indices of duplicate reads...   done in 16306 ms
  found 3445724 duplicates
collected list of positions in 7 min 57 sec
removing duplicates...
total time elapsed: 34 min 27 sec
low quality reads removed from EGAR00001588539_3557.a.1kDLBCL.DLBCL.SL89850.exome_1tier.hg19.final.bam
duplicates removed from EGAR00001588539_3557.a.1kDLBCL.DLBCL.SL89850.exome_1tier.hg19.final.bam
script complete for EGAR00001588539_3557.a.1kDLBCL.DLBCL.SL89850.exome_1tier.hg19.final.bam


------------ Job WrapUp ------------

Job ID:            11325454.cri16sc001
User ID:           mleukam
Job Name:          sambamba_EGAR00001588539_3557.a.1kDLBCL.DLBCL.SL89850.exome_1tier.hg19.final.bam
Queue Name:        express
Working Directory: /home/mleukam/pbs
Resource List:     walltime=03:00:00,nodes=1:ppn=1,mem=4gb,neednodes=1:ppn=1
Resources Used:    cput=00:35:54,vmem=4339368kb,walltime=00:35:58,mem=1860540kb,energy_used=0
Exit Code:         0
Mother Superior:   cri16cn059

Execution Nodes: 
cri16cn059


