index for EGAR00001588557_3591.a.1kDLBCL.DLBCL.SL99616.exome_1tier.hg19.final.bam complete
finding positions of the duplicate reads in the file...
  sorted 3795956 end pairs
     and 87328 single ends (among them 0 unmatched pairs)
  collecting indices of duplicate reads...   done in 5648 ms
  found 925406 duplicates
collected list of positions in 2 min 47 sec
removing duplicates...
total time elapsed: 15 min 9 sec
low quality reads removed from EGAR00001588557_3591.a.1kDLBCL.DLBCL.SL99616.exome_1tier.hg19.final.bam
duplicates removed from EGAR00001588557_3591.a.1kDLBCL.DLBCL.SL99616.exome_1tier.hg19.final.bam
script complete for EGAR00001588557_3591.a.1kDLBCL.DLBCL.SL99616.exome_1tier.hg19.final.bam


------------ Job WrapUp ------------

Job ID:            11325473.cri16sc001
User ID:           mleukam
Job Name:          sambamba_EGAR00001588557_3591.a.1kDLBCL.DLBCL.SL99616.exome_1tier.hg19.final.bam
Queue Name:        express
Working Directory: /home/mleukam/pbs
Resource List:     walltime=03:00:00,nodes=1:ppn=1,mem=4gb,neednodes=1:ppn=1
Resources Used:    cput=00:15:54,vmem=4221660kb,walltime=00:15:56,mem=1468368kb,energy_used=0
Exit Code:         0
Mother Superior:   cri16cn026

Execution Nodes: 
cri16cn026


