index for EGAR00001588220_2652.a.1kDLBCL.DLBCL.SL85150.exome_1tier.hg19.final.bam complete
finding positions of the duplicate reads in the file...
  sorted 11328108 end pairs
     and 185149 single ends (among them 0 unmatched pairs)
  collecting indices of duplicate reads...   done in 16470 ms
  found 3388773 duplicates
collected list of positions in 7 min 29 sec
removing duplicates...
total time elapsed: 31 min 58 sec
low quality reads removed from EGAR00001588220_2652.a.1kDLBCL.DLBCL.SL85150.exome_1tier.hg19.final.bam
duplicates removed from EGAR00001588220_2652.a.1kDLBCL.DLBCL.SL85150.exome_1tier.hg19.final.bam
script complete for EGAR00001588220_2652.a.1kDLBCL.DLBCL.SL85150.exome_1tier.hg19.final.bam


------------ Job WrapUp ------------

Job ID:            11325130.cri16sc001
User ID:           mleukam
Job Name:          sambamba_EGAR00001588220_2652.a.1kDLBCL.DLBCL.SL85150.exome_1tier.hg19.final.bam
Queue Name:        express
Working Directory: /home/mleukam/pbs
Resource List:     walltime=03:00:00,nodes=1:ppn=1,mem=4gb,neednodes=1:ppn=1
Resources Used:    cput=00:33:27,vmem=4138492kb,walltime=00:33:32,mem=1712720kb,energy_used=0
Exit Code:         0
Mother Superior:   cri16cn004

Execution Nodes: 
cri16cn004


