index for EGAR00001588818_3920.a.1kDLBCL.DLBCL.SL99072.exome_1tier.hg19.final.bam complete
finding positions of the duplicate reads in the file...
  sorted 9912228 end pairs
     and 156119 single ends (among them 0 unmatched pairs)
  collecting indices of duplicate reads...   done in 14732 ms
  found 4583606 duplicates
collected list of positions in 6 min 36 sec
removing duplicates...
total time elapsed: 26 min 54 sec
low quality reads removed from EGAR00001588818_3920.a.1kDLBCL.DLBCL.SL99072.exome_1tier.hg19.final.bam
duplicates removed from EGAR00001588818_3920.a.1kDLBCL.DLBCL.SL99072.exome_1tier.hg19.final.bam
script complete for EGAR00001588818_3920.a.1kDLBCL.DLBCL.SL99072.exome_1tier.hg19.final.bam


------------ Job WrapUp ------------

Job ID:            11325738.cri16sc001
User ID:           mleukam
Job Name:          sambamba_EGAR00001588818_3920.a.1kDLBCL.DLBCL.SL99072.exome_1tier.hg19.final.bam
Queue Name:        express
Working Directory: /home/mleukam/pbs
Resource List:     walltime=03:00:00,nodes=1:ppn=1,mem=4gb,neednodes=1:ppn=1
Resources Used:    cput=00:28:21,vmem=4296236kb,walltime=00:28:25,mem=1664668kb,energy_used=0
Exit Code:         0
Mother Superior:   cri16cn045

Execution Nodes: 
cri16cn045


