index for EGAR00001588485_3485.a.1kDLBCL.DLBCL.SL100283.exome_1tier.hg19.final.bam complete
finding positions of the duplicate reads in the file...
  sorted 3913264 end pairs
     and 37776 single ends (among them 0 unmatched pairs)
  collecting indices of duplicate reads...   done in 5745 ms
  found 1081083 duplicates
collected list of positions in 2 min 31 sec
removing duplicates...
total time elapsed: 9 min 23 sec
low quality reads removed from EGAR00001588485_3485.a.1kDLBCL.DLBCL.SL100283.exome_1tier.hg19.final.bam
duplicates removed from EGAR00001588485_3485.a.1kDLBCL.DLBCL.SL100283.exome_1tier.hg19.final.bam
script complete for EGAR00001588485_3485.a.1kDLBCL.DLBCL.SL100283.exome_1tier.hg19.final.bam


------------ Job WrapUp ------------

Job ID:            11325399.cri16sc001
User ID:           mleukam
Job Name:          sambamba_EGAR00001588485_3485.a.1kDLBCL.DLBCL.SL100283.exome_1tier.hg19.final.bam
Queue Name:        express
Working Directory: /home/mleukam/pbs
Resource List:     walltime=03:00:00,nodes=1:ppn=1,mem=4gb,neednodes=1:ppn=1
Resources Used:    cput=00:10:08,vmem=4045888kb,walltime=00:10:11,mem=1342552kb,energy_used=0
Exit Code:         0
Mother Superior:   cri16cn065

Execution Nodes: 
cri16cn065


