index for EGAR00001588228_2662.a.1kDLBCL.DLBCL.SL103978.exome_1tier.hg19.final.bam complete
finding positions of the duplicate reads in the file...
  sorted 24226807 end pairs
     and 593679 single ends (among them 0 unmatched pairs)
  collecting indices of duplicate reads...   done in 42921 ms
  found 19322313 duplicates
collected list of positions in 16 min 8 sec
removing duplicates...
total time elapsed: 56 min 14 sec
low quality reads removed from EGAR00001588228_2662.a.1kDLBCL.DLBCL.SL103978.exome_1tier.hg19.final.bam
duplicates removed from EGAR00001588228_2662.a.1kDLBCL.DLBCL.SL103978.exome_1tier.hg19.final.bam
script complete for EGAR00001588228_2662.a.1kDLBCL.DLBCL.SL103978.exome_1tier.hg19.final.bam


------------ Job WrapUp ------------

Job ID:            11325138.cri16sc001
User ID:           mleukam
Job Name:          sambamba_EGAR00001588228_2662.a.1kDLBCL.DLBCL.SL103978.exome_1tier.hg19.final.bam
Queue Name:        express
Working Directory: /home/mleukam/pbs
Resource List:     walltime=03:00:00,nodes=1:ppn=1,mem=4gb,neednodes=1:ppn=1
Resources Used:    cput=00:59:26,vmem=4244588kb,walltime=00:59:31,mem=1912176kb,energy_used=0
Exit Code:         0
Mother Superior:   cri16cn071

Execution Nodes: 
cri16cn071


