index for EGAR00001588249_2692.a.1kDLBCL.DLBCL.SL85726.exome_1tier.hg19.final.bam complete
finding positions of the duplicate reads in the file...
  sorted 13432986 end pairs
     and 206481 single ends (among them 0 unmatched pairs)
  collecting indices of duplicate reads...   done in 19312 ms
  found 3001727 duplicates
collected list of positions in 8 min 51 sec
removing duplicates...
total time elapsed: 40 min 52 sec
low quality reads removed from EGAR00001588249_2692.a.1kDLBCL.DLBCL.SL85726.exome_1tier.hg19.final.bam
duplicates removed from EGAR00001588249_2692.a.1kDLBCL.DLBCL.SL85726.exome_1tier.hg19.final.bam
script complete for EGAR00001588249_2692.a.1kDLBCL.DLBCL.SL85726.exome_1tier.hg19.final.bam


------------ Job WrapUp ------------

Job ID:            11325159.cri16sc001
User ID:           mleukam
Job Name:          sambamba_EGAR00001588249_2692.a.1kDLBCL.DLBCL.SL85726.exome_1tier.hg19.final.bam
Queue Name:        express
Working Directory: /home/mleukam/pbs
Resource List:     walltime=03:00:00,nodes=1:ppn=1,mem=4gb,neednodes=1:ppn=1
Resources Used:    cput=00:42:48,vmem=4092116kb,walltime=00:42:52,mem=1745020kb,energy_used=0
Exit Code:         0
Mother Superior:   cri16cn045

Execution Nodes: 
cri16cn045


