index for EGAR00001588650_3697.a.1kDLBCL.DLBCL.SL104744_SL104199.exome_1tier.hg19.final.bam complete
finding positions of the duplicate reads in the file...
  sorted 14705703 end pairs
     and 443050 single ends (among them 0 unmatched pairs)
  collecting indices of duplicate reads...   done in 22340 ms
  found 6400382 duplicates
collected list of positions in 10 min 46 sec
removing duplicates...
total time elapsed: 42 min 20 sec
low quality reads removed from EGAR00001588650_3697.a.1kDLBCL.DLBCL.SL104744_SL104199.exome_1tier.hg19.final.bam
duplicates removed from EGAR00001588650_3697.a.1kDLBCL.DLBCL.SL104744_SL104199.exome_1tier.hg19.final.bam
script complete for EGAR00001588650_3697.a.1kDLBCL.DLBCL.SL104744_SL104199.exome_1tier.hg19.final.bam


------------ Job WrapUp ------------

Job ID:            11325567.cri16sc001
User ID:           mleukam
Job Name:          sambamba_EGAR00001588650_3697.a.1kDLBCL.DLBCL.SL104744_SL104199.exome_1tier.hg19.final.bam
Queue Name:        express
Working Directory: /home/mleukam/pbs
Resource List:     walltime=03:00:00,nodes=1:ppn=1,mem=4gb,neednodes=1:ppn=1
Resources Used:    cput=00:44:35,vmem=4233256kb,walltime=00:44:41,mem=1789264kb,energy_used=0
Exit Code:         0
Mother Superior:   cri16cn085

Execution Nodes: 
cri16cn085


