index for EGAR00001588622_3664.a.1kDLBCL.DLBCL.SL95956.exome_1tier.hg19.final.bam complete
finding positions of the duplicate reads in the file...
  sorted 17487359 end pairs
     and 386673 single ends (among them 0 unmatched pairs)
  collecting indices of duplicate reads...   done in 30511 ms
  found 6149629 duplicates
collected list of positions in 12 min 5 sec
removing duplicates...
total time elapsed: 51 min 23 sec
low quality reads removed from EGAR00001588622_3664.a.1kDLBCL.DLBCL.SL95956.exome_1tier.hg19.final.bam
duplicates removed from EGAR00001588622_3664.a.1kDLBCL.DLBCL.SL95956.exome_1tier.hg19.final.bam
script complete for EGAR00001588622_3664.a.1kDLBCL.DLBCL.SL95956.exome_1tier.hg19.final.bam


------------ Job WrapUp ------------

Job ID:            11325539.cri16sc001
User ID:           mleukam
Job Name:          sambamba_EGAR00001588622_3664.a.1kDLBCL.DLBCL.SL95956.exome_1tier.hg19.final.bam
Queue Name:        express
Working Directory: /home/mleukam/pbs
Resource List:     walltime=03:00:00,nodes=1:ppn=1,mem=4gb,neednodes=1:ppn=1
Resources Used:    cput=00:53:48,vmem=4386012kb,walltime=00:53:52,mem=2212192kb,energy_used=0
Exit Code:         0
Mother Superior:   cri16cn054

Execution Nodes: 
cri16cn054


