index for EGAR00001588448_3446.a.1kDLBCL.DLBCL.SL100183.exome_1tier.hg19.final.bam complete
finding positions of the duplicate reads in the file...
  sorted 8936546 end pairs
     and 82911 single ends (among them 0 unmatched pairs)
  collecting indices of duplicate reads...   done in 12848 ms
  found 2674968 duplicates
collected list of positions in 5 min 48 sec
removing duplicates...
total time elapsed: 26 min 28 sec
low quality reads removed from EGAR00001588448_3446.a.1kDLBCL.DLBCL.SL100183.exome_1tier.hg19.final.bam
duplicates removed from EGAR00001588448_3446.a.1kDLBCL.DLBCL.SL100183.exome_1tier.hg19.final.bam
script complete for EGAR00001588448_3446.a.1kDLBCL.DLBCL.SL100183.exome_1tier.hg19.final.bam


------------ Job WrapUp ------------

Job ID:            11325362.cri16sc001
User ID:           mleukam
Job Name:          sambamba_EGAR00001588448_3446.a.1kDLBCL.DLBCL.SL100183.exome_1tier.hg19.final.bam
Queue Name:        express
Working Directory: /home/mleukam/pbs
Resource List:     walltime=03:00:00,nodes=1:ppn=1,mem=4gb,neednodes=1:ppn=1
Resources Used:    cput=00:27:40,vmem=4115136kb,walltime=00:28:41,mem=1567112kb,energy_used=0
Exit Code:         0
Mother Superior:   cri16cn036

Execution Nodes: 
cri16cn036


