index for EGAR00001588335_2867.a.1kDLBCL.DLBCL.SL84014.exome_1tier.hg19.final.bam complete
finding positions of the duplicate reads in the file...
  sorted 14806445 end pairs
     and 270989 single ends (among them 0 unmatched pairs)
  collecting indices of duplicate reads...   done in 21332 ms
  found 3366209 duplicates
collected list of positions in 10 min 4 sec
removing duplicates...
total time elapsed: 44 min 51 sec
low quality reads removed from EGAR00001588335_2867.a.1kDLBCL.DLBCL.SL84014.exome_1tier.hg19.final.bam
duplicates removed from EGAR00001588335_2867.a.1kDLBCL.DLBCL.SL84014.exome_1tier.hg19.final.bam
script complete for EGAR00001588335_2867.a.1kDLBCL.DLBCL.SL84014.exome_1tier.hg19.final.bam


------------ Job WrapUp ------------

Job ID:            11325247.cri16sc001
User ID:           mleukam
Job Name:          sambamba_EGAR00001588335_2867.a.1kDLBCL.DLBCL.SL84014.exome_1tier.hg19.final.bam
Queue Name:        express
Working Directory: /home/mleukam/pbs
Resource List:     walltime=03:00:00,nodes=1:ppn=1,mem=4gb,neednodes=1:ppn=1
Resources Used:    cput=00:46:45,vmem=4071984kb,walltime=00:46:51,mem=1769816kb,energy_used=0
Exit Code:         0
Mother Superior:   cri16cn039

Execution Nodes: 
cri16cn039


