index for EGAR00001588035_2221.a.1kDLBCL.DLBCL.SL78808.exome_1tier.hg19.final.bam complete
finding positions of the duplicate reads in the file...
  sorted 13163303 end pairs
     and 307663 single ends (among them 0 unmatched pairs)
  collecting indices of duplicate reads...   done in 18860 ms
  found 1956802 duplicates
collected list of positions in 9 min 43 sec
removing duplicates...
total time elapsed: 47 min 52 sec
low quality reads removed from EGAR00001588035_2221.a.1kDLBCL.DLBCL.SL78808.exome_1tier.hg19.final.bam
duplicates removed from EGAR00001588035_2221.a.1kDLBCL.DLBCL.SL78808.exome_1tier.hg19.final.bam
script complete for EGAR00001588035_2221.a.1kDLBCL.DLBCL.SL78808.exome_1tier.hg19.final.bam


------------ Job WrapUp ------------

Job ID:            11324942.cri16sc001
User ID:           mleukam
Job Name:          sambamba_EGAR00001588035_2221.a.1kDLBCL.DLBCL.SL78808.exome_1tier.hg19.final.bam
Queue Name:        express
Working Directory: /home/mleukam/pbs
Resource List:     walltime=03:00:00,nodes=1:ppn=1,mem=4gb,neednodes=1:ppn=1
Resources Used:    cput=00:49:48,vmem=4101660kb,walltime=00:49:53,mem=1780448kb,energy_used=0
Exit Code:         0
Mother Superior:   cri16cn055

Execution Nodes: 
cri16cn055


