index for EGAR00001588356_2898.a.1kDLBCL.DLBCL.SL100975.exome_1tier.hg19.final.bam complete
finding positions of the duplicate reads in the file...
  sorted 11856629 end pairs
     and 255166 single ends (among them 0 unmatched pairs)
  collecting indices of duplicate reads...   done in 17446 ms
  found 3747434 duplicates
collected list of positions in 7 min 58 sec
removing duplicates...
total time elapsed: 35 min 16 sec
low quality reads removed from EGAR00001588356_2898.a.1kDLBCL.DLBCL.SL100975.exome_1tier.hg19.final.bam
duplicates removed from EGAR00001588356_2898.a.1kDLBCL.DLBCL.SL100975.exome_1tier.hg19.final.bam
script complete for EGAR00001588356_2898.a.1kDLBCL.DLBCL.SL100975.exome_1tier.hg19.final.bam


------------ Job WrapUp ------------

Job ID:            11325269.cri16sc001
User ID:           mleukam
Job Name:          sambamba_EGAR00001588356_2898.a.1kDLBCL.DLBCL.SL100975.exome_1tier.hg19.final.bam
Queue Name:        express
Working Directory: /home/mleukam/pbs
Resource List:     walltime=03:00:00,nodes=1:ppn=1,mem=4gb,neednodes=1:ppn=1
Resources Used:    cput=00:37:07,vmem=4146892kb,walltime=00:37:11,mem=1761848kb,energy_used=0
Exit Code:         0
Mother Superior:   cri16cn069

Execution Nodes: 
cri16cn069


