index for EGAR00001588493_3496.a.1kDLBCL.DLBCL.SL104228.exome_1tier.hg19.final.bam complete
finding positions of the duplicate reads in the file...
  sorted 17839987 end pairs
     and 381836 single ends (among them 0 unmatched pairs)
  collecting indices of duplicate reads...   done in 33152 ms
  found 16142143 duplicates
collected list of positions in 11 min 48 sec
removing duplicates...
total time elapsed: 40 min 49 sec
low quality reads removed from EGAR00001588493_3496.a.1kDLBCL.DLBCL.SL104228.exome_1tier.hg19.final.bam
duplicates removed from EGAR00001588493_3496.a.1kDLBCL.DLBCL.SL104228.exome_1tier.hg19.final.bam
script complete for EGAR00001588493_3496.a.1kDLBCL.DLBCL.SL104228.exome_1tier.hg19.final.bam


------------ Job WrapUp ------------

Job ID:            11325407.cri16sc001
User ID:           mleukam
Job Name:          sambamba_EGAR00001588493_3496.a.1kDLBCL.DLBCL.SL104228.exome_1tier.hg19.final.bam
Queue Name:        express
Working Directory: /home/mleukam/pbs
Resource List:     walltime=03:00:00,nodes=1:ppn=1,mem=4gb,neednodes=1:ppn=1
Resources Used:    cput=00:43:03,vmem=4236044kb,walltime=00:43:07,mem=1954104kb,energy_used=0
Exit Code:         0
Mother Superior:   cri16cn008

Execution Nodes: 
cri16cn008


