index for EGAR00001588547_3566.a.1kDLBCL.DLBCL.SL89865.exome_1tier.hg19.final.bam complete
finding positions of the duplicate reads in the file...
  sorted 15278007 end pairs
     and 482177 single ends (among them 0 unmatched pairs)
  collecting indices of duplicate reads...   done in 23185 ms
  found 5252092 duplicates
collected list of positions in 10 min 25 sec
removing duplicates...
total time elapsed: 45 min 6 sec
low quality reads removed from EGAR00001588547_3566.a.1kDLBCL.DLBCL.SL89865.exome_1tier.hg19.final.bam
duplicates removed from EGAR00001588547_3566.a.1kDLBCL.DLBCL.SL89865.exome_1tier.hg19.final.bam
script complete for EGAR00001588547_3566.a.1kDLBCL.DLBCL.SL89865.exome_1tier.hg19.final.bam


------------ Job WrapUp ------------

Job ID:            11325462.cri16sc001
User ID:           mleukam
Job Name:          sambamba_EGAR00001588547_3566.a.1kDLBCL.DLBCL.SL89865.exome_1tier.hg19.final.bam
Queue Name:        express
Working Directory: /home/mleukam/pbs
Resource List:     walltime=03:00:00,nodes=1:ppn=1,mem=4gb,neednodes=1:ppn=1
Resources Used:    cput=00:47:18,vmem=4276644kb,walltime=00:47:22,mem=1985016kb,energy_used=0
Exit Code:         0
Mother Superior:   cri16cn063

Execution Nodes: 
cri16cn063


