index for /scratch/mleukam/duke_wes/EGAR00001588693_3746.a.1kDLBCL.DLBCL.SL99996.exome_1tier.hg19.final.bam complete
finding positions of the duplicate reads in the file...
  sorted 67985793 end pairs
     and 1386830 single ends (among them 0 unmatched pairs)
  collecting indices of duplicate reads...   done in 145659 ms
  found 33747384 duplicates
collected list of positions in 23 min 10 sec
removing duplicates...
total time elapsed: 39 min 20 sec
low quality reads removed from /scratch/mleukam/duke_wes/EGAR00001588693_3746.a.1kDLBCL.DLBCL.SL99996.exome_1tier.hg19.final.bam
duplicates removed from /scratch/mleukam/duke_wes/EGAR00001588693_3746.a.1kDLBCL.DLBCL.SL99996.exome_1tier.hg19.final.bam
script complete for /scratch/mleukam/duke_wes/EGAR00001588693_3746.a.1kDLBCL.DLBCL.SL99996.exome_1tier.hg19.final.bam


------------ Job WrapUp ------------

Job ID:            11555746.cri16sc001
User ID:           mleukam
Job Name:          sambamba_832
Queue Name:        standard
Working Directory: /home/mleukam/pbs
Resource List:     nodes=1:ppn=12,mem=8gb,walltime=04:00:00,neednodes=1:ppn=12
Resources Used:    cput=03:49:42,vmem=4424468kb,walltime=00:41:39,mem=2404432kb,energy_used=0
Exit Code:         0
Mother Superior:   cri16cn010

Execution Nodes: 
cri16cn010 cri16cn010 cri16cn010 cri16cn010 cri16cn010 cri16cn010 cri16cn010 cri16cn010 cri16cn010 cri16cn010 cri16cn010 cri16cn010


