index for EGAR00001588133_2528.a.1kDLBCL.DLBCL.SL72121.exome_1tier.hg19.final.bam complete
finding positions of the duplicate reads in the file...
  sorted 11638883 end pairs
     and 342812 single ends (among them 0 unmatched pairs)
  collecting indices of duplicate reads...   done in 25512 ms
  found 1904931 duplicates
collected list of positions in 8 min 10 sec
removing duplicates...
total time elapsed: 35 min 23 sec
low quality reads removed from EGAR00001588133_2528.a.1kDLBCL.DLBCL.SL72121.exome_1tier.hg19.final.bam
duplicates removed from EGAR00001588133_2528.a.1kDLBCL.DLBCL.SL72121.exome_1tier.hg19.final.bam
script complete for EGAR00001588133_2528.a.1kDLBCL.DLBCL.SL72121.exome_1tier.hg19.final.bam


------------ Job WrapUp ------------

Job ID:            11325041.cri16sc001
User ID:           mleukam
Job Name:          sambamba_EGAR00001588133_2528.a.1kDLBCL.DLBCL.SL72121.exome_1tier.hg19.final.bam
Queue Name:        express
Working Directory: /home/mleukam/pbs
Resource List:     walltime=03:00:00,nodes=1:ppn=1,mem=4gb,neednodes=1:ppn=1
Resources Used:    cput=00:37:00,vmem=4188160kb,walltime=00:37:12,mem=1680808kb,energy_used=0
Exit Code:         0
Mother Superior:   cri16cn088

Execution Nodes: 
cri16cn088


