index for EGAR00001588177_2593.a.1kDLBCL.DLBCL.SL100285.exome_1tier.hg19.final.bam complete
finding positions of the duplicate reads in the file...
  sorted 5256280 end pairs
     and 49951 single ends (among them 0 unmatched pairs)
  collecting indices of duplicate reads...   done in 7540 ms
  found 1558376 duplicates
collected list of positions in 3 min 25 sec
removing duplicates...
total time elapsed: 13 min 29 sec
low quality reads removed from EGAR00001588177_2593.a.1kDLBCL.DLBCL.SL100285.exome_1tier.hg19.final.bam
duplicates removed from EGAR00001588177_2593.a.1kDLBCL.DLBCL.SL100285.exome_1tier.hg19.final.bam
script complete for EGAR00001588177_2593.a.1kDLBCL.DLBCL.SL100285.exome_1tier.hg19.final.bam


------------ Job WrapUp ------------

Job ID:            11325086.cri16sc001
User ID:           mleukam
Job Name:          sambamba_EGAR00001588177_2593.a.1kDLBCL.DLBCL.SL100285.exome_1tier.hg19.final.bam
Queue Name:        express
Working Directory: /home/mleukam/pbs
Resource List:     walltime=03:00:00,nodes=1:ppn=1,mem=4gb,neednodes=1:ppn=1
Resources Used:    cput=00:14:34,vmem=4220908kb,walltime=00:14:39,mem=1495316kb,energy_used=0
Exit Code:         0
Mother Superior:   cri16cn062

Execution Nodes: 
cri16cn062


