index for EGAR00001588605_3645.a.1kDLBCL.DLBCL.SL104094.exome_1tier.hg19.final.bam complete
finding positions of the duplicate reads in the file...
  sorted 17603827 end pairs
     and 418878 single ends (among them 0 unmatched pairs)
  collecting indices of duplicate reads...   done in 32904 ms
  found 6903119 duplicates
collected list of positions in 14 min 21 sec
removing duplicates...
total time elapsed: 55 min 20 sec
low quality reads removed from EGAR00001588605_3645.a.1kDLBCL.DLBCL.SL104094.exome_1tier.hg19.final.bam
duplicates removed from EGAR00001588605_3645.a.1kDLBCL.DLBCL.SL104094.exome_1tier.hg19.final.bam
script complete for EGAR00001588605_3645.a.1kDLBCL.DLBCL.SL104094.exome_1tier.hg19.final.bam


------------ Job WrapUp ------------

Job ID:            11325522.cri16sc001
User ID:           mleukam
Job Name:          sambamba_EGAR00001588605_3645.a.1kDLBCL.DLBCL.SL104094.exome_1tier.hg19.final.bam
Queue Name:        express
Working Directory: /home/mleukam/pbs
Resource List:     walltime=03:00:00,nodes=1:ppn=1,mem=4gb,neednodes=1:ppn=1
Resources Used:    cput=00:58:03,vmem=4322560kb,walltime=00:58:11,mem=2148392kb,energy_used=0
Exit Code:         0
Mother Superior:   cri16cn054

Execution Nodes: 
cri16cn054


