index for EGAR00001588708_3762.a.1kDLBCL.DLBCL.SL96059.exome_1tier.hg19.final.bam complete
finding positions of the duplicate reads in the file...
  sorted 15358348 end pairs
     and 282706 single ends (among them 0 unmatched pairs)
  collecting indices of duplicate reads...   done in 22608 ms
  found 5091030 duplicates
collected list of positions in 10 min 56 sec
removing duplicates...
total time elapsed: 47 min 18 sec
low quality reads removed from EGAR00001588708_3762.a.1kDLBCL.DLBCL.SL96059.exome_1tier.hg19.final.bam
duplicates removed from EGAR00001588708_3762.a.1kDLBCL.DLBCL.SL96059.exome_1tier.hg19.final.bam
script complete for EGAR00001588708_3762.a.1kDLBCL.DLBCL.SL96059.exome_1tier.hg19.final.bam


------------ Job WrapUp ------------

Job ID:            11325627.cri16sc001
User ID:           mleukam
Job Name:          sambamba_EGAR00001588708_3762.a.1kDLBCL.DLBCL.SL96059.exome_1tier.hg19.final.bam
Queue Name:        express
Working Directory: /home/mleukam/pbs
Resource List:     walltime=03:00:00,nodes=1:ppn=1,mem=4gb,neednodes=1:ppn=1
Resources Used:    cput=00:49:33,vmem=4363084kb,walltime=00:49:37,mem=2112512kb,energy_used=0
Exit Code:         0
Mother Superior:   cri16cn004

Execution Nodes: 
cri16cn004


