index for EGAR00001588888_3992.a.1kDLBCL.DLBCL.SL99060.exome_1tier.hg19.final.bam complete
finding positions of the duplicate reads in the file...
  sorted 11777987 end pairs
     and 296686 single ends (among them 0 unmatched pairs)
  collecting indices of duplicate reads...   done in 17614 ms
  found 5285421 duplicates
collected list of positions in 8 min 54 sec
removing duplicates...
total time elapsed: 37 min 35 sec
low quality reads removed from EGAR00001588888_3992.a.1kDLBCL.DLBCL.SL99060.exome_1tier.hg19.final.bam
duplicates removed from EGAR00001588888_3992.a.1kDLBCL.DLBCL.SL99060.exome_1tier.hg19.final.bam
script complete for EGAR00001588888_3992.a.1kDLBCL.DLBCL.SL99060.exome_1tier.hg19.final.bam


------------ Job WrapUp ------------

Job ID:            11325809.cri16sc001
User ID:           mleukam
Job Name:          sambamba_EGAR00001588888_3992.a.1kDLBCL.DLBCL.SL99060.exome_1tier.hg19.final.bam
Queue Name:        express
Working Directory: /home/mleukam/pbs
Resource List:     walltime=03:00:00,nodes=1:ppn=1,mem=4gb,neednodes=1:ppn=1
Resources Used:    cput=00:39:32,vmem=4126760kb,walltime=00:39:35,mem=1675312kb,energy_used=0
Exit Code:         0
Mother Superior:   cri16cn050

Execution Nodes: 
cri16cn050


