index for EGAR00001588431_3419.a.1kDLBCL.DLBCL.SL85154.exome_1tier.hg19.final.bam complete
finding positions of the duplicate reads in the file...
  sorted 11499276 end pairs
     and 200017 single ends (among them 0 unmatched pairs)
  collecting indices of duplicate reads...   done in 17209 ms
  found 4910574 duplicates
collected list of positions in 8 min 2 sec
removing duplicates...
total time elapsed: 33 min 43 sec
low quality reads removed from EGAR00001588431_3419.a.1kDLBCL.DLBCL.SL85154.exome_1tier.hg19.final.bam
duplicates removed from EGAR00001588431_3419.a.1kDLBCL.DLBCL.SL85154.exome_1tier.hg19.final.bam
script complete for EGAR00001588431_3419.a.1kDLBCL.DLBCL.SL85154.exome_1tier.hg19.final.bam


------------ Job WrapUp ------------

Job ID:            11325345.cri16sc001
User ID:           mleukam
Job Name:          sambamba_EGAR00001588431_3419.a.1kDLBCL.DLBCL.SL85154.exome_1tier.hg19.final.bam
Queue Name:        express
Working Directory: /home/mleukam/pbs
Resource List:     walltime=03:00:00,nodes=1:ppn=1,mem=4gb,neednodes=1:ppn=1
Resources Used:    cput=00:35:26,vmem=4199508kb,walltime=00:35:30,mem=1753428kb,energy_used=0
Exit Code:         0
Mother Superior:   cri16cn002

Execution Nodes: 
cri16cn002


