index for EGAR00001588432_3422.a.1kDLBCL.DLBCL.SL89734.exome_1tier.hg19.final.bam complete
finding positions of the duplicate reads in the file...
  sorted 15045827 end pairs
     and 257127 single ends (among them 0 unmatched pairs)
  collecting indices of duplicate reads...   done in 22249 ms
  found 5883553 duplicates
collected list of positions in 10 min 9 sec
removing duplicates...
total time elapsed: 40 min 24 sec
low quality reads removed from EGAR00001588432_3422.a.1kDLBCL.DLBCL.SL89734.exome_1tier.hg19.final.bam
duplicates removed from EGAR00001588432_3422.a.1kDLBCL.DLBCL.SL89734.exome_1tier.hg19.final.bam
script complete for EGAR00001588432_3422.a.1kDLBCL.DLBCL.SL89734.exome_1tier.hg19.final.bam


------------ Job WrapUp ------------

Job ID:            11325346.cri16sc001
User ID:           mleukam
Job Name:          sambamba_EGAR00001588432_3422.a.1kDLBCL.DLBCL.SL89734.exome_1tier.hg19.final.bam
Queue Name:        express
Working Directory: /home/mleukam/pbs
Resource List:     walltime=03:00:00,nodes=1:ppn=1,mem=4gb,neednodes=1:ppn=1
Resources Used:    cput=00:42:37,vmem=4210780kb,walltime=00:42:41,mem=1894424kb,energy_used=0
Exit Code:         0
Mother Superior:   cri16cn055

Execution Nodes: 
cri16cn055


