index for EGAR00001588178_2594.a.1kDLBCL.DLBCL.SL79089_SL84647.exome_1tier.hg19.final.bam complete
finding positions of the duplicate reads in the file...
  sorted 8388976 end pairs
     and 148427 single ends (among them 0 unmatched pairs)
  collecting indices of duplicate reads...   done in 11957 ms
  found 1301013 duplicates
collected list of positions in 5 min 40 sec
removing duplicates...
total time elapsed: 25 min 44 sec
low quality reads removed from EGAR00001588178_2594.a.1kDLBCL.DLBCL.SL79089_SL84647.exome_1tier.hg19.final.bam
duplicates removed from EGAR00001588178_2594.a.1kDLBCL.DLBCL.SL79089_SL84647.exome_1tier.hg19.final.bam
script complete for EGAR00001588178_2594.a.1kDLBCL.DLBCL.SL79089_SL84647.exome_1tier.hg19.final.bam


------------ Job WrapUp ------------

Job ID:            11325087.cri16sc001
User ID:           mleukam
Job Name:          sambamba_EGAR00001588178_2594.a.1kDLBCL.DLBCL.SL79089_SL84647.exome_1tier.hg19.final.bam
Queue Name:        express
Working Directory: /home/mleukam/pbs
Resource List:     walltime=03:00:00,nodes=1:ppn=1,mem=4gb,neednodes=1:ppn=1
Resources Used:    cput=00:26:55,vmem=4102512kb,walltime=00:26:59,mem=1553384kb,energy_used=0
Exit Code:         0
Mother Superior:   cri16cn054

Execution Nodes: 
cri16cn054


