index for EGAR00001588438_3431.a.1kDLBCL.DLBCL.SL86558_SL90570.exome_1tier.hg19.final.bam complete
finding positions of the duplicate reads in the file...
  sorted 13958182 end pairs
     and 449239 single ends (among them 0 unmatched pairs)
  collecting indices of duplicate reads...   done in 20814 ms
  found 4819112 duplicates
collected list of positions in 12 min 30 sec
removing duplicates...
total time elapsed: 52 min 16 sec
low quality reads removed from EGAR00001588438_3431.a.1kDLBCL.DLBCL.SL86558_SL90570.exome_1tier.hg19.final.bam
duplicates removed from EGAR00001588438_3431.a.1kDLBCL.DLBCL.SL86558_SL90570.exome_1tier.hg19.final.bam
script complete for EGAR00001588438_3431.a.1kDLBCL.DLBCL.SL86558_SL90570.exome_1tier.hg19.final.bam


------------ Job WrapUp ------------

Job ID:            11325352.cri16sc001
User ID:           mleukam
Job Name:          sambamba_EGAR00001588438_3431.a.1kDLBCL.DLBCL.SL86558_SL90570.exome_1tier.hg19.final.bam
Queue Name:        express
Working Directory: /home/mleukam/pbs
Resource List:     walltime=03:00:00,nodes=1:ppn=1,mem=4gb,neednodes=1:ppn=1
Resources Used:    cput=00:54:48,vmem=4508096kb,walltime=00:54:53,mem=2049220kb,energy_used=0
Exit Code:         0
Mother Superior:   cri16cn069

Execution Nodes: 
cri16cn069


