index for EGAR00001587915_823.a.1kDLBCL_FFPEvsFrozen.DLBCL.SL106098.exome_1tier.hg19.final.bam complete
finding positions of the duplicate reads in the file...
  sorted 33177325 end pairs
     and 802555 single ends (among them 0 unmatched pairs)
  collecting indices of duplicate reads...   done in 54992 ms
  found 17870295 duplicates
collected list of positions in 21 min 52 sec
removing duplicates...
total time elapsed: 84 min 6 sec
low quality reads removed from EGAR00001587915_823.a.1kDLBCL_FFPEvsFrozen.DLBCL.SL106098.exome_1tier.hg19.final.bam
duplicates removed from EGAR00001587915_823.a.1kDLBCL_FFPEvsFrozen.DLBCL.SL106098.exome_1tier.hg19.final.bam
script complete for EGAR00001587915_823.a.1kDLBCL_FFPEvsFrozen.DLBCL.SL106098.exome_1tier.hg19.final.bam


------------ Job WrapUp ------------

Job ID:            11324820.cri16sc001
User ID:           mleukam
Job Name:          sambamba_EGAR00001587915_823.a.1kDLBCL_FFPEvsFrozen.DLBCL.SL106098.exome_1tier.hg19.final.bam
Queue Name:        express
Working Directory: /home/mleukam/pbs
Resource List:     walltime=03:00:00,nodes=1:ppn=1,mem=4gb,neednodes=1:ppn=1
Resources Used:    cput=01:28:24,vmem=4431728kb,walltime=01:28:30,mem=2194348kb,energy_used=0
Exit Code:         0
Mother Superior:   cri16cn042

Execution Nodes: 
cri16cn042


