index for EGAR00001588389_2948.a.1kDLBCL.DLBCL.SL96676.exome_1tier.hg19.final.bam complete
finding positions of the duplicate reads in the file...
  sorted 15432406 end pairs
     and 261268 single ends (among them 0 unmatched pairs)
  collecting indices of duplicate reads...   done in 22463 ms
  found 4664299 duplicates
collected list of positions in 11 min 3 sec
removing duplicates...
total time elapsed: 45 min 28 sec
low quality reads removed from EGAR00001588389_2948.a.1kDLBCL.DLBCL.SL96676.exome_1tier.hg19.final.bam
duplicates removed from EGAR00001588389_2948.a.1kDLBCL.DLBCL.SL96676.exome_1tier.hg19.final.bam
script complete for EGAR00001588389_2948.a.1kDLBCL.DLBCL.SL96676.exome_1tier.hg19.final.bam


------------ Job WrapUp ------------

Job ID:            11325302.cri16sc001
User ID:           mleukam
Job Name:          sambamba_EGAR00001588389_2948.a.1kDLBCL.DLBCL.SL96676.exome_1tier.hg19.final.bam
Queue Name:        express
Working Directory: /home/mleukam/pbs
Resource List:     walltime=03:00:00,nodes=1:ppn=1,mem=4gb,neednodes=1:ppn=1
Resources Used:    cput=00:47:34,vmem=4171892kb,walltime=00:47:39,mem=1860668kb,energy_used=0
Exit Code:         0
Mother Superior:   cri16cn041

Execution Nodes: 
cri16cn041


