index for EGAR00001587977_2136.a.1kDLBCL.DLBCL.SL72008.exome_1tier.hg19.final.bam complete
finding positions of the duplicate reads in the file...
  sorted 12264688 end pairs
     and 387086 single ends (among them 0 unmatched pairs)
  collecting indices of duplicate reads...   done in 18079 ms
  found 2419376 duplicates
collected list of positions in 8 min 40 sec
removing duplicates...
total time elapsed: 37 min 19 sec
low quality reads removed from EGAR00001587977_2136.a.1kDLBCL.DLBCL.SL72008.exome_1tier.hg19.final.bam
duplicates removed from EGAR00001587977_2136.a.1kDLBCL.DLBCL.SL72008.exome_1tier.hg19.final.bam
script complete for EGAR00001587977_2136.a.1kDLBCL.DLBCL.SL72008.exome_1tier.hg19.final.bam


------------ Job WrapUp ------------

Job ID:            11324883.cri16sc001
User ID:           mleukam
Job Name:          sambamba_EGAR00001587977_2136.a.1kDLBCL.DLBCL.SL72008.exome_1tier.hg19.final.bam
Queue Name:        express
Working Directory: /home/mleukam/pbs
Resource List:     walltime=03:00:00,nodes=1:ppn=1,mem=4gb,neednodes=1:ppn=1
Resources Used:    cput=00:38:57,vmem=4311256kb,walltime=00:39:05,mem=1752232kb,energy_used=0
Exit Code:         0
Mother Superior:   cri16cn032

Execution Nodes: 
cri16cn032


