index for EGAR00001588672_3724.a.1kDLBCL.DLBCL.SL99899.exome_1tier.hg19.final.bam complete
finding positions of the duplicate reads in the file...
  sorted 11940305 end pairs
     and 203473 single ends (among them 0 unmatched pairs)
  collecting indices of duplicate reads...   done in 18572 ms
  found 4859312 duplicates
collected list of positions in 8 min 24 sec
removing duplicates...
total time elapsed: 31 min 40 sec
low quality reads removed from EGAR00001588672_3724.a.1kDLBCL.DLBCL.SL99899.exome_1tier.hg19.final.bam
duplicates removed from EGAR00001588672_3724.a.1kDLBCL.DLBCL.SL99899.exome_1tier.hg19.final.bam
script complete for EGAR00001588672_3724.a.1kDLBCL.DLBCL.SL99899.exome_1tier.hg19.final.bam


------------ Job WrapUp ------------

Job ID:            11325590.cri16sc001
User ID:           mleukam
Job Name:          sambamba_EGAR00001588672_3724.a.1kDLBCL.DLBCL.SL99899.exome_1tier.hg19.final.bam
Queue Name:        express
Working Directory: /home/mleukam/pbs
Resource List:     walltime=03:00:00,nodes=1:ppn=1,mem=4gb,neednodes=1:ppn=1
Resources Used:    cput=00:33:22,vmem=4249104kb,walltime=00:33:25,mem=1682240kb,energy_used=0
Exit Code:         0
Mother Superior:   cri16cn078

Execution Nodes: 
cri16cn078


