index for EGAR00001588462_3460.a.1kDLBCL.DLBCL.SL90304.exome_1tier.hg19.final.bam complete
finding positions of the duplicate reads in the file...
  sorted 21003747 end pairs
     and 640578 single ends (among them 0 unmatched pairs)
  collecting indices of duplicate reads...   done in 36264 ms
  found 7629118 duplicates
collected list of positions in 15 min 30 sec
removing duplicates...
total time elapsed: 60 min 24 sec
low quality reads removed from EGAR00001588462_3460.a.1kDLBCL.DLBCL.SL90304.exome_1tier.hg19.final.bam
duplicates removed from EGAR00001588462_3460.a.1kDLBCL.DLBCL.SL90304.exome_1tier.hg19.final.bam
script complete for EGAR00001588462_3460.a.1kDLBCL.DLBCL.SL90304.exome_1tier.hg19.final.bam


------------ Job WrapUp ------------

Job ID:            11325377.cri16sc001
User ID:           mleukam
Job Name:          sambamba_EGAR00001588462_3460.a.1kDLBCL.DLBCL.SL90304.exome_1tier.hg19.final.bam
Queue Name:        express
Working Directory: /home/mleukam/pbs
Resource List:     walltime=03:00:00,nodes=1:ppn=1,mem=4gb,neednodes=1:ppn=1
Resources Used:    cput=01:03:07,vmem=4429420kb,walltime=01:03:17,mem=1986900kb,energy_used=0
Exit Code:         0
Mother Superior:   cri16cn008

Execution Nodes: 
cri16cn008


