index for EGAR00001588325_2834.a.1kDLBCL.DLBCL.SL102893.exome_1tier.hg19.final.bam complete
finding positions of the duplicate reads in the file...
  sorted 21584002 end pairs
     and 662351 single ends (among them 0 unmatched pairs)
  collecting indices of duplicate reads...   done in 75162 ms
  found 7011991 duplicates
collected list of positions in 16 min 30 sec
removing duplicates...
total time elapsed: 64 min 28 sec
low quality reads removed from EGAR00001588325_2834.a.1kDLBCL.DLBCL.SL102893.exome_1tier.hg19.final.bam
duplicates removed from EGAR00001588325_2834.a.1kDLBCL.DLBCL.SL102893.exome_1tier.hg19.final.bam
script complete for EGAR00001588325_2834.a.1kDLBCL.DLBCL.SL102893.exome_1tier.hg19.final.bam


------------ Job WrapUp ------------

Job ID:            11325237.cri16sc001
User ID:           mleukam
Job Name:          sambamba_EGAR00001588325_2834.a.1kDLBCL.DLBCL.SL102893.exome_1tier.hg19.final.bam
Queue Name:        express
Working Directory: /home/mleukam/pbs
Resource List:     walltime=03:00:00,nodes=1:ppn=1,mem=4gb,neednodes=1:ppn=1
Resources Used:    cput=01:06:45,vmem=4230988kb,walltime=01:07:35,mem=2087372kb,energy_used=0
Exit Code:         0
Mother Superior:   cri16cn009

Execution Nodes: 
cri16cn009


