index for EGAR00001588179_2596.a.1kDLBCL.DLBCL.SL78813.exome_1tier.hg19.final.bam complete
finding positions of the duplicate reads in the file...
  sorted 16248777 end pairs
     and 308581 single ends (among them 0 unmatched pairs)
  collecting indices of duplicate reads...   done in 23095 ms
  found 2261868 duplicates
collected list of positions in 11 min 18 sec
removing duplicates...
total time elapsed: 50 min 16 sec
low quality reads removed from EGAR00001588179_2596.a.1kDLBCL.DLBCL.SL78813.exome_1tier.hg19.final.bam
duplicates removed from EGAR00001588179_2596.a.1kDLBCL.DLBCL.SL78813.exome_1tier.hg19.final.bam
script complete for EGAR00001588179_2596.a.1kDLBCL.DLBCL.SL78813.exome_1tier.hg19.final.bam


------------ Job WrapUp ------------

Job ID:            11325088.cri16sc001
User ID:           mleukam
Job Name:          sambamba_EGAR00001588179_2596.a.1kDLBCL.DLBCL.SL78813.exome_1tier.hg19.final.bam
Queue Name:        express
Working Directory: /home/mleukam/pbs
Resource List:     walltime=03:00:00,nodes=1:ppn=1,mem=4gb,neednodes=1:ppn=1
Resources Used:    cput=00:52:26,vmem=4300620kb,walltime=00:52:32,mem=2081384kb,energy_used=0
Exit Code:         0
Mother Superior:   cri16cn064

Execution Nodes: 
cri16cn064


