index for EGAR00001588392_2951.a.1kDLBCL.DLBCL.SL103118.exome_1tier.hg19.final.bam complete
finding positions of the duplicate reads in the file...
  sorted 5389052 end pairs
     and 106536 single ends (among them 0 unmatched pairs)
  collecting indices of duplicate reads...   done in 7766 ms
  found 1226467 duplicates
collected list of positions in 3 min 43 sec
removing duplicates...
total time elapsed: 16 min 18 sec
low quality reads removed from EGAR00001588392_2951.a.1kDLBCL.DLBCL.SL103118.exome_1tier.hg19.final.bam
duplicates removed from EGAR00001588392_2951.a.1kDLBCL.DLBCL.SL103118.exome_1tier.hg19.final.bam
script complete for EGAR00001588392_2951.a.1kDLBCL.DLBCL.SL103118.exome_1tier.hg19.final.bam


------------ Job WrapUp ------------

Job ID:            11325305.cri16sc001
User ID:           mleukam
Job Name:          sambamba_EGAR00001588392_2951.a.1kDLBCL.DLBCL.SL103118.exome_1tier.hg19.final.bam
Queue Name:        express
Working Directory: /home/mleukam/pbs
Resource List:     walltime=03:00:00,nodes=1:ppn=1,mem=4gb,neednodes=1:ppn=1
Resources Used:    cput=00:17:02,vmem=4260004kb,walltime=00:17:06,mem=1488780kb,energy_used=0
Exit Code:         0
Mother Superior:   cri16cn071

Execution Nodes: 
cri16cn071


