index for EGAR00001588336_2871.a.1kDLBCL.DLBCL.SL103867.exome_1tier.hg19.final.bam complete
finding positions of the duplicate reads in the file...
  sorted 20044933 end pairs
     and 541307 single ends (among them 0 unmatched pairs)
  collecting indices of duplicate reads...   done in 34964 ms
  found 9474322 duplicates
collected list of positions in 13 min 38 sec
removing duplicates...
total time elapsed: 54 min 59 sec
low quality reads removed from EGAR00001588336_2871.a.1kDLBCL.DLBCL.SL103867.exome_1tier.hg19.final.bam
duplicates removed from EGAR00001588336_2871.a.1kDLBCL.DLBCL.SL103867.exome_1tier.hg19.final.bam
script complete for EGAR00001588336_2871.a.1kDLBCL.DLBCL.SL103867.exome_1tier.hg19.final.bam


------------ Job WrapUp ------------

Job ID:            11325248.cri16sc001
User ID:           mleukam
Job Name:          sambamba_EGAR00001588336_2871.a.1kDLBCL.DLBCL.SL103867.exome_1tier.hg19.final.bam
Queue Name:        express
Working Directory: /home/mleukam/pbs
Resource List:     walltime=03:00:00,nodes=1:ppn=1,mem=4gb,neednodes=1:ppn=1
Resources Used:    cput=00:57:56,vmem=4189652kb,walltime=00:58:02,mem=2002792kb,energy_used=0
Exit Code:         0
Mother Superior:   cri16cn033

Execution Nodes: 
cri16cn033


