index for EGAR00001588006_2166.a.1kDLBCL.DLBCL.SL84019.exome_1tier.hg19.final.bam complete
finding positions of the duplicate reads in the file...
  sorted 15982252 end pairs
     and 272243 single ends (among them 0 unmatched pairs)
  collecting indices of duplicate reads...   done in 23829 ms
  found 3632922 duplicates
collected list of positions in 11 min 42 sec
removing duplicates...
total time elapsed: 49 min 33 sec
low quality reads removed from EGAR00001588006_2166.a.1kDLBCL.DLBCL.SL84019.exome_1tier.hg19.final.bam
duplicates removed from EGAR00001588006_2166.a.1kDLBCL.DLBCL.SL84019.exome_1tier.hg19.final.bam
script complete for EGAR00001588006_2166.a.1kDLBCL.DLBCL.SL84019.exome_1tier.hg19.final.bam


------------ Job WrapUp ------------

Job ID:            11324913.cri16sc001
User ID:           mleukam
Job Name:          sambamba_EGAR00001588006_2166.a.1kDLBCL.DLBCL.SL84019.exome_1tier.hg19.final.bam
Queue Name:        express
Working Directory: /home/mleukam/pbs
Resource List:     walltime=03:00:00,nodes=1:ppn=1,mem=4gb,neednodes=1:ppn=1
Resources Used:    cput=00:51:37,vmem=4306764kb,walltime=00:51:51,mem=2075820kb,energy_used=0
Exit Code:         0
Mother Superior:   cri16cn065

Execution Nodes: 
cri16cn065


