index for EGAR00001588192_2613.a.1kDLBCL.DLBCL.SL79205.exome_1tier.hg19.final.bam complete
finding positions of the duplicate reads in the file...
  sorted 16969534 end pairs
     and 313471 single ends (among them 0 unmatched pairs)
  collecting indices of duplicate reads...   done in 28849 ms
  found 2376781 duplicates
collected list of positions in 11 min 51 sec
removing duplicates...
total time elapsed: 51 min 42 sec
low quality reads removed from EGAR00001588192_2613.a.1kDLBCL.DLBCL.SL79205.exome_1tier.hg19.final.bam
duplicates removed from EGAR00001588192_2613.a.1kDLBCL.DLBCL.SL79205.exome_1tier.hg19.final.bam
script complete for EGAR00001588192_2613.a.1kDLBCL.DLBCL.SL79205.exome_1tier.hg19.final.bam


------------ Job WrapUp ------------

Job ID:            11325101.cri16sc001
User ID:           mleukam
Job Name:          sambamba_EGAR00001588192_2613.a.1kDLBCL.DLBCL.SL79205.exome_1tier.hg19.final.bam
Queue Name:        express
Working Directory: /home/mleukam/pbs
Resource List:     walltime=03:00:00,nodes=1:ppn=1,mem=4gb,neednodes=1:ppn=1
Resources Used:    cput=00:53:54,vmem=4091724kb,walltime=00:54:00,mem=1900536kb,energy_used=0
Exit Code:         0
Mother Superior:   cri16cn069

Execution Nodes: 
cri16cn069


