index for EGAR00001588355_2897.a.1kDLBCL.DLBCL.SL100747.exome_1tier.hg19.final.bam complete
finding positions of the duplicate reads in the file...
  sorted 13421526 end pairs
     and 297539 single ends (among them 0 unmatched pairs)
  collecting indices of duplicate reads...   done in 19469 ms
  found 3401628 duplicates
collected list of positions in 9 min 16 sec
removing duplicates...
total time elapsed: 42 min 22 sec
low quality reads removed from EGAR00001588355_2897.a.1kDLBCL.DLBCL.SL100747.exome_1tier.hg19.final.bam
duplicates removed from EGAR00001588355_2897.a.1kDLBCL.DLBCL.SL100747.exome_1tier.hg19.final.bam
script complete for EGAR00001588355_2897.a.1kDLBCL.DLBCL.SL100747.exome_1tier.hg19.final.bam


------------ Job WrapUp ------------

Job ID:            11325268.cri16sc001
User ID:           mleukam
Job Name:          sambamba_EGAR00001588355_2897.a.1kDLBCL.DLBCL.SL100747.exome_1tier.hg19.final.bam
Queue Name:        express
Working Directory: /home/mleukam/pbs
Resource List:     walltime=03:00:00,nodes=1:ppn=1,mem=4gb,neednodes=1:ppn=1
Resources Used:    cput=00:44:28,vmem=4284432kb,walltime=00:44:34,mem=1953980kb,energy_used=0
Exit Code:         0
Mother Superior:   cri16cn080

Execution Nodes: 
cri16cn080


