index for EGAR00001588700_3754.a.1kDLBCL.DLBCL.SL104223.exome_1tier.hg19.final.bam complete
finding positions of the duplicate reads in the file...
  sorted 13064806 end pairs
     and 277253 single ends (among them 0 unmatched pairs)
  collecting indices of duplicate reads...   done in 20590 ms
  found 9088242 duplicates
collected list of positions in 8 min 49 sec
removing duplicates...
total time elapsed: 34 min 25 sec
low quality reads removed from EGAR00001588700_3754.a.1kDLBCL.DLBCL.SL104223.exome_1tier.hg19.final.bam
duplicates removed from EGAR00001588700_3754.a.1kDLBCL.DLBCL.SL104223.exome_1tier.hg19.final.bam
script complete for EGAR00001588700_3754.a.1kDLBCL.DLBCL.SL104223.exome_1tier.hg19.final.bam


------------ Job WrapUp ------------

Job ID:            11325618.cri16sc001
User ID:           mleukam
Job Name:          sambamba_EGAR00001588700_3754.a.1kDLBCL.DLBCL.SL104223.exome_1tier.hg19.final.bam
Queue Name:        express
Working Directory: /home/mleukam/pbs
Resource List:     walltime=03:00:00,nodes=1:ppn=1,mem=4gb,neednodes=1:ppn=1
Resources Used:    cput=00:36:14,vmem=4105300kb,walltime=00:36:18,mem=1748776kb,energy_used=0
Exit Code:         0
Mother Superior:   cri16cn030

Execution Nodes: 
cri16cn030


