index for EGAR00001587972_2128.a.1kDLBCL.DLBCL.SL90241.exome_1tier.hg19.final.bam complete
finding positions of the duplicate reads in the file...
  sorted 23638517 end pairs
     and 704327 single ends (among them 0 unmatched pairs)
  collecting indices of duplicate reads...   done in 59822 ms
  found 7149463 duplicates
collected list of positions in 18 min 59 sec
removing duplicates...
total time elapsed: 76 min 27 sec
low quality reads removed from EGAR00001587972_2128.a.1kDLBCL.DLBCL.SL90241.exome_1tier.hg19.final.bam
duplicates removed from EGAR00001587972_2128.a.1kDLBCL.DLBCL.SL90241.exome_1tier.hg19.final.bam
script complete for EGAR00001587972_2128.a.1kDLBCL.DLBCL.SL90241.exome_1tier.hg19.final.bam


------------ Job WrapUp ------------

Job ID:            11324878.cri16sc001
User ID:           mleukam
Job Name:          sambamba_EGAR00001587972_2128.a.1kDLBCL.DLBCL.SL90241.exome_1tier.hg19.final.bam
Queue Name:        express
Working Directory: /home/mleukam/pbs
Resource List:     walltime=03:00:00,nodes=1:ppn=1,mem=4gb,neednodes=1:ppn=1
Resources Used:    cput=01:18:53,vmem=4246280kb,walltime=01:20:03,mem=2023912kb,energy_used=0
Exit Code:         0
Mother Superior:   cri16cn050

Execution Nodes: 
cri16cn050


