index for EGAR00001588828_3930.a.1kDLBCL.DLBCL.SL96544.exome_1tier.hg19.final.bam complete
finding positions of the duplicate reads in the file...
  sorted 8744512 end pairs
     and 92457 single ends (among them 0 unmatched pairs)
  collecting indices of duplicate reads...   done in 13316 ms
  found 2409481 duplicates
collected list of positions in 5 min 59 sec
removing duplicates...
total time elapsed: 25 min 14 sec
low quality reads removed from EGAR00001588828_3930.a.1kDLBCL.DLBCL.SL96544.exome_1tier.hg19.final.bam
duplicates removed from EGAR00001588828_3930.a.1kDLBCL.DLBCL.SL96544.exome_1tier.hg19.final.bam
script complete for EGAR00001588828_3930.a.1kDLBCL.DLBCL.SL96544.exome_1tier.hg19.final.bam


------------ Job WrapUp ------------

Job ID:            11325748.cri16sc001
User ID:           mleukam
Job Name:          sambamba_EGAR00001588828_3930.a.1kDLBCL.DLBCL.SL96544.exome_1tier.hg19.final.bam
Queue Name:        express
Working Directory: /home/mleukam/pbs
Resource List:     walltime=03:00:00,nodes=1:ppn=1,mem=4gb,neednodes=1:ppn=1
Resources Used:    cput=00:26:41,vmem=4239112kb,walltime=00:26:44,mem=1584556kb,energy_used=0
Exit Code:         0
Mother Superior:   cri16cn087

Execution Nodes: 
cri16cn087


