index for EGAR00001588581_3616.a.1kDLBCL.DLBCL.SL99801.exome_1tier.hg19.final.bam complete
finding positions of the duplicate reads in the file...
  sorted 14302208 end pairs
     and 394531 single ends (among them 0 unmatched pairs)
  collecting indices of duplicate reads...   done in 22204 ms
  found 6848490 duplicates
collected list of positions in 10 min 6 sec
removing duplicates...
total time elapsed: 39 min 25 sec
low quality reads removed from EGAR00001588581_3616.a.1kDLBCL.DLBCL.SL99801.exome_1tier.hg19.final.bam
duplicates removed from EGAR00001588581_3616.a.1kDLBCL.DLBCL.SL99801.exome_1tier.hg19.final.bam
script complete for EGAR00001588581_3616.a.1kDLBCL.DLBCL.SL99801.exome_1tier.hg19.final.bam


------------ Job WrapUp ------------

Job ID:            11325497.cri16sc001
User ID:           mleukam
Job Name:          sambamba_EGAR00001588581_3616.a.1kDLBCL.DLBCL.SL99801.exome_1tier.hg19.final.bam
Queue Name:        express
Working Directory: /home/mleukam/pbs
Resource List:     walltime=03:00:00,nodes=1:ppn=1,mem=4gb,neednodes=1:ppn=1
Resources Used:    cput=00:41:33,vmem=4498372kb,walltime=00:41:38,mem=2169684kb,energy_used=0
Exit Code:         0
Mother Superior:   cri16cn011

Execution Nodes: 
cri16cn011


