index for EGAR00001588759_3842.a.1kDLBCL.DLBCL.SL96683.exome_1tier.hg19.final.bam complete
finding positions of the duplicate reads in the file...
  sorted 21202220 end pairs
     and 488533 single ends (among them 0 unmatched pairs)
  collecting indices of duplicate reads...   done in 35932 ms
  found 6656271 duplicates
collected list of positions in 14 min 52 sec
removing duplicates...
total time elapsed: 60 min 17 sec
low quality reads removed from EGAR00001588759_3842.a.1kDLBCL.DLBCL.SL96683.exome_1tier.hg19.final.bam
duplicates removed from EGAR00001588759_3842.a.1kDLBCL.DLBCL.SL96683.exome_1tier.hg19.final.bam
script complete for EGAR00001588759_3842.a.1kDLBCL.DLBCL.SL96683.exome_1tier.hg19.final.bam


------------ Job WrapUp ------------

Job ID:            11325678.cri16sc001
User ID:           mleukam
Job Name:          sambamba_EGAR00001588759_3842.a.1kDLBCL.DLBCL.SL96683.exome_1tier.hg19.final.bam
Queue Name:        express
Working Directory: /home/mleukam/pbs
Resource List:     walltime=03:00:00,nodes=1:ppn=1,mem=4gb,neednodes=1:ppn=1
Resources Used:    cput=01:03:15,vmem=4263688kb,walltime=01:03:20,mem=1895336kb,energy_used=0
Exit Code:         0
Mother Superior:   cri16cn027

Execution Nodes: 
cri16cn027


