index for EGAR00001588124_2483.a.1kDLBCL.DLBCL.SL72231_SL72519.exome_1tier.hg19.final.bam complete
finding positions of the duplicate reads in the file...
  sorted 24579158 end pairs
     and 821242 single ends (among them 0 unmatched pairs)
  collecting indices of duplicate reads...   done in 41244 ms
  found 5442365 duplicates
collected list of positions in 19 min 9 sec
removing duplicates...
total time elapsed: 83 min 25 sec
low quality reads removed from EGAR00001588124_2483.a.1kDLBCL.DLBCL.SL72231_SL72519.exome_1tier.hg19.final.bam
duplicates removed from EGAR00001588124_2483.a.1kDLBCL.DLBCL.SL72231_SL72519.exome_1tier.hg19.final.bam
script complete for EGAR00001588124_2483.a.1kDLBCL.DLBCL.SL72231_SL72519.exome_1tier.hg19.final.bam


------------ Job WrapUp ------------

Job ID:            11325032.cri16sc001
User ID:           mleukam
Job Name:          sambamba_EGAR00001588124_2483.a.1kDLBCL.DLBCL.SL72231_SL72519.exome_1tier.hg19.final.bam
Queue Name:        express
Working Directory: /home/mleukam/pbs
Resource List:     walltime=03:00:00,nodes=1:ppn=1,mem=4gb,neednodes=1:ppn=1
Resources Used:    cput=01:26:59,vmem=4478292kb,walltime=01:27:06,mem=2060688kb,energy_used=0
Exit Code:         0
Mother Superior:   cri16cn056

Execution Nodes: 
cri16cn056


