index for EGAR00001588262_2715.a.1kDLBCL.DLBCL.SL79286.exome_1tier.hg19.final.bam complete
finding positions of the duplicate reads in the file...
  sorted 14742008 end pairs
     and 247563 single ends (among them 0 unmatched pairs)
  collecting indices of duplicate reads...   done in 20862 ms
  found 1661591 duplicates
collected list of positions in 10 min 24 sec
removing duplicates...
total time elapsed: 46 min 1 sec
low quality reads removed from EGAR00001588262_2715.a.1kDLBCL.DLBCL.SL79286.exome_1tier.hg19.final.bam
duplicates removed from EGAR00001588262_2715.a.1kDLBCL.DLBCL.SL79286.exome_1tier.hg19.final.bam
script complete for EGAR00001588262_2715.a.1kDLBCL.DLBCL.SL79286.exome_1tier.hg19.final.bam


------------ Job WrapUp ------------

Job ID:            11325173.cri16sc001
User ID:           mleukam
Job Name:          sambamba_EGAR00001588262_2715.a.1kDLBCL.DLBCL.SL79286.exome_1tier.hg19.final.bam
Queue Name:        express
Working Directory: /home/mleukam/pbs
Resource List:     walltime=03:00:00,nodes=1:ppn=1,mem=4gb,neednodes=1:ppn=1
Resources Used:    cput=00:48:16,vmem=4259776kb,walltime=00:48:25,mem=1945708kb,energy_used=0
Exit Code:         0
Mother Superior:   cri16cn034

Execution Nodes: 
cri16cn034


