index for EGAR00001588269_2728.a.1kDLBCL.DLBCL.SL79193.exome_1tier.hg19.final.bam complete
finding positions of the duplicate reads in the file...
  sorted 17894136 end pairs
     and 378654 single ends (among them 0 unmatched pairs)
  collecting indices of duplicate reads...   done in 30237 ms
  found 2402746 duplicates
collected list of positions in 12 min 21 sec
removing duplicates...
total time elapsed: 53 min 45 sec
low quality reads removed from EGAR00001588269_2728.a.1kDLBCL.DLBCL.SL79193.exome_1tier.hg19.final.bam
duplicates removed from EGAR00001588269_2728.a.1kDLBCL.DLBCL.SL79193.exome_1tier.hg19.final.bam
script complete for EGAR00001588269_2728.a.1kDLBCL.DLBCL.SL79193.exome_1tier.hg19.final.bam


------------ Job WrapUp ------------

Job ID:            11325180.cri16sc001
User ID:           mleukam
Job Name:          sambamba_EGAR00001588269_2728.a.1kDLBCL.DLBCL.SL79193.exome_1tier.hg19.final.bam
Queue Name:        express
Working Directory: /home/mleukam/pbs
Resource List:     walltime=03:00:00,nodes=1:ppn=1,mem=4gb,neednodes=1:ppn=1
Resources Used:    cput=00:56:29,vmem=4300620kb,walltime=00:56:35,mem=2106048kb,energy_used=0
Exit Code:         0
Mother Superior:   cri16cn040

Execution Nodes: 
cri16cn040


