index for EGAR00001588180_2597.a.1kDLBCL.DLBCL.SL79095.exome_1tier.hg19.final.bam complete
finding positions of the duplicate reads in the file...
  sorted 13460033 end pairs
     and 237103 single ends (among them 0 unmatched pairs)
  collecting indices of duplicate reads...   done in 19067 ms
  found 1596459 duplicates
collected list of positions in 10 min 17 sec
removing duplicates...
total time elapsed: 42 min 52 sec
low quality reads removed from EGAR00001588180_2597.a.1kDLBCL.DLBCL.SL79095.exome_1tier.hg19.final.bam
duplicates removed from EGAR00001588180_2597.a.1kDLBCL.DLBCL.SL79095.exome_1tier.hg19.final.bam
script complete for EGAR00001588180_2597.a.1kDLBCL.DLBCL.SL79095.exome_1tier.hg19.final.bam


------------ Job WrapUp ------------

Job ID:            11325089.cri16sc001
User ID:           mleukam
Job Name:          sambamba_EGAR00001588180_2597.a.1kDLBCL.DLBCL.SL79095.exome_1tier.hg19.final.bam
Queue Name:        express
Working Directory: /home/mleukam/pbs
Resource List:     walltime=03:00:00,nodes=1:ppn=1,mem=4gb,neednodes=1:ppn=1
Resources Used:    cput=00:44:57,vmem=4295712kb,walltime=00:45:11,mem=1729988kb,energy_used=0
Exit Code:         0
Mother Superior:   cri16cn034

Execution Nodes: 
cri16cn034


