index for EGAR00001588507_3513.a.1kDLBCL.DLBCL.SL100976.exome_1tier.hg19.final.bam complete
finding positions of the duplicate reads in the file...
  sorted 7449322 end pairs
     and 230223 single ends (among them 0 unmatched pairs)
  collecting indices of duplicate reads...   done in 10966 ms
  found 2024831 duplicates
collected list of positions in 6 min 6 sec
removing duplicates...
total time elapsed: 30 min 38 sec
low quality reads removed from EGAR00001588507_3513.a.1kDLBCL.DLBCL.SL100976.exome_1tier.hg19.final.bam
duplicates removed from EGAR00001588507_3513.a.1kDLBCL.DLBCL.SL100976.exome_1tier.hg19.final.bam
script complete for EGAR00001588507_3513.a.1kDLBCL.DLBCL.SL100976.exome_1tier.hg19.final.bam


------------ Job WrapUp ------------

Job ID:            11325422.cri16sc001
User ID:           mleukam
Job Name:          sambamba_EGAR00001588507_3513.a.1kDLBCL.DLBCL.SL100976.exome_1tier.hg19.final.bam
Queue Name:        express
Working Directory: /home/mleukam/pbs
Resource List:     walltime=03:00:00,nodes=1:ppn=1,mem=4gb,neednodes=1:ppn=1
Resources Used:    cput=00:32:05,vmem=4264624kb,walltime=00:32:08,mem=1713276kb,energy_used=0
Exit Code:         0
Mother Superior:   cri16cn041

Execution Nodes: 
cri16cn041


