index for EGAR00001588306_2812.a.1kDLBCL.DLBCL.SL103113.exome_1tier.hg19.final.bam complete
finding positions of the duplicate reads in the file...
  sorted 25236961 end pairs
     and 645614 single ends (among them 0 unmatched pairs)
  collecting indices of duplicate reads...   done in 43181 ms
  found 6042408 duplicates
collected list of positions in 18 min 31 sec
removing duplicates...
total time elapsed: 80 min 41 sec
low quality reads removed from EGAR00001588306_2812.a.1kDLBCL.DLBCL.SL103113.exome_1tier.hg19.final.bam
duplicates removed from EGAR00001588306_2812.a.1kDLBCL.DLBCL.SL103113.exome_1tier.hg19.final.bam
script complete for EGAR00001588306_2812.a.1kDLBCL.DLBCL.SL103113.exome_1tier.hg19.final.bam


------------ Job WrapUp ------------

Job ID:            11325218.cri16sc001
User ID:           mleukam
Job Name:          sambamba_EGAR00001588306_2812.a.1kDLBCL.DLBCL.SL103113.exome_1tier.hg19.final.bam
Queue Name:        express
Working Directory: /home/mleukam/pbs
Resource List:     walltime=03:00:00,nodes=1:ppn=1,mem=4gb,neednodes=1:ppn=1
Resources Used:    cput=01:24:09,vmem=4420108kb,walltime=01:24:23,mem=2054940kb,energy_used=0
Exit Code:         0
Mother Superior:   cri16cn002

Execution Nodes: 
cri16cn002


