index for EGAR00001588189_2609.a.1kDLBCL.DLBCL.SL79085.exome_1tier.hg19.final.bam complete
finding positions of the duplicate reads in the file...
  sorted 16955082 end pairs
     and 356173 single ends (among them 0 unmatched pairs)
  collecting indices of duplicate reads...   done in 28874 ms
  found 2432234 duplicates
collected list of positions in 15 min 15 sec
removing duplicates...
total time elapsed: 67 min 58 sec
low quality reads removed from EGAR00001588189_2609.a.1kDLBCL.DLBCL.SL79085.exome_1tier.hg19.final.bam
duplicates removed from EGAR00001588189_2609.a.1kDLBCL.DLBCL.SL79085.exome_1tier.hg19.final.bam
script complete for EGAR00001588189_2609.a.1kDLBCL.DLBCL.SL79085.exome_1tier.hg19.final.bam


------------ Job WrapUp ------------

Job ID:            11325098.cri16sc001
User ID:           mleukam
Job Name:          sambamba_EGAR00001588189_2609.a.1kDLBCL.DLBCL.SL79085.exome_1tier.hg19.final.bam
Queue Name:        express
Working Directory: /home/mleukam/pbs
Resource List:     walltime=03:00:00,nodes=1:ppn=1,mem=4gb,neednodes=1:ppn=1
Resources Used:    cput=01:10:30,vmem=4267364kb,walltime=01:10:57,mem=2081640kb,energy_used=0
Exit Code:         0
Mother Superior:   cri16cn084

Execution Nodes: 
cri16cn084


