index for EGAR00001587999_2159.a.1kDLBCL.DLBCL.SL90593_SL84502.exome_1tier.hg19.final.bam complete
finding positions of the duplicate reads in the file...
  sorted 17672895 end pairs
     and 373201 single ends (among them 0 unmatched pairs)
  collecting indices of duplicate reads...   done in 30292 ms
  found 3818977 duplicates
collected list of positions in 12 min 40 sec
removing duplicates...
total time elapsed: 52 min 16 sec
low quality reads removed from EGAR00001587999_2159.a.1kDLBCL.DLBCL.SL90593_SL84502.exome_1tier.hg19.final.bam
duplicates removed from EGAR00001587999_2159.a.1kDLBCL.DLBCL.SL90593_SL84502.exome_1tier.hg19.final.bam
script complete for EGAR00001587999_2159.a.1kDLBCL.DLBCL.SL90593_SL84502.exome_1tier.hg19.final.bam


------------ Job WrapUp ------------

Job ID:            11324906.cri16sc001
User ID:           mleukam
Job Name:          sambamba_EGAR00001587999_2159.a.1kDLBCL.DLBCL.SL90593_SL84502.exome_1tier.hg19.final.bam
Queue Name:        express
Working Directory: /home/mleukam/pbs
Resource List:     walltime=03:00:00,nodes=1:ppn=1,mem=4gb,neednodes=1:ppn=1
Resources Used:    cput=00:54:52,vmem=4460804kb,walltime=00:54:59,mem=2026716kb,energy_used=0
Exit Code:         0
Mother Superior:   cri16cn006

Execution Nodes: 
cri16cn006


