index for EGAR00001588404_3382.a.1kDLBCL.DLBCL.SL79105_SL84663.exome_1tier.hg19.final.bam complete
finding positions of the duplicate reads in the file...
  sorted 21984270 end pairs
     and 480021 single ends (among them 0 unmatched pairs)
  collecting indices of duplicate reads...   done in 39664 ms
  found 6012343 duplicates
collected list of positions in 20 min 46 sec
removing duplicates...
total time elapsed: 80 min 53 sec
low quality reads removed from EGAR00001588404_3382.a.1kDLBCL.DLBCL.SL79105_SL84663.exome_1tier.hg19.final.bam
duplicates removed from EGAR00001588404_3382.a.1kDLBCL.DLBCL.SL79105_SL84663.exome_1tier.hg19.final.bam
script complete for EGAR00001588404_3382.a.1kDLBCL.DLBCL.SL79105_SL84663.exome_1tier.hg19.final.bam


------------ Job WrapUp ------------

Job ID:            11325318.cri16sc001
User ID:           mleukam
Job Name:          sambamba_EGAR00001588404_3382.a.1kDLBCL.DLBCL.SL79105_SL84663.exome_1tier.hg19.final.bam
Queue Name:        express
Working Directory: /home/mleukam/pbs
Resource List:     walltime=03:00:00,nodes=1:ppn=1,mem=4gb,neednodes=1:ppn=1
Resources Used:    cput=01:23:57,vmem=4796900kb,walltime=01:24:21,mem=2626604kb,energy_used=0
Exit Code:         0
Mother Superior:   cri16cn003

Execution Nodes: 
cri16cn003


