index for EGAR00001588040_2226.a.1kDLBCL.DLBCL.SL78819.exome_1tier.hg19.final.bam complete
finding positions of the duplicate reads in the file...
  sorted 13398037 end pairs
     and 259637 single ends (among them 0 unmatched pairs)
  collecting indices of duplicate reads...   done in 19040 ms
  found 1871536 duplicates
collected list of positions in 9 min 29 sec
removing duplicates...
total time elapsed: 44 min 53 sec
low quality reads removed from EGAR00001588040_2226.a.1kDLBCL.DLBCL.SL78819.exome_1tier.hg19.final.bam
duplicates removed from EGAR00001588040_2226.a.1kDLBCL.DLBCL.SL78819.exome_1tier.hg19.final.bam
script complete for EGAR00001588040_2226.a.1kDLBCL.DLBCL.SL78819.exome_1tier.hg19.final.bam


------------ Job WrapUp ------------

Job ID:            11324947.cri16sc001
User ID:           mleukam
Job Name:          sambamba_EGAR00001588040_2226.a.1kDLBCL.DLBCL.SL78819.exome_1tier.hg19.final.bam
Queue Name:        express
Working Directory: /home/mleukam/pbs
Resource List:     walltime=03:00:00,nodes=1:ppn=1,mem=4gb,neednodes=1:ppn=1
Resources Used:    cput=00:47:02,vmem=4257984kb,walltime=00:47:08,mem=1729424kb,energy_used=0
Exit Code:         0
Mother Superior:   cri16cn073

Execution Nodes: 
cri16cn073


