index for EGAR00001588195_2617.a.1kDLBCL.DLBCL.SL86361.exome_1tier.hg19.final.bam complete
finding positions of the duplicate reads in the file...
  sorted 16202169 end pairs
     and 349163 single ends (among them 0 unmatched pairs)
  collecting indices of duplicate reads...   done in 23805 ms
  found 5559316 duplicates
collected list of positions in 11 min 33 sec
removing duplicates...
total time elapsed: 46 min 56 sec
low quality reads removed from EGAR00001588195_2617.a.1kDLBCL.DLBCL.SL86361.exome_1tier.hg19.final.bam
duplicates removed from EGAR00001588195_2617.a.1kDLBCL.DLBCL.SL86361.exome_1tier.hg19.final.bam
script complete for EGAR00001588195_2617.a.1kDLBCL.DLBCL.SL86361.exome_1tier.hg19.final.bam


------------ Job WrapUp ------------

Job ID:            11325104.cri16sc001
User ID:           mleukam
Job Name:          sambamba_EGAR00001588195_2617.a.1kDLBCL.DLBCL.SL86361.exome_1tier.hg19.final.bam
Queue Name:        express
Working Directory: /home/mleukam/pbs
Resource List:     walltime=03:00:00,nodes=1:ppn=1,mem=4gb,neednodes=1:ppn=1
Resources Used:    cput=00:49:22,vmem=4303692kb,walltime=00:49:27,mem=2109932kb,energy_used=0
Exit Code:         0
Mother Superior:   cri16cn049

Execution Nodes: 
cri16cn049


