index for EGAR00001588302_2806.a.1kDLBCL.DLBCL.SL104215.exome_1tier.hg19.final.bam complete
finding positions of the duplicate reads in the file...
  sorted 8727586 end pairs
     and 290833 single ends (among them 0 unmatched pairs)
  collecting indices of duplicate reads...   done in 12901 ms
  found 2981263 duplicates
collected list of positions in 6 min 2 sec
removing duplicates...
total time elapsed: 26 min 45 sec
low quality reads removed from EGAR00001588302_2806.a.1kDLBCL.DLBCL.SL104215.exome_1tier.hg19.final.bam
duplicates removed from EGAR00001588302_2806.a.1kDLBCL.DLBCL.SL104215.exome_1tier.hg19.final.bam
script complete for EGAR00001588302_2806.a.1kDLBCL.DLBCL.SL104215.exome_1tier.hg19.final.bam


------------ Job WrapUp ------------

Job ID:            11325214.cri16sc001
User ID:           mleukam
Job Name:          sambamba_EGAR00001588302_2806.a.1kDLBCL.DLBCL.SL104215.exome_1tier.hg19.final.bam
Queue Name:        express
Working Directory: /home/mleukam/pbs
Resource List:     walltime=03:00:00,nodes=1:ppn=1,mem=4gb,neednodes=1:ppn=1
Resources Used:    cput=00:28:03,vmem=4311548kb,walltime=00:28:07,mem=1568716kb,energy_used=0
Exit Code:         0
Mother Superior:   cri16cn004

Execution Nodes: 
cri16cn004


