index for EGAR00001587969_2125.a.1kDLBCL.DLBCL.SL84300_SL90547.exome_1tier.hg19.final.bam complete
finding positions of the duplicate reads in the file...
  sorted 20019546 end pairs
     and 412956 single ends (among them 0 unmatched pairs)
  collecting indices of duplicate reads...   done in 34603 ms
  found 4556264 duplicates
collected list of positions in 16 min 20 sec
removing duplicates...
total time elapsed: 78 min 29 sec
low quality reads removed from EGAR00001587969_2125.a.1kDLBCL.DLBCL.SL84300_SL90547.exome_1tier.hg19.final.bam
duplicates removed from EGAR00001587969_2125.a.1kDLBCL.DLBCL.SL84300_SL90547.exome_1tier.hg19.final.bam
script complete for EGAR00001587969_2125.a.1kDLBCL.DLBCL.SL84300_SL90547.exome_1tier.hg19.final.bam


------------ Job WrapUp ------------

Job ID:            11324875.cri16sc001
User ID:           mleukam
Job Name:          sambamba_EGAR00001587969_2125.a.1kDLBCL.DLBCL.SL84300_SL90547.exome_1tier.hg19.final.bam
Queue Name:        express
Working Directory: /home/mleukam/pbs
Resource List:     walltime=03:00:00,nodes=1:ppn=1,mem=4gb,neednodes=1:ppn=1
Resources Used:    cput=01:21:53,vmem=4529508kb,walltime=01:22:00,mem=2013772kb,energy_used=0
Exit Code:         0
Mother Superior:   cri16cn005

Execution Nodes: 
cri16cn005


