index for EGAR00001588635_3680.a.1kDLBCL.DLBCL.SL96342.exome_1tier.hg19.final.bam complete
finding positions of the duplicate reads in the file...
  sorted 12344759 end pairs
     and 240331 single ends (among them 0 unmatched pairs)
  collecting indices of duplicate reads...   done in 18365 ms
  found 4283330 duplicates
collected list of positions in 9 min 49 sec
removing duplicates...
total time elapsed: 39 min 20 sec
low quality reads removed from EGAR00001588635_3680.a.1kDLBCL.DLBCL.SL96342.exome_1tier.hg19.final.bam
duplicates removed from EGAR00001588635_3680.a.1kDLBCL.DLBCL.SL96342.exome_1tier.hg19.final.bam
script complete for EGAR00001588635_3680.a.1kDLBCL.DLBCL.SL96342.exome_1tier.hg19.final.bam


------------ Job WrapUp ------------

Job ID:            11325552.cri16sc001
User ID:           mleukam
Job Name:          sambamba_EGAR00001588635_3680.a.1kDLBCL.DLBCL.SL96342.exome_1tier.hg19.final.bam
Queue Name:        express
Working Directory: /home/mleukam/pbs
Resource List:     walltime=03:00:00,nodes=1:ppn=1,mem=4gb,neednodes=1:ppn=1
Resources Used:    cput=00:41:13,vmem=4300620kb,walltime=00:41:17,mem=1932308kb,energy_used=0
Exit Code:         0
Mother Superior:   cri16cn051

Execution Nodes: 
cri16cn051


