index for EGAR00001588522_3535.a.1kDLBCL.DLBCL.SL89849.exome_1tier.hg19.final.bam complete
finding positions of the duplicate reads in the file...
  sorted 18622319 end pairs
     and 530862 single ends (among them 0 unmatched pairs)
  collecting indices of duplicate reads...   done in 32288 ms
  found 6572212 duplicates
collected list of positions in 12 min 21 sec
removing duplicates...
total time elapsed: 51 min 48 sec
low quality reads removed from EGAR00001588522_3535.a.1kDLBCL.DLBCL.SL89849.exome_1tier.hg19.final.bam
duplicates removed from EGAR00001588522_3535.a.1kDLBCL.DLBCL.SL89849.exome_1tier.hg19.final.bam
script complete for EGAR00001588522_3535.a.1kDLBCL.DLBCL.SL89849.exome_1tier.hg19.final.bam


------------ Job WrapUp ------------

Job ID:            11325437.cri16sc001
User ID:           mleukam
Job Name:          sambamba_EGAR00001588522_3535.a.1kDLBCL.DLBCL.SL89849.exome_1tier.hg19.final.bam
Queue Name:        express
Working Directory: /home/mleukam/pbs
Resource List:     walltime=03:00:00,nodes=1:ppn=1,mem=4gb,neednodes=1:ppn=1
Resources Used:    cput=00:54:24,vmem=4271700kb,walltime=00:54:29,mem=2108708kb,energy_used=0
Exit Code:         0
Mother Superior:   cri16cn066

Execution Nodes: 
cri16cn066


