index for EGAR00001588089_2297.a.1kDLBCL.DLBCL.SL72338.exome_1tier.hg19.final.bam complete
finding positions of the duplicate reads in the file...
  sorted 14824168 end pairs
     and 532960 single ends (among them 0 unmatched pairs)
  collecting indices of duplicate reads...   done in 21549 ms
  found 2552700 duplicates
collected list of positions in 11 min 51 sec
removing duplicates...
total time elapsed: 55 min 24 sec
low quality reads removed from EGAR00001588089_2297.a.1kDLBCL.DLBCL.SL72338.exome_1tier.hg19.final.bam
duplicates removed from EGAR00001588089_2297.a.1kDLBCL.DLBCL.SL72338.exome_1tier.hg19.final.bam
script complete for EGAR00001588089_2297.a.1kDLBCL.DLBCL.SL72338.exome_1tier.hg19.final.bam


------------ Job WrapUp ------------

Job ID:            11324996.cri16sc001
User ID:           mleukam
Job Name:          sambamba_EGAR00001588089_2297.a.1kDLBCL.DLBCL.SL72338.exome_1tier.hg19.final.bam
Queue Name:        express
Working Directory: /home/mleukam/pbs
Resource List:     walltime=03:00:00,nodes=1:ppn=1,mem=4gb,neednodes=1:ppn=1
Resources Used:    cput=00:57:54,vmem=4304376kb,walltime=00:57:59,mem=2045108kb,energy_used=0
Exit Code:         0
Mother Superior:   cri16cn039

Execution Nodes: 
cri16cn039


