index for EGAR00001588247_2690.a.1kDLBCL.DLBCL.SL100184.exome_1tier.hg19.final.bam complete
finding positions of the duplicate reads in the file...
  sorted 8413771 end pairs
     and 61099 single ends (among them 0 unmatched pairs)
  collecting indices of duplicate reads...   done in 12099 ms
  found 2777487 duplicates
collected list of positions in 5 min 17 sec
removing duplicates...
total time elapsed: 21 min 39 sec
low quality reads removed from EGAR00001588247_2690.a.1kDLBCL.DLBCL.SL100184.exome_1tier.hg19.final.bam
duplicates removed from EGAR00001588247_2690.a.1kDLBCL.DLBCL.SL100184.exome_1tier.hg19.final.bam
script complete for EGAR00001588247_2690.a.1kDLBCL.DLBCL.SL100184.exome_1tier.hg19.final.bam


------------ Job WrapUp ------------

Job ID:            11325157.cri16sc001
User ID:           mleukam
Job Name:          sambamba_EGAR00001588247_2690.a.1kDLBCL.DLBCL.SL100184.exome_1tier.hg19.final.bam
Queue Name:        express
Working Directory: /home/mleukam/pbs
Resource List:     walltime=03:00:00,nodes=1:ppn=1,mem=4gb,neednodes=1:ppn=1
Resources Used:    cput=00:22:46,vmem=4133724kb,walltime=00:22:51,mem=1608564kb,energy_used=0
Exit Code:         0
Mother Superior:   cri16cn079

Execution Nodes: 
cri16cn079


