index for EGAR00001588248_2691.a.1kDLBCL.DLBCL.SL86066.exome_1tier.hg19.final.bam complete
finding positions of the duplicate reads in the file...
  sorted 15957564 end pairs
     and 372296 single ends (among them 0 unmatched pairs)
  collecting indices of duplicate reads...   done in 23104 ms
  found 3613874 duplicates
collected list of positions in 12 min 10 sec
removing duplicates...
total time elapsed: 57 min 43 sec
low quality reads removed from EGAR00001588248_2691.a.1kDLBCL.DLBCL.SL86066.exome_1tier.hg19.final.bam
duplicates removed from EGAR00001588248_2691.a.1kDLBCL.DLBCL.SL86066.exome_1tier.hg19.final.bam
script complete for EGAR00001588248_2691.a.1kDLBCL.DLBCL.SL86066.exome_1tier.hg19.final.bam


------------ Job WrapUp ------------

Job ID:            11325158.cri16sc001
User ID:           mleukam
Job Name:          sambamba_EGAR00001588248_2691.a.1kDLBCL.DLBCL.SL86066.exome_1tier.hg19.final.bam
Queue Name:        express
Working Directory: /home/mleukam/pbs
Resource List:     walltime=03:00:00,nodes=1:ppn=1,mem=4gb,neednodes=1:ppn=1
Resources Used:    cput=01:00:13,vmem=4278240kb,walltime=01:00:19,mem=2062712kb,energy_used=0
Exit Code:         0
Mother Superior:   cri16cn048

Execution Nodes: 
cri16cn048


