index for EGAR00001588387_2946.a.1kDLBCL.DLBCL.SL96538.exome_1tier.hg19.final.bam complete
finding positions of the duplicate reads in the file...
  sorted 3463104 end pairs
     and 54528 single ends (among them 0 unmatched pairs)
  collecting indices of duplicate reads...   done in 4959 ms
  found 817389 duplicates
collected list of positions in 2 min 22 sec
removing duplicates...
total time elapsed: 10 min 22 sec
low quality reads removed from EGAR00001588387_2946.a.1kDLBCL.DLBCL.SL96538.exome_1tier.hg19.final.bam
duplicates removed from EGAR00001588387_2946.a.1kDLBCL.DLBCL.SL96538.exome_1tier.hg19.final.bam
script complete for EGAR00001588387_2946.a.1kDLBCL.DLBCL.SL96538.exome_1tier.hg19.final.bam


------------ Job WrapUp ------------

Job ID:            11325300.cri16sc001
User ID:           mleukam
Job Name:          sambamba_EGAR00001588387_2946.a.1kDLBCL.DLBCL.SL96538.exome_1tier.hg19.final.bam
Queue Name:        express
Working Directory: /home/mleukam/pbs
Resource List:     walltime=03:00:00,nodes=1:ppn=1,mem=4gb,neednodes=1:ppn=1
Resources Used:    cput=00:10:50,vmem=4239132kb,walltime=00:10:53,mem=1501880kb,energy_used=0
Exit Code:         0
Mother Superior:   cri16cn025

Execution Nodes: 
cri16cn025


