index for EGAR00001588819_3921.a.1kDLBCL.DLBCL.SL100180.exome_1tier.hg19.final.bam complete
finding positions of the duplicate reads in the file...
  sorted 6836572 end pairs
     and 51251 single ends (among them 0 unmatched pairs)
  collecting indices of duplicate reads...   done in 10170 ms
  found 2827002 duplicates
collected list of positions in 4 min 21 sec
removing duplicates...
total time elapsed: 18 min 10 sec
low quality reads removed from EGAR00001588819_3921.a.1kDLBCL.DLBCL.SL100180.exome_1tier.hg19.final.bam
duplicates removed from EGAR00001588819_3921.a.1kDLBCL.DLBCL.SL100180.exome_1tier.hg19.final.bam
script complete for EGAR00001588819_3921.a.1kDLBCL.DLBCL.SL100180.exome_1tier.hg19.final.bam


------------ Job WrapUp ------------

Job ID:            11325739.cri16sc001
User ID:           mleukam
Job Name:          sambamba_EGAR00001588819_3921.a.1kDLBCL.DLBCL.SL100180.exome_1tier.hg19.final.bam
Queue Name:        express
Working Directory: /home/mleukam/pbs
Resource List:     walltime=03:00:00,nodes=1:ppn=1,mem=4gb,neednodes=1:ppn=1
Resources Used:    cput=00:19:02,vmem=4067120kb,walltime=00:19:06,mem=1485336kb,energy_used=0
Exit Code:         0
Mother Superior:   cri16cn003

Execution Nodes: 
cri16cn003


