index for EGAR00001588468_3467.a.1kDLBCL.DLBCL.SL85159.exome_1tier.hg19.final.bam complete
finding positions of the duplicate reads in the file...
  sorted 12873205 end pairs
     and 358094 single ends (among them 0 unmatched pairs)
  collecting indices of duplicate reads...   done in 19033 ms
  found 3938981 duplicates
collected list of positions in 9 min 12 sec
removing duplicates...
total time elapsed: 41 min 41 sec
low quality reads removed from EGAR00001588468_3467.a.1kDLBCL.DLBCL.SL85159.exome_1tier.hg19.final.bam
duplicates removed from EGAR00001588468_3467.a.1kDLBCL.DLBCL.SL85159.exome_1tier.hg19.final.bam
script complete for EGAR00001588468_3467.a.1kDLBCL.DLBCL.SL85159.exome_1tier.hg19.final.bam


------------ Job WrapUp ------------

Job ID:            11325383.cri16sc001
User ID:           mleukam
Job Name:          sambamba_EGAR00001588468_3467.a.1kDLBCL.DLBCL.SL85159.exome_1tier.hg19.final.bam
Queue Name:        express
Working Directory: /home/mleukam/pbs
Resource List:     walltime=03:00:00,nodes=1:ppn=1,mem=4gb,neednodes=1:ppn=1
Resources Used:    cput=00:43:24,vmem=4258236kb,walltime=00:43:29,mem=1915716kb,energy_used=0
Exit Code:         0
Mother Superior:   cri16cn086

Execution Nodes: 
cri16cn086


