index for EGAR00001588167_2575.a.1kDLBCL.DLBCL.SL104753_SL104208.exome_1tier.hg19.final.bam complete
finding positions of the duplicate reads in the file...
  sorted 19991761 end pairs
     and 498715 single ends (among them 0 unmatched pairs)
  collecting indices of duplicate reads...   done in 36040 ms
  found 13693740 duplicates
collected list of positions in 13 min 28 sec
removing duplicates...
total time elapsed: 47 min 39 sec
low quality reads removed from EGAR00001588167_2575.a.1kDLBCL.DLBCL.SL104753_SL104208.exome_1tier.hg19.final.bam
duplicates removed from EGAR00001588167_2575.a.1kDLBCL.DLBCL.SL104753_SL104208.exome_1tier.hg19.final.bam
script complete for EGAR00001588167_2575.a.1kDLBCL.DLBCL.SL104753_SL104208.exome_1tier.hg19.final.bam


------------ Job WrapUp ------------

Job ID:            11325076.cri16sc001
User ID:           mleukam
Job Name:          sambamba_EGAR00001588167_2575.a.1kDLBCL.DLBCL.SL104753_SL104208.exome_1tier.hg19.final.bam
Queue Name:        express
Working Directory: /home/mleukam/pbs
Resource List:     walltime=03:00:00,nodes=1:ppn=1,mem=4gb,neednodes=1:ppn=1
Resources Used:    cput=00:50:15,vmem=4406296kb,walltime=00:50:20,mem=2126880kb,energy_used=0
Exit Code:         0
Mother Superior:   cri16cn045

Execution Nodes: 
cri16cn045


