index for EGAR00001587923_2044.a.1kDLBCL.DLBCL.SL85531_SL84749.exome_1tier.hg19.final.bam complete
finding positions of the duplicate reads in the file...
  sorted 10584399 end pairs
     and 215375 single ends (among them 0 unmatched pairs)
  collecting indices of duplicate reads...   done in 15470 ms
  found 2833731 duplicates
collected list of positions in 10 min 19 sec
removing duplicates...
total time elapsed: 49 min 53 sec
low quality reads removed from EGAR00001587923_2044.a.1kDLBCL.DLBCL.SL85531_SL84749.exome_1tier.hg19.final.bam
duplicates removed from EGAR00001587923_2044.a.1kDLBCL.DLBCL.SL85531_SL84749.exome_1tier.hg19.final.bam
script complete for EGAR00001587923_2044.a.1kDLBCL.DLBCL.SL85531_SL84749.exome_1tier.hg19.final.bam


------------ Job WrapUp ------------

Job ID:            11324828.cri16sc001
User ID:           mleukam
Job Name:          sambamba_EGAR00001587923_2044.a.1kDLBCL.DLBCL.SL85531_SL84749.exome_1tier.hg19.final.bam
Queue Name:        express
Working Directory: /home/mleukam/pbs
Resource List:     walltime=03:00:00,nodes=1:ppn=1,mem=4gb,neednodes=1:ppn=1
Resources Used:    cput=00:51:52,vmem=4239516kb,walltime=00:51:57,mem=1795864kb,energy_used=0
Exit Code:         0
Mother Superior:   cri16cn003

Execution Nodes: 
cri16cn003


