index for EGAR00001588743_3825.a.1kDLBCL.DLBCL.SL102994.exome_1tier.hg19.final.bam complete
finding positions of the duplicate reads in the file...
  sorted 24708679 end pairs
     and 860022 single ends (among them 0 unmatched pairs)
  collecting indices of duplicate reads...   done in 42270 ms
  found 8901107 duplicates
collected list of positions in 19 min 23 sec
removing duplicates...
total time elapsed: 82 min 33 sec
low quality reads removed from EGAR00001588743_3825.a.1kDLBCL.DLBCL.SL102994.exome_1tier.hg19.final.bam
duplicates removed from EGAR00001588743_3825.a.1kDLBCL.DLBCL.SL102994.exome_1tier.hg19.final.bam
script complete for EGAR00001588743_3825.a.1kDLBCL.DLBCL.SL102994.exome_1tier.hg19.final.bam


------------ Job WrapUp ------------

Job ID:            11325661.cri16sc001
User ID:           mleukam
Job Name:          sambamba_EGAR00001588743_3825.a.1kDLBCL.DLBCL.SL102994.exome_1tier.hg19.final.bam
Queue Name:        express
Working Directory: /home/mleukam/pbs
Resource List:     walltime=03:00:00,nodes=1:ppn=1,mem=4gb,neednodes=1:ppn=1
Resources Used:    cput=01:26:21,vmem=4480440kb,walltime=01:26:29,mem=2379464kb,energy_used=0
Exit Code:         0
Mother Superior:   cri16cn007

Execution Nodes: 
cri16cn007


