index for EGAR00001588375_2925.a.1kDLBCL.DLBCL.SL96675.exome_1tier.hg19.final.bam complete
finding positions of the duplicate reads in the file...
  sorted 2553143 end pairs
     and 40792 single ends (among them 0 unmatched pairs)
  collecting indices of duplicate reads...   done in 3693 ms
  found 736989 duplicates
collected list of positions in 1 min 45 sec
removing duplicates...
total time elapsed: 7 min 29 sec
low quality reads removed from EGAR00001588375_2925.a.1kDLBCL.DLBCL.SL96675.exome_1tier.hg19.final.bam
duplicates removed from EGAR00001588375_2925.a.1kDLBCL.DLBCL.SL96675.exome_1tier.hg19.final.bam
script complete for EGAR00001588375_2925.a.1kDLBCL.DLBCL.SL96675.exome_1tier.hg19.final.bam


------------ Job WrapUp ------------

Job ID:            11325288.cri16sc001
User ID:           mleukam
Job Name:          sambamba_EGAR00001588375_2925.a.1kDLBCL.DLBCL.SL96675.exome_1tier.hg19.final.bam
Queue Name:        express
Working Directory: /home/mleukam/pbs
Resource List:     walltime=03:00:00,nodes=1:ppn=1,mem=4gb,neednodes=1:ppn=1
Resources Used:    cput=00:08:15,vmem=4007500kb,walltime=00:08:18,mem=1256868kb,energy_used=0
Exit Code:         0
Mother Superior:   cri16cn016

Execution Nodes: 
cri16cn016


