index for EGAR00001588007_2190.a.1kDLBCL.DLBCL.SL89719.exome_1tier.hg19.final.bam complete
finding positions of the duplicate reads in the file...
  sorted 16973967 end pairs
     and 424592 single ends (among them 0 unmatched pairs)
  collecting indices of duplicate reads...   done in 29951 ms
  found 6508458 duplicates
collected list of positions in 14 min 12 sec
removing duplicates...
total time elapsed: 60 min 9 sec
low quality reads removed from EGAR00001588007_2190.a.1kDLBCL.DLBCL.SL89719.exome_1tier.hg19.final.bam
duplicates removed from EGAR00001588007_2190.a.1kDLBCL.DLBCL.SL89719.exome_1tier.hg19.final.bam
script complete for EGAR00001588007_2190.a.1kDLBCL.DLBCL.SL89719.exome_1tier.hg19.final.bam


------------ Job WrapUp ------------

Job ID:            11324914.cri16sc001
User ID:           mleukam
Job Name:          sambamba_EGAR00001588007_2190.a.1kDLBCL.DLBCL.SL89719.exome_1tier.hg19.final.bam
Queue Name:        express
Working Directory: /home/mleukam/pbs
Resource List:     walltime=03:00:00,nodes=1:ppn=1,mem=4gb,neednodes=1:ppn=1
Resources Used:    cput=01:02:55,vmem=4520000kb,walltime=01:03:01,mem=2218492kb,energy_used=0
Exit Code:         0
Mother Superior:   cri16cn039

Execution Nodes: 
cri16cn039


