index for EGAR00001588238_2677.a.1kDLBCL.DLBCL.SL90218.exome_1tier.hg19.final.bam complete
finding positions of the duplicate reads in the file...
  sorted 23795050 end pairs
     and 623332 single ends (among them 0 unmatched pairs)
  collecting indices of duplicate reads...   done in 40467 ms
  found 9177949 duplicates
collected list of positions in 16 min 26 sec
removing duplicates...
total time elapsed: 66 min 29 sec
low quality reads removed from EGAR00001588238_2677.a.1kDLBCL.DLBCL.SL90218.exome_1tier.hg19.final.bam
duplicates removed from EGAR00001588238_2677.a.1kDLBCL.DLBCL.SL90218.exome_1tier.hg19.final.bam
script complete for EGAR00001588238_2677.a.1kDLBCL.DLBCL.SL90218.exome_1tier.hg19.final.bam


------------ Job WrapUp ------------

Job ID:            11325148.cri16sc001
User ID:           mleukam
Job Name:          sambamba_EGAR00001588238_2677.a.1kDLBCL.DLBCL.SL90218.exome_1tier.hg19.final.bam
Queue Name:        express
Working Directory: /home/mleukam/pbs
Resource List:     walltime=03:00:00,nodes=1:ppn=1,mem=4gb,neednodes=1:ppn=1
Resources Used:    cput=01:09:29,vmem=4329064kb,walltime=01:09:38,mem=1976932kb,energy_used=0
Exit Code:         0
Mother Superior:   cri16cn028

Execution Nodes: 
cri16cn028


