index for EGAR00001588391_2950.a.1kDLBCL.DLBCL.SL102888.exome_1tier.hg19.final.bam complete
finding positions of the duplicate reads in the file...
  sorted 17082338 end pairs
     and 466737 single ends (among them 0 unmatched pairs)
  collecting indices of duplicate reads...   done in 29869 ms
  found 5173233 duplicates
collected list of positions in 12 min 25 sec
removing duplicates...
total time elapsed: 51 min 16 sec
low quality reads removed from EGAR00001588391_2950.a.1kDLBCL.DLBCL.SL102888.exome_1tier.hg19.final.bam
duplicates removed from EGAR00001588391_2950.a.1kDLBCL.DLBCL.SL102888.exome_1tier.hg19.final.bam
script complete for EGAR00001588391_2950.a.1kDLBCL.DLBCL.SL102888.exome_1tier.hg19.final.bam


------------ Job WrapUp ------------

Job ID:            11325304.cri16sc001
User ID:           mleukam
Job Name:          sambamba_EGAR00001588391_2950.a.1kDLBCL.DLBCL.SL102888.exome_1tier.hg19.final.bam
Queue Name:        express
Working Directory: /home/mleukam/pbs
Resource List:     walltime=03:00:00,nodes=1:ppn=1,mem=4gb,neednodes=1:ppn=1
Resources Used:    cput=00:53:36,vmem=4290380kb,walltime=00:53:42,mem=2112292kb,energy_used=0
Exit Code:         0
Mother Superior:   cri16cn072

Execution Nodes: 
cri16cn072


