index for EGAR00001588513_3521.a.1kDLBCL.DLBCL.SL100741.exome_1tier.hg19.final.bam complete
finding positions of the duplicate reads in the file...
  sorted 7708486 end pairs
     and 120109 single ends (among them 0 unmatched pairs)
  collecting indices of duplicate reads...   done in 11138 ms
  found 2218131 duplicates
collected list of positions in 5 min 4 sec
removing duplicates...
total time elapsed: 25 min 2 sec
low quality reads removed from EGAR00001588513_3521.a.1kDLBCL.DLBCL.SL100741.exome_1tier.hg19.final.bam
duplicates removed from EGAR00001588513_3521.a.1kDLBCL.DLBCL.SL100741.exome_1tier.hg19.final.bam
script complete for EGAR00001588513_3521.a.1kDLBCL.DLBCL.SL100741.exome_1tier.hg19.final.bam


------------ Job WrapUp ------------

Job ID:            11325428.cri16sc001
User ID:           mleukam
Job Name:          sambamba_EGAR00001588513_3521.a.1kDLBCL.DLBCL.SL100741.exome_1tier.hg19.final.bam
Queue Name:        express
Working Directory: /home/mleukam/pbs
Resource List:     walltime=03:00:00,nodes=1:ppn=1,mem=4gb,neednodes=1:ppn=1
Resources Used:    cput=00:26:29,vmem=4068756kb,walltime=00:26:32,mem=1501712kb,energy_used=0
Exit Code:         0
Mother Superior:   cri16cn066

Execution Nodes: 
cri16cn066


