index for EGAR00001588378_2933.a.1kDLBCL.DLBCL.SL103117.exome_1tier.hg19.final.bam complete
finding positions of the duplicate reads in the file...
  sorted 16428347 end pairs
     and 323477 single ends (among them 0 unmatched pairs)
  collecting indices of duplicate reads...   done in 23998 ms
  found 3896630 duplicates
collected list of positions in 11 min 21 sec
removing duplicates...
total time elapsed: 50 min 0 sec
low quality reads removed from EGAR00001588378_2933.a.1kDLBCL.DLBCL.SL103117.exome_1tier.hg19.final.bam
duplicates removed from EGAR00001588378_2933.a.1kDLBCL.DLBCL.SL103117.exome_1tier.hg19.final.bam
script complete for EGAR00001588378_2933.a.1kDLBCL.DLBCL.SL103117.exome_1tier.hg19.final.bam


------------ Job WrapUp ------------

Job ID:            11325291.cri16sc001
User ID:           mleukam
Job Name:          sambamba_EGAR00001588378_2933.a.1kDLBCL.DLBCL.SL103117.exome_1tier.hg19.final.bam
Queue Name:        express
Working Directory: /home/mleukam/pbs
Resource List:     walltime=03:00:00,nodes=1:ppn=1,mem=4gb,neednodes=1:ppn=1
Resources Used:    cput=00:52:17,vmem=4116300kb,walltime=00:52:23,mem=1864500kb,energy_used=0
Exit Code:         0
Mother Superior:   cri16cn005

Execution Nodes: 
cri16cn005


