index for EGAR00001588309_2815.a.1kDLBCL.DLBCL.SL102891.exome_1tier.hg19.final.bam complete
finding positions of the duplicate reads in the file...
  sorted 18512157 end pairs
     and 563145 single ends (among them 0 unmatched pairs)
  collecting indices of duplicate reads...   done in 31980 ms
  found 5420981 duplicates
collected list of positions in 12 min 54 sec
removing duplicates...
total time elapsed: 52 min 48 sec
low quality reads removed from EGAR00001588309_2815.a.1kDLBCL.DLBCL.SL102891.exome_1tier.hg19.final.bam
duplicates removed from EGAR00001588309_2815.a.1kDLBCL.DLBCL.SL102891.exome_1tier.hg19.final.bam
script complete for EGAR00001588309_2815.a.1kDLBCL.DLBCL.SL102891.exome_1tier.hg19.final.bam


------------ Job WrapUp ------------

Job ID:            11325221.cri16sc001
User ID:           mleukam
Job Name:          sambamba_EGAR00001588309_2815.a.1kDLBCL.DLBCL.SL102891.exome_1tier.hg19.final.bam
Queue Name:        express
Working Directory: /home/mleukam/pbs
Resource List:     walltime=03:00:00,nodes=1:ppn=1,mem=4gb,neednodes=1:ppn=1
Resources Used:    cput=00:55:27,vmem=4361532kb,walltime=00:55:33,mem=1926924kb,energy_used=0
Exit Code:         0
Mother Superior:   cri16cn072

Execution Nodes: 
cri16cn072


