index for EGAR00001588394_2953.a.1kDLBCL.DLBCL.SL100866.exome_1tier.hg19.final.bam complete
finding positions of the duplicate reads in the file...
  sorted 13971149 end pairs
     and 290846 single ends (among them 0 unmatched pairs)
  collecting indices of duplicate reads...   done in 20605 ms
  found 5352522 duplicates
collected list of positions in 9 min 15 sec
removing duplicates...
total time elapsed: 41 min 26 sec
low quality reads removed from EGAR00001588394_2953.a.1kDLBCL.DLBCL.SL100866.exome_1tier.hg19.final.bam
duplicates removed from EGAR00001588394_2953.a.1kDLBCL.DLBCL.SL100866.exome_1tier.hg19.final.bam
script complete for EGAR00001588394_2953.a.1kDLBCL.DLBCL.SL100866.exome_1tier.hg19.final.bam


------------ Job WrapUp ------------

Job ID:            11325307.cri16sc001
User ID:           mleukam
Job Name:          sambamba_EGAR00001588394_2953.a.1kDLBCL.DLBCL.SL100866.exome_1tier.hg19.final.bam
Queue Name:        express
Working Directory: /home/mleukam/pbs
Resource List:     walltime=03:00:00,nodes=1:ppn=1,mem=4gb,neednodes=1:ppn=1
Resources Used:    cput=00:43:34,vmem=4150168kb,walltime=00:43:39,mem=1753700kb,energy_used=0
Exit Code:         0
Mother Superior:   cri16cn052

Execution Nodes: 
cri16cn052


