index for EGAR00001588341_2878.a.1kDLBCL.DLBCL.SL99380.exome_1tier.hg19.final.bam complete
finding positions of the duplicate reads in the file...
  sorted 22142125 end pairs
     and 465195 single ends (among them 0 unmatched pairs)
  collecting indices of duplicate reads...   done in 37521 ms
  found 8874147 duplicates
collected list of positions in 14 min 50 sec
removing duplicates...
total time elapsed: 61 min 6 sec
low quality reads removed from EGAR00001588341_2878.a.1kDLBCL.DLBCL.SL99380.exome_1tier.hg19.final.bam
duplicates removed from EGAR00001588341_2878.a.1kDLBCL.DLBCL.SL99380.exome_1tier.hg19.final.bam
script complete for EGAR00001588341_2878.a.1kDLBCL.DLBCL.SL99380.exome_1tier.hg19.final.bam


------------ Job WrapUp ------------

Job ID:            11325253.cri16sc001
User ID:           mleukam
Job Name:          sambamba_EGAR00001588341_2878.a.1kDLBCL.DLBCL.SL99380.exome_1tier.hg19.final.bam
Queue Name:        express
Working Directory: /home/mleukam/pbs
Resource List:     walltime=03:00:00,nodes=1:ppn=1,mem=4gb,neednodes=1:ppn=1
Resources Used:    cput=01:04:07,vmem=4290380kb,walltime=01:04:14,mem=2158700kb,energy_used=0
Exit Code:         0
Mother Superior:   cri16cn062

Execution Nodes: 
cri16cn062


