index for EGAR00001588732_3813.a.1kDLBCL.DLBCL.SL102794.exome_1tier.hg19.final.bam complete
finding positions of the duplicate reads in the file...
  sorted 25292163 end pairs
     and 572593 single ends (among them 0 unmatched pairs)
  collecting indices of duplicate reads...   done in 44735 ms
  found 10318644 duplicates
collected list of positions in 18 min 37 sec
removing duplicates...
total time elapsed: 67 min 9 sec
low quality reads removed from EGAR00001588732_3813.a.1kDLBCL.DLBCL.SL102794.exome_1tier.hg19.final.bam
duplicates removed from EGAR00001588732_3813.a.1kDLBCL.DLBCL.SL102794.exome_1tier.hg19.final.bam
script complete for EGAR00001588732_3813.a.1kDLBCL.DLBCL.SL102794.exome_1tier.hg19.final.bam


------------ Job WrapUp ------------

Job ID:            11325651.cri16sc001
User ID:           mleukam
Job Name:          sambamba_EGAR00001588732_3813.a.1kDLBCL.DLBCL.SL102794.exome_1tier.hg19.final.bam
Queue Name:        express
Working Directory: /home/mleukam/pbs
Resource List:     walltime=03:00:00,nodes=1:ppn=1,mem=4gb,neednodes=1:ppn=1
Resources Used:    cput=01:10:44,vmem=4329512kb,walltime=01:10:51,mem=2112228kb,energy_used=0
Exit Code:         0
Mother Superior:   cri16cn046

Execution Nodes: 
cri16cn046


