index for EGAR00001588618_3660.a.1kDLBCL.DLBCL.SL99898.exome_1tier.hg19.final.bam complete
finding positions of the duplicate reads in the file...
  sorted 11244212 end pairs
     and 240537 single ends (among them 0 unmatched pairs)
  collecting indices of duplicate reads...   done in 16720 ms
  found 4905231 duplicates
collected list of positions in 7 min 16 sec
removing duplicates...
sambamba-markdup: Unable to write to stream
sambamba-view: Error reading BGZF block starting from offset 0: stream error: not enough data in stream


------------ Job WrapUp ------------

Job ID:            11325535.cri16sc001
User ID:           mleukam
Job Name:          sambamba_EGAR00001588618_3660.a.1kDLBCL.DLBCL.SL99898.exome_1tier.hg19.final.bam
Queue Name:        express
Working Directory: /home/mleukam/pbs
Resource List:     walltime=03:00:00,nodes=1:ppn=1,mem=4gb,neednodes=1:ppn=1
Resources Used:    cput=00:30:47,vmem=4105300kb,walltime=00:30:51,mem=1668352kb,energy_used=0
Exit Code:         0
Mother Superior:   cri16cn035

Execution Nodes: 
cri16cn035


