index for EGAR00001588613_3654.a.1kDLBCL.DLBCL.SL104755_SL104210.exome_1tier.hg19.final.bam complete
finding positions of the duplicate reads in the file...
  sorted 19547301 end pairs
     and 466324 single ends (among them 0 unmatched pairs)
  collecting indices of duplicate reads...   done in 37136 ms
  found 15892326 duplicates
collected list of positions in 13 min 48 sec
removing duplicates...
total time elapsed: 46 min 5 sec
low quality reads removed from EGAR00001588613_3654.a.1kDLBCL.DLBCL.SL104755_SL104210.exome_1tier.hg19.final.bam
duplicates removed from EGAR00001588613_3654.a.1kDLBCL.DLBCL.SL104755_SL104210.exome_1tier.hg19.final.bam
script complete for EGAR00001588613_3654.a.1kDLBCL.DLBCL.SL104755_SL104210.exome_1tier.hg19.final.bam


------------ Job WrapUp ------------

Job ID:            11325530.cri16sc001
User ID:           mleukam
Job Name:          sambamba_EGAR00001588613_3654.a.1kDLBCL.DLBCL.SL104755_SL104210.exome_1tier.hg19.final.bam
Queue Name:        express
Working Directory: /home/mleukam/pbs
Resource List:     walltime=03:00:00,nodes=1:ppn=1,mem=4gb,neednodes=1:ppn=1
Resources Used:    cput=00:48:49,vmem=4431752kb,walltime=00:48:55,mem=1957624kb,energy_used=0
Exit Code:         0
Mother Superior:   cri16cn083

Execution Nodes: 
cri16cn083


