index for EGAR00001588075_2263.a.1kDLBCL.DLBCL.SL90240.exome_1tier.hg19.final.bam complete
finding positions of the duplicate reads in the file...
  sorted 19111030 end pairs
     and 506766 single ends (among them 0 unmatched pairs)
  collecting indices of duplicate reads...   done in 32848 ms
  found 5930155 duplicates
collected list of positions in 13 min 0 sec
removing duplicates...
total time elapsed: 55 min 14 sec
low quality reads removed from EGAR00001588075_2263.a.1kDLBCL.DLBCL.SL90240.exome_1tier.hg19.final.bam
duplicates removed from EGAR00001588075_2263.a.1kDLBCL.DLBCL.SL90240.exome_1tier.hg19.final.bam
script complete for EGAR00001588075_2263.a.1kDLBCL.DLBCL.SL90240.exome_1tier.hg19.final.bam


------------ Job WrapUp ------------

Job ID:            11324983.cri16sc001
User ID:           mleukam
Job Name:          sambamba_EGAR00001588075_2263.a.1kDLBCL.DLBCL.SL90240.exome_1tier.hg19.final.bam
Queue Name:        express
Working Directory: /home/mleukam/pbs
Resource List:     walltime=03:00:00,nodes=1:ppn=1,mem=4gb,neednodes=1:ppn=1
Resources Used:    cput=00:57:46,vmem=4086604kb,walltime=00:57:53,mem=1913988kb,energy_used=0
Exit Code:         0
Mother Superior:   cri16cn059

Execution Nodes: 
cri16cn059


