index for EGAR00001588552_3585.a.1kDLBCL.DLBCL.SL99272.exome_1tier.hg19.final.bam complete
finding positions of the duplicate reads in the file...
  sorted 12481070 end pairs
     and 241268 single ends (among them 0 unmatched pairs)
  collecting indices of duplicate reads...   done in 18811 ms
  found 4712282 duplicates
collected list of positions in 10 min 40 sec
removing duplicates...
total time elapsed: 44 min 59 sec
low quality reads removed from EGAR00001588552_3585.a.1kDLBCL.DLBCL.SL99272.exome_1tier.hg19.final.bam
duplicates removed from EGAR00001588552_3585.a.1kDLBCL.DLBCL.SL99272.exome_1tier.hg19.final.bam
script complete for EGAR00001588552_3585.a.1kDLBCL.DLBCL.SL99272.exome_1tier.hg19.final.bam


------------ Job WrapUp ------------

Job ID:            11325468.cri16sc001
User ID:           mleukam
Job Name:          sambamba_EGAR00001588552_3585.a.1kDLBCL.DLBCL.SL99272.exome_1tier.hg19.final.bam
Queue Name:        express
Working Directory: /home/mleukam/pbs
Resource List:     walltime=03:00:00,nodes=1:ppn=1,mem=4gb,neednodes=1:ppn=1
Resources Used:    cput=00:47:18,vmem=4333788kb,walltime=00:47:24,mem=1705632kb,energy_used=0
Exit Code:         0
Mother Superior:   cri16cn026

Execution Nodes: 
cri16cn026


