index for EGAR00001588203_2629.a.1kDLBCL.DLBCL.SL79109.exome_1tier.hg19.final.bam complete
finding positions of the duplicate reads in the file...
  sorted 12487679 end pairs
     and 216478 single ends (among them 0 unmatched pairs)
  collecting indices of duplicate reads...   done in 17665 ms
  found 1449093 duplicates
collected list of positions in 8 min 44 sec
removing duplicates...
total time elapsed: 40 min 16 sec
low quality reads removed from EGAR00001588203_2629.a.1kDLBCL.DLBCL.SL79109.exome_1tier.hg19.final.bam
duplicates removed from EGAR00001588203_2629.a.1kDLBCL.DLBCL.SL79109.exome_1tier.hg19.final.bam
script complete for EGAR00001588203_2629.a.1kDLBCL.DLBCL.SL79109.exome_1tier.hg19.final.bam


------------ Job WrapUp ------------

Job ID:            11325113.cri16sc001
User ID:           mleukam
Job Name:          sambamba_EGAR00001588203_2629.a.1kDLBCL.DLBCL.SL79109.exome_1tier.hg19.final.bam
Queue Name:        express
Working Directory: /home/mleukam/pbs
Resource List:     walltime=03:00:00,nodes=1:ppn=1,mem=4gb,neednodes=1:ppn=1
Resources Used:    cput=00:41:55,vmem=4071244kb,walltime=00:42:03,mem=1673852kb,energy_used=0
Exit Code:         0
Mother Superior:   cri16cn074

Execution Nodes: 
cri16cn074


