index for EGAR00001588520_3531.a.1kDLBCL.DLBCL.SL90238.exome_1tier.hg19.final.bam complete
finding positions of the duplicate reads in the file...
  sorted 12056411 end pairs
     and 370821 single ends (among them 0 unmatched pairs)
  collecting indices of duplicate reads...   done in 17804 ms
  found 3521099 duplicates
collected list of positions in 8 min 32 sec
removing duplicates...
total time elapsed: 39 min 51 sec
low quality reads removed from EGAR00001588520_3531.a.1kDLBCL.DLBCL.SL90238.exome_1tier.hg19.final.bam
duplicates removed from EGAR00001588520_3531.a.1kDLBCL.DLBCL.SL90238.exome_1tier.hg19.final.bam
script complete for EGAR00001588520_3531.a.1kDLBCL.DLBCL.SL90238.exome_1tier.hg19.final.bam


------------ Job WrapUp ------------

Job ID:            11325435.cri16sc001
User ID:           mleukam
Job Name:          sambamba_EGAR00001588520_3531.a.1kDLBCL.DLBCL.SL90238.exome_1tier.hg19.final.bam
Queue Name:        express
Working Directory: /home/mleukam/pbs
Resource List:     walltime=03:00:00,nodes=1:ppn=1,mem=4gb,neednodes=1:ppn=1
Resources Used:    cput=00:41:52,vmem=4088652kb,walltime=00:41:57,mem=1691616kb,energy_used=0
Exit Code:         0
Mother Superior:   cri16cn082

Execution Nodes: 
cri16cn082


