index for EGAR00001588110_2469.a.1kDLBCL.DLBCL.SL72221_SL72509.exome_1tier.hg19.final.bam complete
finding positions of the duplicate reads in the file...
  sorted 18226640 end pairs
     and 678055 single ends (among them 0 unmatched pairs)
  collecting indices of duplicate reads...   done in 32733 ms
  found 3877816 duplicates
collected list of positions in 13 min 33 sec
removing duplicates...
total time elapsed: 62 min 45 sec
low quality reads removed from EGAR00001588110_2469.a.1kDLBCL.DLBCL.SL72221_SL72509.exome_1tier.hg19.final.bam
duplicates removed from EGAR00001588110_2469.a.1kDLBCL.DLBCL.SL72221_SL72509.exome_1tier.hg19.final.bam
script complete for EGAR00001588110_2469.a.1kDLBCL.DLBCL.SL72221_SL72509.exome_1tier.hg19.final.bam


------------ Job WrapUp ------------

Job ID:            11325018.cri16sc001
User ID:           mleukam
Job Name:          sambamba_EGAR00001588110_2469.a.1kDLBCL.DLBCL.SL72221_SL72509.exome_1tier.hg19.final.bam
Queue Name:        express
Working Directory: /home/mleukam/pbs
Resource List:     walltime=03:00:00,nodes=1:ppn=1,mem=4gb,neednodes=1:ppn=1
Resources Used:    cput=01:05:17,vmem=4296524kb,walltime=01:05:29,mem=2123812kb,energy_used=0
Exit Code:         0
Mother Superior:   cri16cn069

Execution Nodes: 
cri16cn069


