index for EGAR00001588799_3901.a.1kDLBCL.DLBCL.SL98775.exome_1tier.hg19.final.bam complete
finding positions of the duplicate reads in the file...
  sorted 11646403 end pairs
     and 182051 single ends (among them 0 unmatched pairs)
  collecting indices of duplicate reads...   done in 17311 ms
  found 4976608 duplicates
collected list of positions in 7 min 51 sec
removing duplicates...
total time elapsed: 30 min 16 sec
low quality reads removed from EGAR00001588799_3901.a.1kDLBCL.DLBCL.SL98775.exome_1tier.hg19.final.bam
duplicates removed from EGAR00001588799_3901.a.1kDLBCL.DLBCL.SL98775.exome_1tier.hg19.final.bam
script complete for EGAR00001588799_3901.a.1kDLBCL.DLBCL.SL98775.exome_1tier.hg19.final.bam


------------ Job WrapUp ------------

Job ID:            11325718.cri16sc001
User ID:           mleukam
Job Name:          sambamba_EGAR00001588799_3901.a.1kDLBCL.DLBCL.SL98775.exome_1tier.hg19.final.bam
Queue Name:        express
Working Directory: /home/mleukam/pbs
Resource List:     walltime=03:00:00,nodes=1:ppn=1,mem=4gb,neednodes=1:ppn=1
Resources Used:    cput=00:31:42,vmem=4302476kb,walltime=00:31:46,mem=1661584kb,energy_used=0
Exit Code:         0
Mother Superior:   cri16cn033

Execution Nodes: 
cri16cn033


