index for EGAR00001588770_3857.a.1kDLBCL.DLBCL.SL102988.exome_1tier.hg19.final.bam complete
finding positions of the duplicate reads in the file...
  sorted 26935145 end pairs
     and 874196 single ends (among them 0 unmatched pairs)
  collecting indices of duplicate reads...   done in 64164 ms
  found 9783951 duplicates
collected list of positions in 19 min 0 sec
removing duplicates...
total time elapsed: 74 min 0 sec
low quality reads removed from EGAR00001588770_3857.a.1kDLBCL.DLBCL.SL102988.exome_1tier.hg19.final.bam
duplicates removed from EGAR00001588770_3857.a.1kDLBCL.DLBCL.SL102988.exome_1tier.hg19.final.bam
script complete for EGAR00001588770_3857.a.1kDLBCL.DLBCL.SL102988.exome_1tier.hg19.final.bam


------------ Job WrapUp ------------

Job ID:            11325689.cri16sc001
User ID:           mleukam
Job Name:          sambamba_EGAR00001588770_3857.a.1kDLBCL.DLBCL.SL102988.exome_1tier.hg19.final.bam
Queue Name:        express
Working Directory: /home/mleukam/pbs
Resource List:     walltime=03:00:00,nodes=1:ppn=1,mem=4gb,neednodes=1:ppn=1
Resources Used:    cput=01:17:21,vmem=4335132kb,walltime=01:17:49,mem=2218268kb,energy_used=0
Exit Code:         0
Mother Superior:   cri16cn022

Execution Nodes: 
cri16cn022


