index for EGAR00001588767_3852.a.1kDLBCL.DLBCL.SL99388.exome_1tier.hg19.final.bam complete
finding positions of the duplicate reads in the file...
  sorted 13531571 end pairs
     and 339690 single ends (among them 0 unmatched pairs)
  collecting indices of duplicate reads...   done in 20152 ms
  found 3948126 duplicates
collected list of positions in 9 min 13 sec
removing duplicates...
total time elapsed: 42 min 23 sec
low quality reads removed from EGAR00001588767_3852.a.1kDLBCL.DLBCL.SL99388.exome_1tier.hg19.final.bam
duplicates removed from EGAR00001588767_3852.a.1kDLBCL.DLBCL.SL99388.exome_1tier.hg19.final.bam
script complete for EGAR00001588767_3852.a.1kDLBCL.DLBCL.SL99388.exome_1tier.hg19.final.bam


------------ Job WrapUp ------------

Job ID:            11325686.cri16sc001
User ID:           mleukam
Job Name:          sambamba_EGAR00001588767_3852.a.1kDLBCL.DLBCL.SL99388.exome_1tier.hg19.final.bam
Queue Name:        express
Working Directory: /home/mleukam/pbs
Resource List:     walltime=03:00:00,nodes=1:ppn=1,mem=4gb,neednodes=1:ppn=1
Resources Used:    cput=00:44:29,vmem=4207480kb,walltime=00:44:32,mem=1826024kb,energy_used=0
Exit Code:         0
Mother Superior:   cri16cn012

Execution Nodes: 
cri16cn012


