index for EGAR00001588351_2892.a.1kDLBCL.DLBCL.SL101105.exome_1tier.hg19.final.bam complete
finding positions of the duplicate reads in the file...
  sorted 7562994 end pairs
     and 142029 single ends (among them 0 unmatched pairs)
  collecting indices of duplicate reads...   done in 11038 ms
  found 2643144 duplicates
collected list of positions in 4 min 58 sec
removing duplicates...
total time elapsed: 21 min 0 sec
low quality reads removed from EGAR00001588351_2892.a.1kDLBCL.DLBCL.SL101105.exome_1tier.hg19.final.bam
duplicates removed from EGAR00001588351_2892.a.1kDLBCL.DLBCL.SL101105.exome_1tier.hg19.final.bam
script complete for EGAR00001588351_2892.a.1kDLBCL.DLBCL.SL101105.exome_1tier.hg19.final.bam


------------ Job WrapUp ------------

Job ID:            11325263.cri16sc001
User ID:           mleukam
Job Name:          sambamba_EGAR00001588351_2892.a.1kDLBCL.DLBCL.SL101105.exome_1tier.hg19.final.bam
Queue Name:        express
Working Directory: /home/mleukam/pbs
Resource List:     walltime=03:00:00,nodes=1:ppn=1,mem=4gb,neednodes=1:ppn=1
Resources Used:    cput=00:22:03,vmem=4141056kb,walltime=00:22:07,mem=1541268kb,energy_used=0
Exit Code:         0
Mother Superior:   cri16cn040

Execution Nodes: 
cri16cn040


