index for EGAR00001588632_3675.a.1kDLBCL.DLBCL.SL98591.exome_1tier.hg19.final.bam complete
finding positions of the duplicate reads in the file...
  sorted 9142118 end pairs
     and 178119 single ends (among them 0 unmatched pairs)
  collecting indices of duplicate reads...   done in 13863 ms
  found 4444418 duplicates
collected list of positions in 6 min 41 sec
removing duplicates...
total time elapsed: 26 min 40 sec
low quality reads removed from EGAR00001588632_3675.a.1kDLBCL.DLBCL.SL98591.exome_1tier.hg19.final.bam
duplicates removed from EGAR00001588632_3675.a.1kDLBCL.DLBCL.SL98591.exome_1tier.hg19.final.bam
script complete for EGAR00001588632_3675.a.1kDLBCL.DLBCL.SL98591.exome_1tier.hg19.final.bam


------------ Job WrapUp ------------

Job ID:            11325549.cri16sc001
User ID:           mleukam
Job Name:          sambamba_EGAR00001588632_3675.a.1kDLBCL.DLBCL.SL98591.exome_1tier.hg19.final.bam
Queue Name:        express
Working Directory: /home/mleukam/pbs
Resource List:     walltime=03:00:00,nodes=1:ppn=1,mem=4gb,neednodes=1:ppn=1
Resources Used:    cput=00:28:01,vmem=4242900kb,walltime=00:28:05,mem=1728112kb,energy_used=0
Exit Code:         0
Mother Superior:   cri16cn085

Execution Nodes: 
cri16cn085


