index for EGAR00001588293_2786.a.1kDLBCL.DLBCL.SL84109.exome_1tier.hg19.final.bam complete
finding positions of the duplicate reads in the file...
  sorted 12371646 end pairs
     and 203144 single ends (among them 0 unmatched pairs)
  collecting indices of duplicate reads...   done in 17714 ms
  found 2486360 duplicates
collected list of positions in 8 min 0 sec
removing duplicates...
total time elapsed: 34 min 24 sec
low quality reads removed from EGAR00001588293_2786.a.1kDLBCL.DLBCL.SL84109.exome_1tier.hg19.final.bam
duplicates removed from EGAR00001588293_2786.a.1kDLBCL.DLBCL.SL84109.exome_1tier.hg19.final.bam
script complete for EGAR00001588293_2786.a.1kDLBCL.DLBCL.SL84109.exome_1tier.hg19.final.bam


------------ Job WrapUp ------------

Job ID:            11325204.cri16sc001
User ID:           mleukam
Job Name:          sambamba_EGAR00001588293_2786.a.1kDLBCL.DLBCL.SL84109.exome_1tier.hg19.final.bam
Queue Name:        express
Working Directory: /home/mleukam/pbs
Resource List:     walltime=03:00:00,nodes=1:ppn=1,mem=4gb,neednodes=1:ppn=1
Resources Used:    cput=00:36:06,vmem=4252176kb,walltime=00:36:12,mem=1841712kb,energy_used=0
Exit Code:         0
Mother Superior:   cri16cn016

Execution Nodes: 
cri16cn016


