index for EGAR00001588808_3910.a.1kDLBCL.DLBCL.SL104329.exome_1tier.hg19.final.bam complete
finding positions of the duplicate reads in the file...
  sorted 25796986 end pairs
     and 820879 single ends (among them 0 unmatched pairs)
  collecting indices of duplicate reads...   done in 50522 ms
  found 18520692 duplicates
collected list of positions in 18 min 45 sec
removing duplicates...
total time elapsed: 69 min 40 sec
low quality reads removed from EGAR00001588808_3910.a.1kDLBCL.DLBCL.SL104329.exome_1tier.hg19.final.bam
duplicates removed from EGAR00001588808_3910.a.1kDLBCL.DLBCL.SL104329.exome_1tier.hg19.final.bam
script complete for EGAR00001588808_3910.a.1kDLBCL.DLBCL.SL104329.exome_1tier.hg19.final.bam


------------ Job WrapUp ------------

Job ID:            11325727.cri16sc001
User ID:           mleukam
Job Name:          sambamba_EGAR00001588808_3910.a.1kDLBCL.DLBCL.SL104329.exome_1tier.hg19.final.bam
Queue Name:        express
Working Directory: /home/mleukam/pbs
Resource List:     walltime=03:00:00,nodes=1:ppn=1,mem=4gb,neednodes=1:ppn=1
Resources Used:    cput=01:13:09,vmem=4316796kb,walltime=01:13:27,mem=2095112kb,energy_used=0
Exit Code:         0
Mother Superior:   cri16cn022

Execution Nodes: 
cri16cn022


