index for EGAR00001588858_3961.a.1kDLBCL.DLBCL.SL100864.exome_1tier.hg19.final.bam complete
finding positions of the duplicate reads in the file...
  sorted 2586768 end pairs
     and 52122 single ends (among them 0 unmatched pairs)
  collecting indices of duplicate reads...   done in 3709 ms
  found 599964 duplicates
collected list of positions in 1 min 46 sec
removing duplicates...
total time elapsed: 9 min 6 sec
low quality reads removed from EGAR00001588858_3961.a.1kDLBCL.DLBCL.SL100864.exome_1tier.hg19.final.bam
duplicates removed from EGAR00001588858_3961.a.1kDLBCL.DLBCL.SL100864.exome_1tier.hg19.final.bam
script complete for EGAR00001588858_3961.a.1kDLBCL.DLBCL.SL100864.exome_1tier.hg19.final.bam


------------ Job WrapUp ------------

Job ID:            11325778.cri16sc001
User ID:           mleukam
Job Name:          sambamba_EGAR00001588858_3961.a.1kDLBCL.DLBCL.SL100864.exome_1tier.hg19.final.bam
Queue Name:        express
Working Directory: /home/mleukam/pbs
Resource List:     walltime=03:00:00,nodes=1:ppn=1,mem=4gb,neednodes=1:ppn=1
Resources Used:    cput=00:09:59,vmem=4086760kb,walltime=00:10:01,mem=1270120kb,energy_used=0
Exit Code:         0
Mother Superior:   cri16cn009

Execution Nodes: 
cri16cn009


