index for EGAR00001588143_2542.a.1kDLBCL.DLBCL.SL100859.exome_1tier.hg19.final.bam complete
finding positions of the duplicate reads in the file...
  sorted 17953957 end pairs
     and 360664 single ends (among them 0 unmatched pairs)
  collecting indices of duplicate reads...   done in 31413 ms
  found 6883650 duplicates
collected list of positions in 12 min 40 sec
removing duplicates...
total time elapsed: 55 min 53 sec
low quality reads removed from EGAR00001588143_2542.a.1kDLBCL.DLBCL.SL100859.exome_1tier.hg19.final.bam
duplicates removed from EGAR00001588143_2542.a.1kDLBCL.DLBCL.SL100859.exome_1tier.hg19.final.bam
script complete for EGAR00001588143_2542.a.1kDLBCL.DLBCL.SL100859.exome_1tier.hg19.final.bam


------------ Job WrapUp ------------

Job ID:            11325051.cri16sc001
User ID:           mleukam
Job Name:          sambamba_EGAR00001588143_2542.a.1kDLBCL.DLBCL.SL100859.exome_1tier.hg19.final.bam
Queue Name:        express
Working Directory: /home/mleukam/pbs
Resource List:     walltime=03:00:00,nodes=1:ppn=1,mem=4gb,neednodes=1:ppn=1
Resources Used:    cput=00:58:38,vmem=4135452kb,walltime=00:58:44,mem=1966604kb,energy_used=0
Exit Code:         0
Mother Superior:   cri16cn041

Execution Nodes: 
cri16cn041


