index for EGAR00001588322_2831.a.1kDLBCL.DLBCL.SL96547.exome_1tier.hg19.final.bam complete
finding positions of the duplicate reads in the file...
  sorted 15514108 end pairs
     and 278157 single ends (among them 0 unmatched pairs)
  collecting indices of duplicate reads...   done in 22575 ms
  found 4393786 duplicates
collected list of positions in 11 min 22 sec
removing duplicates...
total time elapsed: 47 min 47 sec
low quality reads removed from EGAR00001588322_2831.a.1kDLBCL.DLBCL.SL96547.exome_1tier.hg19.final.bam
duplicates removed from EGAR00001588322_2831.a.1kDLBCL.DLBCL.SL96547.exome_1tier.hg19.final.bam
script complete for EGAR00001588322_2831.a.1kDLBCL.DLBCL.SL96547.exome_1tier.hg19.final.bam


------------ Job WrapUp ------------

Job ID:            11325234.cri16sc001
User ID:           mleukam
Job Name:          sambamba_EGAR00001588322_2831.a.1kDLBCL.DLBCL.SL96547.exome_1tier.hg19.final.bam
Queue Name:        express
Working Directory: /home/mleukam/pbs
Resource List:     walltime=03:00:00,nodes=1:ppn=1,mem=4gb,neednodes=1:ppn=1
Resources Used:    cput=00:50:09,vmem=4303692kb,walltime=00:50:15,mem=2060896kb,energy_used=0
Exit Code:         0
Mother Superior:   cri16cn059

Execution Nodes: 
cri16cn059


