index for EGAR00001588870_3974.a.1kDLBCL.DLBCL.SL98685.exome_1tier.hg19.final.bam complete
finding positions of the duplicate reads in the file...
  sorted 15269357 end pairs
     and 411331 single ends (among them 0 unmatched pairs)
  collecting indices of duplicate reads...   done in 23737 ms
  found 5758333 duplicates
collected list of positions in 13 min 0 sec
removing duplicates...
total time elapsed: 54 min 41 sec
low quality reads removed from EGAR00001588870_3974.a.1kDLBCL.DLBCL.SL98685.exome_1tier.hg19.final.bam
duplicates removed from EGAR00001588870_3974.a.1kDLBCL.DLBCL.SL98685.exome_1tier.hg19.final.bam
script complete for EGAR00001588870_3974.a.1kDLBCL.DLBCL.SL98685.exome_1tier.hg19.final.bam


------------ Job WrapUp ------------

Job ID:            11325791.cri16sc001
User ID:           mleukam
Job Name:          sambamba_EGAR00001588870_3974.a.1kDLBCL.DLBCL.SL98685.exome_1tier.hg19.final.bam
Queue Name:        express
Working Directory: /home/mleukam/pbs
Resource List:     walltime=03:00:00,nodes=1:ppn=1,mem=4gb,neednodes=1:ppn=1
Resources Used:    cput=00:57:22,vmem=4282164kb,walltime=00:57:28,mem=1792920kb,energy_used=0
Exit Code:         0
Mother Superior:   cri16cn001

Execution Nodes: 
cri16cn001


