index for EGAR00001588451_3449.a.1kDLBCL.DLBCL.SL84753_SL85446.exome_1tier.hg19.final.bam complete
finding positions of the duplicate reads in the file...
  sorted 14257656 end pairs
     and 469659 single ends (among them 0 unmatched pairs)
  collecting indices of duplicate reads...   done in 20980 ms
  found 3673156 duplicates
collected list of positions in 10 min 41 sec
removing duplicates...
total time elapsed: 46 min 53 sec
low quality reads removed from EGAR00001588451_3449.a.1kDLBCL.DLBCL.SL84753_SL85446.exome_1tier.hg19.final.bam
duplicates removed from EGAR00001588451_3449.a.1kDLBCL.DLBCL.SL84753_SL85446.exome_1tier.hg19.final.bam
script complete for EGAR00001588451_3449.a.1kDLBCL.DLBCL.SL84753_SL85446.exome_1tier.hg19.final.bam


------------ Job WrapUp ------------

Job ID:            11325365.cri16sc001
User ID:           mleukam
Job Name:          sambamba_EGAR00001588451_3449.a.1kDLBCL.DLBCL.SL84753_SL85446.exome_1tier.hg19.final.bam
Queue Name:        express
Working Directory: /home/mleukam/pbs
Resource List:     walltime=03:00:00,nodes=1:ppn=1,mem=4gb,neednodes=1:ppn=1
Resources Used:    cput=00:48:58,vmem=4269768kb,walltime=00:49:03,mem=1979028kb,energy_used=0
Exit Code:         0
Mother Superior:   cri16cn069

Execution Nodes: 
cri16cn069


