index for EGAR00001588658_3706.a.1kDLBCL.DLBCL.SL95959.exome_1tier.hg19.final.bam complete
finding positions of the duplicate reads in the file...
  sorted 21706474 end pairs
     and 483537 single ends (among them 0 unmatched pairs)
  collecting indices of duplicate reads...   done in 38762 ms
  found 8381100 duplicates
collected list of positions in 15 min 54 sec
removing duplicates...
total time elapsed: 63 min 13 sec
low quality reads removed from EGAR00001588658_3706.a.1kDLBCL.DLBCL.SL95959.exome_1tier.hg19.final.bam
duplicates removed from EGAR00001588658_3706.a.1kDLBCL.DLBCL.SL95959.exome_1tier.hg19.final.bam
script complete for EGAR00001588658_3706.a.1kDLBCL.DLBCL.SL95959.exome_1tier.hg19.final.bam


------------ Job WrapUp ------------

Job ID:            11325576.cri16sc001
User ID:           mleukam
Job Name:          sambamba_EGAR00001588658_3706.a.1kDLBCL.DLBCL.SL95959.exome_1tier.hg19.final.bam
Queue Name:        express
Working Directory: /home/mleukam/pbs
Resource List:     walltime=03:00:00,nodes=1:ppn=1,mem=4gb,neednodes=1:ppn=1
Resources Used:    cput=01:06:12,vmem=4335656kb,walltime=01:06:18,mem=2006776kb,energy_used=0
Exit Code:         0
Mother Superior:   cri16cn020

Execution Nodes: 
cri16cn020


