index for EGAR00001588765_3849.a.1kDLBCL.DLBCL.SL100744.exome_1tier.hg19.final.bam complete
finding positions of the duplicate reads in the file...
  sorted 13536643 end pairs
     and 249462 single ends (among them 0 unmatched pairs)
  collecting indices of duplicate reads...   done in 19893 ms
  found 4744426 duplicates
collected list of positions in 9 min 37 sec
removing duplicates...
total time elapsed: 42 min 27 sec
low quality reads removed from EGAR00001588765_3849.a.1kDLBCL.DLBCL.SL100744.exome_1tier.hg19.final.bam
duplicates removed from EGAR00001588765_3849.a.1kDLBCL.DLBCL.SL100744.exome_1tier.hg19.final.bam
script complete for EGAR00001588765_3849.a.1kDLBCL.DLBCL.SL100744.exome_1tier.hg19.final.bam


------------ Job WrapUp ------------

Job ID:            11325684.cri16sc001
User ID:           mleukam
Job Name:          sambamba_EGAR00001588765_3849.a.1kDLBCL.DLBCL.SL100744.exome_1tier.hg19.final.bam
Queue Name:        express
Working Directory: /home/mleukam/pbs
Resource List:     walltime=03:00:00,nodes=1:ppn=1,mem=4gb,neednodes=1:ppn=1
Resources Used:    cput=00:44:38,vmem=4098588kb,walltime=00:44:42,mem=1780308kb,energy_used=0
Exit Code:         0
Mother Superior:   cri16cn032

Execution Nodes: 
cri16cn032


