index for EGAR00001588647_3693.a.1kDLBCL.DLBCL.SL100275.exome_1tier.hg19.final.bam complete
finding positions of the duplicate reads in the file...
  sorted 4935304 end pairs
     and 56940 single ends (among them 0 unmatched pairs)
  collecting indices of duplicate reads...   done in 7198 ms
  found 1507807 duplicates
collected list of positions in 3 min 8 sec
removing duplicates...
total time elapsed: 13 min 24 sec
low quality reads removed from EGAR00001588647_3693.a.1kDLBCL.DLBCL.SL100275.exome_1tier.hg19.final.bam
duplicates removed from EGAR00001588647_3693.a.1kDLBCL.DLBCL.SL100275.exome_1tier.hg19.final.bam
script complete for EGAR00001588647_3693.a.1kDLBCL.DLBCL.SL100275.exome_1tier.hg19.final.bam


------------ Job WrapUp ------------

Job ID:            11325564.cri16sc001
User ID:           mleukam
Job Name:          sambamba_EGAR00001588647_3693.a.1kDLBCL.DLBCL.SL100275.exome_1tier.hg19.final.bam
Queue Name:        express
Working Directory: /home/mleukam/pbs
Resource List:     walltime=03:00:00,nodes=1:ppn=1,mem=4gb,neednodes=1:ppn=1
Resources Used:    cput=00:14:11,vmem=4335536kb,walltime=00:14:13,mem=1655736kb,energy_used=0
Exit Code:         0
Mother Superior:   cri16cn079

Execution Nodes: 
cri16cn079


