index for EGAR00001588229_2663.a.1kDLBCL.DLBCL.SL85253.exome_1tier.hg19.final.bam complete
finding positions of the duplicate reads in the file...
  sorted 12057356 end pairs
     and 237683 single ends (among them 0 unmatched pairs)
  collecting indices of duplicate reads...   done in 17412 ms
  found 2899113 duplicates
collected list of positions in 7 min 54 sec
removing duplicates...
sambamba-markdup: Unable to write to stream
sambamba-view: Error reading BGZF block starting from offset 0: stream error: not enough data in stream


------------ Job WrapUp ------------

Job ID:            11325139.cri16sc001
User ID:           mleukam
Job Name:          sambamba_EGAR00001588229_2663.a.1kDLBCL.DLBCL.SL85253.exome_1tier.hg19.final.bam
Queue Name:        express
Working Directory: /home/mleukam/pbs
Resource List:     walltime=03:00:00,nodes=1:ppn=1,mem=4gb,neednodes=1:ppn=1
Resources Used:    cput=00:28:25,vmem=4243056kb,walltime=00:28:30,mem=1745064kb,energy_used=0
Exit Code:         0
Mother Superior:   cri16cn058

Execution Nodes: 
cri16cn058


