index for EGAR00001587932_2074.a.1kDLBCL.DLBCL.SL90574_SL84119.exome_1tier.hg19.final.bam complete
finding positions of the duplicate reads in the file...
  sorted 17303702 end pairs
     and 446985 single ends (among them 0 unmatched pairs)
  collecting indices of duplicate reads...   done in 30369 ms
  found 3866654 duplicates
collected list of positions in 14 min 16 sec
removing duplicates...
total time elapsed: 68 min 36 sec
low quality reads removed from EGAR00001587932_2074.a.1kDLBCL.DLBCL.SL90574_SL84119.exome_1tier.hg19.final.bam
duplicates removed from EGAR00001587932_2074.a.1kDLBCL.DLBCL.SL90574_SL84119.exome_1tier.hg19.final.bam
script complete for EGAR00001587932_2074.a.1kDLBCL.DLBCL.SL90574_SL84119.exome_1tier.hg19.final.bam


------------ Job WrapUp ------------

Job ID:            11324837.cri16sc001
User ID:           mleukam
Job Name:          sambamba_EGAR00001587932_2074.a.1kDLBCL.DLBCL.SL90574_SL84119.exome_1tier.hg19.final.bam
Queue Name:        express
Working Directory: /home/mleukam/pbs
Resource List:     walltime=03:00:00,nodes=1:ppn=1,mem=4gb,neednodes=1:ppn=1
Resources Used:    cput=01:11:29,vmem=4433056kb,walltime=01:11:34,mem=2124692kb,energy_used=0
Exit Code:         0
Mother Superior:   cri16cn063

Execution Nodes: 
cri16cn063


