index for EGAR00001588543_3561.a.1kDLBCL.DLBCL.SL89897.exome_1tier.hg19.final.bam complete
finding positions of the duplicate reads in the file...
  sorted 15737659 end pairs
     and 445025 single ends (among them 0 unmatched pairs)
  collecting indices of duplicate reads...   done in 23262 ms
  found 5338720 duplicates
collected list of positions in 10 min 20 sec
removing duplicates...
total time elapsed: 44 min 8 sec
low quality reads removed from EGAR00001588543_3561.a.1kDLBCL.DLBCL.SL89897.exome_1tier.hg19.final.bam
duplicates removed from EGAR00001588543_3561.a.1kDLBCL.DLBCL.SL89897.exome_1tier.hg19.final.bam
script complete for EGAR00001588543_3561.a.1kDLBCL.DLBCL.SL89897.exome_1tier.hg19.final.bam


------------ Job WrapUp ------------

Job ID:            11325458.cri16sc001
User ID:           mleukam
Job Name:          sambamba_EGAR00001588543_3561.a.1kDLBCL.DLBCL.SL89897.exome_1tier.hg19.final.bam
Queue Name:        express
Working Directory: /home/mleukam/pbs
Resource List:     walltime=03:00:00,nodes=1:ppn=1,mem=4gb,neednodes=1:ppn=1
Resources Used:    cput=00:46:08,vmem=4287888kb,walltime=00:46:13,mem=1829884kb,energy_used=0
Exit Code:         0
Mother Superior:   cri16cn041

Execution Nodes: 
cri16cn041


