index for EGAR00001588077_2270.a.1kDLBCL.DLBCL.SL104087.exome_1tier.hg19.final.bam complete
finding positions of the duplicate reads in the file...
  sorted 15353155 end pairs
     and 490516 single ends (among them 0 unmatched pairs)
  collecting indices of duplicate reads...   done in 23004 ms
  found 6310648 duplicates
collected list of positions in 11 min 26 sec
removing duplicates...
total time elapsed: 52 min 50 sec
low quality reads removed from EGAR00001588077_2270.a.1kDLBCL.DLBCL.SL104087.exome_1tier.hg19.final.bam
duplicates removed from EGAR00001588077_2270.a.1kDLBCL.DLBCL.SL104087.exome_1tier.hg19.final.bam
script complete for EGAR00001588077_2270.a.1kDLBCL.DLBCL.SL104087.exome_1tier.hg19.final.bam


------------ Job WrapUp ------------

Job ID:            11324985.cri16sc001
User ID:           mleukam
Job Name:          sambamba_EGAR00001588077_2270.a.1kDLBCL.DLBCL.SL104087.exome_1tier.hg19.final.bam
Queue Name:        express
Working Directory: /home/mleukam/pbs
Resource List:     walltime=03:00:00,nodes=1:ppn=1,mem=4gb,neednodes=1:ppn=1
Resources Used:    cput=00:55:20,vmem=4336012kb,walltime=00:55:25,mem=2067924kb,energy_used=0
Exit Code:         0
Mother Superior:   cri16cn013

Execution Nodes: 
cri16cn013


