index for EGAR00001588113_2472.a.1kDLBCL.DLBCL.SL99268.exome_1tier.hg19.final.bam complete
finding positions of the duplicate reads in the file...
  sorted 18742380 end pairs
     and 784731 single ends (among them 0 unmatched pairs)
  collecting indices of duplicate reads...   done in 33506 ms
  found 7597490 duplicates
collected list of positions in 15 min 29 sec
removing duplicates...
total time elapsed: 67 min 40 sec
low quality reads removed from EGAR00001588113_2472.a.1kDLBCL.DLBCL.SL99268.exome_1tier.hg19.final.bam
duplicates removed from EGAR00001588113_2472.a.1kDLBCL.DLBCL.SL99268.exome_1tier.hg19.final.bam
script complete for EGAR00001588113_2472.a.1kDLBCL.DLBCL.SL99268.exome_1tier.hg19.final.bam


------------ Job WrapUp ------------

Job ID:            11325021.cri16sc001
User ID:           mleukam
Job Name:          sambamba_EGAR00001588113_2472.a.1kDLBCL.DLBCL.SL99268.exome_1tier.hg19.final.bam
Queue Name:        express
Working Directory: /home/mleukam/pbs
Resource List:     walltime=03:00:00,nodes=1:ppn=1,mem=4gb,neednodes=1:ppn=1
Resources Used:    cput=01:10:41,vmem=4317228kb,walltime=01:10:48,mem=1896756kb,energy_used=0
Exit Code:         0
Mother Superior:   cri16cn049

Execution Nodes: 
cri16cn049


