index for EGAR00001588160_2562.a.1kDLBCL.DLBCL.SL90066.exome_1tier.hg19.final.bam complete
finding positions of the duplicate reads in the file...
  sorted 14743158 end pairs
     and 482727 single ends (among them 0 unmatched pairs)
  collecting indices of duplicate reads...   done in 21612 ms
  found 3541342 duplicates
collected list of positions in 10 min 28 sec
removing duplicates...
total time elapsed: 44 min 55 sec
low quality reads removed from EGAR00001588160_2562.a.1kDLBCL.DLBCL.SL90066.exome_1tier.hg19.final.bam
duplicates removed from EGAR00001588160_2562.a.1kDLBCL.DLBCL.SL90066.exome_1tier.hg19.final.bam
script complete for EGAR00001588160_2562.a.1kDLBCL.DLBCL.SL90066.exome_1tier.hg19.final.bam


------------ Job WrapUp ------------

Job ID:            11325069.cri16sc001
User ID:           mleukam
Job Name:          sambamba_EGAR00001588160_2562.a.1kDLBCL.DLBCL.SL90066.exome_1tier.hg19.final.bam
Queue Name:        express
Working Directory: /home/mleukam/pbs
Resource List:     walltime=03:00:00,nodes=1:ppn=1,mem=4gb,neednodes=1:ppn=1
Resources Used:    cput=00:47:02,vmem=4289576kb,walltime=00:47:08,mem=1949692kb,energy_used=0
Exit Code:         0
Mother Superior:   cri16cn013

Execution Nodes: 
cri16cn013


