index for EGAR00001588648_3694.a.1kDLBCL.DLBCL.SL96343.exome_1tier.hg19.final.bam complete
finding positions of the duplicate reads in the file...
  sorted 12435229 end pairs
     and 287305 single ends (among them 0 unmatched pairs)
  collecting indices of duplicate reads...   done in 19172 ms
  found 4281712 duplicates
collected list of positions in 9 min 12 sec
removing duplicates...
total time elapsed: 36 min 38 sec
low quality reads removed from EGAR00001588648_3694.a.1kDLBCL.DLBCL.SL96343.exome_1tier.hg19.final.bam
duplicates removed from EGAR00001588648_3694.a.1kDLBCL.DLBCL.SL96343.exome_1tier.hg19.final.bam
script complete for EGAR00001588648_3694.a.1kDLBCL.DLBCL.SL96343.exome_1tier.hg19.final.bam


------------ Job WrapUp ------------

Job ID:            11325565.cri16sc001
User ID:           mleukam
Job Name:          sambamba_EGAR00001588648_3694.a.1kDLBCL.DLBCL.SL96343.exome_1tier.hg19.final.bam
Queue Name:        express
Working Directory: /home/mleukam/pbs
Resource List:     walltime=03:00:00,nodes=1:ppn=1,mem=4gb,neednodes=1:ppn=1
Resources Used:    cput=00:38:36,vmem=4400224kb,walltime=00:38:40,mem=1989308kb,energy_used=0
Exit Code:         0
Mother Superior:   cri16cn061

Execution Nodes: 
cri16cn061


