index for EGAR00001588126_2487.a.1kDLBCL.DLBCL.SL72341.exome_1tier.hg19.final.bam complete
finding positions of the duplicate reads in the file...
  sorted 13358597 end pairs
     and 402600 single ends (among them 0 unmatched pairs)
  collecting indices of duplicate reads...   done in 19312 ms
  found 2307132 duplicates
collected list of positions in 8 min 39 sec
removing duplicates...
total time elapsed: 36 min 46 sec
low quality reads removed from EGAR00001588126_2487.a.1kDLBCL.DLBCL.SL72341.exome_1tier.hg19.final.bam
duplicates removed from EGAR00001588126_2487.a.1kDLBCL.DLBCL.SL72341.exome_1tier.hg19.final.bam
script complete for EGAR00001588126_2487.a.1kDLBCL.DLBCL.SL72341.exome_1tier.hg19.final.bam


------------ Job WrapUp ------------

Job ID:            11325034.cri16sc001
User ID:           mleukam
Job Name:          sambamba_EGAR00001588126_2487.a.1kDLBCL.DLBCL.SL72341.exome_1tier.hg19.final.bam
Queue Name:        express
Working Directory: /home/mleukam/pbs
Resource List:     walltime=03:00:00,nodes=1:ppn=1,mem=4gb,neednodes=1:ppn=1
Resources Used:    cput=00:38:45,vmem=4191916kb,walltime=00:38:51,mem=1810700kb,energy_used=0
Exit Code:         0
Mother Superior:   cri16cn037

Execution Nodes: 
cri16cn037


