index for EGAR00001587904_704.a.1kDLBCL_FFPEvsFrozen.DLBCL.SL105406.exome_1tier.hg19.final.bam complete
finding positions of the duplicate reads in the file...
  sorted 15811662 end pairs
     and 366918 single ends (among them 0 unmatched pairs)
  collecting indices of duplicate reads...   done in 23392 ms
  found 6188225 duplicates
collected list of positions in 10 min 54 sec
removing duplicates...
total time elapsed: 43 min 36 sec
low quality reads removed from EGAR00001587904_704.a.1kDLBCL_FFPEvsFrozen.DLBCL.SL105406.exome_1tier.hg19.final.bam
duplicates removed from EGAR00001587904_704.a.1kDLBCL_FFPEvsFrozen.DLBCL.SL105406.exome_1tier.hg19.final.bam
script complete for EGAR00001587904_704.a.1kDLBCL_FFPEvsFrozen.DLBCL.SL105406.exome_1tier.hg19.final.bam


------------ Job WrapUp ------------

Job ID:            11324809.cri16sc001
User ID:           mleukam
Job Name:          sambamba_EGAR00001587904_704.a.1kDLBCL_FFPEvsFrozen.DLBCL.SL105406.exome_1tier.hg19.final.bam
Queue Name:        express
Working Directory: /home/mleukam/pbs
Resource List:     walltime=03:00:00,nodes=1:ppn=1,mem=4gb,neednodes=1:ppn=1
Resources Used:    cput=00:45:53,vmem=4232012kb,walltime=00:46:06,mem=1995688kb,energy_used=0
Exit Code:         0
Mother Superior:   cri16cn014

Execution Nodes: 
cri16cn014


