index for EGAR00001588801_3903.a.1kDLBCL.DLBCL.SL99064.exome_1tier.hg19.final.bam complete
finding positions of the duplicate reads in the file...
  sorted 11030748 end pairs
     and 240468 single ends (among them 0 unmatched pairs)
  collecting indices of duplicate reads...   done in 17116 ms
  found 5191892 duplicates
collected list of positions in 8 min 7 sec
removing duplicates...
total time elapsed: 32 min 50 sec
low quality reads removed from EGAR00001588801_3903.a.1kDLBCL.DLBCL.SL99064.exome_1tier.hg19.final.bam
duplicates removed from EGAR00001588801_3903.a.1kDLBCL.DLBCL.SL99064.exome_1tier.hg19.final.bam
script complete for EGAR00001588801_3903.a.1kDLBCL.DLBCL.SL99064.exome_1tier.hg19.final.bam


------------ Job WrapUp ------------

Job ID:            11325720.cri16sc001
User ID:           mleukam
Job Name:          sambamba_EGAR00001588801_3903.a.1kDLBCL.DLBCL.SL99064.exome_1tier.hg19.final.bam
Queue Name:        express
Working Directory: /home/mleukam/pbs
Resource List:     walltime=03:00:00,nodes=1:ppn=1,mem=4gb,neednodes=1:ppn=1
Resources Used:    cput=00:34:24,vmem=4118428kb,walltime=00:34:28,mem=1650312kb,energy_used=0
Exit Code:         0
Mother Superior:   cri16cn028

Execution Nodes: 
cri16cn028


