index for EGAR00001588709_3763.a.1kDLBCL.DLBCL.SL104328.exome_1tier.hg19.final.bam complete
finding positions of the duplicate reads in the file...
  sorted 18740492 end pairs
     and 386771 single ends (among them 0 unmatched pairs)
  collecting indices of duplicate reads...   done in 35604 ms
  found 14037183 duplicates
collected list of positions in 13 min 17 sec
removing duplicates...
total time elapsed: 47 min 13 sec
low quality reads removed from EGAR00001588709_3763.a.1kDLBCL.DLBCL.SL104328.exome_1tier.hg19.final.bam
duplicates removed from EGAR00001588709_3763.a.1kDLBCL.DLBCL.SL104328.exome_1tier.hg19.final.bam
script complete for EGAR00001588709_3763.a.1kDLBCL.DLBCL.SL104328.exome_1tier.hg19.final.bam


------------ Job WrapUp ------------

Job ID:            11325628.cri16sc001
User ID:           mleukam
Job Name:          sambamba_EGAR00001588709_3763.a.1kDLBCL.DLBCL.SL104328.exome_1tier.hg19.final.bam
Queue Name:        express
Working Directory: /home/mleukam/pbs
Resource List:     walltime=03:00:00,nodes=1:ppn=1,mem=4gb,neednodes=1:ppn=1
Resources Used:    cput=00:49:54,vmem=4110844kb,walltime=00:50:01,mem=1914404kb,energy_used=0
Exit Code:         0
Mother Superior:   cri16cn007

Execution Nodes: 
cri16cn007


