index for EGAR00001588518_3528.a.1kDLBCL.DLBCL.SL99800.exome_1tier.hg19.final.bam complete
finding positions of the duplicate reads in the file...
  sorted 11966042 end pairs
     and 237729 single ends (among them 0 unmatched pairs)
  collecting indices of duplicate reads...   done in 18034 ms
  found 4719644 duplicates
collected list of positions in 8 min 26 sec
removing duplicates...
total time elapsed: 34 min 18 sec
low quality reads removed from EGAR00001588518_3528.a.1kDLBCL.DLBCL.SL99800.exome_1tier.hg19.final.bam
duplicates removed from EGAR00001588518_3528.a.1kDLBCL.DLBCL.SL99800.exome_1tier.hg19.final.bam
script complete for EGAR00001588518_3528.a.1kDLBCL.DLBCL.SL99800.exome_1tier.hg19.final.bam


------------ Job WrapUp ------------

Job ID:            11325433.cri16sc001
User ID:           mleukam
Job Name:          sambamba_EGAR00001588518_3528.a.1kDLBCL.DLBCL.SL99800.exome_1tier.hg19.final.bam
Queue Name:        express
Working Directory: /home/mleukam/pbs
Resource List:     walltime=03:00:00,nodes=1:ppn=1,mem=4gb,neednodes=1:ppn=1
Resources Used:    cput=00:35:57,vmem=4218472kb,walltime=00:36:03,mem=1697048kb,energy_used=0
Exit Code:         0
Mother Superior:   cri16cn019

Execution Nodes: 
cri16cn019


