index for EGAR00001588780_3879.a.1kDLBCL.DLBCL.SL96684.exome_1tier.hg19.final.bam complete
finding positions of the duplicate reads in the file...
  sorted 19597655 end pairs
     and 498493 single ends (among them 0 unmatched pairs)
  collecting indices of duplicate reads...   done in 35826 ms
  found 6475725 duplicates
collected list of positions in 22 min 28 sec
removing duplicates...
total time elapsed: 80 min 18 sec
low quality reads removed from EGAR00001588780_3879.a.1kDLBCL.DLBCL.SL96684.exome_1tier.hg19.final.bam
duplicates removed from EGAR00001588780_3879.a.1kDLBCL.DLBCL.SL96684.exome_1tier.hg19.final.bam
script complete for EGAR00001588780_3879.a.1kDLBCL.DLBCL.SL96684.exome_1tier.hg19.final.bam


------------ Job WrapUp ------------

Job ID:            11325699.cri16sc001
User ID:           mleukam
Job Name:          sambamba_EGAR00001588780_3879.a.1kDLBCL.DLBCL.SL96684.exome_1tier.hg19.final.bam
Queue Name:        express
Working Directory: /home/mleukam/pbs
Resource List:     walltime=03:00:00,nodes=1:ppn=1,mem=4gb,neednodes=1:ppn=1
Resources Used:    cput=01:23:06,vmem=4442660kb,walltime=01:23:57,mem=2014740kb,energy_used=0
Exit Code:         0
Mother Superior:   cri16cn008

Execution Nodes: 
cri16cn008


