index for EGAR00001588308_2814.a.1kDLBCL.DLBCL.SL102983.exome_1tier.hg19.final.bam complete
finding positions of the duplicate reads in the file...
  sorted 9604314 end pairs
     and 333686 single ends (among them 0 unmatched pairs)
  collecting indices of duplicate reads...   done in 14423 ms
  found 3393226 duplicates
collected list of positions in 8 min 18 sec
removing duplicates...
total time elapsed: 39 min 23 sec
low quality reads removed from EGAR00001588308_2814.a.1kDLBCL.DLBCL.SL102983.exome_1tier.hg19.final.bam
duplicates removed from EGAR00001588308_2814.a.1kDLBCL.DLBCL.SL102983.exome_1tier.hg19.final.bam
script complete for EGAR00001588308_2814.a.1kDLBCL.DLBCL.SL102983.exome_1tier.hg19.final.bam


------------ Job WrapUp ------------

Job ID:            11325220.cri16sc001
User ID:           mleukam
Job Name:          sambamba_EGAR00001588308_2814.a.1kDLBCL.DLBCL.SL102983.exome_1tier.hg19.final.bam
Queue Name:        express
Working Directory: /home/mleukam/pbs
Resource List:     walltime=03:00:00,nodes=1:ppn=1,mem=4gb,neednodes=1:ppn=1
Resources Used:    cput=00:41:14,vmem=4243004kb,walltime=00:41:24,mem=1760388kb,energy_used=0
Exit Code:         0
Mother Superior:   cri16cn076

Execution Nodes: 
cri16cn076


