index for EGAR00001588418_3401.a.1kDLBCL.DLBCL.SL84732_SL85060.exome_1tier.hg19.final.bam complete
finding positions of the duplicate reads in the file...
  sorted 11181565 end pairs
     and 346477 single ends (among them 0 unmatched pairs)
  collecting indices of duplicate reads...   done in 17451 ms
  found 7825203 duplicates
collected list of positions in 7 min 43 sec
removing duplicates...
total time elapsed: 29 min 39 sec
low quality reads removed from EGAR00001588418_3401.a.1kDLBCL.DLBCL.SL84732_SL85060.exome_1tier.hg19.final.bam
duplicates removed from EGAR00001588418_3401.a.1kDLBCL.DLBCL.SL84732_SL85060.exome_1tier.hg19.final.bam
script complete for EGAR00001588418_3401.a.1kDLBCL.DLBCL.SL84732_SL85060.exome_1tier.hg19.final.bam


------------ Job WrapUp ------------

Job ID:            11325332.cri16sc001
User ID:           mleukam
Job Name:          sambamba_EGAR00001588418_3401.a.1kDLBCL.DLBCL.SL84732_SL85060.exome_1tier.hg19.final.bam
Queue Name:        express
Working Directory: /home/mleukam/pbs
Resource List:     walltime=03:00:00,nodes=1:ppn=1,mem=4gb,neednodes=1:ppn=1
Resources Used:    cput=00:31:11,vmem=4168332kb,walltime=00:31:16,mem=1758368kb,energy_used=0
Exit Code:         0
Mother Superior:   cri16cn038

Execution Nodes: 
cri16cn038


