index for EGAR00001588278_2768.a.1kDLBCL.DLBCL.SL84206.exome_1tier.hg19.final.bam complete
finding positions of the duplicate reads in the file...
  sorted 14643127 end pairs
     and 304457 single ends (among them 0 unmatched pairs)
  collecting indices of duplicate reads...   done in 21154 ms
  found 3429788 duplicates
collected list of positions in 9 min 47 sec
removing duplicates...
total time elapsed: 42 min 55 sec
low quality reads removed from EGAR00001588278_2768.a.1kDLBCL.DLBCL.SL84206.exome_1tier.hg19.final.bam
duplicates removed from EGAR00001588278_2768.a.1kDLBCL.DLBCL.SL84206.exome_1tier.hg19.final.bam
script complete for EGAR00001588278_2768.a.1kDLBCL.DLBCL.SL84206.exome_1tier.hg19.final.bam


------------ Job WrapUp ------------

Job ID:            11325189.cri16sc001
User ID:           mleukam
Job Name:          sambamba_EGAR00001588278_2768.a.1kDLBCL.DLBCL.SL84206.exome_1tier.hg19.final.bam
Queue Name:        express
Working Directory: /home/mleukam/pbs
Resource List:     walltime=03:00:00,nodes=1:ppn=1,mem=4gb,neednodes=1:ppn=1
Resources Used:    cput=00:45:09,vmem=4286008kb,walltime=00:45:15,mem=1823860kb,energy_used=0
Exit Code:         0
Mother Superior:   cri16cn038

Execution Nodes: 
cri16cn038


