index for EGAR00001588793_3894.a.1kDLBCL.DLBCL.SL104097.exome_1tier.hg19.final.bam complete
finding positions of the duplicate reads in the file...
  sorted 29230094 end pairs
     and 606544 single ends (among them 0 unmatched pairs)
  collecting indices of duplicate reads...   done in 54642 ms
  found 28782773 duplicates
collected list of positions in 20 min 54 sec
removing duplicates...
total time elapsed: 63 min 31 sec
low quality reads removed from EGAR00001588793_3894.a.1kDLBCL.DLBCL.SL104097.exome_1tier.hg19.final.bam
duplicates removed from EGAR00001588793_3894.a.1kDLBCL.DLBCL.SL104097.exome_1tier.hg19.final.bam
script complete for EGAR00001588793_3894.a.1kDLBCL.DLBCL.SL104097.exome_1tier.hg19.final.bam


------------ Job WrapUp ------------

Job ID:            11325712.cri16sc001
User ID:           mleukam
Job Name:          sambamba_EGAR00001588793_3894.a.1kDLBCL.DLBCL.SL104097.exome_1tier.hg19.final.bam
Queue Name:        express
Working Directory: /home/mleukam/pbs
Resource List:     walltime=03:00:00,nodes=1:ppn=1,mem=4gb,neednodes=1:ppn=1
Resources Used:    cput=01:07:15,vmem=4221772kb,walltime=01:07:21,mem=2133964kb,energy_used=0
Exit Code:         0
Mother Superior:   cri16cn028

Execution Nodes: 
cri16cn028


