index for EGAR00001588577_3612.a.1kDLBCL.DLBCL.SL100273.exome_1tier.hg19.final.bam complete
finding positions of the duplicate reads in the file...
  sorted 3940654 end pairs
     and 63138 single ends (among them 0 unmatched pairs)
  collecting indices of duplicate reads...   done in 5748 ms
  found 1045136 duplicates
collected list of positions in 2 min 38 sec
removing duplicates...
total time elapsed: 13 min 5 sec
low quality reads removed from EGAR00001588577_3612.a.1kDLBCL.DLBCL.SL100273.exome_1tier.hg19.final.bam
duplicates removed from EGAR00001588577_3612.a.1kDLBCL.DLBCL.SL100273.exome_1tier.hg19.final.bam
script complete for EGAR00001588577_3612.a.1kDLBCL.DLBCL.SL100273.exome_1tier.hg19.final.bam


------------ Job WrapUp ------------

Job ID:            11325493.cri16sc001
User ID:           mleukam
Job Name:          sambamba_EGAR00001588577_3612.a.1kDLBCL.DLBCL.SL100273.exome_1tier.hg19.final.bam
Queue Name:        express
Working Directory: /home/mleukam/pbs
Resource List:     walltime=03:00:00,nodes=1:ppn=1,mem=4gb,neednodes=1:ppn=1
Resources Used:    cput=00:13:46,vmem=4119160kb,walltime=00:13:48,mem=1393160kb,energy_used=0
Exit Code:         0
Mother Superior:   cri16cn026

Execution Nodes: 
cri16cn026


