index for EGAR00001587971_2127.a.1kDLBCL.DLBCL.SL84411_SL90507.exome_1tier.hg19.final.bam complete
finding positions of the duplicate reads in the file...
  sorted 16257171 end pairs
     and 338316 single ends (among them 0 unmatched pairs)
  collecting indices of duplicate reads...   done in 23547 ms
  found 3643423 duplicates
collected list of positions in 12 min 21 sec
removing duplicates...
total time elapsed: 54 min 44 sec
low quality reads removed from EGAR00001587971_2127.a.1kDLBCL.DLBCL.SL84411_SL90507.exome_1tier.hg19.final.bam
duplicates removed from EGAR00001587971_2127.a.1kDLBCL.DLBCL.SL84411_SL90507.exome_1tier.hg19.final.bam
script complete for EGAR00001587971_2127.a.1kDLBCL.DLBCL.SL84411_SL90507.exome_1tier.hg19.final.bam


------------ Job WrapUp ------------

Job ID:            11324877.cri16sc001
User ID:           mleukam
Job Name:          sambamba_EGAR00001587971_2127.a.1kDLBCL.DLBCL.SL84411_SL90507.exome_1tier.hg19.final.bam
Queue Name:        express
Working Directory: /home/mleukam/pbs
Resource List:     walltime=03:00:00,nodes=1:ppn=1,mem=4gb,neednodes=1:ppn=1
Resources Used:    cput=00:57:08,vmem=4286176kb,walltime=00:57:14,mem=2073516kb,energy_used=0
Exit Code:         0
Mother Superior:   cri16cn077

Execution Nodes: 
cri16cn077


