index for EGAR00001588576_3611.a.1kDLBCL.DLBCL.SL100000.exome_1tier.hg19.final.bam complete
finding positions of the duplicate reads in the file...
  sorted 6971301 end pairs
     and 136837 single ends (among them 0 unmatched pairs)
  collecting indices of duplicate reads...   done in 10110 ms
  found 1931840 duplicates
collected list of positions in 4 min 35 sec
removing duplicates...
total time elapsed: 21 min 1 sec
low quality reads removed from EGAR00001588576_3611.a.1kDLBCL.DLBCL.SL100000.exome_1tier.hg19.final.bam
duplicates removed from EGAR00001588576_3611.a.1kDLBCL.DLBCL.SL100000.exome_1tier.hg19.final.bam
script complete for EGAR00001588576_3611.a.1kDLBCL.DLBCL.SL100000.exome_1tier.hg19.final.bam


------------ Job WrapUp ------------

Job ID:            11325492.cri16sc001
User ID:           mleukam
Job Name:          sambamba_EGAR00001588576_3611.a.1kDLBCL.DLBCL.SL100000.exome_1tier.hg19.final.bam
Queue Name:        express
Working Directory: /home/mleukam/pbs
Resource List:     walltime=03:00:00,nodes=1:ppn=1,mem=4gb,neednodes=1:ppn=1
Resources Used:    cput=00:22:16,vmem=4164212kb,walltime=00:22:18,mem=1541324kb,energy_used=0
Exit Code:         0
Mother Superior:   cri16cn039

Execution Nodes: 
cri16cn039


