index for EGAR00001588346_2886.a.1kDLBCL.DLBCL.SL100855.exome_1tier.hg19.final.bam complete
finding positions of the duplicate reads in the file...
  sorted 11865474 end pairs
     and 243234 single ends (among them 0 unmatched pairs)
  collecting indices of duplicate reads...   done in 17253 ms
  found 3444011 duplicates
collected list of positions in 8 min 17 sec
removing duplicates...
total time elapsed: 37 min 47 sec
low quality reads removed from EGAR00001588346_2886.a.1kDLBCL.DLBCL.SL100855.exome_1tier.hg19.final.bam
duplicates removed from EGAR00001588346_2886.a.1kDLBCL.DLBCL.SL100855.exome_1tier.hg19.final.bam
script complete for EGAR00001588346_2886.a.1kDLBCL.DLBCL.SL100855.exome_1tier.hg19.final.bam


------------ Job WrapUp ------------

Job ID:            11325258.cri16sc001
User ID:           mleukam
Job Name:          sambamba_EGAR00001588346_2886.a.1kDLBCL.DLBCL.SL100855.exome_1tier.hg19.final.bam
Queue Name:        express
Working Directory: /home/mleukam/pbs
Resource List:     walltime=03:00:00,nodes=1:ppn=1,mem=4gb,neednodes=1:ppn=1
Resources Used:    cput=00:39:38,vmem=4122912kb,walltime=00:39:46,mem=1719160kb,energy_used=0
Exit Code:         0
Mother Superior:   cri16cn029

Execution Nodes: 
cri16cn029


