index for EGAR00001588038_2224.a.1kDLBCL.DLBCL.SL79083.exome_1tier.hg19.final.bam complete
finding positions of the duplicate reads in the file...
  sorted 15039238 end pairs
     and 336169 single ends (among them 0 unmatched pairs)
  collecting indices of duplicate reads...   done in 21950 ms
  found 2218781 duplicates
collected list of positions in 12 min 33 sec
removing duplicates...
total time elapsed: 54 min 18 sec
low quality reads removed from EGAR00001588038_2224.a.1kDLBCL.DLBCL.SL79083.exome_1tier.hg19.final.bam
duplicates removed from EGAR00001588038_2224.a.1kDLBCL.DLBCL.SL79083.exome_1tier.hg19.final.bam
script complete for EGAR00001588038_2224.a.1kDLBCL.DLBCL.SL79083.exome_1tier.hg19.final.bam


------------ Job WrapUp ------------

Job ID:            11324945.cri16sc001
User ID:           mleukam
Job Name:          sambamba_EGAR00001588038_2224.a.1kDLBCL.DLBCL.SL79083.exome_1tier.hg19.final.bam
Queue Name:        express
Working Directory: /home/mleukam/pbs
Resource List:     walltime=03:00:00,nodes=1:ppn=1,mem=4gb,neednodes=1:ppn=1
Resources Used:    cput=00:56:32,vmem=4302068kb,walltime=00:56:51,mem=2019300kb,energy_used=0
Exit Code:         0
Mother Superior:   cri16cn082

Execution Nodes: 
cri16cn082


