index for EGAR00001587993_2153.a.1kDLBCL.DLBCL.SL84409_SL90505.exome_1tier.hg19.final.bam complete
finding positions of the duplicate reads in the file...
  sorted 16717611 end pairs
     and 356805 single ends (among them 0 unmatched pairs)
  collecting indices of duplicate reads...   done in 24337 ms
  found 3832228 duplicates
collected list of positions in 12 min 23 sec
removing duplicates...
total time elapsed: 53 min 33 sec
low quality reads removed from EGAR00001587993_2153.a.1kDLBCL.DLBCL.SL84409_SL90505.exome_1tier.hg19.final.bam
duplicates removed from EGAR00001587993_2153.a.1kDLBCL.DLBCL.SL84409_SL90505.exome_1tier.hg19.final.bam
script complete for EGAR00001587993_2153.a.1kDLBCL.DLBCL.SL84409_SL90505.exome_1tier.hg19.final.bam


------------ Job WrapUp ------------

Job ID:            11324899.cri16sc001
User ID:           mleukam
Job Name:          sambamba_EGAR00001587993_2153.a.1kDLBCL.DLBCL.SL84409_SL90505.exome_1tier.hg19.final.bam
Queue Name:        express
Working Directory: /home/mleukam/pbs
Resource List:     walltime=03:00:00,nodes=1:ppn=1,mem=4gb,neednodes=1:ppn=1
Resources Used:    cput=00:56:01,vmem=4623172kb,walltime=00:56:10,mem=2419468kb,energy_used=0
Exit Code:         0
Mother Superior:   cri16cn020

Execution Nodes: 
cri16cn020


