index for EGAR00001588459_3457.a.1kDLBCL.DLBCL.SL85063.exome_1tier.hg19.final.bam complete
finding positions of the duplicate reads in the file...
  sorted 12553695 end pairs
     and 225114 single ends (among them 0 unmatched pairs)
  collecting indices of duplicate reads...   done in 19057 ms
  found 6515799 duplicates
collected list of positions in 8 min 10 sec
removing duplicates...
total time elapsed: 31 min 20 sec
low quality reads removed from EGAR00001588459_3457.a.1kDLBCL.DLBCL.SL85063.exome_1tier.hg19.final.bam
duplicates removed from EGAR00001588459_3457.a.1kDLBCL.DLBCL.SL85063.exome_1tier.hg19.final.bam
script complete for EGAR00001588459_3457.a.1kDLBCL.DLBCL.SL85063.exome_1tier.hg19.final.bam


------------ Job WrapUp ------------

Job ID:            11325374.cri16sc001
User ID:           mleukam
Job Name:          sambamba_EGAR00001588459_3457.a.1kDLBCL.DLBCL.SL85063.exome_1tier.hg19.final.bam
Queue Name:        express
Working Directory: /home/mleukam/pbs
Resource List:     walltime=03:00:00,nodes=1:ppn=1,mem=4gb,neednodes=1:ppn=1
Resources Used:    cput=00:32:52,vmem=4232772kb,walltime=00:32:56,mem=1713696kb,energy_used=0
Exit Code:         0
Mother Superior:   cri16cn064

Execution Nodes: 
cri16cn064


