index for EGAR00001588070_2257.a.1kDLBCL.DLBCL.SL85968.exome_1tier.hg19.final.bam complete
finding positions of the duplicate reads in the file...
  sorted 484114 end pairs
     and 11358 single ends (among them 0 unmatched pairs)
  collecting indices of duplicate reads...   done in 703 ms
  found 144469 duplicates
collected list of positions in 0 min 19 sec
removing duplicates...
total time elapsed: 0 min 49 sec
low quality reads removed from EGAR00001588070_2257.a.1kDLBCL.DLBCL.SL85968.exome_1tier.hg19.final.bam
duplicates removed from EGAR00001588070_2257.a.1kDLBCL.DLBCL.SL85968.exome_1tier.hg19.final.bam
script complete for EGAR00001588070_2257.a.1kDLBCL.DLBCL.SL85968.exome_1tier.hg19.final.bam


------------ Job WrapUp ------------

Job ID:            11324978.cri16sc001
User ID:           mleukam
Job Name:          sambamba_EGAR00001588070_2257.a.1kDLBCL.DLBCL.SL85968.exome_1tier.hg19.final.bam
Queue Name:        express
Working Directory: /home/mleukam/pbs
Resource List:     walltime=03:00:00,nodes=1:ppn=1,mem=4gb,neednodes=1:ppn=1
Resources Used:    cput=00:01:21,vmem=3836664kb,walltime=00:01:23,mem=982264kb,energy_used=0
Exit Code:         0
Mother Superior:   cri16cn078

Execution Nodes: 
cri16cn078


