index for EGAR00001588069_2256.a.1kDLBCL.DLBCL.SL71890_SL72466.exome_1tier.hg19.final.bam complete
finding positions of the duplicate reads in the file...
  sorted 10249563 end pairs
     and 409274 single ends (among them 0 unmatched pairs)
  collecting indices of duplicate reads...   done in 14981 ms
  found 1825685 duplicates
collected list of positions in 8 min 28 sec
removing duplicates...
total time elapsed: 45 min 22 sec
low quality reads removed from EGAR00001588069_2256.a.1kDLBCL.DLBCL.SL71890_SL72466.exome_1tier.hg19.final.bam
duplicates removed from EGAR00001588069_2256.a.1kDLBCL.DLBCL.SL71890_SL72466.exome_1tier.hg19.final.bam
script complete for EGAR00001588069_2256.a.1kDLBCL.DLBCL.SL71890_SL72466.exome_1tier.hg19.final.bam


------------ Job WrapUp ------------

Job ID:            11324977.cri16sc001
User ID:           mleukam
Job Name:          sambamba_EGAR00001588069_2256.a.1kDLBCL.DLBCL.SL71890_SL72466.exome_1tier.hg19.final.bam
Queue Name:        express
Working Directory: /home/mleukam/pbs
Resource List:     walltime=03:00:00,nodes=1:ppn=1,mem=4gb,neednodes=1:ppn=1
Resources Used:    cput=00:47:17,vmem=4278392kb,walltime=00:47:27,mem=1798504kb,energy_used=0
Exit Code:         0
Mother Superior:   cri16cn036

Execution Nodes: 
cri16cn036


