index for EGAR00001587957_2109.a.1kDLBCL.DLBCL.SL85249.exome_1tier.hg19.final.bam complete
finding positions of the duplicate reads in the file...
  sorted 12645936 end pairs
     and 290652 single ends (among them 0 unmatched pairs)
  collecting indices of duplicate reads...   done in 18298 ms
  found 2946315 duplicates
collected list of positions in 9 min 25 sec
removing duplicates...
total time elapsed: 40 min 34 sec
low quality reads removed from EGAR00001587957_2109.a.1kDLBCL.DLBCL.SL85249.exome_1tier.hg19.final.bam
duplicates removed from EGAR00001587957_2109.a.1kDLBCL.DLBCL.SL85249.exome_1tier.hg19.final.bam
script complete for EGAR00001587957_2109.a.1kDLBCL.DLBCL.SL85249.exome_1tier.hg19.final.bam


------------ Job WrapUp ------------

Job ID:            11324863.cri16sc001
User ID:           mleukam
Job Name:          sambamba_EGAR00001587957_2109.a.1kDLBCL.DLBCL.SL85249.exome_1tier.hg19.final.bam
Queue Name:        express
Working Directory: /home/mleukam/pbs
Resource List:     walltime=03:00:00,nodes=1:ppn=1,mem=4gb,neednodes=1:ppn=1
Resources Used:    cput=00:42:34,vmem=4372300kb,walltime=00:42:44,mem=2020972kb,energy_used=0
Exit Code:         0
Mother Superior:   cri16cn085

Execution Nodes: 
cri16cn085


