index for EGAR00001588036_2222.a.1kDLBCL.DLBCL.SL78810.exome_1tier.hg19.final.bam complete
finding positions of the duplicate reads in the file...
  sorted 19588354 end pairs
     and 385868 single ends (among them 0 unmatched pairs)
  collecting indices of duplicate reads...   done in 33231 ms
  found 2824256 duplicates
collected list of positions in 14 min 29 sec
removing duplicates...
total time elapsed: 66 min 40 sec
low quality reads removed from EGAR00001588036_2222.a.1kDLBCL.DLBCL.SL78810.exome_1tier.hg19.final.bam
duplicates removed from EGAR00001588036_2222.a.1kDLBCL.DLBCL.SL78810.exome_1tier.hg19.final.bam
script complete for EGAR00001588036_2222.a.1kDLBCL.DLBCL.SL78810.exome_1tier.hg19.final.bam


------------ Job WrapUp ------------

Job ID:            11324943.cri16sc001
User ID:           mleukam
Job Name:          sambamba_EGAR00001588036_2222.a.1kDLBCL.DLBCL.SL78810.exome_1tier.hg19.final.bam
Queue Name:        express
Working Directory: /home/mleukam/pbs
Resource List:     walltime=03:00:00,nodes=1:ppn=1,mem=4gb,neednodes=1:ppn=1
Resources Used:    cput=01:09:31,vmem=4433060kb,walltime=01:09:38,mem=1971580kb,energy_used=0
Exit Code:         0
Mother Superior:   cri16cn021

Execution Nodes: 
cri16cn021


