index for EGAR00001588068_2255.a.1kDLBCL.DLBCL.SL72120_SL72504.exome_1tier.hg19.final.bam complete
finding positions of the duplicate reads in the file...
  sorted 14935786 end pairs
     and 456260 single ends (among them 0 unmatched pairs)
  collecting indices of duplicate reads...   done in 21680 ms
  found 2849956 duplicates
collected list of positions in 11 min 22 sec
removing duplicates...
total time elapsed: 58 min 36 sec
low quality reads removed from EGAR00001588068_2255.a.1kDLBCL.DLBCL.SL72120_SL72504.exome_1tier.hg19.final.bam
duplicates removed from EGAR00001588068_2255.a.1kDLBCL.DLBCL.SL72120_SL72504.exome_1tier.hg19.final.bam
script complete for EGAR00001588068_2255.a.1kDLBCL.DLBCL.SL72120_SL72504.exome_1tier.hg19.final.bam


------------ Job WrapUp ------------

Job ID:            11324976.cri16sc001
User ID:           mleukam
Job Name:          sambamba_EGAR00001588068_2255.a.1kDLBCL.DLBCL.SL72120_SL72504.exome_1tier.hg19.final.bam
Queue Name:        express
Working Directory: /home/mleukam/pbs
Resource List:     walltime=03:00:00,nodes=1:ppn=1,mem=4gb,neednodes=1:ppn=1
Resources Used:    cput=01:00:56,vmem=4303692kb,walltime=01:01:03,mem=2031836kb,energy_used=0
Exit Code:         0
Mother Superior:   cri16cn042

Execution Nodes: 
cri16cn042


