index for EGAR00001588699_3753.a.1kDLBCL.DLBCL.SL96248.exome_1tier.hg19.final.bam complete
finding positions of the duplicate reads in the file...
  sorted 16247979 end pairs
     and 293951 single ends (among them 0 unmatched pairs)
  collecting indices of duplicate reads...   done in 23728 ms
  found 5018203 duplicates
collected list of positions in 11 min 12 sec
removing duplicates...
total time elapsed: 47 min 24 sec
low quality reads removed from EGAR00001588699_3753.a.1kDLBCL.DLBCL.SL96248.exome_1tier.hg19.final.bam
duplicates removed from EGAR00001588699_3753.a.1kDLBCL.DLBCL.SL96248.exome_1tier.hg19.final.bam
script complete for EGAR00001588699_3753.a.1kDLBCL.DLBCL.SL96248.exome_1tier.hg19.final.bam


------------ Job WrapUp ------------

Job ID:            11325617.cri16sc001
User ID:           mleukam
Job Name:          sambamba_EGAR00001588699_3753.a.1kDLBCL.DLBCL.SL96248.exome_1tier.hg19.final.bam
Queue Name:        express
Working Directory: /home/mleukam/pbs
Resource List:     walltime=03:00:00,nodes=1:ppn=1,mem=4gb,neednodes=1:ppn=1
Resources Used:    cput=00:49:52,vmem=4232012kb,walltime=00:49:56,mem=2009176kb,energy_used=0
Exit Code:         0
Mother Superior:   cri16cn074

Execution Nodes: 
cri16cn074


