index for EGAR00001588880_3984.a.1kDLBCL.DLBCL.SL99059.exome_1tier.hg19.final.bam complete
finding positions of the duplicate reads in the file...
  sorted 8651174 end pairs
     and 203256 single ends (among them 0 unmatched pairs)
  collecting indices of duplicate reads...   done in 13219 ms
  found 3975723 duplicates
collected list of positions in 6 min 24 sec
removing duplicates...
total time elapsed: 29 min 3 sec
low quality reads removed from EGAR00001588880_3984.a.1kDLBCL.DLBCL.SL99059.exome_1tier.hg19.final.bam
duplicates removed from EGAR00001588880_3984.a.1kDLBCL.DLBCL.SL99059.exome_1tier.hg19.final.bam
script complete for EGAR00001588880_3984.a.1kDLBCL.DLBCL.SL99059.exome_1tier.hg19.final.bam


------------ Job WrapUp ------------

Job ID:            11325801.cri16sc001
User ID:           mleukam
Job Name:          sambamba_EGAR00001588880_3984.a.1kDLBCL.DLBCL.SL99059.exome_1tier.hg19.final.bam
Queue Name:        express
Working Directory: /home/mleukam/pbs
Resource List:     walltime=03:00:00,nodes=1:ppn=1,mem=4gb,neednodes=1:ppn=1
Resources Used:    cput=00:30:41,vmem=4245976kb,walltime=00:30:45,mem=1710996kb,energy_used=0
Exit Code:         0
Mother Superior:   cri16cn003

Execution Nodes: 
cri16cn003


