index for EGAR00001588369_2917.a.1kDLBCL.DLBCL.SL99269.exome_1tier.hg19.final.bam complete
finding positions of the duplicate reads in the file...
  sorted 20336087 end pairs
     and 371992 single ends (among them 0 unmatched pairs)
  collecting indices of duplicate reads...   done in 34913 ms
  found 8889266 duplicates
collected list of positions in 14 min 3 sec
removing duplicates...
total time elapsed: 56 min 48 sec
low quality reads removed from EGAR00001588369_2917.a.1kDLBCL.DLBCL.SL99269.exome_1tier.hg19.final.bam
duplicates removed from EGAR00001588369_2917.a.1kDLBCL.DLBCL.SL99269.exome_1tier.hg19.final.bam
script complete for EGAR00001588369_2917.a.1kDLBCL.DLBCL.SL99269.exome_1tier.hg19.final.bam


------------ Job WrapUp ------------

Job ID:            11325282.cri16sc001
User ID:           mleukam
Job Name:          sambamba_EGAR00001588369_2917.a.1kDLBCL.DLBCL.SL99269.exome_1tier.hg19.final.bam
Queue Name:        express
Working Directory: /home/mleukam/pbs
Resource List:     walltime=03:00:00,nodes=1:ppn=1,mem=4gb,neednodes=1:ppn=1
Resources Used:    cput=00:59:41,vmem=4088652kb,walltime=00:59:49,mem=1913012kb,energy_used=0
Exit Code:         0
Mother Superior:   cri16cn066

Execution Nodes: 
cri16cn066


