index for EGAR00001588785_3885.a.1kDLBCL.DLBCL.SL102885.exome_1tier.hg19.final.bam complete
finding positions of the duplicate reads in the file...
  sorted 22358653 end pairs
     and 659183 single ends (among them 0 unmatched pairs)
  collecting indices of duplicate reads...   done in 41537 ms
  found 6587152 duplicates
collected list of positions in 19 min 29 sec
removing duplicates...
total time elapsed: 86 min 55 sec
low quality reads removed from EGAR00001588785_3885.a.1kDLBCL.DLBCL.SL102885.exome_1tier.hg19.final.bam
duplicates removed from EGAR00001588785_3885.a.1kDLBCL.DLBCL.SL102885.exome_1tier.hg19.final.bam
script complete for EGAR00001588785_3885.a.1kDLBCL.DLBCL.SL102885.exome_1tier.hg19.final.bam


------------ Job WrapUp ------------

Job ID:            11325704.cri16sc001
User ID:           mleukam
Job Name:          sambamba_EGAR00001588785_3885.a.1kDLBCL.DLBCL.SL102885.exome_1tier.hg19.final.bam
Queue Name:        express
Working Directory: /home/mleukam/pbs
Resource List:     walltime=03:00:00,nodes=1:ppn=1,mem=4gb,neednodes=1:ppn=1
Resources Used:    cput=01:30:06,vmem=4373860kb,walltime=01:30:39,mem=1998228kb,energy_used=0
Exit Code:         0
Mother Superior:   cri16cn022

Execution Nodes: 
cri16cn022


