index for EGAR00001588654_3701.a.1kDLBCL.DLBCL.SL96251.exome_1tier.hg19.final.bam complete
finding positions of the duplicate reads in the file...
  sorted 12666244 end pairs
     and 226487 single ends (among them 0 unmatched pairs)
  collecting indices of duplicate reads...   done in 17544 ms
  found 3872860 duplicates
collected list of positions in 3 min 54 sec
removing duplicates...
total time elapsed: 7 min 31 sec
low quality reads removed from EGAR00001588654_3701.a.1kDLBCL.DLBCL.SL96251.exome_1tier.hg19.final.bam
duplicates removed from EGAR00001588654_3701.a.1kDLBCL.DLBCL.SL96251.exome_1tier.hg19.final.bam
script complete for EGAR00001588654_3701.a.1kDLBCL.DLBCL.SL96251.exome_1tier.hg19.final.bam


------------ Job WrapUp ------------

Job ID:            11335584.cri16sc001
User ID:           mleukam
Job Name:          sambamba_EGAR00001588654_3701.a.1kDLBCL.DLBCL.SL96251.exome_1tier.hg19.final.bam
Queue Name:        standard
Working Directory: /home/mleukam/pbs
Resource List:     walltime=08:00:00,nodes=1:ppn=8,mem=4gb,neednodes=1:ppn=8
Resources Used:    cput=00:43:26,vmem=4263236kb,walltime=00:08:08,mem=1887300kb,energy_used=0
Exit Code:         0
Mother Superior:   cri16cn033

Execution Nodes: 
cri16cn033 cri16cn033 cri16cn033 cri16cn033 cri16cn033 cri16cn033 cri16cn033 cri16cn033


