index for EGAR00001588820_3922.a.1kDLBCL.DLBCL.SL99894.exome_1tier.hg19.final.bam complete
finding positions of the duplicate reads in the file...
  sorted 15128995 end pairs
     and 336050 single ends (among them 0 unmatched pairs)
  collecting indices of duplicate reads...   done in 23682 ms
  found 6434197 duplicates
collected list of positions in 10 min 31 sec
removing duplicates...
total time elapsed: 41 min 20 sec
low quality reads removed from EGAR00001588820_3922.a.1kDLBCL.DLBCL.SL99894.exome_1tier.hg19.final.bam
duplicates removed from EGAR00001588820_3922.a.1kDLBCL.DLBCL.SL99894.exome_1tier.hg19.final.bam
script complete for EGAR00001588820_3922.a.1kDLBCL.DLBCL.SL99894.exome_1tier.hg19.final.bam


------------ Job WrapUp ------------

Job ID:            11325740.cri16sc001
User ID:           mleukam
Job Name:          sambamba_EGAR00001588820_3922.a.1kDLBCL.DLBCL.SL99894.exome_1tier.hg19.final.bam
Queue Name:        express
Working Directory: /home/mleukam/pbs
Resource List:     walltime=03:00:00,nodes=1:ppn=1,mem=4gb,neednodes=1:ppn=1
Resources Used:    cput=00:43:18,vmem=4215928kb,walltime=00:43:23,mem=1796364kb,energy_used=0
Exit Code:         0
Mother Superior:   cri16cn049

Execution Nodes: 
cri16cn049


