index for EGAR00001588364_2908.a.1kDLBCL.DLBCL.SL99792.exome_1tier.hg19.final.bam complete
finding positions of the duplicate reads in the file...
  sorted 16405592 end pairs
     and 382620 single ends (among them 0 unmatched pairs)
  collecting indices of duplicate reads...   done in 23978 ms
  found 5053326 duplicates
collected list of positions in 11 min 12 sec
removing duplicates...
total time elapsed: 50 min 30 sec
low quality reads removed from EGAR00001588364_2908.a.1kDLBCL.DLBCL.SL99792.exome_1tier.hg19.final.bam
duplicates removed from EGAR00001588364_2908.a.1kDLBCL.DLBCL.SL99792.exome_1tier.hg19.final.bam
script complete for EGAR00001588364_2908.a.1kDLBCL.DLBCL.SL99792.exome_1tier.hg19.final.bam


------------ Job WrapUp ------------

Job ID:            11325277.cri16sc001
User ID:           mleukam
Job Name:          sambamba_EGAR00001588364_2908.a.1kDLBCL.DLBCL.SL99792.exome_1tier.hg19.final.bam
Queue Name:        express
Working Directory: /home/mleukam/pbs
Resource List:     walltime=03:00:00,nodes=1:ppn=1,mem=4gb,neednodes=1:ppn=1
Resources Used:    cput=00:52:50,vmem=4484048kb,walltime=00:52:57,mem=2068912kb,energy_used=0
Exit Code:         0
Mother Superior:   cri16cn021

Execution Nodes: 
cri16cn021


