index for EGAR00001588812_3914.a.1kDLBCL.DLBCL.SL98968.exome_1tier.hg19.final.bam complete
finding positions of the duplicate reads in the file...
  sorted 16023106 end pairs
     and 297972 single ends (among them 0 unmatched pairs)
  collecting indices of duplicate reads...   done in 24102 ms
  found 8261658 duplicates
collected list of positions in 10 min 50 sec
removing duplicates...
total time elapsed: 43 min 6 sec
low quality reads removed from EGAR00001588812_3914.a.1kDLBCL.DLBCL.SL98968.exome_1tier.hg19.final.bam
duplicates removed from EGAR00001588812_3914.a.1kDLBCL.DLBCL.SL98968.exome_1tier.hg19.final.bam
script complete for EGAR00001588812_3914.a.1kDLBCL.DLBCL.SL98968.exome_1tier.hg19.final.bam


------------ Job WrapUp ------------

Job ID:            11325732.cri16sc001
User ID:           mleukam
Job Name:          sambamba_EGAR00001588812_3914.a.1kDLBCL.DLBCL.SL98968.exome_1tier.hg19.final.bam
Queue Name:        express
Working Directory: /home/mleukam/pbs
Resource List:     walltime=03:00:00,nodes=1:ppn=1,mem=4gb,neednodes=1:ppn=1
Resources Used:    cput=00:45:27,vmem=4130324kb,walltime=00:45:31,mem=1883432kb,energy_used=0
Exit Code:         0
Mother Superior:   cri16cn023

Execution Nodes: 
cri16cn023


