index for EGAR00001588144_2543.a.1kDLBCL.DLBCL.SL79194.exome_1tier.hg19.final.bam complete
finding positions of the duplicate reads in the file...
  sorted 19026723 end pairs
     and 343875 single ends (among them 0 unmatched pairs)
  collecting indices of duplicate reads...   done in 32929 ms
  found 2567235 duplicates
collected list of positions in 13 min 28 sec
removing duplicates...
total time elapsed: 58 min 17 sec
low quality reads removed from EGAR00001588144_2543.a.1kDLBCL.DLBCL.SL79194.exome_1tier.hg19.final.bam
duplicates removed from EGAR00001588144_2543.a.1kDLBCL.DLBCL.SL79194.exome_1tier.hg19.final.bam
script complete for EGAR00001588144_2543.a.1kDLBCL.DLBCL.SL79194.exome_1tier.hg19.final.bam


------------ Job WrapUp ------------

Job ID:            11325052.cri16sc001
User ID:           mleukam
Job Name:          sambamba_EGAR00001588144_2543.a.1kDLBCL.DLBCL.SL79194.exome_1tier.hg19.final.bam
Queue Name:        express
Working Directory: /home/mleukam/pbs
Resource List:     walltime=03:00:00,nodes=1:ppn=1,mem=4gb,neednodes=1:ppn=1
Resources Used:    cput=01:00:48,vmem=4310588kb,walltime=01:00:58,mem=2134840kb,energy_used=0
Exit Code:         0
Mother Superior:   cri16cn076

Execution Nodes: 
cri16cn076


