index for EGAR00001588646_3692.a.1kDLBCL.DLBCL.SL96157.exome_1tier.hg19.final.bam complete
finding positions of the duplicate reads in the file...
  sorted 9260748 end pairs
     and 174194 single ends (among them 0 unmatched pairs)
  collecting indices of duplicate reads...   done in 13835 ms
  found 3350596 duplicates
collected list of positions in 6 min 46 sec
removing duplicates...
total time elapsed: 31 min 1 sec
low quality reads removed from EGAR00001588646_3692.a.1kDLBCL.DLBCL.SL96157.exome_1tier.hg19.final.bam
duplicates removed from EGAR00001588646_3692.a.1kDLBCL.DLBCL.SL96157.exome_1tier.hg19.final.bam
script complete for EGAR00001588646_3692.a.1kDLBCL.DLBCL.SL96157.exome_1tier.hg19.final.bam


------------ Job WrapUp ------------

Job ID:            11325563.cri16sc001
User ID:           mleukam
Job Name:          sambamba_EGAR00001588646_3692.a.1kDLBCL.DLBCL.SL96157.exome_1tier.hg19.final.bam
Queue Name:        express
Working Directory: /home/mleukam/pbs
Resource List:     walltime=03:00:00,nodes=1:ppn=1,mem=4gb,neednodes=1:ppn=1
Resources Used:    cput=00:32:31,vmem=4274444kb,walltime=00:32:34,mem=1761376kb,energy_used=0
Exit Code:         0
Mother Superior:   cri16cn021

Execution Nodes: 
cri16cn021


