index for EGAR00001588616_3657.a.1kDLBCL.DLBCL.SL96256.exome_1tier.hg19.final.bam complete
finding positions of the duplicate reads in the file...
  sorted 1413837 end pairs
     and 24522 single ends (among them 0 unmatched pairs)
  collecting indices of duplicate reads...   done in 2068 ms
  found 328532 duplicates
collected list of positions in 0 min 59 sec
removing duplicates...
total time elapsed: 4 min 18 sec
low quality reads removed from EGAR00001588616_3657.a.1kDLBCL.DLBCL.SL96256.exome_1tier.hg19.final.bam
duplicates removed from EGAR00001588616_3657.a.1kDLBCL.DLBCL.SL96256.exome_1tier.hg19.final.bam
script complete for EGAR00001588616_3657.a.1kDLBCL.DLBCL.SL96256.exome_1tier.hg19.final.bam


------------ Job WrapUp ------------

Job ID:            11325533.cri16sc001
User ID:           mleukam
Job Name:          sambamba_EGAR00001588616_3657.a.1kDLBCL.DLBCL.SL96256.exome_1tier.hg19.final.bam
Queue Name:        express
Working Directory: /home/mleukam/pbs
Resource List:     walltime=03:00:00,nodes=1:ppn=1,mem=4gb,neednodes=1:ppn=1
Resources Used:    cput=00:04:42,vmem=4225996kb,walltime=00:04:43,mem=1284956kb,energy_used=0
Exit Code:         0
Mother Superior:   cri16cn042

Execution Nodes: 
cri16cn042


