index for EGAR00001588327_2837.a.1kDLBCL.DLBCL.SL96674.exome_1tier.hg19.final.bam complete
finding positions of the duplicate reads in the file...
  sorted 16828065 end pairs
     and 227029 single ends (among them 0 unmatched pairs)
  collecting indices of duplicate reads...   done in 32072 ms
  found 5236977 duplicates
collected list of positions in 11 min 22 sec
removing duplicates...
total time elapsed: 46 min 1 sec
low quality reads removed from EGAR00001588327_2837.a.1kDLBCL.DLBCL.SL96674.exome_1tier.hg19.final.bam
duplicates removed from EGAR00001588327_2837.a.1kDLBCL.DLBCL.SL96674.exome_1tier.hg19.final.bam
script complete for EGAR00001588327_2837.a.1kDLBCL.DLBCL.SL96674.exome_1tier.hg19.final.bam


------------ Job WrapUp ------------

Job ID:            11325239.cri16sc001
User ID:           mleukam
Job Name:          sambamba_EGAR00001588327_2837.a.1kDLBCL.DLBCL.SL96674.exome_1tier.hg19.final.bam
Queue Name:        express
Working Directory: /home/mleukam/pbs
Resource List:     walltime=03:00:00,nodes=1:ppn=1,mem=4gb,neednodes=1:ppn=1
Resources Used:    cput=00:48:00,vmem=4236576kb,walltime=00:48:11,mem=1994992kb,energy_used=0
Exit Code:         0
Mother Superior:   cri16cn006

Execution Nodes: 
cri16cn006


