index for EGAR00001588637_3682.a.1kDLBCL.DLBCL.SL100186.exome_1tier.hg19.final.bam complete
finding positions of the duplicate reads in the file...
  sorted 6791883 end pairs
     and 57639 single ends (among them 0 unmatched pairs)
  collecting indices of duplicate reads...   done in 10007 ms
  found 2367531 duplicates
collected list of positions in 4 min 24 sec
removing duplicates...
total time elapsed: 18 min 48 sec
low quality reads removed from EGAR00001588637_3682.a.1kDLBCL.DLBCL.SL100186.exome_1tier.hg19.final.bam
duplicates removed from EGAR00001588637_3682.a.1kDLBCL.DLBCL.SL100186.exome_1tier.hg19.final.bam
script complete for EGAR00001588637_3682.a.1kDLBCL.DLBCL.SL100186.exome_1tier.hg19.final.bam


------------ Job WrapUp ------------

Job ID:            11325554.cri16sc001
User ID:           mleukam
Job Name:          sambamba_EGAR00001588637_3682.a.1kDLBCL.DLBCL.SL100186.exome_1tier.hg19.final.bam
Queue Name:        express
Working Directory: /home/mleukam/pbs
Resource List:     walltime=03:00:00,nodes=1:ppn=1,mem=4gb,neednodes=1:ppn=1
Resources Used:    cput=00:19:51,vmem=4082636kb,walltime=00:19:53,mem=1472416kb,energy_used=0
Exit Code:         0
Mother Superior:   cri16cn068

Execution Nodes: 
cri16cn068


