index for EGAR00001587905_705.a.1kDLBCL_FFPEvsFrozen.DLBCL.SL105407.exome_1tier.hg19.final.bam complete
finding positions of the duplicate reads in the file...
  sorted 17693586 end pairs
     and 460302 single ends (among them 0 unmatched pairs)
  collecting indices of duplicate reads...   done in 31751 ms
  found 6010414 duplicates
collected list of positions in 13 min 2 sec
removing duplicates...
total time elapsed: 52 min 48 sec
low quality reads removed from EGAR00001587905_705.a.1kDLBCL_FFPEvsFrozen.DLBCL.SL105407.exome_1tier.hg19.final.bam
duplicates removed from EGAR00001587905_705.a.1kDLBCL_FFPEvsFrozen.DLBCL.SL105407.exome_1tier.hg19.final.bam
script complete for EGAR00001587905_705.a.1kDLBCL_FFPEvsFrozen.DLBCL.SL105407.exome_1tier.hg19.final.bam


------------ Job WrapUp ------------

Job ID:            11324810.cri16sc001
User ID:           mleukam
Job Name:          sambamba_EGAR00001587905_705.a.1kDLBCL_FFPEvsFrozen.DLBCL.SL105407.exome_1tier.hg19.final.bam
Queue Name:        express
Working Directory: /home/mleukam/pbs
Resource List:     walltime=03:00:00,nodes=1:ppn=1,mem=4gb,neednodes=1:ppn=1
Resources Used:    cput=00:55:32,vmem=4110156kb,walltime=00:55:38,mem=1903016kb,energy_used=0
Exit Code:         0
Mother Superior:   cri16cn088

Execution Nodes: 
cri16cn088


