index for EGAR00001588000_2160.a.1kDLBCL.DLBCL.SL84306.exome_1tier.hg19.final.bam complete
finding positions of the duplicate reads in the file...
  sorted 12538241 end pairs
     and 196708 single ends (among them 0 unmatched pairs)
  collecting indices of duplicate reads...   done in 17940 ms
  found 2187484 duplicates
collected list of positions in 8 min 19 sec
removing duplicates...
total time elapsed: 38 min 11 sec
low quality reads removed from EGAR00001588000_2160.a.1kDLBCL.DLBCL.SL84306.exome_1tier.hg19.final.bam
duplicates removed from EGAR00001588000_2160.a.1kDLBCL.DLBCL.SL84306.exome_1tier.hg19.final.bam
script complete for EGAR00001588000_2160.a.1kDLBCL.DLBCL.SL84306.exome_1tier.hg19.final.bam


------------ Job WrapUp ------------

Job ID:            11324907.cri16sc001
User ID:           mleukam
Job Name:          sambamba_EGAR00001588000_2160.a.1kDLBCL.DLBCL.SL84306.exome_1tier.hg19.final.bam
Queue Name:        express
Working Directory: /home/mleukam/pbs
Resource List:     walltime=03:00:00,nodes=1:ppn=1,mem=4gb,neednodes=1:ppn=1
Resources Used:    cput=00:39:58,vmem=4283320kb,walltime=00:40:04,mem=1807856kb,energy_used=0
Exit Code:         0
Mother Superior:   cri16cn003

Execution Nodes: 
cri16cn003


