index for EGAR00001588504_3510.a.1kDLBCL.DLBCL.SL99786.exome_1tier.hg19.final.bam complete
finding positions of the duplicate reads in the file...
  sorted 5022927 end pairs
     and 103774 single ends (among them 0 unmatched pairs)
  collecting indices of duplicate reads...   done in 7286 ms
  found 1254122 duplicates
collected list of positions in 3 min 28 sec
removing duplicates...
total time elapsed: 18 min 19 sec
low quality reads removed from EGAR00001588504_3510.a.1kDLBCL.DLBCL.SL99786.exome_1tier.hg19.final.bam
duplicates removed from EGAR00001588504_3510.a.1kDLBCL.DLBCL.SL99786.exome_1tier.hg19.final.bam
script complete for EGAR00001588504_3510.a.1kDLBCL.DLBCL.SL99786.exome_1tier.hg19.final.bam


------------ Job WrapUp ------------

Job ID:            11325419.cri16sc001
User ID:           mleukam
Job Name:          sambamba_EGAR00001588504_3510.a.1kDLBCL.DLBCL.SL99786.exome_1tier.hg19.final.bam
Queue Name:        express
Working Directory: /home/mleukam/pbs
Resource List:     walltime=03:00:00,nodes=1:ppn=1,mem=4gb,neednodes=1:ppn=1
Resources Used:    cput=00:19:17,vmem=4155136kb,walltime=00:19:20,mem=1478584kb,energy_used=0
Exit Code:         0
Mother Superior:   cri16cn086

Execution Nodes: 
cri16cn086


