index for EGAR00001588260_2713.a.1kDLBCL.DLBCL.SL79097.exome_1tier.hg19.final.bam complete
finding positions of the duplicate reads in the file...
  sorted 13704063 end pairs
     and 263997 single ends (among them 0 unmatched pairs)
  collecting indices of duplicate reads...   done in 19418 ms
  found 1616442 duplicates
collected list of positions in 9 min 50 sec
removing duplicates...
total time elapsed: 46 min 54 sec
low quality reads removed from EGAR00001588260_2713.a.1kDLBCL.DLBCL.SL79097.exome_1tier.hg19.final.bam
duplicates removed from EGAR00001588260_2713.a.1kDLBCL.DLBCL.SL79097.exome_1tier.hg19.final.bam
script complete for EGAR00001588260_2713.a.1kDLBCL.DLBCL.SL79097.exome_1tier.hg19.final.bam


------------ Job WrapUp ------------

Job ID:            11325171.cri16sc001
User ID:           mleukam
Job Name:          sambamba_EGAR00001588260_2713.a.1kDLBCL.DLBCL.SL79097.exome_1tier.hg19.final.bam
Queue Name:        express
Working Directory: /home/mleukam/pbs
Resource List:     walltime=03:00:00,nodes=1:ppn=1,mem=4gb,neednodes=1:ppn=1
Resources Used:    cput=00:49:04,vmem=4160304kb,walltime=00:49:09,mem=1784172kb,energy_used=0
Exit Code:         0
Mother Superior:   cri16cn054

Execution Nodes: 
cri16cn054


