index for EGAR00001588661_3709.a.1kDLBCL.DLBCL.SL96252.exome_1tier.hg19.final.bam complete
finding positions of the duplicate reads in the file...
  sorted 12483751 end pairs
     and 211499 single ends (among them 0 unmatched pairs)
  collecting indices of duplicate reads...   done in 18834 ms
  found 3725348 duplicates
collected list of positions in 8 min 54 sec
removing duplicates...
total time elapsed: 35 min 33 sec
low quality reads removed from EGAR00001588661_3709.a.1kDLBCL.DLBCL.SL96252.exome_1tier.hg19.final.bam
duplicates removed from EGAR00001588661_3709.a.1kDLBCL.DLBCL.SL96252.exome_1tier.hg19.final.bam
script complete for EGAR00001588661_3709.a.1kDLBCL.DLBCL.SL96252.exome_1tier.hg19.final.bam


------------ Job WrapUp ------------

Job ID:            11325579.cri16sc001
User ID:           mleukam
Job Name:          sambamba_EGAR00001588661_3709.a.1kDLBCL.DLBCL.SL96252.exome_1tier.hg19.final.bam
Queue Name:        express
Working Directory: /home/mleukam/pbs
Resource List:     walltime=03:00:00,nodes=1:ppn=1,mem=4gb,neednodes=1:ppn=1
Resources Used:    cput=00:37:33,vmem=4329464kb,walltime=00:37:38,mem=1942688kb,energy_used=0
Exit Code:         0
Mother Superior:   cri16cn047

Execution Nodes: 
cri16cn047


