index for EGAR00001588452_3450.a.1kDLBCL.DLBCL.SL90396.exome_1tier.hg19.final.bam complete
finding positions of the duplicate reads in the file...
  sorted 15362485 end pairs
     and 411111 single ends (among them 0 unmatched pairs)
  collecting indices of duplicate reads...   done in 23854 ms
  found 5627857 duplicates
collected list of positions in 10 min 24 sec
removing duplicates...
total time elapsed: 38 min 11 sec
low quality reads removed from EGAR00001588452_3450.a.1kDLBCL.DLBCL.SL90396.exome_1tier.hg19.final.bam
duplicates removed from EGAR00001588452_3450.a.1kDLBCL.DLBCL.SL90396.exome_1tier.hg19.final.bam
script complete for EGAR00001588452_3450.a.1kDLBCL.DLBCL.SL90396.exome_1tier.hg19.final.bam


------------ Job WrapUp ------------

Job ID:            11325367.cri16sc001
User ID:           mleukam
Job Name:          sambamba_EGAR00001588452_3450.a.1kDLBCL.DLBCL.SL90396.exome_1tier.hg19.final.bam
Queue Name:        express
Working Directory: /home/mleukam/pbs
Resource List:     walltime=03:00:00,nodes=1:ppn=1,mem=4gb,neednodes=1:ppn=1
Resources Used:    cput=00:40:16,vmem=4189712kb,walltime=00:40:22,mem=1848264kb,energy_used=0
Exit Code:         0
Mother Superior:   cri16cn065

Execution Nodes: 
cri16cn065


