index for EGAR00001588370_2918.a.1kDLBCL.DLBCL.SL100856.exome_1tier.hg19.final.bam complete
finding positions of the duplicate reads in the file...
  sorted 8034535 end pairs
     and 167973 single ends (among them 0 unmatched pairs)
  collecting indices of duplicate reads...   done in 11839 ms
  found 3239346 duplicates
collected list of positions in 5 min 24 sec
removing duplicates...
total time elapsed: 24 min 2 sec
low quality reads removed from EGAR00001588370_2918.a.1kDLBCL.DLBCL.SL100856.exome_1tier.hg19.final.bam
duplicates removed from EGAR00001588370_2918.a.1kDLBCL.DLBCL.SL100856.exome_1tier.hg19.final.bam
script complete for EGAR00001588370_2918.a.1kDLBCL.DLBCL.SL100856.exome_1tier.hg19.final.bam


------------ Job WrapUp ------------

Job ID:            11325283.cri16sc001
User ID:           mleukam
Job Name:          sambamba_EGAR00001588370_2918.a.1kDLBCL.DLBCL.SL100856.exome_1tier.hg19.final.bam
Queue Name:        express
Working Directory: /home/mleukam/pbs
Resource List:     walltime=03:00:00,nodes=1:ppn=1,mem=4gb,neednodes=1:ppn=1
Resources Used:    cput=00:25:12,vmem=4291316kb,walltime=00:25:16,mem=1539320kb,energy_used=0
Exit Code:         0
Mother Superior:   cri16cn056

Execution Nodes: 
cri16cn056


