index for EGAR00001587956_2107.a.1kDLBCL.DLBCL.SL104330.exome_1tier.hg19.final.bam complete
finding positions of the duplicate reads in the file...
  sorted 18391706 end pairs
     and 639135 single ends (among them 0 unmatched pairs)
  collecting indices of duplicate reads...   done in 33525 ms
  found 9907601 duplicates
collected list of positions in 12 min 46 sec
removing duplicates...
sambamba-markdup: Unable to write to stream
sambamba-view: Error reading BGZF block starting from offset 0: stream error: not enough data in stream


------------ Job WrapUp ------------

Job ID:            11324862.cri16sc001
User ID:           mleukam
Job Name:          sambamba_EGAR00001587956_2107.a.1kDLBCL.DLBCL.SL104330.exome_1tier.hg19.final.bam
Queue Name:        express
Working Directory: /home/mleukam/pbs
Resource List:     walltime=03:00:00,nodes=1:ppn=1,mem=4gb,neednodes=1:ppn=1
Resources Used:    cput=00:19:44,vmem=4292660kb,walltime=00:19:47,mem=1899460kb,energy_used=0
Exit Code:         0
Mother Superior:   cri16cn021

Execution Nodes: 
cri16cn021


