index for EGAR00001588011_2194.a.1kDLBCL.DLBCL.SL89833.exome_1tier.hg19.final.bam complete
finding positions of the duplicate reads in the file...
  sorted 11866220 end pairs
     and 258122 single ends (among them 0 unmatched pairs)
  collecting indices of duplicate reads...   done in 18792 ms
  found 3713031 duplicates
collected list of positions in 10 min 15 sec
removing duplicates...
total time elapsed: 41 min 9 sec
low quality reads removed from EGAR00001588011_2194.a.1kDLBCL.DLBCL.SL89833.exome_1tier.hg19.final.bam
duplicates removed from EGAR00001588011_2194.a.1kDLBCL.DLBCL.SL89833.exome_1tier.hg19.final.bam
script complete for EGAR00001588011_2194.a.1kDLBCL.DLBCL.SL89833.exome_1tier.hg19.final.bam


------------ Job WrapUp ------------

Job ID:            11324918.cri16sc001
User ID:           mleukam
Job Name:          sambamba_EGAR00001588011_2194.a.1kDLBCL.DLBCL.SL89833.exome_1tier.hg19.final.bam
Queue Name:        express
Working Directory: /home/mleukam/pbs
Resource List:     walltime=03:00:00,nodes=1:ppn=1,mem=4gb,neednodes=1:ppn=1
Resources Used:    cput=00:42:55,vmem=4121404kb,walltime=00:43:09,mem=1718828kb,energy_used=0
Exit Code:         0
Mother Superior:   cri16cn001

Execution Nodes: 
cri16cn001


