index for EGAR00001588304_2809.a.1kDLBCL.DLBCL.SL96671.exome_1tier.hg19.final.bam complete
finding positions of the duplicate reads in the file...
  sorted 15338163 end pairs
     and 269998 single ends (among them 0 unmatched pairs)
  collecting indices of duplicate reads...   done in 22355 ms
  found 4778129 duplicates
collected list of positions in 10 min 21 sec
removing duplicates...
total time elapsed: 43 min 41 sec
low quality reads removed from EGAR00001588304_2809.a.1kDLBCL.DLBCL.SL96671.exome_1tier.hg19.final.bam
duplicates removed from EGAR00001588304_2809.a.1kDLBCL.DLBCL.SL96671.exome_1tier.hg19.final.bam
script complete for EGAR00001588304_2809.a.1kDLBCL.DLBCL.SL96671.exome_1tier.hg19.final.bam


------------ Job WrapUp ------------

Job ID:            11325216.cri16sc001
User ID:           mleukam
Job Name:          sambamba_EGAR00001588304_2809.a.1kDLBCL.DLBCL.SL96671.exome_1tier.hg19.final.bam
Queue Name:        express
Working Directory: /home/mleukam/pbs
Resource List:     walltime=03:00:00,nodes=1:ppn=1,mem=4gb,neednodes=1:ppn=1
Resources Used:    cput=00:45:39,vmem=4124892kb,walltime=00:45:45,mem=1844184kb,energy_used=0
Exit Code:         0
Mother Superior:   cri16cn032

Execution Nodes: 
cri16cn032


