index for EGAR00001588723_3782.a.1kDLBCL.DLBCL.SL96260.exome_1tier.hg19.final.bam complete
finding positions of the duplicate reads in the file...
  sorted 14157619 end pairs
     and 238074 single ends (among them 0 unmatched pairs)
  collecting indices of duplicate reads...   done in 20599 ms
  found 4202818 duplicates
collected list of positions in 10 min 58 sec
removing duplicates...
total time elapsed: 46 min 23 sec
low quality reads removed from EGAR00001588723_3782.a.1kDLBCL.DLBCL.SL96260.exome_1tier.hg19.final.bam
duplicates removed from EGAR00001588723_3782.a.1kDLBCL.DLBCL.SL96260.exome_1tier.hg19.final.bam
script complete for EGAR00001588723_3782.a.1kDLBCL.DLBCL.SL96260.exome_1tier.hg19.final.bam


------------ Job WrapUp ------------

Job ID:            11325642.cri16sc001
User ID:           mleukam
Job Name:          sambamba_EGAR00001588723_3782.a.1kDLBCL.DLBCL.SL96260.exome_1tier.hg19.final.bam
Queue Name:        express
Working Directory: /home/mleukam/pbs
Resource List:     walltime=03:00:00,nodes=1:ppn=1,mem=4gb,neednodes=1:ppn=1
Resources Used:    cput=00:48:21,vmem=4336212kb,walltime=00:48:25,mem=2046308kb,energy_used=0
Exit Code:         0
Mother Superior:   cri16cn088

Execution Nodes: 
cri16cn088


