index for EGAR00001587968_2124.a.1kDLBCL.DLBCL.SL90548_SL84301.exome_1tier.hg19.final.bam complete
finding positions of the duplicate reads in the file...
  sorted 14462291 end pairs
     and 277215 single ends (among them 0 unmatched pairs)
  collecting indices of duplicate reads...   done in 20877 ms
  found 3227414 duplicates
collected list of positions in 11 min 25 sec
removing duplicates...
total time elapsed: 57 min 22 sec
low quality reads removed from EGAR00001587968_2124.a.1kDLBCL.DLBCL.SL90548_SL84301.exome_1tier.hg19.final.bam
duplicates removed from EGAR00001587968_2124.a.1kDLBCL.DLBCL.SL90548_SL84301.exome_1tier.hg19.final.bam
script complete for EGAR00001587968_2124.a.1kDLBCL.DLBCL.SL90548_SL84301.exome_1tier.hg19.final.bam


------------ Job WrapUp ------------

Job ID:            11324874.cri16sc001
User ID:           mleukam
Job Name:          sambamba_EGAR00001587968_2124.a.1kDLBCL.DLBCL.SL90548_SL84301.exome_1tier.hg19.final.bam
Queue Name:        express
Working Directory: /home/mleukam/pbs
Resource List:     walltime=03:00:00,nodes=1:ppn=1,mem=4gb,neednodes=1:ppn=1
Resources Used:    cput=00:59:46,vmem=4102260kb,walltime=00:59:53,mem=1816192kb,energy_used=0
Exit Code:         0
Mother Superior:   cri16cn061

Execution Nodes: 
cri16cn061


