index for EGAR00001588626_3668.a.1kDLBCL.DLBCL.SL98579.exome_1tier.hg19.final.bam complete
finding positions of the duplicate reads in the file...
  sorted 12531536 end pairs
     and 220151 single ends (among them 0 unmatched pairs)
  collecting indices of duplicate reads...   done in 19154 ms
  found 5969664 duplicates
collected list of positions in 8 min 50 sec
removing duplicates...
total time elapsed: 35 min 31 sec
low quality reads removed from EGAR00001588626_3668.a.1kDLBCL.DLBCL.SL98579.exome_1tier.hg19.final.bam
duplicates removed from EGAR00001588626_3668.a.1kDLBCL.DLBCL.SL98579.exome_1tier.hg19.final.bam
script complete for EGAR00001588626_3668.a.1kDLBCL.DLBCL.SL98579.exome_1tier.hg19.final.bam


------------ Job WrapUp ------------

Job ID:            11325543.cri16sc001
User ID:           mleukam
Job Name:          sambamba_EGAR00001588626_3668.a.1kDLBCL.DLBCL.SL98579.exome_1tier.hg19.final.bam
Queue Name:        express
Working Directory: /home/mleukam/pbs
Resource List:     walltime=03:00:00,nodes=1:ppn=1,mem=4gb,neednodes=1:ppn=1
Resources Used:    cput=00:37:22,vmem=4294312kb,walltime=00:37:26,mem=1842136kb,energy_used=0
Exit Code:         0
Mother Superior:   cri16cn051

Execution Nodes: 
cri16cn051


