index for EGAR00001588625_3667.a.1kDLBCL.DLBCL.SL99070.exome_1tier.hg19.final.bam complete
finding positions of the duplicate reads in the file...
  sorted 17419023 end pairs
     and 400148 single ends (among them 0 unmatched pairs)
  collecting indices of duplicate reads...   done in 30947 ms
  found 8487328 duplicates
collected list of positions in 12 min 1 sec
removing duplicates...
total time elapsed: 46 min 30 sec
low quality reads removed from EGAR00001588625_3667.a.1kDLBCL.DLBCL.SL99070.exome_1tier.hg19.final.bam
duplicates removed from EGAR00001588625_3667.a.1kDLBCL.DLBCL.SL99070.exome_1tier.hg19.final.bam
script complete for EGAR00001588625_3667.a.1kDLBCL.DLBCL.SL99070.exome_1tier.hg19.final.bam


------------ Job WrapUp ------------

Job ID:            11325542.cri16sc001
User ID:           mleukam
Job Name:          sambamba_EGAR00001588625_3667.a.1kDLBCL.DLBCL.SL99070.exome_1tier.hg19.final.bam
Queue Name:        express
Working Directory: /home/mleukam/pbs
Resource List:     walltime=03:00:00,nodes=1:ppn=1,mem=4gb,neednodes=1:ppn=1
Resources Used:    cput=00:48:49,vmem=4305724kb,walltime=00:48:55,mem=1930736kb,energy_used=0
Exit Code:         0
Mother Superior:   cri16cn062

Execution Nodes: 
cri16cn062


