index for EGAR00001588182_2600.a.1kDLBCL.DLBCL.SL79201.exome_1tier.hg19.final.bam complete
finding positions of the duplicate reads in the file...
  sorted 16447543 end pairs
     and 354649 single ends (among them 0 unmatched pairs)
  collecting indices of duplicate reads...   done in 23418 ms
  found 2197058 duplicates
collected list of positions in 11 min 40 sec
removing duplicates...
total time elapsed: 48 min 59 sec
low quality reads removed from EGAR00001588182_2600.a.1kDLBCL.DLBCL.SL79201.exome_1tier.hg19.final.bam
duplicates removed from EGAR00001588182_2600.a.1kDLBCL.DLBCL.SL79201.exome_1tier.hg19.final.bam
script complete for EGAR00001588182_2600.a.1kDLBCL.DLBCL.SL79201.exome_1tier.hg19.final.bam


------------ Job WrapUp ------------

Job ID:            11325091.cri16sc001
User ID:           mleukam
Job Name:          sambamba_EGAR00001588182_2600.a.1kDLBCL.DLBCL.SL79201.exome_1tier.hg19.final.bam
Queue Name:        express
Working Directory: /home/mleukam/pbs
Resource List:     walltime=03:00:00,nodes=1:ppn=1,mem=4gb,neednodes=1:ppn=1
Resources Used:    cput=00:51:17,vmem=4314684kb,walltime=00:51:27,mem=2109772kb,energy_used=0
Exit Code:         0
Mother Superior:   cri16cn029

Execution Nodes: 
cri16cn029


