index for EGAR00001588476_3476.a.1kDLBCL.DLBCL.SL99895.exome_1tier.hg19.final.bam complete
finding positions of the duplicate reads in the file...
  sorted 13836540 end pairs
     and 241197 single ends (among them 0 unmatched pairs)
  collecting indices of duplicate reads...   done in 20424 ms
  found 6023676 duplicates
collected list of positions in 8 min 48 sec
removing duplicates...
total time elapsed: 33 min 40 sec
low quality reads removed from EGAR00001588476_3476.a.1kDLBCL.DLBCL.SL99895.exome_1tier.hg19.final.bam
duplicates removed from EGAR00001588476_3476.a.1kDLBCL.DLBCL.SL99895.exome_1tier.hg19.final.bam
script complete for EGAR00001588476_3476.a.1kDLBCL.DLBCL.SL99895.exome_1tier.hg19.final.bam


------------ Job WrapUp ------------

Job ID:            11325390.cri16sc001
User ID:           mleukam
Job Name:          sambamba_EGAR00001588476_3476.a.1kDLBCL.DLBCL.SL99895.exome_1tier.hg19.final.bam
Queue Name:        express
Working Directory: /home/mleukam/pbs
Resource List:     walltime=03:00:00,nodes=1:ppn=1,mem=4gb,neednodes=1:ppn=1
Resources Used:    cput=00:35:42,vmem=4214860kb,walltime=00:35:46,mem=1852496kb,energy_used=0
Exit Code:         0
Mother Superior:   cri16cn001

Execution Nodes: 
cri16cn001


