index for EGAR00001588315_2823.a.1kDLBCL.DLBCL.SL102892.exome_1tier.hg19.final.bam complete
finding positions of the duplicate reads in the file...
  sorted 23359440 end pairs
     and 726540 single ends (among them 0 unmatched pairs)
  collecting indices of duplicate reads...   done in 39219 ms
  found 6755416 duplicates
collected list of positions in 16 min 28 sec
removing duplicates...
total time elapsed: 70 min 47 sec
low quality reads removed from EGAR00001588315_2823.a.1kDLBCL.DLBCL.SL102892.exome_1tier.hg19.final.bam
duplicates removed from EGAR00001588315_2823.a.1kDLBCL.DLBCL.SL102892.exome_1tier.hg19.final.bam
script complete for EGAR00001588315_2823.a.1kDLBCL.DLBCL.SL102892.exome_1tier.hg19.final.bam


------------ Job WrapUp ------------

Job ID:            11325227.cri16sc001
User ID:           mleukam
Job Name:          sambamba_EGAR00001588315_2823.a.1kDLBCL.DLBCL.SL102892.exome_1tier.hg19.final.bam
Queue Name:        express
Working Directory: /home/mleukam/pbs
Resource List:     walltime=03:00:00,nodes=1:ppn=1,mem=4gb,neednodes=1:ppn=1
Resources Used:    cput=01:14:10,vmem=4281164kb,walltime=01:14:17,mem=2152140kb,energy_used=0
Exit Code:         0
Mother Superior:   cri16cn042

Execution Nodes: 
cri16cn042


