index for EGAR00001588671_3722.a.1kDLBCL.DLBCL.SL96060.exome_1tier.hg19.final.bam complete
finding positions of the duplicate reads in the file...
  sorted 18594792 end pairs
     and 391632 single ends (among them 0 unmatched pairs)
  collecting indices of duplicate reads...   done in 33227 ms
  found 6303942 duplicates
collected list of positions in 14 min 43 sec
removing duplicates...
total time elapsed: 58 min 59 sec
low quality reads removed from EGAR00001588671_3722.a.1kDLBCL.DLBCL.SL96060.exome_1tier.hg19.final.bam
duplicates removed from EGAR00001588671_3722.a.1kDLBCL.DLBCL.SL96060.exome_1tier.hg19.final.bam
script complete for EGAR00001588671_3722.a.1kDLBCL.DLBCL.SL96060.exome_1tier.hg19.final.bam


------------ Job WrapUp ------------

Job ID:            11325589.cri16sc001
User ID:           mleukam
Job Name:          sambamba_EGAR00001588671_3722.a.1kDLBCL.DLBCL.SL96060.exome_1tier.hg19.final.bam
Queue Name:        express
Working Directory: /home/mleukam/pbs
Resource List:     walltime=03:00:00,nodes=1:ppn=1,mem=4gb,neednodes=1:ppn=1
Resources Used:    cput=01:01:31,vmem=4189772kb,walltime=01:01:43,mem=2008100kb,energy_used=0
Exit Code:         0
Mother Superior:   cri16cn029

Execution Nodes: 
cri16cn029


