index for EGAR00001588682_3734.a.1kDLBCL.DLBCL.SL100095.exome_1tier.hg19.final.bam complete
finding positions of the duplicate reads in the file...
  sorted 13424002 end pairs
     and 265881 single ends (among them 0 unmatched pairs)
  collecting indices of duplicate reads...   done in 20441 ms
  found 5762292 duplicates
collected list of positions in 9 min 23 sec
removing duplicates...
total time elapsed: 37 min 19 sec
low quality reads removed from EGAR00001588682_3734.a.1kDLBCL.DLBCL.SL100095.exome_1tier.hg19.final.bam
duplicates removed from EGAR00001588682_3734.a.1kDLBCL.DLBCL.SL100095.exome_1tier.hg19.final.bam
script complete for EGAR00001588682_3734.a.1kDLBCL.DLBCL.SL100095.exome_1tier.hg19.final.bam


------------ Job WrapUp ------------

Job ID:            11325600.cri16sc001
User ID:           mleukam
Job Name:          sambamba_EGAR00001588682_3734.a.1kDLBCL.DLBCL.SL100095.exome_1tier.hg19.final.bam
Queue Name:        express
Working Directory: /home/mleukam/pbs
Resource List:     walltime=03:00:00,nodes=1:ppn=1,mem=4gb,neednodes=1:ppn=1
Resources Used:    cput=00:39:18,vmem=4099644kb,walltime=00:39:24,mem=1755452kb,energy_used=0
Exit Code:         0
Mother Superior:   cri16cn020

Execution Nodes: 
cri16cn020


