index for EGAR00001587996_2156.a.1kDLBCL.DLBCL.SL84399.exome_1tier.hg19.final.bam complete
finding positions of the duplicate reads in the file...
  sorted 14051536 end pairs
     and 312965 single ends (among them 0 unmatched pairs)
  collecting indices of duplicate reads...   done in 20306 ms
  found 2679164 duplicates
collected list of positions in 10 min 8 sec
removing duplicates...
total time elapsed: 45 min 49 sec
low quality reads removed from EGAR00001587996_2156.a.1kDLBCL.DLBCL.SL84399.exome_1tier.hg19.final.bam
duplicates removed from EGAR00001587996_2156.a.1kDLBCL.DLBCL.SL84399.exome_1tier.hg19.final.bam
script complete for EGAR00001587996_2156.a.1kDLBCL.DLBCL.SL84399.exome_1tier.hg19.final.bam


------------ Job WrapUp ------------

Job ID:            11324902.cri16sc001
User ID:           mleukam
Job Name:          sambamba_EGAR00001587996_2156.a.1kDLBCL.DLBCL.SL84399.exome_1tier.hg19.final.bam
Queue Name:        express
Working Directory: /home/mleukam/pbs
Resource List:     walltime=03:00:00,nodes=1:ppn=1,mem=4gb,neednodes=1:ppn=1
Resources Used:    cput=00:47:50,vmem=4391976kb,walltime=00:47:57,mem=2085944kb,energy_used=0
Exit Code:         0
Mother Superior:   cri16cn013

Execution Nodes: 
cri16cn013


