index for EGAR00001588352_2893.a.1kDLBCL.DLBCL.SL99784.exome_1tier.hg19.final.bam complete
finding positions of the duplicate reads in the file...
  sorted 4041 end pairs
     and 564 single ends (among them 0 unmatched pairs)
  collecting indices of duplicate reads...   done in 8 ms
  found 819 duplicates
collected list of positions in 0 min 0 sec
removing duplicates...
total time elapsed: 0 min 0 sec
low quality reads removed from EGAR00001588352_2893.a.1kDLBCL.DLBCL.SL99784.exome_1tier.hg19.final.bam
duplicates removed from EGAR00001588352_2893.a.1kDLBCL.DLBCL.SL99784.exome_1tier.hg19.final.bam
script complete for EGAR00001588352_2893.a.1kDLBCL.DLBCL.SL99784.exome_1tier.hg19.final.bam


------------ Job WrapUp ------------

Job ID:            11325265.cri16sc001
User ID:           mleukam
Job Name:          sambamba_EGAR00001588352_2893.a.1kDLBCL.DLBCL.SL99784.exome_1tier.hg19.final.bam
Queue Name:        express
Working Directory: /home/mleukam/pbs
Resource List:     walltime=03:00:00,nodes=1:ppn=1,mem=4gb,neednodes=1:ppn=1
Resources Used:    cput=00:00:01,vmem=0kb,walltime=00:00:04,mem=0kb,energy_used=0
Exit Code:         0
Mother Superior:   cri16cn087

Execution Nodes: 
cri16cn087


