index for EGAR00001588545_3563.a.1kDLBCL.DLBCL.SL89960.exome_1tier.hg19.final.bam complete
finding positions of the duplicate reads in the file...
  sorted 14284165 end pairs
     and 403018 single ends (among them 0 unmatched pairs)
  collecting indices of duplicate reads...   done in 20946 ms
  found 3901557 duplicates
collected list of positions in 9 min 21 sec
removing duplicates...
total time elapsed: 39 min 41 sec
low quality reads removed from EGAR00001588545_3563.a.1kDLBCL.DLBCL.SL89960.exome_1tier.hg19.final.bam
duplicates removed from EGAR00001588545_3563.a.1kDLBCL.DLBCL.SL89960.exome_1tier.hg19.final.bam
script complete for EGAR00001588545_3563.a.1kDLBCL.DLBCL.SL89960.exome_1tier.hg19.final.bam


------------ Job WrapUp ------------

Job ID:            11325460.cri16sc001
User ID:           mleukam
Job Name:          sambamba_EGAR00001588545_3563.a.1kDLBCL.DLBCL.SL89960.exome_1tier.hg19.final.bam
Queue Name:        express
Working Directory: /home/mleukam/pbs
Resource List:     walltime=03:00:00,nodes=1:ppn=1,mem=4gb,neednodes=1:ppn=1
Resources Used:    cput=00:41:44,vmem=4323136kb,walltime=00:41:47,mem=1981588kb,energy_used=0
Exit Code:         0
Mother Superior:   cri16cn082

Execution Nodes: 
cri16cn082


