index for EGAR00001588393_2952.a.1kDLBCL.DLBCL.SL104099.exome_1tier.hg19.final.bam complete
finding positions of the duplicate reads in the file...
  sorted 15057879 end pairs
     and 341991 single ends (among them 0 unmatched pairs)
  collecting indices of duplicate reads...   done in 22395 ms
  found 6112713 duplicates
collected list of positions in 10 min 54 sec
removing duplicates...
total time elapsed: 44 min 46 sec
low quality reads removed from EGAR00001588393_2952.a.1kDLBCL.DLBCL.SL104099.exome_1tier.hg19.final.bam
duplicates removed from EGAR00001588393_2952.a.1kDLBCL.DLBCL.SL104099.exome_1tier.hg19.final.bam
script complete for EGAR00001588393_2952.a.1kDLBCL.DLBCL.SL104099.exome_1tier.hg19.final.bam


------------ Job WrapUp ------------

Job ID:            11325306.cri16sc001
User ID:           mleukam
Job Name:          sambamba_EGAR00001588393_2952.a.1kDLBCL.DLBCL.SL104099.exome_1tier.hg19.final.bam
Queue Name:        express
Working Directory: /home/mleukam/pbs
Resource List:     walltime=03:00:00,nodes=1:ppn=1,mem=4gb,neednodes=1:ppn=1
Resources Used:    cput=00:46:53,vmem=4098892kb,walltime=00:47:03,mem=1817844kb,energy_used=0
Exit Code:         0
Mother Superior:   cri16cn058

Execution Nodes: 
cri16cn058


