index for EGAR00001588845_3948.a.1kDLBCL.DLBCL.SL99998.exome_1tier.hg19.final.bam complete
finding positions of the duplicate reads in the file...
  sorted 9492687 end pairs
     and 111181 single ends (among them 0 unmatched pairs)
  collecting indices of duplicate reads...   done in 13709 ms
  found 2389682 duplicates
collected list of positions in 6 min 4 sec
removing duplicates...
total time elapsed: 26 min 5 sec
low quality reads removed from EGAR00001588845_3948.a.1kDLBCL.DLBCL.SL99998.exome_1tier.hg19.final.bam
duplicates removed from EGAR00001588845_3948.a.1kDLBCL.DLBCL.SL99998.exome_1tier.hg19.final.bam
script complete for EGAR00001588845_3948.a.1kDLBCL.DLBCL.SL99998.exome_1tier.hg19.final.bam


------------ Job WrapUp ------------

Job ID:            11325765.cri16sc001
User ID:           mleukam
Job Name:          sambamba_EGAR00001588845_3948.a.1kDLBCL.DLBCL.SL99998.exome_1tier.hg19.final.bam
Queue Name:        express
Working Directory: /home/mleukam/pbs
Resource List:     walltime=03:00:00,nodes=1:ppn=1,mem=4gb,neednodes=1:ppn=1
Resources Used:    cput=00:27:22,vmem=4252212kb,walltime=00:27:25,mem=1690156kb,energy_used=0
Exit Code:         0
Mother Superior:   cri16cn087

Execution Nodes: 
cri16cn087


