index for EGAR00001587943_2087.a.1kDLBCL.DLBCL.SL85246.exome_1tier.hg19.final.bam complete
finding positions of the duplicate reads in the file...
  sorted 13573195 end pairs
     and 265971 single ends (among them 0 unmatched pairs)
  collecting indices of duplicate reads...   done in 19713 ms
  found 3348102 duplicates
collected list of positions in 12 min 26 sec
removing duplicates...
total time elapsed: 56 min 51 sec
low quality reads removed from EGAR00001587943_2087.a.1kDLBCL.DLBCL.SL85246.exome_1tier.hg19.final.bam
duplicates removed from EGAR00001587943_2087.a.1kDLBCL.DLBCL.SL85246.exome_1tier.hg19.final.bam
script complete for EGAR00001587943_2087.a.1kDLBCL.DLBCL.SL85246.exome_1tier.hg19.final.bam


------------ Job WrapUp ------------

Job ID:            11324848.cri16sc001
User ID:           mleukam
Job Name:          sambamba_EGAR00001587943_2087.a.1kDLBCL.DLBCL.SL85246.exome_1tier.hg19.final.bam
Queue Name:        express
Working Directory: /home/mleukam/pbs
Resource List:     walltime=03:00:00,nodes=1:ppn=1,mem=4gb,neednodes=1:ppn=1
Resources Used:    cput=00:59:06,vmem=4203852kb,walltime=00:59:12,mem=1895576kb,energy_used=0
Exit Code:         0
Mother Superior:   cri16cn040

Execution Nodes: 
cri16cn040


