index for EGAR00001587960_2112.a.1kDLBCL.DLBCL.SL85147.exome_1tier.hg19.final.bam complete
finding positions of the duplicate reads in the file...
  sorted 13096706 end pairs
     and 313196 single ends (among them 0 unmatched pairs)
  collecting indices of duplicate reads...   done in 19196 ms
  found 3904316 duplicates
collected list of positions in 9 min 14 sec
removing duplicates...
total time elapsed: 38 min 40 sec
low quality reads removed from EGAR00001587960_2112.a.1kDLBCL.DLBCL.SL85147.exome_1tier.hg19.final.bam
duplicates removed from EGAR00001587960_2112.a.1kDLBCL.DLBCL.SL85147.exome_1tier.hg19.final.bam
script complete for EGAR00001587960_2112.a.1kDLBCL.DLBCL.SL85147.exome_1tier.hg19.final.bam


------------ Job WrapUp ------------

Job ID:            11324866.cri16sc001
User ID:           mleukam
Job Name:          sambamba_EGAR00001587960_2112.a.1kDLBCL.DLBCL.SL85147.exome_1tier.hg19.final.bam
Queue Name:        express
Working Directory: /home/mleukam/pbs
Resource List:     walltime=03:00:00,nodes=1:ppn=1,mem=4gb,neednodes=1:ppn=1
Resources Used:    cput=00:40:27,vmem=4235084kb,walltime=00:40:34,mem=1894832kb,energy_used=0
Exit Code:         0
Mother Superior:   cri16cn073

Execution Nodes: 
cri16cn073


