index for EGAR00001588479_3479.a.1kDLBCL.DLBCL.SL103980.exome_1tier.hg19.final.bam complete
finding positions of the duplicate reads in the file...
  sorted 17674983 end pairs
     and 478711 single ends (among them 0 unmatched pairs)
  collecting indices of duplicate reads...   done in 31950 ms
  found 11683145 duplicates
collected list of positions in 11 min 42 sec
removing duplicates...
total time elapsed: 41 min 24 sec
low quality reads removed from EGAR00001588479_3479.a.1kDLBCL.DLBCL.SL103980.exome_1tier.hg19.final.bam
duplicates removed from EGAR00001588479_3479.a.1kDLBCL.DLBCL.SL103980.exome_1tier.hg19.final.bam
script complete for EGAR00001588479_3479.a.1kDLBCL.DLBCL.SL103980.exome_1tier.hg19.final.bam


------------ Job WrapUp ------------

Job ID:            11325393.cri16sc001
User ID:           mleukam
Job Name:          sambamba_EGAR00001588479_3479.a.1kDLBCL.DLBCL.SL103980.exome_1tier.hg19.final.bam
Queue Name:        express
Working Directory: /home/mleukam/pbs
Resource List:     walltime=03:00:00,nodes=1:ppn=1,mem=4gb,neednodes=1:ppn=1
Resources Used:    cput=00:43:39,vmem=4162812kb,walltime=00:43:43,mem=1960108kb,energy_used=0
Exit Code:         0
Mother Superior:   cri16cn055

Execution Nodes: 
cri16cn055


