index for EGAR00001588837_3939.a.1kDLBCL.DLBCL.SL102898.exome_1tier.hg19.final.bam complete
finding positions of the duplicate reads in the file...
  sorted 21955020 end pairs
     and 545484 single ends (among them 0 unmatched pairs)
  collecting indices of duplicate reads...   done in 36928 ms
  found 7297935 duplicates
collected list of positions in 14 min 38 sec
removing duplicates...
total time elapsed: 58 min 1 sec
low quality reads removed from EGAR00001588837_3939.a.1kDLBCL.DLBCL.SL102898.exome_1tier.hg19.final.bam
duplicates removed from EGAR00001588837_3939.a.1kDLBCL.DLBCL.SL102898.exome_1tier.hg19.final.bam
script complete for EGAR00001588837_3939.a.1kDLBCL.DLBCL.SL102898.exome_1tier.hg19.final.bam


------------ Job WrapUp ------------

Job ID:            11325757.cri16sc001
User ID:           mleukam
Job Name:          sambamba_EGAR00001588837_3939.a.1kDLBCL.DLBCL.SL102898.exome_1tier.hg19.final.bam
Queue Name:        express
Working Directory: /home/mleukam/pbs
Resource List:     walltime=03:00:00,nodes=1:ppn=1,mem=4gb,neednodes=1:ppn=1
Resources Used:    cput=01:01:08,vmem=4116824kb,walltime=01:01:13,mem=1945116kb,energy_used=0
Exit Code:         0
Mother Superior:   cri16cn032

Execution Nodes: 
cri16cn032


