index for EGAR00001588773_3865.a.1kDLBCL.DLBCL.SL99504.exome_1tier.hg19.final.bam complete
finding positions of the duplicate reads in the file...
  sorted 20757413 end pairs
     and 350421 single ends (among them 0 unmatched pairs)
  collecting indices of duplicate reads...   done in 35299 ms
  found 6347249 duplicates
collected list of positions in 13 min 55 sec
removing duplicates...
total time elapsed: 59 min 46 sec
low quality reads removed from EGAR00001588773_3865.a.1kDLBCL.DLBCL.SL99504.exome_1tier.hg19.final.bam
duplicates removed from EGAR00001588773_3865.a.1kDLBCL.DLBCL.SL99504.exome_1tier.hg19.final.bam
script complete for EGAR00001588773_3865.a.1kDLBCL.DLBCL.SL99504.exome_1tier.hg19.final.bam


------------ Job WrapUp ------------

Job ID:            11325692.cri16sc001
User ID:           mleukam
Job Name:          sambamba_EGAR00001588773_3865.a.1kDLBCL.DLBCL.SL99504.exome_1tier.hg19.final.bam
Queue Name:        express
Working Directory: /home/mleukam/pbs
Resource List:     walltime=03:00:00,nodes=1:ppn=1,mem=4gb,neednodes=1:ppn=1
Resources Used:    cput=01:02:50,vmem=4355796kb,walltime=01:02:56,mem=1874800kb,energy_used=0
Exit Code:         0
Mother Superior:   cri16cn033

Execution Nodes: 
cri16cn033


