index for EGAR00001588656_3704.a.1kDLBCL.DLBCL.SL96158.exome_1tier.hg19.final.bam complete
finding positions of the duplicate reads in the file...
  sorted 12387313 end pairs
     and 230669 single ends (among them 0 unmatched pairs)
  collecting indices of duplicate reads...   done in 19009 ms
  found 4373378 duplicates
collected list of positions in 9 min 14 sec
removing duplicates...
total time elapsed: 35 min 35 sec
low quality reads removed from EGAR00001588656_3704.a.1kDLBCL.DLBCL.SL96158.exome_1tier.hg19.final.bam
duplicates removed from EGAR00001588656_3704.a.1kDLBCL.DLBCL.SL96158.exome_1tier.hg19.final.bam
script complete for EGAR00001588656_3704.a.1kDLBCL.DLBCL.SL96158.exome_1tier.hg19.final.bam


------------ Job WrapUp ------------

Job ID:            11325574.cri16sc001
User ID:           mleukam
Job Name:          sambamba_EGAR00001588656_3704.a.1kDLBCL.DLBCL.SL96158.exome_1tier.hg19.final.bam
Queue Name:        express
Working Directory: /home/mleukam/pbs
Resource List:     walltime=03:00:00,nodes=1:ppn=1,mem=4gb,neednodes=1:ppn=1
Resources Used:    cput=00:37:13,vmem=4232012kb,walltime=00:37:17,mem=1855428kb,energy_used=0
Exit Code:         0
Mother Superior:   cri16cn035

Execution Nodes: 
cri16cn035


