index for EGAR00001588675_3727.a.1kDLBCL.DLBCL.SL95961.exome_1tier.hg19.final.bam complete
finding positions of the duplicate reads in the file...
  sorted 22234004 end pairs
     and 511308 single ends (among them 0 unmatched pairs)
  collecting indices of duplicate reads...   done in 40785 ms
  found 7994176 duplicates
collected list of positions in 16 min 11 sec
removing duplicates...
total time elapsed: 64 min 54 sec
low quality reads removed from EGAR00001588675_3727.a.1kDLBCL.DLBCL.SL95961.exome_1tier.hg19.final.bam
duplicates removed from EGAR00001588675_3727.a.1kDLBCL.DLBCL.SL95961.exome_1tier.hg19.final.bam
script complete for EGAR00001588675_3727.a.1kDLBCL.DLBCL.SL95961.exome_1tier.hg19.final.bam


------------ Job WrapUp ------------

Job ID:            11325593.cri16sc001
User ID:           mleukam
Job Name:          sambamba_EGAR00001588675_3727.a.1kDLBCL.DLBCL.SL95961.exome_1tier.hg19.final.bam
Queue Name:        express
Working Directory: /home/mleukam/pbs
Resource List:     walltime=03:00:00,nodes=1:ppn=1,mem=4gb,neednodes=1:ppn=1
Resources Used:    cput=01:07:58,vmem=4469104kb,walltime=01:08:10,mem=2128896kb,energy_used=0
Exit Code:         0
Mother Superior:   cri16cn076

Execution Nodes: 
cri16cn076


