index for EGAR00001588091_2300.a.1kDLBCL.DLBCL.SL72110.exome_1tier.hg19.final.bam complete
finding positions of the duplicate reads in the file...
  sorted 12496634 end pairs
     and 388252 single ends (among them 0 unmatched pairs)
  collecting indices of duplicate reads...   done in 18168 ms
  found 2194893 duplicates
collected list of positions in 8 min 57 sec
removing duplicates...
total time elapsed: 38 min 6 sec
low quality reads removed from EGAR00001588091_2300.a.1kDLBCL.DLBCL.SL72110.exome_1tier.hg19.final.bam
duplicates removed from EGAR00001588091_2300.a.1kDLBCL.DLBCL.SL72110.exome_1tier.hg19.final.bam
script complete for EGAR00001588091_2300.a.1kDLBCL.DLBCL.SL72110.exome_1tier.hg19.final.bam


------------ Job WrapUp ------------

Job ID:            11324998.cri16sc001
User ID:           mleukam
Job Name:          sambamba_EGAR00001588091_2300.a.1kDLBCL.DLBCL.SL72110.exome_1tier.hg19.final.bam
Queue Name:        express
Working Directory: /home/mleukam/pbs
Resource List:     walltime=03:00:00,nodes=1:ppn=1,mem=4gb,neednodes=1:ppn=1
Resources Used:    cput=00:40:03,vmem=4293272kb,walltime=00:40:15,mem=1834396kb,energy_used=0
Exit Code:         0
Mother Superior:   cri16cn018

Execution Nodes: 
cri16cn018


