index for EGAR00001588821_3923.a.1kDLBCL.DLBCL.SL98961.exome_1tier.hg19.final.bam complete
finding positions of the duplicate reads in the file...
  sorted 14153879 end pairs
     and 319191 single ends (among them 0 unmatched pairs)
  collecting indices of duplicate reads...   done in 21207 ms
  found 6365488 duplicates
collected list of positions in 10 min 5 sec
removing duplicates...
total time elapsed: 41 min 9 sec
low quality reads removed from EGAR00001588821_3923.a.1kDLBCL.DLBCL.SL98961.exome_1tier.hg19.final.bam
duplicates removed from EGAR00001588821_3923.a.1kDLBCL.DLBCL.SL98961.exome_1tier.hg19.final.bam
script complete for EGAR00001588821_3923.a.1kDLBCL.DLBCL.SL98961.exome_1tier.hg19.final.bam


------------ Job WrapUp ------------

Job ID:            11325741.cri16sc001
User ID:           mleukam
Job Name:          sambamba_EGAR00001588821_3923.a.1kDLBCL.DLBCL.SL98961.exome_1tier.hg19.final.bam
Queue Name:        express
Working Directory: /home/mleukam/pbs
Resource List:     walltime=03:00:00,nodes=1:ppn=1,mem=4gb,neednodes=1:ppn=1
Resources Used:    cput=00:43:25,vmem=4233860kb,walltime=00:43:30,mem=1917572kb,energy_used=0
Exit Code:         0
Mother Superior:   cri16cn032

Execution Nodes: 
cri16cn032


