index for EGAR00001588853_3956.a.1kDLBCL.DLBCL.SL98680.exome_1tier.hg19.final.bam complete
finding positions of the duplicate reads in the file...
  sorted 8149253 end pairs
     and 255747 single ends (among them 0 unmatched pairs)
  collecting indices of duplicate reads...   done in 12092 ms
  found 2987342 duplicates
collected list of positions in 6 min 1 sec
removing duplicates...
total time elapsed: 30 min 17 sec
low quality reads removed from EGAR00001588853_3956.a.1kDLBCL.DLBCL.SL98680.exome_1tier.hg19.final.bam
duplicates removed from EGAR00001588853_3956.a.1kDLBCL.DLBCL.SL98680.exome_1tier.hg19.final.bam
script complete for EGAR00001588853_3956.a.1kDLBCL.DLBCL.SL98680.exome_1tier.hg19.final.bam


------------ Job WrapUp ------------

Job ID:            11325773.cri16sc001
User ID:           mleukam
Job Name:          sambamba_EGAR00001588853_3956.a.1kDLBCL.DLBCL.SL98680.exome_1tier.hg19.final.bam
Queue Name:        express
Working Directory: /home/mleukam/pbs
Resource List:     walltime=03:00:00,nodes=1:ppn=1,mem=4gb,neednodes=1:ppn=1
Resources Used:    cput=00:31:46,vmem=4194680kb,walltime=00:31:50,mem=1650636kb,energy_used=0
Exit Code:         0
Mother Superior:   cri16cn009

Execution Nodes: 
cri16cn009


