index for EGAR00001587981_2141.a.1kDLBCL.DLBCL.SL90438_SL84494.exome_1tier.hg19.final.bam complete
finding positions of the duplicate reads in the file...
  sorted 16119522 end pairs
     and 351039 single ends (among them 0 unmatched pairs)
  collecting indices of duplicate reads...   done in 23241 ms
  found 3470141 duplicates
collected list of positions in 10 min 48 sec
removing duplicates...
total time elapsed: 46 min 42 sec
low quality reads removed from EGAR00001587981_2141.a.1kDLBCL.DLBCL.SL90438_SL84494.exome_1tier.hg19.final.bam
duplicates removed from EGAR00001587981_2141.a.1kDLBCL.DLBCL.SL90438_SL84494.exome_1tier.hg19.final.bam
script complete for EGAR00001587981_2141.a.1kDLBCL.DLBCL.SL90438_SL84494.exome_1tier.hg19.final.bam


------------ Job WrapUp ------------

Job ID:            11324887.cri16sc001
User ID:           mleukam
Job Name:          sambamba_EGAR00001587981_2141.a.1kDLBCL.DLBCL.SL90438_SL84494.exome_1tier.hg19.final.bam
Queue Name:        express
Working Directory: /home/mleukam/pbs
Resource List:     walltime=03:00:00,nodes=1:ppn=1,mem=4gb,neednodes=1:ppn=1
Resources Used:    cput=00:48:48,vmem=4413112kb,walltime=00:48:53,mem=2105968kb,energy_used=0
Exit Code:         0
Mother Superior:   cri16cn072

Execution Nodes: 
cri16cn072


