index for EGAR00001587931_2073.a.1kDLBCL.DLBCL.SL84407_SL90598.exome_1tier.hg19.final.bam complete
finding positions of the duplicate reads in the file...
  sorted 21255712 end pairs
     and 606676 single ends (among them 0 unmatched pairs)
  collecting indices of duplicate reads...   done in 41629 ms
  found 4998001 duplicates
collected list of positions in 22 min 11 sec
removing duplicates...
sambamba-markdup: Unable to write to stream
sambamba-view: Error reading BGZF block starting from offset 0: stream error: not enough data in stream


------------ Job WrapUp ------------

Job ID:            11324836.cri16sc001
User ID:           mleukam
Job Name:          sambamba_EGAR00001587931_2073.a.1kDLBCL.DLBCL.SL84407_SL90598.exome_1tier.hg19.final.bam
Queue Name:        express
Working Directory: /home/mleukam/pbs
Resource List:     walltime=03:00:00,nodes=1:ppn=1,mem=4gb,neednodes=1:ppn=1
Resources Used:    cput=00:50:05,vmem=4600292kb,walltime=00:50:42,mem=2454660kb,energy_used=0
Exit Code:         0
Mother Superior:   cri16cn001

Execution Nodes: 
cri16cn001


