index for EGAR00001588554_3587.a.1kDLBCL.DLBCL.SL99496.exome_1tier.hg19.final.bam complete
finding positions of the duplicate reads in the file...
  sorted 10471210 end pairs
     and 232631 single ends (among them 0 unmatched pairs)
  collecting indices of duplicate reads...   done in 15333 ms
  found 2629451 duplicates
collected list of positions in 7 min 18 sec
removing duplicates...
total time elapsed: 33 min 44 sec
low quality reads removed from EGAR00001588554_3587.a.1kDLBCL.DLBCL.SL99496.exome_1tier.hg19.final.bam
duplicates removed from EGAR00001588554_3587.a.1kDLBCL.DLBCL.SL99496.exome_1tier.hg19.final.bam
script complete for EGAR00001588554_3587.a.1kDLBCL.DLBCL.SL99496.exome_1tier.hg19.final.bam


------------ Job WrapUp ------------

Job ID:            11325470.cri16sc001
User ID:           mleukam
Job Name:          sambamba_EGAR00001588554_3587.a.1kDLBCL.DLBCL.SL99496.exome_1tier.hg19.final.bam
Queue Name:        express
Working Directory: /home/mleukam/pbs
Resource List:     walltime=03:00:00,nodes=1:ppn=1,mem=4gb,neednodes=1:ppn=1
Resources Used:    cput=00:35:14,vmem=4502000kb,walltime=00:35:17,mem=1861524kb,energy_used=0
Exit Code:         0
Mother Superior:   cri16cn026

Execution Nodes: 
cri16cn026


