index for EGAR00001588681_3733.a.1kDLBCL.DLBCL.SL96258.exome_1tier.hg19.final.bam complete
finding positions of the duplicate reads in the file...
  sorted 17571479 end pairs
     and 275480 single ends (among them 0 unmatched pairs)
  collecting indices of duplicate reads...   done in 30778 ms
  found 5451306 duplicates
collected list of positions in 12 min 16 sec
removing duplicates...
total time elapsed: 49 min 17 sec
low quality reads removed from EGAR00001588681_3733.a.1kDLBCL.DLBCL.SL96258.exome_1tier.hg19.final.bam
duplicates removed from EGAR00001588681_3733.a.1kDLBCL.DLBCL.SL96258.exome_1tier.hg19.final.bam
script complete for EGAR00001588681_3733.a.1kDLBCL.DLBCL.SL96258.exome_1tier.hg19.final.bam


------------ Job WrapUp ------------

Job ID:            11325599.cri16sc001
User ID:           mleukam
Job Name:          sambamba_EGAR00001588681_3733.a.1kDLBCL.DLBCL.SL96258.exome_1tier.hg19.final.bam
Queue Name:        express
Working Directory: /home/mleukam/pbs
Resource List:     walltime=03:00:00,nodes=1:ppn=1,mem=4gb,neednodes=1:ppn=1
Resources Used:    cput=00:51:32,vmem=4232012kb,walltime=00:51:39,mem=2040144kb,energy_used=0
Exit Code:         0
Mother Superior:   cri16cn029

Execution Nodes: 
cri16cn029


