index for EGAR00001587976_2135.a.1kDLBCL.DLBCL.SL90302.exome_1tier.hg19.final.bam complete
finding positions of the duplicate reads in the file...
  sorted 16982670 end pairs
     and 590317 single ends (among them 0 unmatched pairs)
  collecting indices of duplicate reads...   done in 29986 ms
  found 4779107 duplicates
collected list of positions in 16 min 11 sec
removing duplicates...
total time elapsed: 72 min 24 sec
low quality reads removed from EGAR00001587976_2135.a.1kDLBCL.DLBCL.SL90302.exome_1tier.hg19.final.bam
duplicates removed from EGAR00001587976_2135.a.1kDLBCL.DLBCL.SL90302.exome_1tier.hg19.final.bam
script complete for EGAR00001587976_2135.a.1kDLBCL.DLBCL.SL90302.exome_1tier.hg19.final.bam


------------ Job WrapUp ------------

Job ID:            11324882.cri16sc001
User ID:           mleukam
Job Name:          sambamba_EGAR00001587976_2135.a.1kDLBCL.DLBCL.SL90302.exome_1tier.hg19.final.bam
Queue Name:        express
Working Directory: /home/mleukam/pbs
Resource List:     walltime=03:00:00,nodes=1:ppn=1,mem=4gb,neednodes=1:ppn=1
Resources Used:    cput=01:15:06,vmem=4275068kb,walltime=01:15:39,mem=1966368kb,energy_used=0
Exit Code:         0
Mother Superior:   cri16cn035

Execution Nodes: 
cri16cn035


