index for EGAR00001588574_3609.a.1kDLBCL.DLBCL.SL98965.exome_1tier.hg19.final.bam complete
finding positions of the duplicate reads in the file...
  sorted 13642889 end pairs
     and 267505 single ends (among them 0 unmatched pairs)
  collecting indices of duplicate reads...   done in 20406 ms
  found 6673534 duplicates
collected list of positions in 9 min 16 sec
removing duplicates...
total time elapsed: 37 min 10 sec
low quality reads removed from EGAR00001588574_3609.a.1kDLBCL.DLBCL.SL98965.exome_1tier.hg19.final.bam
duplicates removed from EGAR00001588574_3609.a.1kDLBCL.DLBCL.SL98965.exome_1tier.hg19.final.bam
script complete for EGAR00001588574_3609.a.1kDLBCL.DLBCL.SL98965.exome_1tier.hg19.final.bam


------------ Job WrapUp ------------

Job ID:            11325490.cri16sc001
User ID:           mleukam
Job Name:          sambamba_EGAR00001588574_3609.a.1kDLBCL.DLBCL.SL98965.exome_1tier.hg19.final.bam
Queue Name:        express
Working Directory: /home/mleukam/pbs
Resource List:     walltime=03:00:00,nodes=1:ppn=1,mem=4gb,neednodes=1:ppn=1
Resources Used:    cput=00:39:03,vmem=4164028kb,walltime=00:39:07,mem=1830376kb,energy_used=0
Exit Code:         0
Mother Superior:   cri16cn077

Execution Nodes: 
cri16cn077


