index for EGAR00001587911_799.a.1kDLBCL_FFPEvsFrozen.DLBCL.SL105410.exome_1tier.hg19.final.bam complete
finding positions of the duplicate reads in the file...
  sorted 11650188 end pairs
     and 205661 single ends (among them 0 unmatched pairs)
  collecting indices of duplicate reads...   done in 16915 ms
  found 3817374 duplicates
collected list of positions in 7 min 28 sec
removing duplicates...
total time elapsed: 32 min 4 sec
low quality reads removed from EGAR00001587911_799.a.1kDLBCL_FFPEvsFrozen.DLBCL.SL105410.exome_1tier.hg19.final.bam
duplicates removed from EGAR00001587911_799.a.1kDLBCL_FFPEvsFrozen.DLBCL.SL105410.exome_1tier.hg19.final.bam
script complete for EGAR00001587911_799.a.1kDLBCL_FFPEvsFrozen.DLBCL.SL105410.exome_1tier.hg19.final.bam


------------ Job WrapUp ------------

Job ID:            11324816.cri16sc001
User ID:           mleukam
Job Name:          sambamba_EGAR00001587911_799.a.1kDLBCL_FFPEvsFrozen.DLBCL.SL105410.exome_1tier.hg19.final.bam
Queue Name:        express
Working Directory: /home/mleukam/pbs
Resource List:     walltime=03:00:00,nodes=1:ppn=1,mem=4gb,neednodes=1:ppn=1
Resources Used:    cput=00:33:52,vmem=4305644kb,walltime=00:34:01,mem=1657940kb,energy_used=0
Exit Code:         0
Mother Superior:   cri16cn072

Execution Nodes: 
cri16cn072


