index for EGAR00001588417_3400.a.1kDLBCL.DLBCL.SL104089.exome_1tier.hg19.final.bam complete
finding positions of the duplicate reads in the file...
  sorted 375007 end pairs
     and 7619 single ends (among them 0 unmatched pairs)
  collecting indices of duplicate reads...   done in 609 ms
  found 524693 duplicates
collected list of positions in 0 min 15 sec
removing duplicates...
total time elapsed: 0 min 27 sec
low quality reads removed from EGAR00001588417_3400.a.1kDLBCL.DLBCL.SL104089.exome_1tier.hg19.final.bam
duplicates removed from EGAR00001588417_3400.a.1kDLBCL.DLBCL.SL104089.exome_1tier.hg19.final.bam
script complete for EGAR00001588417_3400.a.1kDLBCL.DLBCL.SL104089.exome_1tier.hg19.final.bam


------------ Job WrapUp ------------

Job ID:            11325331.cri16sc001
User ID:           mleukam
Job Name:          sambamba_EGAR00001588417_3400.a.1kDLBCL.DLBCL.SL104089.exome_1tier.hg19.final.bam
Queue Name:        express
Working Directory: /home/mleukam/pbs
Resource List:     walltime=03:00:00,nodes=1:ppn=1,mem=4gb,neednodes=1:ppn=1
Resources Used:    cput=00:00:37,vmem=2886468kb,walltime=00:00:38,mem=53048kb,energy_used=0
Exit Code:         0
Mother Superior:   cri16cn053

Execution Nodes: 
cri16cn053


