index for EGAR00001588171_2580.a.1kDLBCL.DLBCL.SL89627.exome_1tier.hg19.final.bam complete
finding positions of the duplicate reads in the file...
  sorted 16900922 end pairs
     and 357528 single ends (among them 0 unmatched pairs)
  collecting indices of duplicate reads...   done in 29482 ms
  found 5907422 duplicates
collected list of positions in 11 min 45 sec
removing duplicates...
total time elapsed: 46 min 14 sec
low quality reads removed from EGAR00001588171_2580.a.1kDLBCL.DLBCL.SL89627.exome_1tier.hg19.final.bam
duplicates removed from EGAR00001588171_2580.a.1kDLBCL.DLBCL.SL89627.exome_1tier.hg19.final.bam
script complete for EGAR00001588171_2580.a.1kDLBCL.DLBCL.SL89627.exome_1tier.hg19.final.bam


------------ Job WrapUp ------------

Job ID:            11325080.cri16sc001
User ID:           mleukam
Job Name:          sambamba_EGAR00001588171_2580.a.1kDLBCL.DLBCL.SL89627.exome_1tier.hg19.final.bam
Queue Name:        express
Working Directory: /home/mleukam/pbs
Resource List:     walltime=03:00:00,nodes=1:ppn=1,mem=4gb,neednodes=1:ppn=1
Resources Used:    cput=00:48:26,vmem=4348572kb,walltime=00:48:31,mem=2141724kb,energy_used=0
Exit Code:         0
Mother Superior:   cri16cn039

Execution Nodes: 
cri16cn039


