index for EGAR00001588005_2165.a.1kDLBCL.DLBCL.SL84116_SL90571.exome_1tier.hg19.final.bam complete
finding positions of the duplicate reads in the file...
  sorted 15244714 end pairs
     and 465421 single ends (among them 0 unmatched pairs)
  collecting indices of duplicate reads...   done in 22191 ms
  found 3435440 duplicates
collected list of positions in 11 min 29 sec
removing duplicates...
total time elapsed: 55 min 42 sec
low quality reads removed from EGAR00001588005_2165.a.1kDLBCL.DLBCL.SL84116_SL90571.exome_1tier.hg19.final.bam
duplicates removed from EGAR00001588005_2165.a.1kDLBCL.DLBCL.SL84116_SL90571.exome_1tier.hg19.final.bam
script complete for EGAR00001588005_2165.a.1kDLBCL.DLBCL.SL84116_SL90571.exome_1tier.hg19.final.bam


------------ Job WrapUp ------------

Job ID:            11324912.cri16sc001
User ID:           mleukam
Job Name:          sambamba_EGAR00001588005_2165.a.1kDLBCL.DLBCL.SL84116_SL90571.exome_1tier.hg19.final.bam
Queue Name:        express
Working Directory: /home/mleukam/pbs
Resource List:     walltime=03:00:00,nodes=1:ppn=1,mem=4gb,neednodes=1:ppn=1
Resources Used:    cput=00:58:18,vmem=4203780kb,walltime=00:58:24,mem=1960260kb,energy_used=0
Exit Code:         0
Mother Superior:   cri16cn070

Execution Nodes: 
cri16cn070


