index for EGAR00001588591_3629.a.1kDLBCL.DLBCL.SL98578.exome_1tier.hg19.final.bam complete
finding positions of the duplicate reads in the file...
  sorted 10739431 end pairs
     and 265415 single ends (among them 0 unmatched pairs)
  collecting indices of duplicate reads...   done in 16060 ms
  found 4906924 duplicates
collected list of positions in 7 min 34 sec
removing duplicates...
total time elapsed: 31 min 25 sec
low quality reads removed from EGAR00001588591_3629.a.1kDLBCL.DLBCL.SL98578.exome_1tier.hg19.final.bam
duplicates removed from EGAR00001588591_3629.a.1kDLBCL.DLBCL.SL98578.exome_1tier.hg19.final.bam
script complete for EGAR00001588591_3629.a.1kDLBCL.DLBCL.SL98578.exome_1tier.hg19.final.bam


------------ Job WrapUp ------------

Job ID:            11325507.cri16sc001
User ID:           mleukam
Job Name:          sambamba_EGAR00001588591_3629.a.1kDLBCL.DLBCL.SL98578.exome_1tier.hg19.final.bam
Queue Name:        express
Working Directory: /home/mleukam/pbs
Resource List:     walltime=03:00:00,nodes=1:ppn=1,mem=4gb,neednodes=1:ppn=1
Resources Used:    cput=00:33:12,vmem=4071132kb,walltime=00:33:16,mem=1654040kb,energy_used=0
Exit Code:         0
Mother Superior:   cri16cn079

Execution Nodes: 
cri16cn079


