index for EGAR00001588889_3993.a.1kDLBCL.DLBCL.SL98868.exome_1tier.hg19.final.bam complete
finding positions of the duplicate reads in the file...
  sorted 13408205 end pairs
     and 208774 single ends (among them 0 unmatched pairs)
  collecting indices of duplicate reads...   done in 20648 ms
  found 6356722 duplicates
collected list of positions in 9 min 7 sec
removing duplicates...
total time elapsed: 35 min 49 sec
low quality reads removed from EGAR00001588889_3993.a.1kDLBCL.DLBCL.SL98868.exome_1tier.hg19.final.bam
duplicates removed from EGAR00001588889_3993.a.1kDLBCL.DLBCL.SL98868.exome_1tier.hg19.final.bam
script complete for EGAR00001588889_3993.a.1kDLBCL.DLBCL.SL98868.exome_1tier.hg19.final.bam


------------ Job WrapUp ------------

Job ID:            11325810.cri16sc001
User ID:           mleukam
Job Name:          sambamba_EGAR00001588889_3993.a.1kDLBCL.DLBCL.SL98868.exome_1tier.hg19.final.bam
Queue Name:        express
Working Directory: /home/mleukam/pbs
Resource List:     walltime=03:00:00,nodes=1:ppn=1,mem=4gb,neednodes=1:ppn=1
Resources Used:    cput=00:37:37,vmem=4236040kb,walltime=00:37:43,mem=1732472kb,energy_used=0
Exit Code:         0
Mother Superior:   cri16cn001

Execution Nodes: 
cri16cn001


