index for EGAR00001588330_2840.a.1kDLBCL.DLBCL.SL96548.exome_1tier.hg19.final.bam complete
finding positions of the duplicate reads in the file...
  sorted 15682530 end pairs
     and 227615 single ends (among them 0 unmatched pairs)
  collecting indices of duplicate reads...   done in 22674 ms
  found 4450012 duplicates
collected list of positions in 10 min 25 sec
removing duplicates...
total time elapsed: 44 min 15 sec
low quality reads removed from EGAR00001588330_2840.a.1kDLBCL.DLBCL.SL96548.exome_1tier.hg19.final.bam
duplicates removed from EGAR00001588330_2840.a.1kDLBCL.DLBCL.SL96548.exome_1tier.hg19.final.bam
script complete for EGAR00001588330_2840.a.1kDLBCL.DLBCL.SL96548.exome_1tier.hg19.final.bam


------------ Job WrapUp ------------

Job ID:            11325242.cri16sc001
User ID:           mleukam
Job Name:          sambamba_EGAR00001588330_2840.a.1kDLBCL.DLBCL.SL96548.exome_1tier.hg19.final.bam
Queue Name:        express
Working Directory: /home/mleukam/pbs
Resource List:     walltime=03:00:00,nodes=1:ppn=1,mem=4gb,neednodes=1:ppn=1
Resources Used:    cput=00:46:35,vmem=4282764kb,walltime=00:46:40,mem=2021836kb,energy_used=0
Exit Code:         0
Mother Superior:   cri16cn048

Execution Nodes: 
cri16cn048


