index for EGAR00001588449_3447.a.1kDLBCL.DLBCL.SL85157_SL84696.exome_1tier.hg19.final.bam complete
finding positions of the duplicate reads in the file...
  sorted 11726973 end pairs
     and 235613 single ends (among them 0 unmatched pairs)
  collecting indices of duplicate reads...   done in 17793 ms
  found 6743714 duplicates
collected list of positions in 7 min 44 sec
removing duplicates...
total time elapsed: 28 min 13 sec
low quality reads removed from EGAR00001588449_3447.a.1kDLBCL.DLBCL.SL85157_SL84696.exome_1tier.hg19.final.bam
duplicates removed from EGAR00001588449_3447.a.1kDLBCL.DLBCL.SL85157_SL84696.exome_1tier.hg19.final.bam
script complete for EGAR00001588449_3447.a.1kDLBCL.DLBCL.SL85157_SL84696.exome_1tier.hg19.final.bam


------------ Job WrapUp ------------

Job ID:            11325363.cri16sc001
User ID:           mleukam
Job Name:          sambamba_EGAR00001588449_3447.a.1kDLBCL.DLBCL.SL85157_SL84696.exome_1tier.hg19.final.bam
Queue Name:        express
Working Directory: /home/mleukam/pbs
Resource List:     walltime=03:00:00,nodes=1:ppn=1,mem=4gb,neednodes=1:ppn=1
Resources Used:    cput=00:29:53,vmem=4041676kb,walltime=00:29:56,mem=1633220kb,energy_used=0
Exit Code:         0
Mother Superior:   cri16cn058

Execution Nodes: 
cri16cn058


