index for EGAR00001588866_3969.a.1kDLBCL.DLBCL.SL101114.exome_1tier.hg19.final.bam complete
finding positions of the duplicate reads in the file...
  sorted 6007675 end pairs
     and 141192 single ends (among them 0 unmatched pairs)
  collecting indices of duplicate reads...   done in 8778 ms
  found 2004387 duplicates
collected list of positions in 4 min 8 sec
removing duplicates...
total time elapsed: 20 min 35 sec
low quality reads removed from EGAR00001588866_3969.a.1kDLBCL.DLBCL.SL101114.exome_1tier.hg19.final.bam
duplicates removed from EGAR00001588866_3969.a.1kDLBCL.DLBCL.SL101114.exome_1tier.hg19.final.bam
script complete for EGAR00001588866_3969.a.1kDLBCL.DLBCL.SL101114.exome_1tier.hg19.final.bam


------------ Job WrapUp ------------

Job ID:            11325787.cri16sc001
User ID:           mleukam
Job Name:          sambamba_EGAR00001588866_3969.a.1kDLBCL.DLBCL.SL101114.exome_1tier.hg19.final.bam
Queue Name:        express
Working Directory: /home/mleukam/pbs
Resource List:     walltime=03:00:00,nodes=1:ppn=1,mem=4gb,neednodes=1:ppn=1
Resources Used:    cput=00:21:47,vmem=4152176kb,walltime=00:21:50,mem=1511740kb,energy_used=0
Exit Code:         0
Mother Superior:   cri16cn009

Execution Nodes: 
cri16cn009


