index for EGAR00001588516_3525.a.1kDLBCL.DLBCL.SL100377.exome_1tier.hg19.final.bam complete
finding positions of the duplicate reads in the file...
  sorted 12353235 end pairs
     and 382744 single ends (among them 0 unmatched pairs)
  collecting indices of duplicate reads...   done in 18581 ms
  found 3586450 duplicates
collected list of positions in 12 min 40 sec
removing duplicates...
total time elapsed: 55 min 33 sec
low quality reads removed from EGAR00001588516_3525.a.1kDLBCL.DLBCL.SL100377.exome_1tier.hg19.final.bam
duplicates removed from EGAR00001588516_3525.a.1kDLBCL.DLBCL.SL100377.exome_1tier.hg19.final.bam
script complete for EGAR00001588516_3525.a.1kDLBCL.DLBCL.SL100377.exome_1tier.hg19.final.bam


------------ Job WrapUp ------------

Job ID:            11325431.cri16sc001
User ID:           mleukam
Job Name:          sambamba_EGAR00001588516_3525.a.1kDLBCL.DLBCL.SL100377.exome_1tier.hg19.final.bam
Queue Name:        express
Working Directory: /home/mleukam/pbs
Resource List:     walltime=03:00:00,nodes=1:ppn=1,mem=4gb,neednodes=1:ppn=1
Resources Used:    cput=00:57:39,vmem=4335312kb,walltime=00:57:44,mem=1983388kb,energy_used=0
Exit Code:         0
Mother Superior:   cri16cn006

Execution Nodes: 
cri16cn006


