index for EGAR00001588531_3547.a.1kDLBCL.DLBCL.SL99992.exome_1tier.hg19.final.bam complete
finding positions of the duplicate reads in the file...
  sorted 5443879 end pairs
     and 110927 single ends (among them 0 unmatched pairs)
  collecting indices of duplicate reads...   done in 7926 ms
  found 1545554 duplicates
collected list of positions in 3 min 42 sec
removing duplicates...
total time elapsed: 17 min 31 sec
low quality reads removed from EGAR00001588531_3547.a.1kDLBCL.DLBCL.SL99992.exome_1tier.hg19.final.bam
duplicates removed from EGAR00001588531_3547.a.1kDLBCL.DLBCL.SL99992.exome_1tier.hg19.final.bam
script complete for EGAR00001588531_3547.a.1kDLBCL.DLBCL.SL99992.exome_1tier.hg19.final.bam


------------ Job WrapUp ------------

Job ID:            11325446.cri16sc001
User ID:           mleukam
Job Name:          sambamba_EGAR00001588531_3547.a.1kDLBCL.DLBCL.SL99992.exome_1tier.hg19.final.bam
Queue Name:        express
Working Directory: /home/mleukam/pbs
Resource List:     walltime=03:00:00,nodes=1:ppn=1,mem=4gb,neednodes=1:ppn=1
Resources Used:    cput=00:18:39,vmem=4095708kb,walltime=00:18:42,mem=1431084kb,energy_used=0
Exit Code:         0
Mother Superior:   cri16cn041

Execution Nodes: 
cri16cn041


