index for EGAR00001588825_3927.a.1kDLBCL.DLBCL.SL98581.exome_1tier.hg19.final.bam complete
finding positions of the duplicate reads in the file...
  sorted 14499772 end pairs
     and 182383 single ends (among them 0 unmatched pairs)
  collecting indices of duplicate reads...   done in 21529 ms
  found 6743485 duplicates
collected list of positions in 9 min 31 sec
removing duplicates...
total time elapsed: 36 min 4 sec
low quality reads removed from EGAR00001588825_3927.a.1kDLBCL.DLBCL.SL98581.exome_1tier.hg19.final.bam
duplicates removed from EGAR00001588825_3927.a.1kDLBCL.DLBCL.SL98581.exome_1tier.hg19.final.bam
script complete for EGAR00001588825_3927.a.1kDLBCL.DLBCL.SL98581.exome_1tier.hg19.final.bam


------------ Job WrapUp ------------

Job ID:            11325745.cri16sc001
User ID:           mleukam
Job Name:          sambamba_EGAR00001588825_3927.a.1kDLBCL.DLBCL.SL98581.exome_1tier.hg19.final.bam
Queue Name:        express
Working Directory: /home/mleukam/pbs
Resource List:     walltime=03:00:00,nodes=1:ppn=1,mem=4gb,neednodes=1:ppn=1
Resources Used:    cput=00:37:51,vmem=4076308kb,walltime=00:37:54,mem=1770932kb,energy_used=0
Exit Code:         0
Mother Superior:   cri16cn028

Execution Nodes: 
cri16cn028


