index for EGAR00001588425_3409.a.1kDLBCL.DLBCL.SL86462_SL90459.exome_1tier.hg19.final.bam complete
finding positions of the duplicate reads in the file...
  sorted 14336664 end pairs
     and 309519 single ends (among them 0 unmatched pairs)
  collecting indices of duplicate reads...   done in 21431 ms
  found 4281012 duplicates
collected list of positions in 10 min 20 sec
removing duplicates...
total time elapsed: 44 min 11 sec
low quality reads removed from EGAR00001588425_3409.a.1kDLBCL.DLBCL.SL86462_SL90459.exome_1tier.hg19.final.bam
duplicates removed from EGAR00001588425_3409.a.1kDLBCL.DLBCL.SL86462_SL90459.exome_1tier.hg19.final.bam
script complete for EGAR00001588425_3409.a.1kDLBCL.DLBCL.SL86462_SL90459.exome_1tier.hg19.final.bam


------------ Job WrapUp ------------

Job ID:            11325339.cri16sc001
User ID:           mleukam
Job Name:          sambamba_EGAR00001588425_3409.a.1kDLBCL.DLBCL.SL86462_SL90459.exome_1tier.hg19.final.bam
Queue Name:        express
Working Directory: /home/mleukam/pbs
Resource List:     walltime=03:00:00,nodes=1:ppn=1,mem=4gb,neednodes=1:ppn=1
Resources Used:    cput=00:46:24,vmem=4146240kb,walltime=00:46:29,mem=1832620kb,energy_used=0
Exit Code:         0
Mother Superior:   cri16cn003

Execution Nodes: 
cri16cn003


