index for EGAR00001588080_2273.a.1kDLBCL.DLBCL.SL86545_SL90454.exome_1tier.hg19.final.bam complete
finding positions of the duplicate reads in the file...
  sorted 8497795 end pairs
     and 241133 single ends (among them 0 unmatched pairs)
  collecting indices of duplicate reads...   done in 12634 ms
  found 2508502 duplicates
collected list of positions in 6 min 51 sec
removing duplicates...
total time elapsed: 36 min 45 sec
low quality reads removed from EGAR00001588080_2273.a.1kDLBCL.DLBCL.SL86545_SL90454.exome_1tier.hg19.final.bam
duplicates removed from EGAR00001588080_2273.a.1kDLBCL.DLBCL.SL86545_SL90454.exome_1tier.hg19.final.bam
script complete for EGAR00001588080_2273.a.1kDLBCL.DLBCL.SL86545_SL90454.exome_1tier.hg19.final.bam


------------ Job WrapUp ------------

Job ID:            11324988.cri16sc001
User ID:           mleukam
Job Name:          sambamba_EGAR00001588080_2273.a.1kDLBCL.DLBCL.SL86545_SL90454.exome_1tier.hg19.final.bam
Queue Name:        express
Working Directory: /home/mleukam/pbs
Resource List:     walltime=03:00:00,nodes=1:ppn=1,mem=4gb,neednodes=1:ppn=1
Resources Used:    cput=00:38:32,vmem=4094868kb,walltime=00:38:41,mem=1567992kb,energy_used=0
Exit Code:         0
Mother Superior:   cri16cn006

Execution Nodes: 
cri16cn006


