index for EGAR00001588846_3949.a.1kDLBCL.DLBCL.SL98871.exome_1tier.hg19.final.bam complete
finding positions of the duplicate reads in the file...
  sorted 9133950 end pairs
     and 262551 single ends (among them 0 unmatched pairs)
  collecting indices of duplicate reads...   done in 13728 ms
  found 4092229 duplicates
collected list of positions in 7 min 52 sec
removing duplicates...
total time elapsed: 36 min 0 sec
low quality reads removed from EGAR00001588846_3949.a.1kDLBCL.DLBCL.SL98871.exome_1tier.hg19.final.bam
duplicates removed from EGAR00001588846_3949.a.1kDLBCL.DLBCL.SL98871.exome_1tier.hg19.final.bam
script complete for EGAR00001588846_3949.a.1kDLBCL.DLBCL.SL98871.exome_1tier.hg19.final.bam


------------ Job WrapUp ------------

Job ID:            11325766.cri16sc001
User ID:           mleukam
Job Name:          sambamba_EGAR00001588846_3949.a.1kDLBCL.DLBCL.SL98871.exome_1tier.hg19.final.bam
Queue Name:        express
Working Directory: /home/mleukam/pbs
Resource List:     walltime=03:00:00,nodes=1:ppn=1,mem=4gb,neednodes=1:ppn=1
Resources Used:    cput=00:37:51,vmem=4301088kb,walltime=00:37:54,mem=1608900kb,energy_used=0
Exit Code:         0
Mother Superior:   cri16cn013

Execution Nodes: 
cri16cn013


