index for EGAR00001587917_830.a.1kDLBCL.DLBCL.SL84735.exome_1tier.hg19.final.bam complete
finding positions of the duplicate reads in the file...
  sorted 8835949 end pairs
     and 278265 single ends (among them 0 unmatched pairs)
  collecting indices of duplicate reads...   done in 13178 ms
  found 2490943 duplicates
collected list of positions in 6 min 26 sec
removing duplicates...
total time elapsed: 29 min 9 sec
low quality reads removed from EGAR00001587917_830.a.1kDLBCL.DLBCL.SL84735.exome_1tier.hg19.final.bam
duplicates removed from EGAR00001587917_830.a.1kDLBCL.DLBCL.SL84735.exome_1tier.hg19.final.bam
script complete for EGAR00001587917_830.a.1kDLBCL.DLBCL.SL84735.exome_1tier.hg19.final.bam


------------ Job WrapUp ------------

Job ID:            11324822.cri16sc001
User ID:           mleukam
Job Name:          sambamba_EGAR00001587917_830.a.1kDLBCL.DLBCL.SL84735.exome_1tier.hg19.final.bam
Queue Name:        express
Working Directory: /home/mleukam/pbs
Resource List:     walltime=03:00:00,nodes=1:ppn=1,mem=4gb,neednodes=1:ppn=1
Resources Used:    cput=00:30:34,vmem=4064076kb,walltime=00:30:38,mem=1527948kb,energy_used=0
Exit Code:         0
Mother Superior:   cri16cn078

Execution Nodes: 
cri16cn078


