index for EGAR00001588246_2689.a.1kDLBCL.DLBCL.SL85972.exome_1tier.hg19.final.bam complete
finding positions of the duplicate reads in the file...
  sorted 13319812 end pairs
     and 288229 single ends (among them 0 unmatched pairs)
  collecting indices of duplicate reads...   done in 19382 ms
  found 3364354 duplicates
collected list of positions in 9 min 4 sec
removing duplicates...
total time elapsed: 38 min 28 sec
low quality reads removed from EGAR00001588246_2689.a.1kDLBCL.DLBCL.SL85972.exome_1tier.hg19.final.bam
duplicates removed from EGAR00001588246_2689.a.1kDLBCL.DLBCL.SL85972.exome_1tier.hg19.final.bam
script complete for EGAR00001588246_2689.a.1kDLBCL.DLBCL.SL85972.exome_1tier.hg19.final.bam


------------ Job WrapUp ------------

Job ID:            11325156.cri16sc001
User ID:           mleukam
Job Name:          sambamba_EGAR00001588246_2689.a.1kDLBCL.DLBCL.SL85972.exome_1tier.hg19.final.bam
Queue Name:        express
Working Directory: /home/mleukam/pbs
Resource List:     walltime=03:00:00,nodes=1:ppn=1,mem=4gb,neednodes=1:ppn=1
Resources Used:    cput=00:40:23,vmem=4364812kb,walltime=00:40:31,mem=1584040kb,energy_used=0
Exit Code:         0
Mother Superior:   cri16cn003

Execution Nodes: 
cri16cn003


