index for EGAR00001588276_2766.a.1kDLBCL.DLBCL.SL100288.exome_1tier.hg19.final.bam complete
finding positions of the duplicate reads in the file...
  sorted 5260370 end pairs
     and 50929 single ends (among them 0 unmatched pairs)
  collecting indices of duplicate reads...   done in 7844 ms
  found 1419308 duplicates
collected list of positions in 3 min 20 sec
removing duplicates...
total time elapsed: 13 min 26 sec
low quality reads removed from EGAR00001588276_2766.a.1kDLBCL.DLBCL.SL100288.exome_1tier.hg19.final.bam
duplicates removed from EGAR00001588276_2766.a.1kDLBCL.DLBCL.SL100288.exome_1tier.hg19.final.bam
script complete for EGAR00001588276_2766.a.1kDLBCL.DLBCL.SL100288.exome_1tier.hg19.final.bam


------------ Job WrapUp ------------

Job ID:            11325187.cri16sc001
User ID:           mleukam
Job Name:          sambamba_EGAR00001588276_2766.a.1kDLBCL.DLBCL.SL100288.exome_1tier.hg19.final.bam
Queue Name:        express
Working Directory: /home/mleukam/pbs
Resource List:     walltime=03:00:00,nodes=1:ppn=1,mem=4gb,neednodes=1:ppn=1
Resources Used:    cput=00:14:32,vmem=4082636kb,walltime=00:14:37,mem=1399336kb,energy_used=0
Exit Code:         0
Mother Superior:   cri16cn053

Execution Nodes: 
cri16cn053


