index for EGAR00001588611_3652.a.1kDLBCL.DLBCL.SL104222.exome_1tier.hg19.final.bam complete
finding positions of the duplicate reads in the file...
  sorted 9710111 end pairs
     and 209763 single ends (among them 0 unmatched pairs)
  collecting indices of duplicate reads...   done in 14856 ms
  found 3244514 duplicates
collected list of positions in 6 min 36 sec
removing duplicates...
total time elapsed: 28 min 42 sec
low quality reads removed from EGAR00001588611_3652.a.1kDLBCL.DLBCL.SL104222.exome_1tier.hg19.final.bam
duplicates removed from EGAR00001588611_3652.a.1kDLBCL.DLBCL.SL104222.exome_1tier.hg19.final.bam
script complete for EGAR00001588611_3652.a.1kDLBCL.DLBCL.SL104222.exome_1tier.hg19.final.bam


------------ Job WrapUp ------------

Job ID:            11325528.cri16sc001
User ID:           mleukam
Job Name:          sambamba_EGAR00001588611_3652.a.1kDLBCL.DLBCL.SL104222.exome_1tier.hg19.final.bam
Queue Name:        express
Working Directory: /home/mleukam/pbs
Resource List:     walltime=03:00:00,nodes=1:ppn=1,mem=4gb,neednodes=1:ppn=1
Resources Used:    cput=00:30:13,vmem=4126324kb,walltime=00:30:17,mem=1623756kb,energy_used=0
Exit Code:         0
Mother Superior:   cri16cn052

Execution Nodes: 
cri16cn052


