index for EGAR00001588184_2603.a.1kDLBCL.DLBCL.SL79108.exome_1tier.hg19.final.bam complete
finding positions of the duplicate reads in the file...
  sorted 13271792 end pairs
     and 220523 single ends (among them 0 unmatched pairs)
  collecting indices of duplicate reads...   done in 18776 ms
  found 1505264 duplicates
collected list of positions in 9 min 49 sec
removing duplicates...
total time elapsed: 47 min 14 sec
low quality reads removed from EGAR00001588184_2603.a.1kDLBCL.DLBCL.SL79108.exome_1tier.hg19.final.bam
duplicates removed from EGAR00001588184_2603.a.1kDLBCL.DLBCL.SL79108.exome_1tier.hg19.final.bam
script complete for EGAR00001588184_2603.a.1kDLBCL.DLBCL.SL79108.exome_1tier.hg19.final.bam


------------ Job WrapUp ------------

Job ID:            11325093.cri16sc001
User ID:           mleukam
Job Name:          sambamba_EGAR00001588184_2603.a.1kDLBCL.DLBCL.SL79108.exome_1tier.hg19.final.bam
Queue Name:        express
Working Directory: /home/mleukam/pbs
Resource List:     walltime=03:00:00,nodes=1:ppn=1,mem=4gb,neednodes=1:ppn=1
Resources Used:    cput=00:49:23,vmem=4079236kb,walltime=00:49:28,mem=1753044kb,energy_used=0
Exit Code:         0
Mother Superior:   cri16cn012

Execution Nodes: 
cri16cn012


