index for EGAR00001588188_2608.a.1kDLBCL.DLBCL.SL86453_SL90458.exome_1tier.hg19.final.bam complete
finding positions of the duplicate reads in the file...
  sorted 16678632 end pairs
     and 364383 single ends (among them 0 unmatched pairs)
  collecting indices of duplicate reads...   done in 25009 ms
  found 5143825 duplicates
collected list of positions in 13 min 10 sec
removing duplicates...
total time elapsed: 51 min 5 sec
low quality reads removed from EGAR00001588188_2608.a.1kDLBCL.DLBCL.SL86453_SL90458.exome_1tier.hg19.final.bam
duplicates removed from EGAR00001588188_2608.a.1kDLBCL.DLBCL.SL86453_SL90458.exome_1tier.hg19.final.bam
script complete for EGAR00001588188_2608.a.1kDLBCL.DLBCL.SL86453_SL90458.exome_1tier.hg19.final.bam


------------ Job WrapUp ------------

Job ID:            11325097.cri16sc001
User ID:           mleukam
Job Name:          sambamba_EGAR00001588188_2608.a.1kDLBCL.DLBCL.SL86453_SL90458.exome_1tier.hg19.final.bam
Queue Name:        express
Working Directory: /home/mleukam/pbs
Resource List:     walltime=03:00:00,nodes=1:ppn=1,mem=4gb,neednodes=1:ppn=1
Resources Used:    cput=00:53:09,vmem=4344928kb,walltime=00:53:28,mem=1873036kb,energy_used=0
Exit Code:         0
Mother Superior:   cri16cn087

Execution Nodes: 
cri16cn087


