index for EGAR00001588043_2229.a.1kDLBCL.DLBCL.SL79291.exome_1tier.hg19.final.bam complete
finding positions of the duplicate reads in the file...
  sorted 17614238 end pairs
     and 350709 single ends (among them 0 unmatched pairs)
  collecting indices of duplicate reads...   done in 29845 ms
  found 2137104 duplicates
collected list of positions in 14 min 5 sec
removing duplicates...
total time elapsed: 69 min 47 sec
low quality reads removed from EGAR00001588043_2229.a.1kDLBCL.DLBCL.SL79291.exome_1tier.hg19.final.bam
duplicates removed from EGAR00001588043_2229.a.1kDLBCL.DLBCL.SL79291.exome_1tier.hg19.final.bam
script complete for EGAR00001588043_2229.a.1kDLBCL.DLBCL.SL79291.exome_1tier.hg19.final.bam


------------ Job WrapUp ------------

Job ID:            11324950.cri16sc001
User ID:           mleukam
Job Name:          sambamba_EGAR00001588043_2229.a.1kDLBCL.DLBCL.SL79291.exome_1tier.hg19.final.bam
Queue Name:        express
Working Directory: /home/mleukam/pbs
Resource List:     walltime=03:00:00,nodes=1:ppn=1,mem=4gb,neednodes=1:ppn=1
Resources Used:    cput=01:12:40,vmem=4112980kb,walltime=01:12:47,mem=1946668kb,energy_used=0
Exit Code:         0
Mother Superior:   cri16cn046

Execution Nodes: 
cri16cn046


