index for EGAR00001588874_3978.a.1kDLBCL.DLBCL.SL98586.exome_1tier.hg19.final.bam complete
finding positions of the duplicate reads in the file...
  sorted 7354469 end pairs
     and 147657 single ends (among them 0 unmatched pairs)
  collecting indices of duplicate reads...   done in 10935 ms
  found 3207981 duplicates
collected list of positions in 5 min 20 sec
removing duplicates...
total time elapsed: 24 min 5 sec
low quality reads removed from EGAR00001588874_3978.a.1kDLBCL.DLBCL.SL98586.exome_1tier.hg19.final.bam
duplicates removed from EGAR00001588874_3978.a.1kDLBCL.DLBCL.SL98586.exome_1tier.hg19.final.bam
script complete for EGAR00001588874_3978.a.1kDLBCL.DLBCL.SL98586.exome_1tier.hg19.final.bam


------------ Job WrapUp ------------

Job ID:            11325795.cri16sc001
User ID:           mleukam
Job Name:          sambamba_EGAR00001588874_3978.a.1kDLBCL.DLBCL.SL98586.exome_1tier.hg19.final.bam
Queue Name:        express
Working Directory: /home/mleukam/pbs
Resource List:     walltime=03:00:00,nodes=1:ppn=1,mem=4gb,neednodes=1:ppn=1
Resources Used:    cput=00:25:19,vmem=4105044kb,walltime=00:25:23,mem=1519124kb,energy_used=0
Exit Code:         0
Mother Superior:   cri16cn073

Execution Nodes: 
cri16cn073


