index for EGAR00001588570_3605.a.1kDLBCL.DLBCL.SL100192.exome_1tier.hg19.final.bam complete
finding positions of the duplicate reads in the file...
  sorted 3575781 end pairs
     and 32460 single ends (among them 0 unmatched pairs)
  collecting indices of duplicate reads...   done in 5196 ms
  found 1125617 duplicates
collected list of positions in 2 min 24 sec
removing duplicates...
total time elapsed: 12 min 8 sec
low quality reads removed from EGAR00001588570_3605.a.1kDLBCL.DLBCL.SL100192.exome_1tier.hg19.final.bam
duplicates removed from EGAR00001588570_3605.a.1kDLBCL.DLBCL.SL100192.exome_1tier.hg19.final.bam
script complete for EGAR00001588570_3605.a.1kDLBCL.DLBCL.SL100192.exome_1tier.hg19.final.bam


------------ Job WrapUp ------------

Job ID:            11325486.cri16sc001
User ID:           mleukam
Job Name:          sambamba_EGAR00001588570_3605.a.1kDLBCL.DLBCL.SL100192.exome_1tier.hg19.final.bam
Queue Name:        express
Working Directory: /home/mleukam/pbs
Resource List:     walltime=03:00:00,nodes=1:ppn=1,mem=4gb,neednodes=1:ppn=1
Resources Used:    cput=00:12:54,vmem=4215756kb,walltime=00:12:56,mem=1366624kb,energy_used=0
Exit Code:         0
Mother Superior:   cri16cn026

Execution Nodes: 
cri16cn026


