index for EGAR00001588694_3747.a.1kDLBCL.DLBCL.SL96058.exome_1tier.hg19.final.bam complete
finding positions of the duplicate reads in the file...
  sorted 14157110 end pairs
     and 310864 single ends (among them 0 unmatched pairs)
  collecting indices of duplicate reads...   done in 21543 ms
  found 5128017 duplicates
collected list of positions in 10 min 12 sec
removing duplicates...
total time elapsed: 42 min 38 sec
low quality reads removed from EGAR00001588694_3747.a.1kDLBCL.DLBCL.SL96058.exome_1tier.hg19.final.bam
duplicates removed from EGAR00001588694_3747.a.1kDLBCL.DLBCL.SL96058.exome_1tier.hg19.final.bam
script complete for EGAR00001588694_3747.a.1kDLBCL.DLBCL.SL96058.exome_1tier.hg19.final.bam


------------ Job WrapUp ------------

Job ID:            11325612.cri16sc001
User ID:           mleukam
Job Name:          sambamba_EGAR00001588694_3747.a.1kDLBCL.DLBCL.SL96058.exome_1tier.hg19.final.bam
Queue Name:        express
Working Directory: /home/mleukam/pbs
Resource List:     walltime=03:00:00,nodes=1:ppn=1,mem=4gb,neednodes=1:ppn=1
Resources Used:    cput=00:44:33,vmem=4359472kb,walltime=00:44:37,mem=1841360kb,energy_used=0
Exit Code:         0
Mother Superior:   cri16cn073

Execution Nodes: 
cri16cn073


