index for EGAR00001588129_2523.a.1kDLBCL.DLBCL.SL72010.exome_1tier.hg19.final.bam complete
finding positions of the duplicate reads in the file...
  sorted 13839984 end pairs
     and 424301 single ends (among them 0 unmatched pairs)
  collecting indices of duplicate reads...   done in 20055 ms
  found 2768748 duplicates
collected list of positions in 9 min 19 sec
removing duplicates...
total time elapsed: 40 min 4 sec
low quality reads removed from EGAR00001588129_2523.a.1kDLBCL.DLBCL.SL72010.exome_1tier.hg19.final.bam
duplicates removed from EGAR00001588129_2523.a.1kDLBCL.DLBCL.SL72010.exome_1tier.hg19.final.bam
script complete for EGAR00001588129_2523.a.1kDLBCL.DLBCL.SL72010.exome_1tier.hg19.final.bam


------------ Job WrapUp ------------

Job ID:            11325037.cri16sc001
User ID:           mleukam
Job Name:          sambamba_EGAR00001588129_2523.a.1kDLBCL.DLBCL.SL72010.exome_1tier.hg19.final.bam
Queue Name:        express
Working Directory: /home/mleukam/pbs
Resource List:     walltime=03:00:00,nodes=1:ppn=1,mem=4gb,neednodes=1:ppn=1
Resources Used:    cput=00:42:05,vmem=4191716kb,walltime=00:42:11,mem=1781660kb,energy_used=0
Exit Code:         0
Mother Superior:   cri16cn016

Execution Nodes: 
cri16cn016


