index for EGAR00001588354_2895.a.1kDLBCL.DLBCL.SL99608.exome_1tier.hg19.final.bam complete
finding positions of the duplicate reads in the file...
  sorted 20298203 end pairs
     and 460764 single ends (among them 0 unmatched pairs)
  collecting indices of duplicate reads...   done in 40859 ms
  found 5665358 duplicates
collected list of positions in 14 min 30 sec
removing duplicates...
total time elapsed: 62 min 50 sec
low quality reads removed from EGAR00001588354_2895.a.1kDLBCL.DLBCL.SL99608.exome_1tier.hg19.final.bam
duplicates removed from EGAR00001588354_2895.a.1kDLBCL.DLBCL.SL99608.exome_1tier.hg19.final.bam
script complete for EGAR00001588354_2895.a.1kDLBCL.DLBCL.SL99608.exome_1tier.hg19.final.bam


------------ Job WrapUp ------------

Job ID:            11325267.cri16sc001
User ID:           mleukam
Job Name:          sambamba_EGAR00001588354_2895.a.1kDLBCL.DLBCL.SL99608.exome_1tier.hg19.final.bam
Queue Name:        express
Working Directory: /home/mleukam/pbs
Resource List:     walltime=03:00:00,nodes=1:ppn=1,mem=4gb,neednodes=1:ppn=1
Resources Used:    cput=01:05:44,vmem=4476164kb,walltime=01:06:03,mem=2317656kb,energy_used=0
Exit Code:         0
Mother Superior:   cri16cn083

Execution Nodes: 
cri16cn083


