index for EGAR00001588742_3824.a.1kDLBCL.DLBCL.SL99163.exome_1tier.hg19.final.bam complete
finding positions of the duplicate reads in the file...
  sorted 17379248 end pairs
     and 498852 single ends (among them 0 unmatched pairs)
  collecting indices of duplicate reads...   done in 31363 ms
  found 7734735 duplicates
collected list of positions in 13 min 7 sec
removing duplicates...
total time elapsed: 52 min 7 sec
low quality reads removed from EGAR00001588742_3824.a.1kDLBCL.DLBCL.SL99163.exome_1tier.hg19.final.bam
duplicates removed from EGAR00001588742_3824.a.1kDLBCL.DLBCL.SL99163.exome_1tier.hg19.final.bam
script complete for EGAR00001588742_3824.a.1kDLBCL.DLBCL.SL99163.exome_1tier.hg19.final.bam


------------ Job WrapUp ------------

Job ID:            11325660.cri16sc001
User ID:           mleukam
Job Name:          sambamba_EGAR00001588742_3824.a.1kDLBCL.DLBCL.SL99163.exome_1tier.hg19.final.bam
Queue Name:        express
Working Directory: /home/mleukam/pbs
Resource List:     walltime=03:00:00,nodes=1:ppn=1,mem=4gb,neednodes=1:ppn=1
Resources Used:    cput=00:54:47,vmem=4357416kb,walltime=00:54:52,mem=1934828kb,energy_used=0
Exit Code:         0
Mother Superior:   cri16cn032

Execution Nodes: 
cri16cn032


