index for EGAR00001588303_2808.a.1kDLBCL.DLBCL.SL96533.exome_1tier.hg19.final.bam complete
finding positions of the duplicate reads in the file...
  sorted 20253294 end pairs
     and 440065 single ends (among them 0 unmatched pairs)
  collecting indices of duplicate reads...   done in 40495 ms
  found 5966318 duplicates
collected list of positions in 14 min 33 sec
removing duplicates...
total time elapsed: 59 min 45 sec
low quality reads removed from EGAR00001588303_2808.a.1kDLBCL.DLBCL.SL96533.exome_1tier.hg19.final.bam
duplicates removed from EGAR00001588303_2808.a.1kDLBCL.DLBCL.SL96533.exome_1tier.hg19.final.bam
script complete for EGAR00001588303_2808.a.1kDLBCL.DLBCL.SL96533.exome_1tier.hg19.final.bam


------------ Job WrapUp ------------

Job ID:            11325215.cri16sc001
User ID:           mleukam
Job Name:          sambamba_EGAR00001588303_2808.a.1kDLBCL.DLBCL.SL96533.exome_1tier.hg19.final.bam
Queue Name:        express
Working Directory: /home/mleukam/pbs
Resource List:     walltime=03:00:00,nodes=1:ppn=1,mem=4gb,neednodes=1:ppn=1
Resources Used:    cput=01:02:12,vmem=4252200kb,walltime=01:02:32,mem=2107992kb,energy_used=0
Exit Code:         0
Mother Superior:   cri16cn035

Execution Nodes: 
cri16cn035


