index for EGAR00001588294_2788.a.1kDLBCL.DLBCL.SL100853.exome_1tier.hg19.final.bam complete
finding positions of the duplicate reads in the file...
  sorted 13351434 end pairs
     and 199224 single ends (among them 0 unmatched pairs)
  collecting indices of duplicate reads...   done in 19970 ms
  found 4231434 duplicates
collected list of positions in 9 min 9 sec
removing duplicates...
total time elapsed: 42 min 25 sec
low quality reads removed from EGAR00001588294_2788.a.1kDLBCL.DLBCL.SL100853.exome_1tier.hg19.final.bam
duplicates removed from EGAR00001588294_2788.a.1kDLBCL.DLBCL.SL100853.exome_1tier.hg19.final.bam
script complete for EGAR00001588294_2788.a.1kDLBCL.DLBCL.SL100853.exome_1tier.hg19.final.bam


------------ Job WrapUp ------------

Job ID:            11325205.cri16sc001
User ID:           mleukam
Job Name:          sambamba_EGAR00001588294_2788.a.1kDLBCL.DLBCL.SL100853.exome_1tier.hg19.final.bam
Queue Name:        express
Working Directory: /home/mleukam/pbs
Resource List:     walltime=03:00:00,nodes=1:ppn=1,mem=4gb,neednodes=1:ppn=1
Resources Used:    cput=00:44:12,vmem=4242928kb,walltime=00:44:18,mem=1837968kb,energy_used=0
Exit Code:         0
Mother Superior:   cri16cn014

Execution Nodes: 
cri16cn014


