index for EGAR00001588223_2656.a.1kDLBCL.DLBCL.SL90100.exome_1tier.hg19.final.bam complete
finding positions of the duplicate reads in the file...
  sorted 13396874 end pairs
     and 384650 single ends (among them 0 unmatched pairs)
  collecting indices of duplicate reads...   done in 20374 ms
  found 3275111 duplicates
collected list of positions in 9 min 28 sec
removing duplicates...
total time elapsed: 37 min 58 sec
low quality reads removed from EGAR00001588223_2656.a.1kDLBCL.DLBCL.SL90100.exome_1tier.hg19.final.bam
duplicates removed from EGAR00001588223_2656.a.1kDLBCL.DLBCL.SL90100.exome_1tier.hg19.final.bam
script complete for EGAR00001588223_2656.a.1kDLBCL.DLBCL.SL90100.exome_1tier.hg19.final.bam


------------ Job WrapUp ------------

Job ID:            11325133.cri16sc001
User ID:           mleukam
Job Name:          sambamba_EGAR00001588223_2656.a.1kDLBCL.DLBCL.SL90100.exome_1tier.hg19.final.bam
Queue Name:        express
Working Directory: /home/mleukam/pbs
Resource List:     walltime=03:00:00,nodes=1:ppn=1,mem=4gb,neednodes=1:ppn=1
Resources Used:    cput=00:40:10,vmem=4166620kb,walltime=00:40:16,mem=1792272kb,energy_used=0
Exit Code:         0
Mother Superior:   cri16cn025

Execution Nodes: 
cri16cn025


