index for EGAR00001588251_2697.a.1kDLBCL.DLBCL.SL105119.exome_1tier.hg19.final.bam complete
finding positions of the duplicate reads in the file...
  sorted 10325564 end pairs
     and 283599 single ends (among them 0 unmatched pairs)
  collecting indices of duplicate reads...   done in 15460 ms
  found 4023495 duplicates
collected list of positions in 8 min 56 sec
removing duplicates...
total time elapsed: 44 min 33 sec
low quality reads removed from EGAR00001588251_2697.a.1kDLBCL.DLBCL.SL105119.exome_1tier.hg19.final.bam
duplicates removed from EGAR00001588251_2697.a.1kDLBCL.DLBCL.SL105119.exome_1tier.hg19.final.bam
script complete for EGAR00001588251_2697.a.1kDLBCL.DLBCL.SL105119.exome_1tier.hg19.final.bam


------------ Job WrapUp ------------

Job ID:            11325162.cri16sc001
User ID:           mleukam
Job Name:          sambamba_EGAR00001588251_2697.a.1kDLBCL.DLBCL.SL105119.exome_1tier.hg19.final.bam
Queue Name:        express
Working Directory: /home/mleukam/pbs
Resource List:     walltime=03:00:00,nodes=1:ppn=1,mem=4gb,neednodes=1:ppn=1
Resources Used:    cput=00:46:27,vmem=4297548kb,walltime=00:46:32,mem=1845412kb,energy_used=0
Exit Code:         0
Mother Superior:   cri16cn070

Execution Nodes: 
cri16cn070


