index for EGAR00001588274_2764.a.1kDLBCL.DLBCL.SL89730.exome_1tier.hg19.final.bam complete
finding positions of the duplicate reads in the file...
  sorted 16791928 end pairs
     and 403320 single ends (among them 0 unmatched pairs)
  collecting indices of duplicate reads...   done in 29632 ms
  found 6655495 duplicates
collected list of positions in 11 min 39 sec
removing duplicates...
total time elapsed: 45 min 48 sec
low quality reads removed from EGAR00001588274_2764.a.1kDLBCL.DLBCL.SL89730.exome_1tier.hg19.final.bam
duplicates removed from EGAR00001588274_2764.a.1kDLBCL.DLBCL.SL89730.exome_1tier.hg19.final.bam
script complete for EGAR00001588274_2764.a.1kDLBCL.DLBCL.SL89730.exome_1tier.hg19.final.bam


------------ Job WrapUp ------------

Job ID:            11325185.cri16sc001
User ID:           mleukam
Job Name:          sambamba_EGAR00001588274_2764.a.1kDLBCL.DLBCL.SL89730.exome_1tier.hg19.final.bam
Queue Name:        express
Working Directory: /home/mleukam/pbs
Resource List:     walltime=03:00:00,nodes=1:ppn=1,mem=4gb,neednodes=1:ppn=1
Resources Used:    cput=00:48:10,vmem=4423900kb,walltime=00:48:16,mem=2244580kb,energy_used=0
Exit Code:         0
Mother Superior:   cri16cn069

Execution Nodes: 
cri16cn069


