index for EGAR00001588187_2606.a.1kDLBCL.DLBCL.SL90158.exome_1tier.hg19.final.bam complete
finding positions of the duplicate reads in the file...
  sorted 11268924 end pairs
     and 316702 single ends (among them 0 unmatched pairs)
  collecting indices of duplicate reads...   done in 16377 ms
  found 2322875 duplicates
collected list of positions in 9 min 0 sec
removing duplicates...
total time elapsed: 36 min 47 sec
low quality reads removed from EGAR00001588187_2606.a.1kDLBCL.DLBCL.SL90158.exome_1tier.hg19.final.bam
duplicates removed from EGAR00001588187_2606.a.1kDLBCL.DLBCL.SL90158.exome_1tier.hg19.final.bam
script complete for EGAR00001588187_2606.a.1kDLBCL.DLBCL.SL90158.exome_1tier.hg19.final.bam


------------ Job WrapUp ------------

Job ID:            11325096.cri16sc001
User ID:           mleukam
Job Name:          sambamba_EGAR00001588187_2606.a.1kDLBCL.DLBCL.SL90158.exome_1tier.hg19.final.bam
Queue Name:        express
Working Directory: /home/mleukam/pbs
Resource List:     walltime=03:00:00,nodes=1:ppn=1,mem=4gb,neednodes=1:ppn=1
Resources Used:    cput=00:38:38,vmem=4303160kb,walltime=00:38:44,mem=1896276kb,energy_used=0
Exit Code:         0
Mother Superior:   cri16cn040

Execution Nodes: 
cri16cn040


