index for EGAR00001588275_2765.a.1kDLBCL.DLBCL.SL100092.exome_1tier.hg19.final.bam complete
finding positions of the duplicate reads in the file...
  sorted 26663567 end pairs
     and 504096 single ends (among them 0 unmatched pairs)
  collecting indices of duplicate reads...   done in 45952 ms
  found 18561028 duplicates
collected list of positions in 17 min 18 sec
removing duplicates...
total time elapsed: 62 min 20 sec
low quality reads removed from EGAR00001588275_2765.a.1kDLBCL.DLBCL.SL100092.exome_1tier.hg19.final.bam
duplicates removed from EGAR00001588275_2765.a.1kDLBCL.DLBCL.SL100092.exome_1tier.hg19.final.bam
script complete for EGAR00001588275_2765.a.1kDLBCL.DLBCL.SL100092.exome_1tier.hg19.final.bam


------------ Job WrapUp ------------

Job ID:            11325186.cri16sc001
User ID:           mleukam
Job Name:          sambamba_EGAR00001588275_2765.a.1kDLBCL.DLBCL.SL100092.exome_1tier.hg19.final.bam
Queue Name:        express
Working Directory: /home/mleukam/pbs
Resource List:     walltime=03:00:00,nodes=1:ppn=1,mem=4gb,neednodes=1:ppn=1
Resources Used:    cput=01:05:35,vmem=4308564kb,walltime=01:05:40,mem=2194852kb,energy_used=0
Exit Code:         0
Mother Superior:   cri16cn057

Execution Nodes: 
cri16cn057


