index for EGAR00001588256_2705.a.1kDLBCL.DLBCL.SL79086.exome_1tier.hg19.final.bam complete
finding positions of the duplicate reads in the file...
  sorted 17217062 end pairs
     and 344902 single ends (among them 0 unmatched pairs)
  collecting indices of duplicate reads...   done in 29219 ms
  found 2512102 duplicates
collected list of positions in 12 min 10 sec
removing duplicates...
total time elapsed: 56 min 17 sec
low quality reads removed from EGAR00001588256_2705.a.1kDLBCL.DLBCL.SL79086.exome_1tier.hg19.final.bam
duplicates removed from EGAR00001588256_2705.a.1kDLBCL.DLBCL.SL79086.exome_1tier.hg19.final.bam
script complete for EGAR00001588256_2705.a.1kDLBCL.DLBCL.SL79086.exome_1tier.hg19.final.bam


------------ Job WrapUp ------------

Job ID:            11325167.cri16sc001
User ID:           mleukam
Job Name:          sambamba_EGAR00001588256_2705.a.1kDLBCL.DLBCL.SL79086.exome_1tier.hg19.final.bam
Queue Name:        express
Working Directory: /home/mleukam/pbs
Resource List:     walltime=03:00:00,nodes=1:ppn=1,mem=4gb,neednodes=1:ppn=1
Resources Used:    cput=00:58:51,vmem=4281220kb,walltime=00:58:56,mem=2096556kb,energy_used=0
Exit Code:         0
Mother Superior:   cri16cn015

Execution Nodes: 
cri16cn015


