index for EGAR00001588197_2620.a.1kDLBCL.DLBCL.SL79084.exome_1tier.hg19.final.bam complete
finding positions of the duplicate reads in the file...
  sorted 17244022 end pairs
     and 344802 single ends (among them 0 unmatched pairs)
  collecting indices of duplicate reads...   done in 35045 ms
  found 2484313 duplicates
collected list of positions in 12 min 0 sec
removing duplicates...
total time elapsed: 53 min 47 sec
low quality reads removed from EGAR00001588197_2620.a.1kDLBCL.DLBCL.SL79084.exome_1tier.hg19.final.bam
duplicates removed from EGAR00001588197_2620.a.1kDLBCL.DLBCL.SL79084.exome_1tier.hg19.final.bam
script complete for EGAR00001588197_2620.a.1kDLBCL.DLBCL.SL79084.exome_1tier.hg19.final.bam


------------ Job WrapUp ------------

Job ID:            11325106.cri16sc001
User ID:           mleukam
Job Name:          sambamba_EGAR00001588197_2620.a.1kDLBCL.DLBCL.SL79084.exome_1tier.hg19.final.bam
Queue Name:        express
Working Directory: /home/mleukam/pbs
Resource List:     walltime=03:00:00,nodes=1:ppn=1,mem=4gb,neednodes=1:ppn=1
Resources Used:    cput=00:56:06,vmem=4270964kb,walltime=00:56:20,mem=2065348kb,energy_used=0
Exit Code:         0
Mother Superior:   cri16cn026

Execution Nodes: 
cri16cn026


