index for EGAR00001588332_2843.a.1kDLBCL.DLBCL.SL103124.exome_1tier.hg19.final.bam complete
finding positions of the duplicate reads in the file...
  sorted 19611001 end pairs
     and 447748 single ends (among them 0 unmatched pairs)
  collecting indices of duplicate reads...   done in 33074 ms
  found 4475620 duplicates
collected list of positions in 13 min 18 sec
removing duplicates...
total time elapsed: 57 min 20 sec
low quality reads removed from EGAR00001588332_2843.a.1kDLBCL.DLBCL.SL103124.exome_1tier.hg19.final.bam
duplicates removed from EGAR00001588332_2843.a.1kDLBCL.DLBCL.SL103124.exome_1tier.hg19.final.bam
script complete for EGAR00001588332_2843.a.1kDLBCL.DLBCL.SL103124.exome_1tier.hg19.final.bam


------------ Job WrapUp ------------

Job ID:            11325244.cri16sc001
User ID:           mleukam
Job Name:          sambamba_EGAR00001588332_2843.a.1kDLBCL.DLBCL.SL103124.exome_1tier.hg19.final.bam
Queue Name:        express
Working Directory: /home/mleukam/pbs
Resource List:     walltime=03:00:00,nodes=1:ppn=1,mem=4gb,neednodes=1:ppn=1
Resources Used:    cput=00:59:53,vmem=4295016kb,walltime=00:59:58,mem=2020788kb,energy_used=0
Exit Code:         0
Mother Superior:   cri16cn075

Execution Nodes: 
cri16cn075


