index for EGAR00001588112_2471.a.1kDLBCL.DLBCL.SL99156.exome_1tier.hg19.final.bam complete
finding positions of the duplicate reads in the file...
  sorted 20090023 end pairs
     and 866068 single ends (among them 0 unmatched pairs)
  collecting indices of duplicate reads...   done in 35554 ms
  found 9622276 duplicates
collected list of positions in 14 min 39 sec
removing duplicates...
total time elapsed: 60 min 35 sec
low quality reads removed from EGAR00001588112_2471.a.1kDLBCL.DLBCL.SL99156.exome_1tier.hg19.final.bam
duplicates removed from EGAR00001588112_2471.a.1kDLBCL.DLBCL.SL99156.exome_1tier.hg19.final.bam
script complete for EGAR00001588112_2471.a.1kDLBCL.DLBCL.SL99156.exome_1tier.hg19.final.bam


------------ Job WrapUp ------------

Job ID:            11325020.cri16sc001
User ID:           mleukam
Job Name:          sambamba_EGAR00001588112_2471.a.1kDLBCL.DLBCL.SL99156.exome_1tier.hg19.final.bam
Queue Name:        express
Working Directory: /home/mleukam/pbs
Resource List:     walltime=03:00:00,nodes=1:ppn=1,mem=4gb,neednodes=1:ppn=1
Resources Used:    cput=01:03:32,vmem=4267048kb,walltime=01:03:38,mem=2091116kb,energy_used=0
Exit Code:         0
Mother Superior:   cri16cn053

Execution Nodes: 
cri16cn053


