index for EGAR00001588190_2611.a.1kDLBCL.DLBCL.SL79093.exome_1tier.hg19.final.bam complete
finding positions of the duplicate reads in the file...
  sorted 19717073 end pairs
     and 426432 single ends (among them 0 unmatched pairs)
  collecting indices of duplicate reads...   done in 34747 ms
  found 2864111 duplicates
collected list of positions in 15 min 49 sec
removing duplicates...
total time elapsed: 72 min 38 sec
low quality reads removed from EGAR00001588190_2611.a.1kDLBCL.DLBCL.SL79093.exome_1tier.hg19.final.bam
duplicates removed from EGAR00001588190_2611.a.1kDLBCL.DLBCL.SL79093.exome_1tier.hg19.final.bam
script complete for EGAR00001588190_2611.a.1kDLBCL.DLBCL.SL79093.exome_1tier.hg19.final.bam


------------ Job WrapUp ------------

Job ID:            11325099.cri16sc001
User ID:           mleukam
Job Name:          sambamba_EGAR00001588190_2611.a.1kDLBCL.DLBCL.SL79093.exome_1tier.hg19.final.bam
Queue Name:        express
Working Directory: /home/mleukam/pbs
Resource List:     walltime=03:00:00,nodes=1:ppn=1,mem=4gb,neednodes=1:ppn=1
Resources Used:    cput=01:15:32,vmem=4196936kb,walltime=01:15:52,mem=2011292kb,energy_used=0
Exit Code:         0
Mother Superior:   cri16cn083

Execution Nodes: 
cri16cn083


