index for EGAR00001588623_3665.a.1kDLBCL.DLBCL.SL96052.exome_1tier.hg19.final.bam complete
finding positions of the duplicate reads in the file...
  sorted 15645780 end pairs
     and 330352 single ends (among them 0 unmatched pairs)
  collecting indices of duplicate reads...   done in 23681 ms
  found 5374945 duplicates
collected list of positions in 14 min 39 sec
removing duplicates...
total time elapsed: 62 min 28 sec
low quality reads removed from EGAR00001588623_3665.a.1kDLBCL.DLBCL.SL96052.exome_1tier.hg19.final.bam
duplicates removed from EGAR00001588623_3665.a.1kDLBCL.DLBCL.SL96052.exome_1tier.hg19.final.bam
script complete for EGAR00001588623_3665.a.1kDLBCL.DLBCL.SL96052.exome_1tier.hg19.final.bam


------------ Job WrapUp ------------

Job ID:            11325540.cri16sc001
User ID:           mleukam
Job Name:          sambamba_EGAR00001588623_3665.a.1kDLBCL.DLBCL.SL96052.exome_1tier.hg19.final.bam
Queue Name:        express
Working Directory: /home/mleukam/pbs
Resource List:     walltime=03:00:00,nodes=1:ppn=1,mem=4gb,neednodes=1:ppn=1
Resources Used:    cput=01:05:00,vmem=4504928kb,walltime=01:05:04,mem=1961628kb,energy_used=0
Exit Code:         0
Mother Superior:   cri16cn042

Execution Nodes: 
cri16cn042


