index for /scratch/mleukam/duke_wes/EGAR00001587919_832.a.1kDLBCL_FFPEvsFrozen.DLBCL.SL105220.exome_1tier.hg19.final.bam complete
finding positions of the duplicate reads in the file...
  sorted 151401755 end pairs
     and 2953698 single ends (among them 0 unmatched pairs)
  collecting indices of duplicate reads...   done in 346861 ms
  found 50284621 duplicates
collected list of positions in 52 min 32 sec
removing duplicates...
total time elapsed: 87 min 19 sec
low quality reads removed from /scratch/mleukam/duke_wes/EGAR00001587919_832.a.1kDLBCL_FFPEvsFrozen.DLBCL.SL105220.exome_1tier.hg19.final.bam
duplicates removed from /scratch/mleukam/duke_wes/EGAR00001587919_832.a.1kDLBCL_FFPEvsFrozen.DLBCL.SL105220.exome_1tier.hg19.final.bam
script complete for /scratch/mleukam/duke_wes/EGAR00001587919_832.a.1kDLBCL_FFPEvsFrozen.DLBCL.SL105220.exome_1tier.hg19.final.bam


------------ Job WrapUp ------------

Job ID:            11555596.cri16sc001
User ID:           mleukam
Job Name:          sambamba_832
Queue Name:        standard
Working Directory: /home/mleukam/pbs
Resource List:     nodes=1:ppn=12,mem=8gb,walltime=03:00:00,neednodes=1:ppn=12
Resources Used:    cput=08:06:05,vmem=5489016kb,walltime=01:31:53,mem=3569588kb,energy_used=0
Exit Code:         0
Mother Superior:   cri16cn010

Execution Nodes: 
cri16cn010 cri16cn010 cri16cn010 cri16cn010 cri16cn010 cri16cn010 cri16cn010 cri16cn010 cri16cn010 cri16cn010 cri16cn010 cri16cn010


