index for EGAR00001588550_3582.a.1kDLBCL.DLBCL.SL99160.exome_1tier.hg19.final.bam complete
finding positions of the duplicate reads in the file...
  sorted 11314392 end pairs
     and 302441 single ends (among them 0 unmatched pairs)
  collecting indices of duplicate reads...   done in 16829 ms
  found 4470395 duplicates
collected list of positions in 8 min 24 sec
removing duplicates...
total time elapsed: 37 min 13 sec
low quality reads removed from EGAR00001588550_3582.a.1kDLBCL.DLBCL.SL99160.exome_1tier.hg19.final.bam
duplicates removed from EGAR00001588550_3582.a.1kDLBCL.DLBCL.SL99160.exome_1tier.hg19.final.bam
script complete for EGAR00001588550_3582.a.1kDLBCL.DLBCL.SL99160.exome_1tier.hg19.final.bam


------------ Job WrapUp ------------

Job ID:            11325466.cri16sc001
User ID:           mleukam
Job Name:          sambamba_EGAR00001588550_3582.a.1kDLBCL.DLBCL.SL99160.exome_1tier.hg19.final.bam
Queue Name:        express
Working Directory: /home/mleukam/pbs
Resource List:     walltime=03:00:00,nodes=1:ppn=1,mem=4gb,neednodes=1:ppn=1
Resources Used:    cput=00:39:03,vmem=4357928kb,walltime=00:39:06,mem=1865324kb,energy_used=0
Exit Code:         0
Mother Superior:   cri16cn041

Execution Nodes: 
cri16cn041


