index for EGAR00001588284_2775.a.1kDLBCL.DLBCL.SL90478_SL84026.exome_1tier.hg19.final.bam complete
finding positions of the duplicate reads in the file...
  sorted 15820788 end pairs
     and 321135 single ends (among them 0 unmatched pairs)
  collecting indices of duplicate reads...   done in 22852 ms
  found 3793518 duplicates
collected list of positions in 12 min 14 sec
removing duplicates...
total time elapsed: 48 min 48 sec
low quality reads removed from EGAR00001588284_2775.a.1kDLBCL.DLBCL.SL90478_SL84026.exome_1tier.hg19.final.bam
duplicates removed from EGAR00001588284_2775.a.1kDLBCL.DLBCL.SL90478_SL84026.exome_1tier.hg19.final.bam
script complete for EGAR00001588284_2775.a.1kDLBCL.DLBCL.SL90478_SL84026.exome_1tier.hg19.final.bam


------------ Job WrapUp ------------

Job ID:            11325195.cri16sc001
User ID:           mleukam
Job Name:          sambamba_EGAR00001588284_2775.a.1kDLBCL.DLBCL.SL90478_SL84026.exome_1tier.hg19.final.bam
Queue Name:        express
Working Directory: /home/mleukam/pbs
Resource List:     walltime=03:00:00,nodes=1:ppn=1,mem=4gb,neednodes=1:ppn=1
Resources Used:    cput=00:50:49,vmem=4232012kb,walltime=00:51:04,mem=1928628kb,energy_used=0
Exit Code:         0
Mother Superior:   cri16cn082

Execution Nodes: 
cri16cn082


