index for EGAR00001588643_3688.a.1kDLBCL.DLBCL.SL96250.exome_1tier.hg19.final.bam complete
finding positions of the duplicate reads in the file...
  sorted 10810511 end pairs
     and 206160 single ends (among them 0 unmatched pairs)
  collecting indices of duplicate reads...   done in 15770 ms
  found 3156199 duplicates
collected list of positions in 7 min 34 sec
removing duplicates...
total time elapsed: 32 min 37 sec
low quality reads removed from EGAR00001588643_3688.a.1kDLBCL.DLBCL.SL96250.exome_1tier.hg19.final.bam
duplicates removed from EGAR00001588643_3688.a.1kDLBCL.DLBCL.SL96250.exome_1tier.hg19.final.bam
script complete for EGAR00001588643_3688.a.1kDLBCL.DLBCL.SL96250.exome_1tier.hg19.final.bam


------------ Job WrapUp ------------

Job ID:            11325560.cri16sc001
User ID:           mleukam
Job Name:          sambamba_EGAR00001588643_3688.a.1kDLBCL.DLBCL.SL96250.exome_1tier.hg19.final.bam
Queue Name:        express
Working Directory: /home/mleukam/pbs
Resource List:     walltime=03:00:00,nodes=1:ppn=1,mem=4gb,neednodes=1:ppn=1
Resources Used:    cput=00:34:21,vmem=4347696kb,walltime=00:34:25,mem=1638488kb,energy_used=0
Exit Code:         0
Mother Superior:   cri16cn066

Execution Nodes: 
cri16cn066


