index for EGAR00001587938_2080.a.1kDLBCL.DLBCL.SL84215_SL90487.exome_1tier.hg19.final.bam complete
finding positions of the duplicate reads in the file...
  sorted 15151484 end pairs
     and 362452 single ends (among them 0 unmatched pairs)
  collecting indices of duplicate reads...   done in 21957 ms
  found 3420033 duplicates
collected list of positions in 14 min 9 sec
removing duplicates...
total time elapsed: 68 min 26 sec
low quality reads removed from EGAR00001587938_2080.a.1kDLBCL.DLBCL.SL84215_SL90487.exome_1tier.hg19.final.bam
duplicates removed from EGAR00001587938_2080.a.1kDLBCL.DLBCL.SL84215_SL90487.exome_1tier.hg19.final.bam
script complete for EGAR00001587938_2080.a.1kDLBCL.DLBCL.SL84215_SL90487.exome_1tier.hg19.final.bam


------------ Job WrapUp ------------

Job ID:            11324843.cri16sc001
User ID:           mleukam
Job Name:          sambamba_EGAR00001587938_2080.a.1kDLBCL.DLBCL.SL84215_SL90487.exome_1tier.hg19.final.bam
Queue Name:        express
Working Directory: /home/mleukam/pbs
Resource List:     walltime=03:00:00,nodes=1:ppn=1,mem=4gb,neednodes=1:ppn=1
Resources Used:    cput=01:10:54,vmem=4501856kb,walltime=01:11:14,mem=2265860kb,energy_used=0
Exit Code:         0
Mother Superior:   cri16cn029

Execution Nodes: 
cri16cn029


