modules loaded, starting analysis
[M::bam2fq_mainloop] discarded 384602 singletons
[M::bam2fq_mainloop] processed 38805808 reads
EGAR00001594643_683.a.1kDLBCL.DLBCL.SL137187.RNA_seq.hg19.captured_kapa_v6plus3utr.tophat.bam converted to EGAR00001594643_683.a.1kDLBCL.DLBCL.SL137187.RNA_seq.hg19.captured_kapa_v6plus3utr.tophat_1.fq and EGAR00001594643_683.a.1kDLBCL.DLBCL.SL137187.RNA_seq.hg19.captured_kapa_v6plus3utr.tophat_2.fq
script complete for EGAR00001594643_683.a.1kDLBCL.DLBCL.SL137187.RNA_seq.hg19.captured_kapa_v6plus3utr.tophat.bam
T[=VAL]
               Specify a single output file format option in the form
               of OPTION or OPTION=VALUE
      --reference FILE
               Reference sequence FASTA FILE [null]
  -@, --threads INT
               Number of additional threads to use [0]
[M::bam2fq_mainloop] discarded 0 singletons
[M::bam2fq_mainloop] processed 0 reads


------------ Job WrapUp ------------

Job ID:            11337130.cri16sc001
User ID:           mleukam
Job Name:          bam2fq_EGAR00001594643_683.a.1kDLBCL.DLBCL.SL137187.RNA_seq.hg19.captured_kapa_v6plus3utr.tophat.bam
Queue Name:        standard
Working Directory: /home/mleukam/pbs
Resource List:     walltime=04:00:00,nodes=1:ppn=8,mem=4gb,neednodes=1:ppn=8
Resources Used:    cput=00:00:00,vmem=0kb,walltime=00:00:01,mem=0kb,energy_used=0
Exit Code:         0
Mother Superior:   cri16cn046

Execution Nodes: 
cri16cn046 cri16cn046 cri16cn046 cri16cn046 cri16cn046 cri16cn046 cri16cn046 cri16cn046




------------ Job WrapUp ------------

Job ID:            11338072.cri16sc001
User ID:           mleukam
Job Name:          bam2fq_EGAR00001594643_683.a.1kDLBCL.DLBCL.SL137187.RNA_seq.hg19.captured_kapa_v6plus3utr.tophat.bam
Queue Name:        standard
Working Directory: /home/mleukam/pbs
Resource List:     walltime=04:00:00,nodes=1:ppn=8,mem=4gb,neednodes=1:ppn=8
Resources Used:    cput=00:10:07,vmem=1972988kb,walltime=00:04:33,mem=1060064kb,energy_used=0
Exit Code:         0
Mother Superior:   cri16cn068

Execution Nodes: 
cri16cn068 cri16cn068 cri16cn068 cri16cn068 cri16cn068 cri16cn068 cri16cn068 cri16cn068


