modules loaded, starting analysis
[M::bam2fq_mainloop] discarded 181369 singletons
[M::bam2fq_mainloop] processed 16128266 reads
EGAR00001594642_658.a.1kDLBCL.DLBCL.SL137175.RNA_seq.hg19.captured_kapa_v6plus3utr.tophat.bam converted to EGAR00001594642_658.a.1kDLBCL.DLBCL.SL137175.RNA_seq.hg19.captured_kapa_v6plus3utr.tophat_1.fq and EGAR00001594642_658.a.1kDLBCL.DLBCL.SL137175.RNA_seq.hg19.captured_kapa_v6plus3utr.tophat_2.fq
script complete for EGAR00001594642_658.a.1kDLBCL.DLBCL.SL137175.RNA_seq.hg19.captured_kapa_v6plus3utr.tophat.bam
T[=VAL]
               Specify a single output file format option in the form
               of OPTION or OPTION=VALUE
      --reference FILE
               Reference sequence FASTA FILE [null]
  -@, --threads INT
               Number of additional threads to use [0]
[M::bam2fq_mainloop] discarded 0 singletons
[M::bam2fq_mainloop] processed 0 reads


------------ Job WrapUp ------------

Job ID:            11337129.cri16sc001
User ID:           mleukam
Job Name:          bam2fq_EGAR00001594642_658.a.1kDLBCL.DLBCL.SL137175.RNA_seq.hg19.captured_kapa_v6plus3utr.tophat.bam
Queue Name:        standard
Working Directory: /home/mleukam/pbs
Resource List:     walltime=04:00:00,nodes=1:ppn=8,mem=4gb,neednodes=1:ppn=8
Resources Used:    cput=00:00:00,vmem=0kb,walltime=00:00:01,mem=0kb,energy_used=0
Exit Code:         0
Mother Superior:   cri16cn021

Execution Nodes: 
cri16cn021 cri16cn021 cri16cn021 cri16cn021 cri16cn021 cri16cn021 cri16cn021 cri16cn021




------------ Job WrapUp ------------

Job ID:            11338071.cri16sc001
User ID:           mleukam
Job Name:          bam2fq_EGAR00001594642_658.a.1kDLBCL.DLBCL.SL137175.RNA_seq.hg19.captured_kapa_v6plus3utr.tophat.bam
Queue Name:        standard
Working Directory: /home/mleukam/pbs
Resource List:     walltime=04:00:00,nodes=1:ppn=8,mem=4gb,neednodes=1:ppn=8
Resources Used:    cput=00:04:46,vmem=2038524kb,walltime=00:02:12,mem=806644kb,energy_used=0
Exit Code:         0
Mother Superior:   cri16cn070

Execution Nodes: 
cri16cn070 cri16cn070 cri16cn070 cri16cn070 cri16cn070 cri16cn070 cri16cn070 cri16cn070


